A0:8000  24 00		BIT	$00		; 
A0:8002  34 00		BIT	$00,X		; 
A0:8004  44 20 54	MVP	$20,$54		; 
A0:8007  20 64 00	JSR	$0064		; 
A0:800A  20 00 24	JSR	$2400		; 
A0:800D  00 00		BRK	#$00		; 
A0:800F  1F 7C 1F 34	ORA	$34:1F7C,X	; 
A0:8013  60		RTS			; 
A0:8014  3C 40 71	BIT	$7140,X		; 
A0:8017  00 2C		BRK	#$2C		; 
A0:8019  33 00		AND	($00,S),Y	; 
A0:801B  0D 00 00	ORA	$0000		; 
A0:801E  20 00 24	JSR	$2400		; 
A0:8021  00 34		BRK	#$34		; 
A0:8023  00 44		BRK	#$44		; 
A0:8025  20 54 20	JSR	$2054		; 
A0:8028  64 00		STZ	$00		; 
A0:802A  20 00 00	JSR	$0000		; 
A0:802D  1F 7C 1F 34	ORA	$34:1F7C,X	; 
A0:8031  00 2C		BRK	#$2C		; 
A0:8033  A0 4C 20	LDY	#$204C		; 
A0:8036  59 40 00	EOR	$0040,Y		; 
A0:8039  10 00		BPL	$803B		; 
A0:803B  48		PHA			; 
A0:803C  46 F3		LSR	$F3		; 
A0:803E  1D F2 11	ORA	$11F2,X		; 
A0:8041  B0 05		BCS	$8048		; 
A0:8043  B0 01		BCS	$8046		; 
A0:8045  CE 1D 8C	DEC	$8C1D		; 
A0:8048  15 4B		ORA	$4B,X		; 
A0:804A  11 2A		ORA	($2A),Y		; 
A0:804C  0D F2 11	ORA	$11F2		; 
A0:804F  6D 0D AF	ADC	$AF0D		; 
A0:8052  19 8A 29	ORA	$298A,Y		; 
A0:8055  C5 10		CMP	$10		; 
A0:8057  26 15		ROL	$15		; 
A0:8059  1F 7C 40 00	ORA	$00:407C,X	; 
A0:805D  10 00		BPL	$805F		; 
A0:805F  48		PHA			; 
A0:8060  46 F2		LSR	$F2		; 
A0:8062  11 B0		ORA	($B0),Y		; 
A0:8064  05 B0		ORA	$B0		; 
A0:8066  01 F3		ORA	($F3,X)		; 
A0:8068  1D 8C 15	ORA	$158C,X		; 
A0:806B  4B		PHK			; 
A0:806C  11 2A		ORA	($2A),Y		; 
A0:806E  0D CE 1D	ORA	$1DCE		; 
A0:8071  F2 11		SBC	($11)		; 
A0:8073  6D 0D AF	ADC	$AF0D		; 
A0:8076  19 8A 29	ORA	$298A,Y		; 
A0:8079  C5 10		CMP	$10		; 
A0:807B  26 15		ROL	$15		; 
A0:807D  1F 7C 40 00	ORA	$00:407C,X	; 
A0:8081  10 00		BPL	$8083		; 
A0:8083  48		PHA			; 
A0:8084  46 B0		LSR	$B0		; 
A0:8086  05 B0		ORA	$B0		; 
A0:8088  01 F3		ORA	($F3,X)		; 
A0:808A  1D F2 11	ORA	$11F2,X		; 
A0:808D  4B		PHK			; 
A0:808E  11 2A		ORA	($2A),Y		; 
A0:8090  0D CE 1D	ORA	$1DCE		; 
A0:8093  8C 15 F2	STY	$F215		; 
A0:8096  11 6D		ORA	($6D),Y		; 
A0:8098  0D AF 19	ORA	$19AF		; 
A0:809B  8A		TXA			; 
A0:809C  29 C5 10	AND	#$10C5		; 
A0:809F  26 15		ROL	$15		; 
A0:80A1  1F 7C 40 00	ORA	$00:407C,X	; 
A0:80A5  10 00		BPL	$80A7		; 
A0:80A7  48		PHA			; 
A0:80A8  46 B0		LSR	$B0		; 
A0:80AA  01 F3		ORA	($F3,X)		; 
A0:80AC  1D F2 11	ORA	$11F2,X		; 
A0:80AF  B0 05		BCS	$80B6		; 
A0:80B1  2A		ROL	A		; 
A0:80B2  0D CE 1D	ORA	$1DCE		; 
A0:80B5  8C 15 4B	STY	$4B15		; 
A0:80B8  11 F2		ORA	($F2),Y		; 
A0:80BA  11 6D		ORA	($6D),Y		; 
A0:80BC  0D AF 19	ORA	$19AF		; 
A0:80BF  8A		TXA			; 
A0:80C0  29 C5 10	AND	#$10C5		; 
A0:80C3  26 15		ROL	$15		; 
A0:80C5  1F 7C 60 00	ORA	$00:607C,X	; 
A0:80C9  10 00		BPL	$80CB		; 
A0:80CB  00 00		BRK	#$00		; 
A0:80CD  E8		INX			; 
A0:80CE  79 63 74	ADC	$7463,Y		; 
A0:80D1  81 4C		STA	($4C,X)		; 
A0:80D3  81 4C		STA	($4C,X)		; 
A0:80D5  81 4C		STA	($4C,X)		; 
A0:80D7  C0 44 C0	CPY	#$C044		; 
A0:80DA  44 A6 75	MVP	$A6,$75		; 
A0:80DD  63 35		ADC	$35,S		; 
A0:80DF  41 14		EOR	($14,X)		; 
A0:80E1  1F 7C 46 15	ORA	$15:467C,X	; 
A0:80E5  C1 0C		CMP	($0C,X)		; 
A0:80E7  E2 1C		SEP	#$1C		; XY:8
A0:80E9  80 0C		BRA	$80F7		; 
A0:80EB  60		RTS			; 
A0:80EC  00 10		BRK	#$10		; 
A0:80EE  00 00		BRK	#$00		; 
A0:80F0  00 84		BRK	#$84		; 
A0:80F2  6D 81 4C	ADC	$4C81		; 
A0:80F5  63 74		ADC	$74,S		; 
A0:80F7  81 4C		STA	($4C,X)		; 
A0:80F9  81 4C		STA	($4C,X)		; 
A0:80FB  20 6C C0	JSR	$C06C		; 
A0:80FE  44 06 7E	MVP	$06,$7E		; 
A0:8101  02 21		COP	#$21		; 
A0:8103  41 14		EOR	($14,X)		; 
A0:8105  1F 7C 46 15	ORA	$15:467C,X	; 
A0:8109  C1 0C		CMP	($0C,X)		; 
A0:810B  E2 1C		SEP	#$1C		; XY:8
A0:810D  83 0C		STA	$0C,S		; 
A0:810F  60		RTS			; 
A0:8110  00 10		BRK	#$10		; 
A0:8112  00 00		BRK	#$00		; 
A0:8114  00 E8		BRK	#$E8		; 
A0:8116  79 63 74	ADC	$7463,Y		; 
A0:8119  81 4C		STA	($4C,X)		; 
A0:811B  81 4C		STA	($4C,X)		; 
A0:811D  81 4C		STA	($4C,X)		; 
A0:811F  C0 44		CPY	#$44		; 
A0:8121  80 38		BRA	$815B		; 
A0:8123  A6 75		LDX	$75		; 
A0:8125  63 35		ADC	$35,S		; 
A0:8127  41 14		EOR	($14,X)		; 
A0:8129  1F 7C 46 15	ORA	$15:467C,X	; 
A0:812D  C1 0C		CMP	($0C,X)		; 
A0:812F  E2 1C		SEP	#$1C		; XY:8
A0:8131  80 0C		BRA	$813F		; 
A0:8133  60		RTS			; 
A0:8134  00 10		BRK	#$10		; 
A0:8136  00 00		BRK	#$00		; 
A0:8138  00 88		BRK	#$88		; 
A0:813A  5A		PHY			; 
A0:813B  81 4C		STA	($4C,X)		; 
A0:813D  81 4C		STA	($4C,X)		; 
A0:813F  63 74		ADC	$74,S		; 
A0:8141  81 4C		STA	($4C,X)		; 
A0:8143  80 38		BRA	$817D		; 
A0:8145  20 6C 66	JSR	$666C		; 
A0:8148  69 A6 59	ADC	#$59A6		; 
A0:814B  41 14		EOR	($14,X)		; 
A0:814D  1F 7C 46 15	ORA	$15:467C,X	; 
A0:8151  C1 0C		CMP	($0C,X)		; 
A0:8153  E2 1C		SEP	#$1C		; XY:8
A0:8155  83 0C		STA	$0C,S		; 
A0:8157  51 00		EOR	($00),Y		; 
A0:8159  06 00		ASL	$00		; 
A0:815B  C0 71		CPY	#$71		; 
A0:815D  C0 50		CPY	#$50		; 
A0:815F  C0 71		CPY	#$71		; 
A0:8161  80 48		BRA	$81AB		; 
A0:8163  80 64		BRA	$81C9		; 
A0:8165  80 7C		BRA	$81E3		; 
A0:8167  51 00		EOR	($00),Y		; 
A0:8169  06 00		ASL	$00		; 
A0:816B  80 69		BRA	$81D6		; 
A0:816D  00 59		BRK	#$59		; 
A0:816F  C0 71		CPY	#$71		; 
A0:8171  80 64		BRA	$81D7		; 
A0:8173  80 54		BRA	$81C9		; 
A0:8175  80 70		BRA	$81E7		; 
A0:8177  51 00		EOR	($00),Y		; 
A0:8179  06 00		ASL	$00		; 
A0:817B  40		RTI			; 
A0:817C  61 40		ADC	($40,X)		; 
A0:817E  61 C0		ADC	($C0,X)		; 
A0:8180  71 80		ADC	($80),Y		; 
A0:8182  7C 80 48	JMP	($4880,X)	; 
A0:8185  80 64		BRA	$81EB		; 
A0:8187  51 00		EOR	($00),Y		; 
A0:8189  06 00		ASL	$00		; 
A0:818B  00 59		BRK	#$59		; 
A0:818D  80 69		BRA	$81F8		; 
A0:818F  C0 71		CPY	#$71		; 
A0:8191  80 70		BRA	$8203		; 
A0:8193  80 64		BRA	$81F9		; 
A0:8195  80 4C		BRA	$81E3		; 
A0:8197  51 00		EOR	($00),Y		; 
A0:8199  06 00		ASL	$00		; 
A0:819B  C0 50		CPY	#$50		; 
A0:819D  C0 71		CPY	#$71		; 
A0:819F  C0 71		CPY	#$71		; 
A0:81A1  80 64		BRA	$8207		; 
A0:81A3  80 7C		BRA	$8221		; 
A0:81A5  80 34		BRA	$81DB		; 
A0:81A7  01 00		ORA	($00,X)		; 
A0:81A9  05 00		ORA	$00		; 
A0:81AB  1F 00 00 00	ORA	$00:0000,X	; 
A0:81AF  0A		ASL	A		; 
A0:81B0  00 00		BRK	#$00		; 
A0:81B2  00 15		BRK	#$15		; 
A0:81B4  00 01		BRK	#$01		; 
A0:81B6  00 05		BRK	#$05		; 
A0:81B8  00 15		BRK	#$15		; 
A0:81BA  00 1F		BRK	#$1F		; 
A0:81BC  00 00		BRK	#$00		; 
A0:81BE  00 00		BRK	#$00		; 
A0:81C0  00 0A		BRK	#$0A		; 
A0:81C2  00 01		BRK	#$01		; 
A0:81C4  00 05		BRK	#$05		; 
A0:81C6  00 0A		BRK	#$0A		; 
A0:81C8  00 15		BRK	#$15		; 
A0:81CA  00 1F		BRK	#$1F		; 
A0:81CC  00 00		BRK	#$00		; 
A0:81CE  00 00		BRK	#$00		; 
A0:81D0  00 01		BRK	#$01		; 
A0:81D2  00 05		BRK	#$05		; 
A0:81D4  00 00		BRK	#$00		; 
A0:81D6  00 0A		BRK	#$0A		; 
A0:81D8  00 15		BRK	#$15		; 
A0:81DA  00 00		BRK	#$00		; 
A0:81DC  00 1F		BRK	#$1F		; 
A0:81DE  00 01		BRK	#$01		; 
A0:81E0  00 05		BRK	#$05		; 
A0:81E2  00 E0		BRK	#$E0		; 
A0:81E4  7F 00 00 40	ADC	$40:0000,X	; 
A0:81E8  29 00 00	AND	#$0000		; 
A0:81EB  A0 56		LDY	#$56		; 
A0:81ED  01 00		ORA	($00,X)		; 
A0:81EF  05 00		ORA	$00		; 
A0:81F1  A0 56		LDY	#$56		; 
A0:81F3  E0 7F		CPX	#$7F		; 
A0:81F5  00 00		BRK	#$00		; 
A0:81F7  00 00		BRK	#$00		; 
A0:81F9  40		RTI			; 
A0:81FA  29 01 00	AND	#$0001		; 
A0:81FD  05 00		ORA	$00		; 
A0:81FF  40		RTI			; 
A0:8200  29 A0 56	AND	#$56A0		; 
A0:8203  E0 7F		CPX	#$7F		; 
A0:8205  00 00		BRK	#$00		; 
A0:8207  00 00		BRK	#$00		; 
A0:8209  01 00		ORA	($00,X)		; 
A0:820B  05 00		ORA	$00		; 
A0:820D  00 00		BRK	#$00		; 
A0:820F  40		RTI			; 
A0:8210  29 A0 56	AND	#$56A0		; 
A0:8213  00 00		BRK	#$00		; 
A0:8215  E0 7F		CPX	#$7F		; 
A0:8217  01 00		ORA	($00,X)		; 
A0:8219  05 00		ORA	$00		; 
A0:821B  E0 7F		CPX	#$7F		; 
A0:821D  A0 56		LDY	#$56		; 
A0:821F  40		RTI			; 
A0:8220  29 00 00	AND	#$0000		; 
A0:8223  00 00		BRK	#$00		; 
A0:8225  01 00		ORA	($00,X)		; 
A0:8227  05 00		ORA	$00		; 
A0:8229  A0 56		LDY	#$56		; 
A0:822B  40		RTI			; 
A0:822C  29 00 00	AND	#$0000		; 
A0:822F  00 00		BRK	#$00		; 
A0:8231  E0 7F		CPX	#$7F		; 
A0:8233  01 00		ORA	($00,X)		; 
A0:8235  05 00		ORA	$00		; 
A0:8237  40		RTI			; 
A0:8238  29 00 00	AND	#$0000		; 
A0:823B  E0 7F		CPX	#$7F		; 
A0:823D  00 00		BRK	#$00		; 
A0:823F  A0 56		LDY	#$56		; 
A0:8241  01 00		ORA	($00,X)		; 
A0:8243  05 00		ORA	$00		; 
A0:8245  00 00		BRK	#$00		; 
A0:8247  E0 7F		CPX	#$7F		; 
A0:8249  A0 56		LDY	#$56		; 
A0:824B  00 00		BRK	#$00		; 
A0:824D  40		RTI			; 
A0:824E  29 73 00	AND	#$0073		; 
A0:8251  02 00		COP	#$00		; 
A0:8253  00 7F		BRK	#$7F		; 
A0:8255  A6 7F		LDX	$7F		; 
A0:8257  73 00		ADC	($00,S),Y	; 
A0:8259  02 00		COP	#$00		; 
A0:825B  42		WDM	(Undef)		; 
A0:825C  7F 64 7F 73	ADC	$73:7F64,X	; 
A0:8260  00 02		BRK	#$02		; 
A0:8262  00 64		BRK	#$64		; 
A0:8264  7F 42 7F 73	ADC	$73:7F42,X	; CX4 DMA source3
A0:8268  00 02		BRK	#$02		; 
A0:826A  00 A6		BRK	#$A6		; 
A0:826C  7F 00 7F 73	ADC	$73:7F00,X	; 
A0:8270  00 02		BRK	#$02		; 
A0:8272  00 64		BRK	#$64		; 
A0:8274  7F 42 7F 73	ADC	$73:7F42,X	; CX4 DMA source3
A0:8278  00 02		BRK	#$02		; 
A0:827A  00 42		BRK	#$42		; 
A0:827C  7F 64 7F C3	ADC	$C3:7F64,X	; 
A0:8280  82 DD 82	BRL	$0560		; 
A0:8283  F7 82		SBC	[$82],Y		; 
A0:8285  11 83		ORA	($83),Y		; 
A0:8287  2B		PLD			; 
A0:8288  83 45		STA	$45,S		; 
A0:828A  83 5F		STA	$5F,S		; 
A0:828C  83 79		STA	$79,S		; 
A0:828E  83 93		STA	$93,S		; 
A0:8290  83 AD		STA	$AD,S		; 
A0:8292  83 C7		STA	$C7,S		; 
A0:8294  83 E1		STA	$E1,S		; 
A0:8296  83 FB		STA	$FB,S		; 
A0:8298  83 15		STA	$15,S		; 
A0:829A  84 2F		STY	$2F		; 
A0:829C  84 49		STY	$49		; 
A0:829E  84 63		STY	$63		; 
A0:82A0  84 7D		STY	$7D		; 
A0:82A2  84 97		STY	$97		; 
A0:82A4  84 B1		STY	$B1		; 
A0:82A6  84 CB		STY	$CB		; 
A0:82A8  84 E5		STY	$E5		; 
A0:82AA  84 FF		STY	$FF		; 
A0:82AC  84 0B		STY	$0B		; 
A0:82AE  85 17		STA	$17		; 
A0:82B0  85 23		STA	$23		; 
A0:82B2  85 2F		STA	$2F		; 
A0:82B4  85 3B		STA	$3B		; 
A0:82B6  85 47		STA	$47		; 
A0:82B8  85 53		STA	$53		; 
A0:82BA  85 5F		STA	$5F		; 
A0:82BC  85 6B		STA	$6B		; 
A0:82BE  85 77		STA	$77		; 
A0:82C0  85 83		STA	$83		; 
A0:82C2  85 31		STA	$31		; 
A0:82C4  00 0B		BRK	#$0B		; 
A0:82C6  00 69		BRK	#$69		; 
A0:82C8  2D 8A 31	AND	$318A		; 
A0:82CB  AB		PLB			; 
A0:82CC  35 CC		AND	$CC,X		; 
A0:82CE  39 ED 3D	AND	$3DED,Y		; 
A0:82D1  0E 42 2F	ASL	$2F42		; 
A0:82D4  46 50		LSR	$50		; 
A0:82D6  4A		LSR	A		; 
A0:82D7  50 4A		BVC	$8323		; 
A0:82D9  50 4A		BVC	$8325		; 
A0:82DB  50 4A		BVC	$8327		; 
A0:82DD  31 00		AND	($00),Y		; 
A0:82DF  0B		PHD			; 
A0:82E0  00 8A		BRK	#$8A		; 
A0:82E2  31 AB		AND	($AB),Y		; 
A0:82E4  35 CC		AND	$CC,X		; 
A0:82E6  39 ED 3D	AND	$3DED,Y		; 
A0:82E9  0E 42 2F	ASL	$2F42		; 
A0:82EC  46 50		LSR	$50		; 
A0:82EE  4A		LSR	A		; 
A0:82EF  71 4E		ADC	($4E),Y		; 
A0:82F1  71 4E		ADC	($4E),Y		; 
A0:82F3  71 4E		ADC	($4E),Y		; 
A0:82F5  71 4E		ADC	($4E),Y		; 
A0:82F7  31 00		AND	($00),Y		; 
A0:82F9  0B		PHD			; 
A0:82FA  00 AB		BRK	#$AB		; 
A0:82FC  35 CC		AND	$CC,X		; 
A0:82FE  39 ED 3D	AND	$3DED,Y		; 
A0:8301  0E 42 2F	ASL	$2F42		; 
A0:8304  46 50		LSR	$50		; 
A0:8306  4A		LSR	A		; 
A0:8307  71 4E		ADC	($4E),Y		; 
A0:8309  92 52		STA	($52)		; 
A0:830B  92 52		STA	($52)		; 
A0:830D  92 52		STA	($52)		; 
A0:830F  92 52		STA	($52)		; 
A0:8311  31 00		AND	($00),Y		; 
A0:8313  0B		PHD			; 
A0:8314  00 CC		BRK	#$CC		; 
A0:8316  39 ED 3D	AND	$3DED,Y		; 
A0:8319  0E 42 2F	ASL	$2F42		; 
A0:831C  46 50		LSR	$50		; 
A0:831E  4A		LSR	A		; 
A0:831F  71 4E		ADC	($4E),Y		; 
A0:8321  92 52		STA	($52)		; 
A0:8323  B3 56		LDA	($56,S),Y	; 
A0:8325  B3 56		LDA	($56,S),Y	; 
A0:8327  B3 56		LDA	($56,S),Y	; 
A0:8329  B3 56		LDA	($56,S),Y	; 
A0:832B  31 00		AND	($00),Y		; 
A0:832D  0B		PHD			; 
A0:832E  00 AB		BRK	#$AB		; 
A0:8330  35 CC		AND	$CC,X		; 
A0:8332  39 ED 3D	AND	$3DED,Y		; 
A0:8335  0E 42 2F	ASL	$2F42		; 
A0:8338  46 50		LSR	$50		; 
A0:833A  4A		LSR	A		; 
A0:833B  71 4E		ADC	($4E),Y		; 
A0:833D  92 52		STA	($52)		; 
A0:833F  92 52		STA	($52)		; 
A0:8341  92 52		STA	($52)		; 
A0:8343  92 52		STA	($52)		; 
A0:8345  31 00		AND	($00),Y		; 
A0:8347  0B		PHD			; 
A0:8348  00 8A		BRK	#$8A		; 
A0:834A  31 AB		AND	($AB),Y		; 
A0:834C  35 CC		AND	$CC,X		; 
A0:834E  39 ED 3D	AND	$3DED,Y		; 
A0:8351  0E 42 2F	ASL	$2F42		; 
A0:8354  46 50		LSR	$50		; 
A0:8356  4A		LSR	A		; 
A0:8357  71 4E		ADC	($4E),Y		; 
A0:8359  71 4E		ADC	($4E),Y		; 
A0:835B  71 4E		ADC	($4E),Y		; 
A0:835D  71 4E		ADC	($4E),Y		; 
A0:835F  31 00		AND	($00),Y		; 
A0:8361  0B		PHD			; 
A0:8362  00 6E		BRK	#$6E		; 
A0:8364  7E B0 7E	ROR	$7EB0,X		; 
A0:8367  F2 7E		SBC	($7E)		; 
A0:8369  34 7F		BIT	$7F,X		; 
A0:836B  76 7F		ROR	$7F,X		; 
A0:836D  B8		CLV			; 
A0:836E  7F FA 7F FF	ADC	$FF:7FFA,X	; 
A0:8372  7F FF 7F FF	ADC	$FF:7FFF,X	; 
A0:8376  7F FF 7F 31	ADC	$31:7FFF,X	; 
A0:837A  00 0B		BRK	#$0B		; 
A0:837C  00 69		BRK	#$69		; 
A0:837E  2D 8A 31	AND	$318A		; 
A0:8381  AB		PLB			; 
A0:8382  35 CC		AND	$CC,X		; 
A0:8384  39 ED 3D	AND	$3DED,Y		; 
A0:8387  0E 42 2F	ASL	$2F42		; 
A0:838A  46 50		LSR	$50		; 
A0:838C  4A		LSR	A		; 
A0:838D  50 4A		BVC	$83D9		; 
A0:838F  50 4A		BVC	$83DB		; 
A0:8391  50 4A		BVC	$83DD		; 
A0:8393  31 00		AND	($00),Y		; 
A0:8395  0B		PHD			; 
A0:8396  00 6E		BRK	#$6E		; 
A0:8398  7E B0 7E	ROR	$7EB0,X		; 
A0:839B  F2 7E		SBC	($7E)		; 
A0:839D  34 7F		BIT	$7F,X		; 
A0:839F  76 7F		ROR	$7F,X		; 
A0:83A1  B8		CLV			; 
A0:83A2  7F FA 7F FF	ADC	$FF:7FFA,X	; 
A0:83A6  7F FF 7F FF	ADC	$FF:7FFF,X	; 
A0:83AA  7F FF 7F 31	ADC	$31:7FFF,X	; 
A0:83AE  00 0B		BRK	#$0B		; 
A0:83B0  00 69		BRK	#$69		; 
A0:83B2  2D 8A 31	AND	$318A		; 
A0:83B5  AB		PLB			; 
A0:83B6  35 CC		AND	$CC,X		; 
A0:83B8  39 ED 3D	AND	$3DED,Y		; 
A0:83BB  0E 42 2F	ASL	$2F42		; 
A0:83BE  46 50		LSR	$50		; 
A0:83C0  4A		LSR	A		; 
A0:83C1  50 4A		BVC	$840D		; 
A0:83C3  50 4A		BVC	$840F		; 
A0:83C5  50 4A		BVC	$8411		; 
A0:83C7  31 00		AND	($00),Y		; 
A0:83C9  0B		PHD			; 
A0:83CA  00 69		BRK	#$69		; 
A0:83CC  2D 8A 31	AND	$318A		; 
A0:83CF  AB		PLB			; 
A0:83D0  35 CC		AND	$CC,X		; 
A0:83D2  39 ED 3D	AND	$3DED,Y		; 
A0:83D5  0E 42 2F	ASL	$2F42		; 
A0:83D8  46 50		LSR	$50		; 
A0:83DA  4A		LSR	A		; 
A0:83DB  37 3F		AND	[$3F],Y		; 
A0:83DD  50 4A		BVC	$8429		; 
A0:83DF  50 4A		BVC	$842B		; 
A0:83E1  31 00		AND	($00),Y		; 
A0:83E3  0B		PHD			; 
A0:83E4  00 8A		BRK	#$8A		; 
A0:83E6  31 AB		AND	($AB),Y		; 
A0:83E8  35 CC		AND	$CC,X		; 
A0:83EA  39 ED 3D	AND	$3DED,Y		; 
A0:83ED  0E 42 2F	ASL	$2F42		; 
A0:83F0  46 50		LSR	$50		; 
A0:83F2  4A		LSR	A		; 
A0:83F3  71 4E		ADC	($4E),Y		; 
A0:83F5  71 4E		ADC	($4E),Y		; 
A0:83F7  71 4E		ADC	($4E),Y		; 
A0:83F9  71 4E		ADC	($4E),Y		; 
A0:83FB  31 00		AND	($00),Y		; 
A0:83FD  0B		PHD			; 
A0:83FE  00 8A		BRK	#$8A		; 
A0:8400  31 AB		AND	($AB),Y		; 
A0:8402  35 CC		AND	$CC,X		; 
A0:8404  39 ED 3D	AND	$3DED,Y		; 
A0:8407  0E 42 2F	ASL	$2F42		; 
A0:840A  46 50		LSR	$50		; 
A0:840C  4A		LSR	A		; 
A0:840D  71 4E		ADC	($4E),Y		; 
A0:840F  71 4E		ADC	($4E),Y		; 
A0:8411  37 3F		AND	[$3F],Y		; 
A0:8413  71 4E		ADC	($4E),Y		; 
A0:8415  31 00		AND	($00),Y		; 
A0:8417  0B		PHD			; 
A0:8418  00 AB		BRK	#$AB		; 
A0:841A  35 CC		AND	$CC,X		; 
A0:841C  39 ED 3D	AND	$3DED,Y		; 
A0:841F  0E 42 2F	ASL	$2F42		; 
A0:8422  46 50		LSR	$50		; 
A0:8424  4A		LSR	A		; 
A0:8425  71 4E		ADC	($4E),Y		; 
A0:8427  92 52		STA	($52)		; 
A0:8429  92 52		STA	($52)		; 
A0:842B  92 52		STA	($52)		; 
A0:842D  92 52		STA	($52)		; 
A0:842F  31 00		AND	($00),Y		; 
A0:8431  0B		PHD			; 
A0:8432  00 CC		BRK	#$CC		; 
A0:8434  39 ED 3D	AND	$3DED,Y		; 
A0:8437  0E 42 2F	ASL	$2F42		; 
A0:843A  46 50		LSR	$50		; 
A0:843C  4A		LSR	A		; 
A0:843D  71 4E		ADC	($4E),Y		; 
A0:843F  92 52		STA	($52)		; 
A0:8441  B3 56		LDA	($56,S),Y	; 
A0:8443  B3 56		LDA	($56,S),Y	; 
A0:8445  B3 56		LDA	($56,S),Y	; 
A0:8447  B3 56		LDA	($56,S),Y	; 
A0:8449  31 00		AND	($00),Y		; 
A0:844B  0B		PHD			; 
A0:844C  00 CC		BRK	#$CC		; 
A0:844E  39 ED 3D	AND	$3DED,Y		; 
A0:8451  0E 42 2F	ASL	$2F42		; 
A0:8454  46 50		LSR	$50		; 
A0:8456  4A		LSR	A		; 
A0:8457  71 4E		ADC	($4E),Y		; 
A0:8459  92 52		STA	($52)		; 
A0:845B  B3 56		LDA	($56,S),Y	; 
A0:845D  B3 56		LDA	($56,S),Y	; 
A0:845F  B3 56		LDA	($56,S),Y	; 
A0:8461  37 3F		AND	[$3F],Y		; 
A0:8463  31 00		AND	($00),Y		; 
A0:8465  0B		PHD			; 
A0:8466  00 AB		BRK	#$AB		; 
A0:8468  35 CC		AND	$CC,X		; 
A0:846A  39 ED 3D	AND	$3DED,Y		; 
A0:846D  0E 42 2F	ASL	$2F42		; 
A0:8470  46 50		LSR	$50		; 
A0:8472  4A		LSR	A		; 
A0:8473  71 4E		ADC	($4E),Y		; 
A0:8475  92 52		STA	($52)		; 
A0:8477  92 52		STA	($52)		; 
A0:8479  92 52		STA	($52)		; 
A0:847B  92 52		STA	($52)		; 
A0:847D  31 00		AND	($00),Y		; 
A0:847F  0B		PHD			; 
A0:8480  00 8A		BRK	#$8A		; 
A0:8482  31 AB		AND	($AB),Y		; 
A0:8484  35 CC		AND	$CC,X		; 
A0:8486  39 ED 3D	AND	$3DED,Y		; 
A0:8489  0E 42 2F	ASL	$2F42		; 
A0:848C  46 50		LSR	$50		; 
A0:848E  4A		LSR	A		; 
A0:848F  71 4E		ADC	($4E),Y		; 
A0:8491  71 4E		ADC	($4E),Y		; 
A0:8493  71 4E		ADC	($4E),Y		; 
A0:8495  71 4E		ADC	($4E),Y		; 
A0:8497  31 00		AND	($00),Y		; 
A0:8499  0B		PHD			; 
A0:849A  00 69		BRK	#$69		; 
A0:849C  2D 8A 31	AND	$318A		; 
A0:849F  AB		PLB			; 
A0:84A0  35 CC		AND	$CC,X		; 
A0:84A2  39 ED 3D	AND	$3DED,Y		; 
A0:84A5  0E 42 2F	ASL	$2F42		; 
A0:84A8  46 50		LSR	$50		; 
A0:84AA  4A		LSR	A		; 
A0:84AB  37 3F		AND	[$3F],Y		; 
A0:84AD  50 4A		BVC	$84F9		; 
A0:84AF  50 4A		BVC	$84FB		; 
A0:84B1  31 00		AND	($00),Y		; 
A0:84B3  0B		PHD			; 
A0:84B4  00 69		BRK	#$69		; 
A0:84B6  2D 8A 31	AND	$318A		; 
A0:84B9  AB		PLB			; 
A0:84BA  35 CC		AND	$CC,X		; 
A0:84BC  39 ED 3D	AND	$3DED,Y		; 
A0:84BF  0E 42 2F	ASL	$2F42		; 
A0:84C2  46 50		LSR	$50		; 
A0:84C4  4A		LSR	A		; 
A0:84C5  50 4A		BVC	$8511		; 
A0:84C7  37 3F		AND	[$3F],Y		; 
A0:84C9  50 4A		BVC	$8515		; 
A0:84CB  31 00		AND	($00),Y		; 
A0:84CD  0B		PHD			; 
A0:84CE  00 69		BRK	#$69		; 
A0:84D0  2D 8A 31	AND	$318A		; 
A0:84D3  AB		PLB			; 
A0:84D4  35 CC		AND	$CC,X		; 
A0:84D6  39 ED 3D	AND	$3DED,Y		; 
A0:84D9  0E 42 2F	ASL	$2F42		; 
A0:84DC  46 50		LSR	$50		; 
A0:84DE  4A		LSR	A		; 
A0:84DF  50 4A		BVC	$852B		; 
A0:84E1  50 4A		BVC	$852D		; 
A0:84E3  37 3F		AND	[$3F],Y		; 
A0:84E5  31 00		AND	($00),Y		; 
A0:84E7  0B		PHD			; 
A0:84E8  00 69		BRK	#$69		; 
A0:84EA  2D 8A 31	AND	$318A		; 
A0:84ED  AB		PLB			; 
A0:84EE  35 CC		AND	$CC,X		; 
A0:84F0  39 ED 3D	AND	$3DED,Y		; 
A0:84F3  0E 42 2F	ASL	$2F42		; 
A0:84F6  46 50		LSR	$50		; 
A0:84F8  4A		LSR	A		; 
A0:84F9  50 4A		BVC	$8545		; 
A0:84FB  50 4A		BVC	$8547		; 
A0:84FD  50 4A		BVC	$8549		; 
A0:84FF  2C 00 04	BIT	$0400		; 
A0:8502  00 18		BRK	#$18		; 
A0:8504  61 FF		ADC	($FF,X)		; 
A0:8506  7D 1F 00	ADC	$001F,X		; 
A0:8509  15 00		ORA	$00,X		; 
A0:850B  2C 00 04	BIT	$0400		; 
A0:850E  00 F7		BRK	#$F7		; 
A0:8510  5C DE 79 1D	JML	$1D:79DE	; 
A0:8514  00 13		BRK	#$13		; 
A0:8516  00 2C		BRK	#$2C		; 
A0:8518  00 04		BRK	#$04		; 
A0:851A  00 D6		BRK	#$D6		; 
A0:851C  58		CLI			; 
A0:851D  BD 75 1B	LDA	$1B75,X		; 
A0:8520  00 11		BRK	#$11		; 
A0:8522  00 2C		BRK	#$2C		; 
A0:8524  00 04		BRK	#$04		; 
A0:8526  00 B5		BRK	#$B5		; 
A0:8528  54 9C 71	MVN	$9C,$71		; 
A0:852B  19 00 0F	ORA	$0F00,Y		; 
A0:852E  00 2C		BRK	#$2C		; 
A0:8530  00 04		BRK	#$04		; 
A0:8532  00 94		BRK	#$94		; 
A0:8534  50 7B		BVC	$85B1		; 
A0:8536  6D 17 00	ADC	$0017		; 
A0:8539  0D 00 2C	ORA	$2C00		; 
A0:853C  00 04		BRK	#$04		; 
A0:853E  00 B5		BRK	#$B5		; 
A0:8540  54 9C 71	MVN	$9C,$71		; 
A0:8543  19 00 0F	ORA	$0F00,Y		; 
A0:8546  00 2C		BRK	#$2C		; 
A0:8548  00 04		BRK	#$04		; 
A0:854A  00 D6		BRK	#$D6		; 
A0:854C  58		CLI			; 
A0:854D  BD 75 1B	LDA	$1B75,X		; 
A0:8550  00 11		BRK	#$11		; 
A0:8552  00 2C		BRK	#$2C		; 
A0:8554  00 04		BRK	#$04		; 
A0:8556  00 F7		BRK	#$F7		; 
A0:8558  5C DE 79 1D	JML	$1D:79DE	; 
A0:855C  00 13		BRK	#$13		; 
A0:855E  00 2C		BRK	#$2C		; 
A0:8560  00 04		BRK	#$04		; 
A0:8562  00 18		BRK	#$18		; 
A0:8564  61 FF		ADC	($FF,X)		; 
A0:8566  7D 1F 00	ADC	$001F,X		; 
A0:8569  15 00		ORA	$00,X		; 
A0:856B  2C 00 04	BIT	$0400		; 
A0:856E  00 73		BRK	#$73		; 
A0:8570  4C 5A 69	JMP	$695A		; 
A0:8573  15 00		ORA	$00,X		; 
A0:8575  0B		PHD			; 
A0:8576  00 2C		BRK	#$2C		; 
A0:8578  00 04		BRK	#$04		; 
A0:857A  00 18		BRK	#$18		; 
A0:857C  61 FF		ADC	($FF,X)		; 
A0:857E  7D 1F 00	ADC	$001F,X		; 
A0:8581  15 00		ORA	$00,X		; 
A0:8583  2C 00 04	BIT	$0400		; 
A0:8586  00 BD		BRK	#$BD		; 
A0:8588  75 9F		ADC	$9F,X		; 
A0:858A  7E FF 1C	ROR	$1CFF,X		; 
A0:858D  1F 00 FF FF	ORA	$FF:FF00,X	; 
A0:8591  FF FF FF FF	SBC	$FF:FFFF,X	; 
A0:8595  FF FF FF FF	SBC	$FF:FFFF,X	; 
A0:8599  FF FF FF FF	SBC	$FF:FFFF,X	; 
A0:859D  FF FF FF FF	SBC	$FF:FFFF,X	; 
A0:85A1  FF FF FF FF	SBC	$FF:FFFF,X	; 
A0:85A5  FF FF FF FF	SBC	$FF:FFFF,X	; 
A0:85A9  FF FF FF FF	SBC	$FF:FFFF,X	; 
A0:85AD  FF FF FF FF	SBC	$FF:FFFF,X	; 
A0:85B1  FF FF FF FF	SBC	$FF:FFFF,X	; 
A0:85B5  FF FF FF FF	SBC	$FF:FFFF,X	; 
A0:85B9  FF FF FF FF	SBC	$FF:FFFF,X	; 
A0:85BD  FF FF FF FF	SBC	$FF:FFFF,X	; 
A0:85C1  FF FF FF FF	SBC	$FF:FFFF,X	; 
A0:85C5  FF FF FF FF	SBC	$FF:FFFF,X	; 
A0:85C9  FF FF FF FF	SBC	$FF:FFFF,X	; 
A0:85CD  FF FF FF FF	SBC	$FF:FFFF,X	; 
A0:85D1  FF FF FF FF	SBC	$FF:FFFF,X	; 
A0:85D5  FF FF FF FF	SBC	$FF:FFFF,X	; 
A0:85D9  FF FF FF FF	SBC	$FF:FFFF,X	; 
A0:85DD  FF FF FF FF	SBC	$FF:FFFF,X	; 
A0:85E1  FF FF FF FF	SBC	$FF:FFFF,X	; 
A0:85E5  FF FF FF FF	SBC	$FF:FFFF,X	; 
A0:85E9  FF FF FF FF	SBC	$FF:FFFF,X	; 
A0:85ED  FF FF FF FF	SBC	$FF:FFFF,X	; 
A0:85F1  FF FF FF FF	SBC	$FF:FFFF,X	; 
A0:85F5  FF FF FF FF	SBC	$FF:FFFF,X	; 
A0:85F9  FF FF FF FF	SBC	$FF:FFFF,X	; 
A0:85FD  FF FF FF FF	SBC	$FF:FFFF,X	; 
A0:8601  FF FF FF FF	SBC	$FF:FFFF,X	; 
A0:8605  FF FF FF FF	SBC	$FF:FFFF,X	; 
A0:8609  FF FF FF FF	SBC	$FF:FFFF,X	; 
A0:860D  FF FF FF FF	SBC	$FF:FFFF,X	; 
A0:8611  FF FF FF FF	SBC	$FF:FFFF,X	; 
A0:8615  FF FF FF FF	SBC	$FF:FFFF,X	; 
A0:8619  FF FF FF FF	SBC	$FF:FFFF,X	; 
A0:861D  FF FF FF FF	SBC	$FF:FFFF,X	; 
A0:8621  FF FF FF FF	SBC	$FF:FFFF,X	; 
A0:8625  FF FF FF FF	SBC	$FF:FFFF,X	; 
A0:8629  FF FF FF FF	SBC	$FF:FFFF,X	; 
A0:862D  FF FF FF FF	SBC	$FF:FFFF,X	; 
A0:8631  FF FF FF FF	SBC	$FF:FFFF,X	; 
A0:8635  FF FF FF FF	SBC	$FF:FFFF,X	; 
A0:8639  FF FF FF FF	SBC	$FF:FFFF,X	; 
A0:863D  FF FF FF FF	SBC	$FF:FFFF,X	; 
A0:8641  FF FF FF FF	SBC	$FF:FFFF,X	; 
A0:8645  FF FF FF FF	SBC	$FF:FFFF,X	; 
A0:8649  FF FF FF FF	SBC	$FF:FFFF,X	; 
A0:864D  FF FF FF FF	SBC	$FF:FFFF,X	; 
A0:8651  FF FF FF FF	SBC	$FF:FFFF,X	; 
A0:8655  FF FF FF FF	SBC	$FF:FFFF,X	; 
A0:8659  FF FF FF FF	SBC	$FF:FFFF,X	; 
A0:865D  FF FF FF FF	SBC	$FF:FFFF,X	; 
A0:8661  FF FF FF FF	SBC	$FF:FFFF,X	; 
A0:8665  FF FF FF FF	SBC	$FF:FFFF,X	; 
A0:8669  FF FF FF FF	SBC	$FF:FFFF,X	; 
A0:866D  FF FF FF FF	SBC	$FF:FFFF,X	; 
A0:8671  FF FF FF FF	SBC	$FF:FFFF,X	; 
A0:8675  FF FF FF FF	SBC	$FF:FFFF,X	; 
A0:8679  FF FF FF FF	SBC	$FF:FFFF,X	; 
A0:867D  FF FF FF FF	SBC	$FF:FFFF,X	; 
A0:8681  FF FF FF FF	SBC	$FF:FFFF,X	; 
A0:8685  FF FF FF FF	SBC	$FF:FFFF,X	; 
A0:8689  FF FF FF FF	SBC	$FF:FFFF,X	; 
A0:868D  FF FF FF FF	SBC	$FF:FFFF,X	; 
A0:8691  FF FF FF FF	SBC	$FF:FFFF,X	; 
A0:8695  FF FF FF FF	SBC	$FF:FFFF,X	; 
A0:8699  FF FF FF FF	SBC	$FF:FFFF,X	; 
A0:869D  FF FF FF FF	SBC	$FF:FFFF,X	; 
A0:86A1  FF FF FF FF	SBC	$FF:FFFF,X	; 
A0:86A5  FF FF FF FF	SBC	$FF:FFFF,X	; 
A0:86A9  FF FF FF FF	SBC	$FF:FFFF,X	; 
A0:86AD  FF FF FF FF	SBC	$FF:FFFF,X	; 
A0:86B1  FF FF FF FF	SBC	$FF:FFFF,X	; 
A0:86B5  FF FF FF FF	SBC	$FF:FFFF,X	; 
A0:86B9  FF FF FF FF	SBC	$FF:FFFF,X	; 
A0:86BD  FF FF FF FF	SBC	$FF:FFFF,X	; 
A0:86C1  FF FF FF FF	SBC	$FF:FFFF,X	; 
A0:86C5  FF FF FF FF	SBC	$FF:FFFF,X	; 
A0:86C9  FF FF FF FF	SBC	$FF:FFFF,X	; 
A0:86CD  FF FF FF FF	SBC	$FF:FFFF,X	; 
A0:86D1  FF FF FF FF	SBC	$FF:FFFF,X	; 
A0:86D5  FF FF FF FF	SBC	$FF:FFFF,X	; 
A0:86D9  FF FF FF FF	SBC	$FF:FFFF,X	; 
A0:86DD  FF FF FF FF	SBC	$FF:FFFF,X	; 
A0:86E1  FF FF FF FF	SBC	$FF:FFFF,X	; 
A0:86E5  FF FF FF FF	SBC	$FF:FFFF,X	; 
A0:86E9  FF FF FF FF	SBC	$FF:FFFF,X	; 
A0:86ED  FF FF FF FF	SBC	$FF:FFFF,X	; 
A0:86F1  FF FF FF FF	SBC	$FF:FFFF,X	; 
A0:86F5  FF FF FF FF	SBC	$FF:FFFF,X	; 
A0:86F9  FF FF FF FF	SBC	$FF:FFFF,X	; 
A0:86FD  FF FF FF FF	SBC	$FF:FFFF,X	; 
A0:8701  FF FF FF FF	SBC	$FF:FFFF,X	; 
A0:8705  FF FF FF FF	SBC	$FF:FFFF,X	; 
A0:8709  FF FF FF FF	SBC	$FF:FFFF,X	; 
A0:870D  FF FF FF FF	SBC	$FF:FFFF,X	; 
A0:8711  FF FF FF FF	SBC	$FF:FFFF,X	; 
A0:8715  FF FF FF FF	SBC	$FF:FFFF,X	; 
A0:8719  FF FF FF FF	SBC	$FF:FFFF,X	; 
A0:871D  FF FF FF FF	SBC	$FF:FFFF,X	; 
A0:8721  FF FF FF FF	SBC	$FF:FFFF,X	; 
A0:8725  FF FF FF FF	SBC	$FF:FFFF,X	; 
A0:8729  FF FF FF FF	SBC	$FF:FFFF,X	; 
A0:872D  FF FF FF FF	SBC	$FF:FFFF,X	; 
A0:8731  FF FF FF FF	SBC	$FF:FFFF,X	; 
A0:8735  FF FF FF FF	SBC	$FF:FFFF,X	; 
A0:8739  FF FF FF FF	SBC	$FF:FFFF,X	; 
A0:873D  FF FF FF FF	SBC	$FF:FFFF,X	; 
A0:8741  FF FF FF FF	SBC	$FF:FFFF,X	; 
A0:8745  FF FF FF FF	SBC	$FF:FFFF,X	; 
A0:8749  FF FF FF FF	SBC	$FF:FFFF,X	; 
A0:874D  FF FF FF FF	SBC	$FF:FFFF,X	; 
A0:8751  FF FF FF FF	SBC	$FF:FFFF,X	; 
A0:8755  FF FF FF FF	SBC	$FF:FFFF,X	; 
A0:8759  FF FF FF FF	SBC	$FF:FFFF,X	; 
A0:875D  FF FF FF FF	SBC	$FF:FFFF,X	; 
A0:8761  FF FF FF FF	SBC	$FF:FFFF,X	; 
A0:8765  FF FF FF FF	SBC	$FF:FFFF,X	; 
A0:8769  FF FF FF FF	SBC	$FF:FFFF,X	; 
A0:876D  FF FF FF FF	SBC	$FF:FFFF,X	; 
A0:8771  FF FF FF FF	SBC	$FF:FFFF,X	; 
A0:8775  FF FF FF FF	SBC	$FF:FFFF,X	; 
A0:8779  FF FF FF FF	SBC	$FF:FFFF,X	; 
A0:877D  FF FF FF FF	SBC	$FF:FFFF,X	; 
A0:8781  FF FF FF FF	SBC	$FF:FFFF,X	; 
A0:8785  FF FF FF FF	SBC	$FF:FFFF,X	; 
A0:8789  FF FF FF FF	SBC	$FF:FFFF,X	; 
A0:878D  FF FF FF FF	SBC	$FF:FFFF,X	; 
A0:8791  FF FF FF FF	SBC	$FF:FFFF,X	; 
A0:8795  FF FF FF FF	SBC	$FF:FFFF,X	; 
A0:8799  FF FF FF FF	SBC	$FF:FFFF,X	; 
A0:879D  FF FF FF FF	SBC	$FF:FFFF,X	; 
A0:87A1  FF FF FF FF	SBC	$FF:FFFF,X	; 
A0:87A5  FF FF FF FF	SBC	$FF:FFFF,X	; 
A0:87A9  FF FF FF FF	SBC	$FF:FFFF,X	; 
A0:87AD  FF FF FF FF	SBC	$FF:FFFF,X	; 
A0:87B1  FF FF FF FF	SBC	$FF:FFFF,X	; 
A0:87B5  FF FF FF FF	SBC	$FF:FFFF,X	; 
A0:87B9  FF FF FF FF	SBC	$FF:FFFF,X	; 
A0:87BD  FF FF FF FF	SBC	$FF:FFFF,X	; 
A0:87C1  FF FF FF FF	SBC	$FF:FFFF,X	; 
A0:87C5  FF FF FF FF	SBC	$FF:FFFF,X	; 
A0:87C9  FF FF FF FF	SBC	$FF:FFFF,X	; 
A0:87CD  FF FF FF FF	SBC	$FF:FFFF,X	; 
A0:87D1  FF FF FF FF	SBC	$FF:FFFF,X	; 
A0:87D5  FF FF FF FF	SBC	$FF:FFFF,X	; 
A0:87D9  FF FF FF FF	SBC	$FF:FFFF,X	; 
A0:87DD  FF FF FF FF	SBC	$FF:FFFF,X	; 
A0:87E1  FF FF FF FF	SBC	$FF:FFFF,X	; 
A0:87E5  FF FF FF FF	SBC	$FF:FFFF,X	; 
A0:87E9  FF FF FF FF	SBC	$FF:FFFF,X	; 
A0:87ED  FF FF FF FF	SBC	$FF:FFFF,X	; 
A0:87F1  FF FF FF FF	SBC	$FF:FFFF,X	; 
A0:87F5  FF FF FF FF	SBC	$FF:FFFF,X	; 
A0:87F9  FF FF FF FF	SBC	$FF:FFFF,X	; 
A0:87FD  FF FF FF FF	SBC	$FF:FFFF,X	; 
A0:8801  FF FF FF FF	SBC	$FF:FFFF,X	; 
A0:8805  FF FF FF FF	SBC	$FF:FFFF,X	; 
A0:8809  FF FF FF FF	SBC	$FF:FFFF,X	; 
A0:880D  FF FF FF FF	SBC	$FF:FFFF,X	; 
A0:8811  FF FF FF FF	SBC	$FF:FFFF,X	; 
A0:8815  FF FF FF FF	SBC	$FF:FFFF,X	; 
A0:8819  FF FF FF FF	SBC	$FF:FFFF,X	; 
A0:881D  FF FF FF FF	SBC	$FF:FFFF,X	; 
A0:8821  FF FF FF FF	SBC	$FF:FFFF,X	; 
A0:8825  FF FF FF FF	SBC	$FF:FFFF,X	; 
A0:8829  FF FF FF FF	SBC	$FF:FFFF,X	; 
A0:882D  FF FF FF FF	SBC	$FF:FFFF,X	; 
A0:8831  FF FF FF FF	SBC	$FF:FFFF,X	; 
A0:8835  FF FF FF FF	SBC	$FF:FFFF,X	; 
A0:8839  FF FF FF FF	SBC	$FF:FFFF,X	; 
A0:883D  FF FF FF FF	SBC	$FF:FFFF,X	; 
A0:8841  FF FF FF FF	SBC	$FF:FFFF,X	; 
A0:8845  FF FF FF FF	SBC	$FF:FFFF,X	; 
A0:8849  FF FF FF FF	SBC	$FF:FFFF,X	; 
A0:884D  FF FF FF FF	SBC	$FF:FFFF,X	; 
A0:8851  FF FF FF FF	SBC	$FF:FFFF,X	; 
A0:8855  FF FF FF FF	SBC	$FF:FFFF,X	; 
A0:8859  FF FF FF FF	SBC	$FF:FFFF,X	; 
A0:885D  FF FF FF FF	SBC	$FF:FFFF,X	; 
A0:8861  FF FF FF FF	SBC	$FF:FFFF,X	; 
A0:8865  FF FF FF FF	SBC	$FF:FFFF,X	; 
A0:8869  FF FF FF FF	SBC	$FF:FFFF,X	; 
A0:886D  FF FF FF FF	SBC	$FF:FFFF,X	; 
A0:8871  FF FF FF FF	SBC	$FF:FFFF,X	; 
A0:8875  FF FF FF FF	SBC	$FF:FFFF,X	; 
A0:8879  FF FF FF FF	SBC	$FF:FFFF,X	; 
A0:887D  FF FF FF FF	SBC	$FF:FFFF,X	; 
A0:8881  FF FF FF FF	SBC	$FF:FFFF,X	; 
A0:8885  FF FF FF FF	SBC	$FF:FFFF,X	; 
A0:8889  FF FF FF FF	SBC	$FF:FFFF,X	; 
A0:888D  FF FF FF FF	SBC	$FF:FFFF,X	; 
A0:8891  FF FF FF FF	SBC	$FF:FFFF,X	; 
A0:8895  FF FF FF FF	SBC	$FF:FFFF,X	; 
A0:8899  FF FF FF FF	SBC	$FF:FFFF,X	; 
A0:889D  FF FF FF FF	SBC	$FF:FFFF,X	; 
A0:88A1  FF FF FF FF	SBC	$FF:FFFF,X	; 
A0:88A5  FF FF FF FF	SBC	$FF:FFFF,X	; 
A0:88A9  FF FF FF FF	SBC	$FF:FFFF,X	; 
A0:88AD  FF FF FF FF	SBC	$FF:FFFF,X	; 
A0:88B1  FF FF FF FF	SBC	$FF:FFFF,X	; 
A0:88B5  FF FF FF FF	SBC	$FF:FFFF,X	; 
A0:88B9  FF FF FF FF	SBC	$FF:FFFF,X	; 
A0:88BD  FF FF FF FF	SBC	$FF:FFFF,X	; 
A0:88C1  FF FF FF FF	SBC	$FF:FFFF,X	; 
A0:88C5  FF FF FF FF	SBC	$FF:FFFF,X	; 
A0:88C9  FF FF FF FF	SBC	$FF:FFFF,X	; 
A0:88CD  FF FF FF FF	SBC	$FF:FFFF,X	; 
A0:88D1  FF FF FF FF	SBC	$FF:FFFF,X	; 
A0:88D5  FF FF FF FF	SBC	$FF:FFFF,X	; 
A0:88D9  FF FF FF FF	SBC	$FF:FFFF,X	; 
A0:88DD  FF FF FF FF	SBC	$FF:FFFF,X	; 
A0:88E1  FF FF FF FF	SBC	$FF:FFFF,X	; 
A0:88E5  FF FF FF FF	SBC	$FF:FFFF,X	; 
A0:88E9  FF FF FF FF	SBC	$FF:FFFF,X	; 
A0:88ED  FF FF FF FF	SBC	$FF:FFFF,X	; 
A0:88F1  FF FF FF FF	SBC	$FF:FFFF,X	; 
A0:88F5  FF FF FF FF	SBC	$FF:FFFF,X	; 
A0:88F9  FF FF FF FF	SBC	$FF:FFFF,X	; 
A0:88FD  FF FF FF FF	SBC	$FF:FFFF,X	; 
A0:8901  FF FF FF FF	SBC	$FF:FFFF,X	; 
A0:8905  FF FF FF FF	SBC	$FF:FFFF,X	; 
A0:8909  FF FF FF FF	SBC	$FF:FFFF,X	; 
A0:890D  FF FF FF FF	SBC	$FF:FFFF,X	; 
A0:8911  FF FF FF FF	SBC	$FF:FFFF,X	; 
A0:8915  FF FF FF FF	SBC	$FF:FFFF,X	; 
A0:8919  FF FF FF FF	SBC	$FF:FFFF,X	; 
A0:891D  FF FF FF FF	SBC	$FF:FFFF,X	; 
A0:8921  FF FF FF FF	SBC	$FF:FFFF,X	; 
A0:8925  FF FF FF FF	SBC	$FF:FFFF,X	; 
A0:8929  FF FF FF FF	SBC	$FF:FFFF,X	; 
A0:892D  FF FF FF FF	SBC	$FF:FFFF,X	; 
A0:8931  FF FF FF FF	SBC	$FF:FFFF,X	; 
A0:8935  FF FF FF FF	SBC	$FF:FFFF,X	; 
A0:8939  FF FF FF FF	SBC	$FF:FFFF,X	; 
A0:893D  FF FF FF FF	SBC	$FF:FFFF,X	; 
A0:8941  FF FF FF FF	SBC	$FF:FFFF,X	; 
A0:8945  FF FF FF FF	SBC	$FF:FFFF,X	; 
A0:8949  FF FF FF FF	SBC	$FF:FFFF,X	; 
A0:894D  FF FF FF FF	SBC	$FF:FFFF,X	; 
A0:8951  FF FF FF FF	SBC	$FF:FFFF,X	; 
A0:8955  FF FF FF FF	SBC	$FF:FFFF,X	; 
A0:8959  FF FF FF FF	SBC	$FF:FFFF,X	; 
A0:895D  FF FF FF FF	SBC	$FF:FFFF,X	; 
A0:8961  FF FF FF FF	SBC	$FF:FFFF,X	; 
A0:8965  FF FF FF FF	SBC	$FF:FFFF,X	; 
A0:8969  FF FF FF FF	SBC	$FF:FFFF,X	; 
A0:896D  FF FF FF FF	SBC	$FF:FFFF,X	; 
A0:8971  FF FF FF FF	SBC	$FF:FFFF,X	; 
A0:8975  FF FF FF FF	SBC	$FF:FFFF,X	; 
A0:8979  FF FF FF FF	SBC	$FF:FFFF,X	; 
A0:897D  FF FF FF FF	SBC	$FF:FFFF,X	; 
A0:8981  FF FF FF FF	SBC	$FF:FFFF,X	; 
A0:8985  FF FF FF FF	SBC	$FF:FFFF,X	; 
A0:8989  FF FF FF FF	SBC	$FF:FFFF,X	; 
A0:898D  FF FF FF FF	SBC	$FF:FFFF,X	; 
A0:8991  FF FF FF FF	SBC	$FF:FFFF,X	; 
A0:8995  FF FF FF FF	SBC	$FF:FFFF,X	; 
A0:8999  FF FF FF FF	SBC	$FF:FFFF,X	; 
A0:899D  FF FF FF FF	SBC	$FF:FFFF,X	; 
A0:89A1  FF FF FF FF	SBC	$FF:FFFF,X	; 
A0:89A5  FF FF FF FF	SBC	$FF:FFFF,X	; 
A0:89A9  FF FF FF FF	SBC	$FF:FFFF,X	; 
A0:89AD  FF FF FF FF	SBC	$FF:FFFF,X	; 
A0:89B1  FF FF FF FF	SBC	$FF:FFFF,X	; 
A0:89B5  FF FF FF FF	SBC	$FF:FFFF,X	; 
A0:89B9  FF FF FF FF	SBC	$FF:FFFF,X	; 
A0:89BD  FF FF FF FF	SBC	$FF:FFFF,X	; 
A0:89C1  FF FF FF FF	SBC	$FF:FFFF,X	; 
A0:89C5  FF FF FF FF	SBC	$FF:FFFF,X	; 
A0:89C9  FF FF FF FF	SBC	$FF:FFFF,X	; 
A0:89CD  FF FF FF FF	SBC	$FF:FFFF,X	; 
A0:89D1  FF FF FF FF	SBC	$FF:FFFF,X	; 
A0:89D5  FF FF FF FF	SBC	$FF:FFFF,X	; 
A0:89D9  FF FF FF FF	SBC	$FF:FFFF,X	; 
A0:89DD  FF FF FF FF	SBC	$FF:FFFF,X	; 
A0:89E1  FF FF FF FF	SBC	$FF:FFFF,X	; 
A0:89E5  FF FF FF FF	SBC	$FF:FFFF,X	; 
A0:89E9  FF FF FF FF	SBC	$FF:FFFF,X	; 
A0:89ED  FF FF FF FF	SBC	$FF:FFFF,X	; 
A0:89F1  FF FF FF FF	SBC	$FF:FFFF,X	; 
A0:89F5  FF FF FF FF	SBC	$FF:FFFF,X	; 
A0:89F9  FF FF FF FF	SBC	$FF:FFFF,X	; 
A0:89FD  FF FF FF FF	SBC	$FF:FFFF,X	; 
A0:8A01  FF FF FF FF	SBC	$FF:FFFF,X	; 
A0:8A05  FF FF FF FF	SBC	$FF:FFFF,X	; 
A0:8A09  FF FF FF FF	SBC	$FF:FFFF,X	; 
A0:8A0D  FF FF FF FF	SBC	$FF:FFFF,X	; 
A0:8A11  FF FF FF FF	SBC	$FF:FFFF,X	; 
A0:8A15  FF FF FF FF	SBC	$FF:FFFF,X	; 
A0:8A19  FF FF FF FF	SBC	$FF:FFFF,X	; 
A0:8A1D  FF FF FF FF	SBC	$FF:FFFF,X	; 
A0:8A21  FF FF FF FF	SBC	$FF:FFFF,X	; 
A0:8A25  FF FF FF FF	SBC	$FF:FFFF,X	; 
A0:8A29  FF FF FF FF	SBC	$FF:FFFF,X	; 
A0:8A2D  FF FF FF FF	SBC	$FF:FFFF,X	; 
A0:8A31  FF FF FF FF	SBC	$FF:FFFF,X	; 
A0:8A35  FF FF FF FF	SBC	$FF:FFFF,X	; 
A0:8A39  FF FF FF FF	SBC	$FF:FFFF,X	; 
A0:8A3D  FF FF FF FF	SBC	$FF:FFFF,X	; 
A0:8A41  FF FF FF FF	SBC	$FF:FFFF,X	; 
A0:8A45  FF FF FF FF	SBC	$FF:FFFF,X	; 
A0:8A49  FF FF FF FF	SBC	$FF:FFFF,X	; 
A0:8A4D  FF FF FF FF	SBC	$FF:FFFF,X	; 
A0:8A51  FF FF FF FF	SBC	$FF:FFFF,X	; 
A0:8A55  FF FF FF FF	SBC	$FF:FFFF,X	; 
A0:8A59  FF FF FF FF	SBC	$FF:FFFF,X	; 
A0:8A5D  FF FF FF FF	SBC	$FF:FFFF,X	; 
A0:8A61  FF FF FF FF	SBC	$FF:FFFF,X	; 
A0:8A65  FF FF FF FF	SBC	$FF:FFFF,X	; 
A0:8A69  FF FF FF FF	SBC	$FF:FFFF,X	; 
A0:8A6D  FF FF FF FF	SBC	$FF:FFFF,X	; 
A0:8A71  FF FF FF FF	SBC	$FF:FFFF,X	; 
A0:8A75  FF FF FF FF	SBC	$FF:FFFF,X	; 
A0:8A79  FF FF FF FF	SBC	$FF:FFFF,X	; 
A0:8A7D  FF FF FF FF	SBC	$FF:FFFF,X	; 
A0:8A81  FF FF FF FF	SBC	$FF:FFFF,X	; 
A0:8A85  FF FF FF FF	SBC	$FF:FFFF,X	; 
A0:8A89  FF FF FF FF	SBC	$FF:FFFF,X	; 
A0:8A8D  FF FF FF FF	SBC	$FF:FFFF,X	; 
A0:8A91  FF FF FF FF	SBC	$FF:FFFF,X	; 
A0:8A95  FF FF FF FF	SBC	$FF:FFFF,X	; 
A0:8A99  FF FF FF FF	SBC	$FF:FFFF,X	; 
A0:8A9D  FF FF FF FF	SBC	$FF:FFFF,X	; 
A0:8AA1  FF FF FF FF	SBC	$FF:FFFF,X	; 
A0:8AA5  FF FF FF FF	SBC	$FF:FFFF,X	; 
A0:8AA9  FF FF FF FF	SBC	$FF:FFFF,X	; 
A0:8AAD  FF FF FF FF	SBC	$FF:FFFF,X	; 
A0:8AB1  FF FF FF FF	SBC	$FF:FFFF,X	; 
A0:8AB5  FF FF FF FF	SBC	$FF:FFFF,X	; 
A0:8AB9  FF FF FF FF	SBC	$FF:FFFF,X	; 
A0:8ABD  FF FF FF FF	SBC	$FF:FFFF,X	; 
A0:8AC1  FF FF FF FF	SBC	$FF:FFFF,X	; 
A0:8AC5  FF FF FF FF	SBC	$FF:FFFF,X	; 
A0:8AC9  FF FF FF FF	SBC	$FF:FFFF,X	; 
A0:8ACD  FF FF FF FF	SBC	$FF:FFFF,X	; 
A0:8AD1  FF FF FF FF	SBC	$FF:FFFF,X	; 
A0:8AD5  FF FF FF FF	SBC	$FF:FFFF,X	; 
A0:8AD9  FF FF FF FF	SBC	$FF:FFFF,X	; 
A0:8ADD  FF FF FF FF	SBC	$FF:FFFF,X	; 
A0:8AE1  FF FF FF FF	SBC	$FF:FFFF,X	; 
A0:8AE5  FF FF FF FF	SBC	$FF:FFFF,X	; 
A0:8AE9  FF FF FF FF	SBC	$FF:FFFF,X	; 
A0:8AED  FF FF FF FF	SBC	$FF:FFFF,X	; 
A0:8AF1  FF FF FF FF	SBC	$FF:FFFF,X	; 
A0:8AF5  FF FF FF FF	SBC	$FF:FFFF,X	; 
A0:8AF9  FF FF FF FF	SBC	$FF:FFFF,X	; 
A0:8AFD  FF FF FF FF	SBC	$FF:FFFF,X	; 
A0:8B01  FF FF FF FF	SBC	$FF:FFFF,X	; 
A0:8B05  FF FF FF FF	SBC	$FF:FFFF,X	; 
A0:8B09  FF FF FF FF	SBC	$FF:FFFF,X	; 
A0:8B0D  FF FF FF FF	SBC	$FF:FFFF,X	; 
A0:8B11  FF FF FF FF	SBC	$FF:FFFF,X	; 
A0:8B15  FF FF FF FF	SBC	$FF:FFFF,X	; 
A0:8B19  FF FF FF FF	SBC	$FF:FFFF,X	; 
A0:8B1D  FF FF FF FF	SBC	$FF:FFFF,X	; 
A0:8B21  FF FF FF FF	SBC	$FF:FFFF,X	; 
A0:8B25  FF FF FF FF	SBC	$FF:FFFF,X	; 
A0:8B29  FF FF FF FF	SBC	$FF:FFFF,X	; 
A0:8B2D  FF FF FF FF	SBC	$FF:FFFF,X	; 
A0:8B31  FF FF FF FF	SBC	$FF:FFFF,X	; 
A0:8B35  FF FF FF FF	SBC	$FF:FFFF,X	; 
A0:8B39  FF FF FF FF	SBC	$FF:FFFF,X	; 
A0:8B3D  FF FF FF FF	SBC	$FF:FFFF,X	; 
A0:8B41  FF FF FF FF	SBC	$FF:FFFF,X	; 
A0:8B45  FF FF FF FF	SBC	$FF:FFFF,X	; 
A0:8B49  FF FF FF FF	SBC	$FF:FFFF,X	; 
A0:8B4D  FF FF FF FF	SBC	$FF:FFFF,X	; 
A0:8B51  FF FF FF FF	SBC	$FF:FFFF,X	; 
A0:8B55  FF FF FF FF	SBC	$FF:FFFF,X	; 
A0:8B59  FF FF FF FF	SBC	$FF:FFFF,X	; 
A0:8B5D  FF FF FF FF	SBC	$FF:FFFF,X	; 
A0:8B61  FF FF FF FF	SBC	$FF:FFFF,X	; 
A0:8B65  FF FF FF FF	SBC	$FF:FFFF,X	; 
A0:8B69  FF FF FF FF	SBC	$FF:FFFF,X	; 
A0:8B6D  FF FF FF FF	SBC	$FF:FFFF,X	; 
A0:8B71  FF FF FF FF	SBC	$FF:FFFF,X	; 
A0:8B75  FF FF FF FF	SBC	$FF:FFFF,X	; 
A0:8B79  FF FF FF FF	SBC	$FF:FFFF,X	; 
A0:8B7D  FF FF FF FF	SBC	$FF:FFFF,X	; 
A0:8B81  FF FF FF FF	SBC	$FF:FFFF,X	; 
A0:8B85  FF FF FF FF	SBC	$FF:FFFF,X	; 
A0:8B89  FF FF FF FF	SBC	$FF:FFFF,X	; 
A0:8B8D  FF FF FF FF	SBC	$FF:FFFF,X	; 
A0:8B91  FF FF FF FF	SBC	$FF:FFFF,X	; 
A0:8B95  FF FF FF FF	SBC	$FF:FFFF,X	; 
A0:8B99  FF FF FF FF	SBC	$FF:FFFF,X	; 
A0:8B9D  FF FF FF FF	SBC	$FF:FFFF,X	; 
A0:8BA1  FF FF FF FF	SBC	$FF:FFFF,X	; 
A0:8BA5  FF FF FF FF	SBC	$FF:FFFF,X	; 
A0:8BA9  FF FF FF FF	SBC	$FF:FFFF,X	; 
A0:8BAD  FF FF FF FF	SBC	$FF:FFFF,X	; 
A0:8BB1  FF FF FF FF	SBC	$FF:FFFF,X	; 
A0:8BB5  FF FF FF FF	SBC	$FF:FFFF,X	; 
A0:8BB9  FF FF FF FF	SBC	$FF:FFFF,X	; 
A0:8BBD  FF FF FF FF	SBC	$FF:FFFF,X	; 
A0:8BC1  FF FF FF FF	SBC	$FF:FFFF,X	; 
A0:8BC5  FF FF FF FF	SBC	$FF:FFFF,X	; 
A0:8BC9  FF FF FF FF	SBC	$FF:FFFF,X	; 
A0:8BCD  FF FF FF FF	SBC	$FF:FFFF,X	; 
A0:8BD1  FF FF FF FF	SBC	$FF:FFFF,X	; 
A0:8BD5  FF FF FF FF	SBC	$FF:FFFF,X	; 
A0:8BD9  FF FF FF FF	SBC	$FF:FFFF,X	; 
A0:8BDD  FF FF FF FF	SBC	$FF:FFFF,X	; 
A0:8BE1  FF FF FF FF	SBC	$FF:FFFF,X	; 
A0:8BE5  FF FF FF FF	SBC	$FF:FFFF,X	; 
A0:8BE9  FF FF FF FF	SBC	$FF:FFFF,X	; 
A0:8BED  FF FF FF FF	SBC	$FF:FFFF,X	; 
A0:8BF1  FF FF FF FF	SBC	$FF:FFFF,X	; 
A0:8BF5  FF FF FF FF	SBC	$FF:FFFF,X	; 
A0:8BF9  FF FF FF FF	SBC	$FF:FFFF,X	; 
A0:8BFD  FF FF FF FF	SBC	$FF:FFFF,X	; 
A0:8C01  FF FF FF FF	SBC	$FF:FFFF,X	; 
A0:8C05  FF FF FF FF	SBC	$FF:FFFF,X	; 
A0:8C09  FF FF FF FF	SBC	$FF:FFFF,X	; 
A0:8C0D  FF FF FF FF	SBC	$FF:FFFF,X	; 
A0:8C11  FF FF FF FF	SBC	$FF:FFFF,X	; 
A0:8C15  FF FF FF FF	SBC	$FF:FFFF,X	; 
A0:8C19  FF FF FF FF	SBC	$FF:FFFF,X	; 
A0:8C1D  FF FF FF FF	SBC	$FF:FFFF,X	; 
A0:8C21  FF FF FF FF	SBC	$FF:FFFF,X	; 
A0:8C25  FF FF FF FF	SBC	$FF:FFFF,X	; 
A0:8C29  FF FF FF FF	SBC	$FF:FFFF,X	; 
A0:8C2D  FF FF FF FF	SBC	$FF:FFFF,X	; 
A0:8C31  FF FF FF FF	SBC	$FF:FFFF,X	; 
A0:8C35  FF FF FF FF	SBC	$FF:FFFF,X	; 
A0:8C39  FF FF FF FF	SBC	$FF:FFFF,X	; 
A0:8C3D  FF FF FF FF	SBC	$FF:FFFF,X	; 
A0:8C41  FF FF FF FF	SBC	$FF:FFFF,X	; 
A0:8C45  FF FF FF FF	SBC	$FF:FFFF,X	; 
A0:8C49  FF FF FF FF	SBC	$FF:FFFF,X	; 
A0:8C4D  FF FF FF FF	SBC	$FF:FFFF,X	; 
A0:8C51  FF FF FF FF	SBC	$FF:FFFF,X	; 
A0:8C55  FF FF FF FF	SBC	$FF:FFFF,X	; 
A0:8C59  FF FF FF FF	SBC	$FF:FFFF,X	; 
A0:8C5D  FF FF FF FF	SBC	$FF:FFFF,X	; 
A0:8C61  FF FF FF FF	SBC	$FF:FFFF,X	; 
A0:8C65  FF FF FF FF	SBC	$FF:FFFF,X	; 
A0:8C69  FF FF FF FF	SBC	$FF:FFFF,X	; 
A0:8C6D  FF FF FF FF	SBC	$FF:FFFF,X	; 
A0:8C71  FF FF FF FF	SBC	$FF:FFFF,X	; 
A0:8C75  FF FF FF FF	SBC	$FF:FFFF,X	; 
A0:8C79  FF FF FF FF	SBC	$FF:FFFF,X	; 
A0:8C7D  FF FF FF FF	SBC	$FF:FFFF,X	; 
A0:8C81  FF FF FF FF	SBC	$FF:FFFF,X	; 
A0:8C85  FF FF FF FF	SBC	$FF:FFFF,X	; 
A0:8C89  FF FF FF FF	SBC	$FF:FFFF,X	; 
A0:8C8D  FF FF FF FF	SBC	$FF:FFFF,X	; 
A0:8C91  FF FF FF FF	SBC	$FF:FFFF,X	; 
A0:8C95  FF FF FF FF	SBC	$FF:FFFF,X	; 
A0:8C99  FF FF FF FF	SBC	$FF:FFFF,X	; 
A0:8C9D  FF FF FF FF	SBC	$FF:FFFF,X	; 
A0:8CA1  FF FF FF FF	SBC	$FF:FFFF,X	; 
A0:8CA5  FF FF FF FF	SBC	$FF:FFFF,X	; 
A0:8CA9  FF FF FF FF	SBC	$FF:FFFF,X	; 
A0:8CAD  FF FF FF FF	SBC	$FF:FFFF,X	; 
A0:8CB1  FF FF FF FF	SBC	$FF:FFFF,X	; 
A0:8CB5  FF FF FF FF	SBC	$FF:FFFF,X	; 
A0:8CB9  FF FF FF FF	SBC	$FF:FFFF,X	; 
A0:8CBD  FF FF FF FF	SBC	$FF:FFFF,X	; 
A0:8CC1  FF FF FF FF	SBC	$FF:FFFF,X	; 
A0:8CC5  FF FF FF FF	SBC	$FF:FFFF,X	; 
A0:8CC9  FF FF FF FF	SBC	$FF:FFFF,X	; 
A0:8CCD  FF FF FF FF	SBC	$FF:FFFF,X	; 
A0:8CD1  FF FF FF FF	SBC	$FF:FFFF,X	; 
A0:8CD5  FF FF FF FF	SBC	$FF:FFFF,X	; 
A0:8CD9  FF FF FF FF	SBC	$FF:FFFF,X	; 
A0:8CDD  FF FF FF FF	SBC	$FF:FFFF,X	; 
A0:8CE1  FF FF FF FF	SBC	$FF:FFFF,X	; 
A0:8CE5  FF FF FF FF	SBC	$FF:FFFF,X	; 
A0:8CE9  FF FF FF FF	SBC	$FF:FFFF,X	; 
A0:8CED  FF FF FF FF	SBC	$FF:FFFF,X	; 
A0:8CF1  FF FF FF FF	SBC	$FF:FFFF,X	; 
A0:8CF5  FF FF FF FF	SBC	$FF:FFFF,X	; 
A0:8CF9  FF FF FF FF	SBC	$FF:FFFF,X	; 
A0:8CFD  FF FF FF FF	SBC	$FF:FFFF,X	; 
A0:8D01  FF FF FF FF	SBC	$FF:FFFF,X	; 
A0:8D05  FF FF FF FF	SBC	$FF:FFFF,X	; 
A0:8D09  FF FF FF FF	SBC	$FF:FFFF,X	; 
A0:8D0D  FF FF FF FF	SBC	$FF:FFFF,X	; 
A0:8D11  FF FF FF FF	SBC	$FF:FFFF,X	; 
A0:8D15  FF FF FF FF	SBC	$FF:FFFF,X	; 
A0:8D19  FF FF FF FF	SBC	$FF:FFFF,X	; 
A0:8D1D  FF FF FF FF	SBC	$FF:FFFF,X	; 
A0:8D21  FF FF FF FF	SBC	$FF:FFFF,X	; 
A0:8D25  FF FF FF FF	SBC	$FF:FFFF,X	; 
A0:8D29  FF FF FF FF	SBC	$FF:FFFF,X	; 
A0:8D2D  FF FF FF FF	SBC	$FF:FFFF,X	; 
A0:8D31  FF FF FF FF	SBC	$FF:FFFF,X	; 
A0:8D35  FF FF FF FF	SBC	$FF:FFFF,X	; 
A0:8D39  FF FF FF FF	SBC	$FF:FFFF,X	; 
A0:8D3D  FF FF FF FF	SBC	$FF:FFFF,X	; 
A0:8D41  FF FF FF FF	SBC	$FF:FFFF,X	; 
A0:8D45  FF FF FF FF	SBC	$FF:FFFF,X	; 
A0:8D49  FF FF FF FF	SBC	$FF:FFFF,X	; 
A0:8D4D  FF FF FF FF	SBC	$FF:FFFF,X	; 
A0:8D51  FF FF FF FF	SBC	$FF:FFFF,X	; 
A0:8D55  FF FF FF FF	SBC	$FF:FFFF,X	; 
A0:8D59  FF FF FF FF	SBC	$FF:FFFF,X	; 
A0:8D5D  FF FF FF FF	SBC	$FF:FFFF,X	; 
A0:8D61  FF FF FF FF	SBC	$FF:FFFF,X	; 
A0:8D65  FF FF FF FF	SBC	$FF:FFFF,X	; 
A0:8D69  FF FF FF FF	SBC	$FF:FFFF,X	; 
A0:8D6D  FF FF FF FF	SBC	$FF:FFFF,X	; 
A0:8D71  FF FF FF FF	SBC	$FF:FFFF,X	; 
A0:8D75  FF FF FF FF	SBC	$FF:FFFF,X	; 
A0:8D79  FF FF FF FF	SBC	$FF:FFFF,X	; 
A0:8D7D  FF FF FF FF	SBC	$FF:FFFF,X	; 
A0:8D81  FF FF FF FF	SBC	$FF:FFFF,X	; 
A0:8D85  FF FF FF FF	SBC	$FF:FFFF,X	; 
A0:8D89  FF FF FF FF	SBC	$FF:FFFF,X	; 
A0:8D8D  FF FF FF FF	SBC	$FF:FFFF,X	; 
A0:8D91  FF FF FF FF	SBC	$FF:FFFF,X	; 
A0:8D95  FF FF FF FF	SBC	$FF:FFFF,X	; 
A0:8D99  FF FF FF FF	SBC	$FF:FFFF,X	; 
A0:8D9D  FF FF FF FF	SBC	$FF:FFFF,X	; 
A0:8DA1  FF FF FF FF	SBC	$FF:FFFF,X	; 
A0:8DA5  FF FF FF FF	SBC	$FF:FFFF,X	; 
A0:8DA9  FF FF FF FF	SBC	$FF:FFFF,X	; 
A0:8DAD  FF FF FF FF	SBC	$FF:FFFF,X	; 
A0:8DB1  FF FF FF FF	SBC	$FF:FFFF,X	; 
A0:8DB5  FF FF FF FF	SBC	$FF:FFFF,X	; 
A0:8DB9  FF FF FF FF	SBC	$FF:FFFF,X	; 
A0:8DBD  FF FF FF FF	SBC	$FF:FFFF,X	; 
A0:8DC1  FF FF FF FF	SBC	$FF:FFFF,X	; 
A0:8DC5  FF FF FF FF	SBC	$FF:FFFF,X	; 
A0:8DC9  FF FF FF FF	SBC	$FF:FFFF,X	; 
A0:8DCD  FF FF FF FF	SBC	$FF:FFFF,X	; 
A0:8DD1  FF FF FF FF	SBC	$FF:FFFF,X	; 
A0:8DD5  FF FF FF FF	SBC	$FF:FFFF,X	; 
A0:8DD9  FF FF FF FF	SBC	$FF:FFFF,X	; 
A0:8DDD  FF FF FF FF	SBC	$FF:FFFF,X	; 
A0:8DE1  FF FF FF FF	SBC	$FF:FFFF,X	; 
A0:8DE5  FF FF FF FF	SBC	$FF:FFFF,X	; 
A0:8DE9  FF FF FF FF	SBC	$FF:FFFF,X	; 
A0:8DED  FF FF FF FF	SBC	$FF:FFFF,X	; 
A0:8DF1  FF FF FF FF	SBC	$FF:FFFF,X	; 
A0:8DF5  FF FF FF FF	SBC	$FF:FFFF,X	; 
A0:8DF9  FF FF FF FF	SBC	$FF:FFFF,X	; 
A0:8DFD  FF FF FF FF	SBC	$FF:FFFF,X	; 
A0:8E01  FF FF FF FF	SBC	$FF:FFFF,X	; 
A0:8E05  FF FF FF FF	SBC	$FF:FFFF,X	; 
A0:8E09  FF FF FF FF	SBC	$FF:FFFF,X	; 
A0:8E0D  FF FF FF FF	SBC	$FF:FFFF,X	; 
A0:8E11  FF FF FF FF	SBC	$FF:FFFF,X	; 
A0:8E15  FF FF FF FF	SBC	$FF:FFFF,X	; 
A0:8E19  FF FF FF FF	SBC	$FF:FFFF,X	; 
A0:8E1D  FF FF FF FF	SBC	$FF:FFFF,X	; 
A0:8E21  FF FF FF FF	SBC	$FF:FFFF,X	; 
A0:8E25  FF FF FF FF	SBC	$FF:FFFF,X	; 
A0:8E29  FF FF FF FF	SBC	$FF:FFFF,X	; 
A0:8E2D  FF FF FF FF	SBC	$FF:FFFF,X	; 
A0:8E31  FF FF FF FF	SBC	$FF:FFFF,X	; 
A0:8E35  FF FF FF FF	SBC	$FF:FFFF,X	; 
A0:8E39  FF FF FF FF	SBC	$FF:FFFF,X	; 
A0:8E3D  FF FF FF FF	SBC	$FF:FFFF,X	; 
A0:8E41  FF FF FF FF	SBC	$FF:FFFF,X	; 
A0:8E45  FF FF FF FF	SBC	$FF:FFFF,X	; 
A0:8E49  FF FF FF FF	SBC	$FF:FFFF,X	; 
A0:8E4D  FF FF FF FF	SBC	$FF:FFFF,X	; 
A0:8E51  FF FF FF FF	SBC	$FF:FFFF,X	; 
A0:8E55  FF FF FF FF	SBC	$FF:FFFF,X	; 
A0:8E59  FF FF FF FF	SBC	$FF:FFFF,X	; 
A0:8E5D  FF FF FF FF	SBC	$FF:FFFF,X	; 
A0:8E61  FF FF FF FF	SBC	$FF:FFFF,X	; 
A0:8E65  FF FF FF FF	SBC	$FF:FFFF,X	; 
A0:8E69  FF FF FF FF	SBC	$FF:FFFF,X	; 
A0:8E6D  FF FF FF FF	SBC	$FF:FFFF,X	; 
A0:8E71  FF FF FF FF	SBC	$FF:FFFF,X	; 
A0:8E75  FF FF FF FF	SBC	$FF:FFFF,X	; 
A0:8E79  FF FF FF FF	SBC	$FF:FFFF,X	; 
A0:8E7D  FF FF FF FF	SBC	$FF:FFFF,X	; 
A0:8E81  FF FF FF FF	SBC	$FF:FFFF,X	; 
A0:8E85  FF FF FF FF	SBC	$FF:FFFF,X	; 
A0:8E89  FF FF FF FF	SBC	$FF:FFFF,X	; 
A0:8E8D  FF FF FF FF	SBC	$FF:FFFF,X	; 
A0:8E91  FF FF FF FF	SBC	$FF:FFFF,X	; 
A0:8E95  FF FF FF FF	SBC	$FF:FFFF,X	; 
A0:8E99  FF FF FF FF	SBC	$FF:FFFF,X	; 
A0:8E9D  FF FF FF FF	SBC	$FF:FFFF,X	; 
A0:8EA1  FF FF FF FF	SBC	$FF:FFFF,X	; 
A0:8EA5  FF FF FF FF	SBC	$FF:FFFF,X	; 
A0:8EA9  FF FF FF FF	SBC	$FF:FFFF,X	; 
A0:8EAD  FF FF FF FF	SBC	$FF:FFFF,X	; 
A0:8EB1  FF FF FF FF	SBC	$FF:FFFF,X	; 
A0:8EB5  FF FF FF FF	SBC	$FF:FFFF,X	; 
A0:8EB9  FF FF FF FF	SBC	$FF:FFFF,X	; 
A0:8EBD  FF FF FF FF	SBC	$FF:FFFF,X	; 
A0:8EC1  FF FF FF FF	SBC	$FF:FFFF,X	; 
A0:8EC5  FF FF FF FF	SBC	$FF:FFFF,X	; 
A0:8EC9  FF FF FF FF	SBC	$FF:FFFF,X	; 
A0:8ECD  FF FF FF FF	SBC	$FF:FFFF,X	; 
A0:8ED1  FF FF FF FF	SBC	$FF:FFFF,X	; 
A0:8ED5  FF FF FF FF	SBC	$FF:FFFF,X	; 
A0:8ED9  FF FF FF FF	SBC	$FF:FFFF,X	; 
A0:8EDD  FF FF FF FF	SBC	$FF:FFFF,X	; 
A0:8EE1  FF FF FF FF	SBC	$FF:FFFF,X	; 
A0:8EE5  FF FF FF FF	SBC	$FF:FFFF,X	; 
A0:8EE9  FF FF FF FF	SBC	$FF:FFFF,X	; 
A0:8EED  FF FF FF FF	SBC	$FF:FFFF,X	; 
A0:8EF1  FF FF FF FF	SBC	$FF:FFFF,X	; 
A0:8EF5  FF FF FF FF	SBC	$FF:FFFF,X	; 
A0:8EF9  FF FF FF FF	SBC	$FF:FFFF,X	; 
A0:8EFD  FF FF FF FF	SBC	$FF:FFFF,X	; 
A0:8F01  FF FF FF FF	SBC	$FF:FFFF,X	; 
A0:8F05  FF FF FF FF	SBC	$FF:FFFF,X	; 
A0:8F09  FF FF FF FF	SBC	$FF:FFFF,X	; 
A0:8F0D  FF FF FF FF	SBC	$FF:FFFF,X	; 
A0:8F11  FF FF FF FF	SBC	$FF:FFFF,X	; 
A0:8F15  FF FF FF FF	SBC	$FF:FFFF,X	; 
A0:8F19  FF FF FF FF	SBC	$FF:FFFF,X	; 
A0:8F1D  FF FF FF FF	SBC	$FF:FFFF,X	; 
A0:8F21  FF FF FF FF	SBC	$FF:FFFF,X	; 
A0:8F25  FF FF FF FF	SBC	$FF:FFFF,X	; 
A0:8F29  FF FF FF FF	SBC	$FF:FFFF,X	; 
A0:8F2D  FF FF FF FF	SBC	$FF:FFFF,X	; 
A0:8F31  FF FF FF FF	SBC	$FF:FFFF,X	; 
A0:8F35  FF FF FF FF	SBC	$FF:FFFF,X	; 
A0:8F39  FF FF FF FF	SBC	$FF:FFFF,X	; 
A0:8F3D  FF FF FF FF	SBC	$FF:FFFF,X	; 
A0:8F41  FF FF FF FF	SBC	$FF:FFFF,X	; 
A0:8F45  FF FF FF FF	SBC	$FF:FFFF,X	; 
A0:8F49  FF FF FF FF	SBC	$FF:FFFF,X	; 
A0:8F4D  FF FF FF FF	SBC	$FF:FFFF,X	; 
A0:8F51  FF FF FF FF	SBC	$FF:FFFF,X	; 
A0:8F55  FF FF FF FF	SBC	$FF:FFFF,X	; 
A0:8F59  FF FF FF FF	SBC	$FF:FFFF,X	; 
A0:8F5D  FF FF FF FF	SBC	$FF:FFFF,X	; 
A0:8F61  FF FF FF FF	SBC	$FF:FFFF,X	; 
A0:8F65  FF FF FF FF	SBC	$FF:FFFF,X	; 
A0:8F69  FF FF FF FF	SBC	$FF:FFFF,X	; 
A0:8F6D  FF FF FF FF	SBC	$FF:FFFF,X	; 
A0:8F71  FF FF FF FF	SBC	$FF:FFFF,X	; 
A0:8F75  FF FF FF FF	SBC	$FF:FFFF,X	; 
A0:8F79  FF FF FF FF	SBC	$FF:FFFF,X	; 
A0:8F7D  FF FF FF FF	SBC	$FF:FFFF,X	; 
A0:8F81  FF FF FF FF	SBC	$FF:FFFF,X	; 
A0:8F85  FF FF FF FF	SBC	$FF:FFFF,X	; 
A0:8F89  FF FF FF FF	SBC	$FF:FFFF,X	; 
A0:8F8D  FF FF FF FF	SBC	$FF:FFFF,X	; 
A0:8F91  FF FF FF FF	SBC	$FF:FFFF,X	; 
A0:8F95  FF FF FF FF	SBC	$FF:FFFF,X	; 
A0:8F99  FF FF FF FF	SBC	$FF:FFFF,X	; 
A0:8F9D  FF FF FF FF	SBC	$FF:FFFF,X	; 
A0:8FA1  FF FF FF FF	SBC	$FF:FFFF,X	; 
A0:8FA5  FF FF FF FF	SBC	$FF:FFFF,X	; 
A0:8FA9  FF FF FF FF	SBC	$FF:FFFF,X	; 
A0:8FAD  FF FF FF FF	SBC	$FF:FFFF,X	; 
A0:8FB1  FF FF FF FF	SBC	$FF:FFFF,X	; 
A0:8FB5  FF FF FF FF	SBC	$FF:FFFF,X	; 
A0:8FB9  FF FF FF FF	SBC	$FF:FFFF,X	; 
A0:8FBD  FF FF FF FF	SBC	$FF:FFFF,X	; 
A0:8FC1  FF FF FF FF	SBC	$FF:FFFF,X	; 
A0:8FC5  FF FF FF FF	SBC	$FF:FFFF,X	; 
A0:8FC9  FF FF FF FF	SBC	$FF:FFFF,X	; 
A0:8FCD  FF FF FF FF	SBC	$FF:FFFF,X	; 
A0:8FD1  FF FF FF FF	SBC	$FF:FFFF,X	; 
A0:8FD5  FF FF FF FF	SBC	$FF:FFFF,X	; 
A0:8FD9  FF FF FF FF	SBC	$FF:FFFF,X	; 
A0:8FDD  FF FF FF FF	SBC	$FF:FFFF,X	; 
A0:8FE1  FF FF FF FF	SBC	$FF:FFFF,X	; 
A0:8FE5  FF FF FF FF	SBC	$FF:FFFF,X	; 
A0:8FE9  FF FF FF FF	SBC	$FF:FFFF,X	; 
A0:8FED  FF FF FF FF	SBC	$FF:FFFF,X	; 
A0:8FF1  FF FF FF FF	SBC	$FF:FFFF,X	; 
A0:8FF5  FF FF FF FF	SBC	$FF:FFFF,X	; 
A0:8FF9  FF FF FF FF	SBC	$FF:FFFF,X	; 
A0:8FFD  FF FF FF FF	SBC	$FF:FFFF,X	; 
A0:9001  FF FF FF FF	SBC	$FF:FFFF,X	; 
A0:9005  FF FF FF FF	SBC	$FF:FFFF,X	; 
A0:9009  FF FF FF FF	SBC	$FF:FFFF,X	; 
A0:900D  FF FF FF FF	SBC	$FF:FFFF,X	; 
A0:9011  FF FF FF FF	SBC	$FF:FFFF,X	; 
A0:9015  FF FF FF FF	SBC	$FF:FFFF,X	; 
A0:9019  FF FF FF FF	SBC	$FF:FFFF,X	; 
A0:901D  FF FF FF FF	SBC	$FF:FFFF,X	; 
A0:9021  FF FF FF FF	SBC	$FF:FFFF,X	; 
A0:9025  FF FF FF FF	SBC	$FF:FFFF,X	; 
A0:9029  FF FF FF FF	SBC	$FF:FFFF,X	; 
A0:902D  FF FF FF FF	SBC	$FF:FFFF,X	; 
A0:9031  FF FF FF FF	SBC	$FF:FFFF,X	; 
A0:9035  FF FF FF FF	SBC	$FF:FFFF,X	; 
A0:9039  FF FF FF FF	SBC	$FF:FFFF,X	; 
A0:903D  FF FF FF FF	SBC	$FF:FFFF,X	; 
A0:9041  FF FF FF FF	SBC	$FF:FFFF,X	; 
A0:9045  FF FF FF FF	SBC	$FF:FFFF,X	; 
A0:9049  FF FF FF FF	SBC	$FF:FFFF,X	; 
A0:904D  FF FF FF FF	SBC	$FF:FFFF,X	; 
A0:9051  FF FF FF FF	SBC	$FF:FFFF,X	; 
A0:9055  FF FF FF FF	SBC	$FF:FFFF,X	; 
A0:9059  FF FF FF FF	SBC	$FF:FFFF,X	; 
A0:905D  FF FF FF FF	SBC	$FF:FFFF,X	; 
A0:9061  FF FF FF FF	SBC	$FF:FFFF,X	; 
A0:9065  FF FF FF FF	SBC	$FF:FFFF,X	; 
A0:9069  FF FF FF FF	SBC	$FF:FFFF,X	; 
A0:906D  FF FF FF FF	SBC	$FF:FFFF,X	; 
A0:9071  FF FF FF FF	SBC	$FF:FFFF,X	; 
A0:9075  FF FF FF FF	SBC	$FF:FFFF,X	; 
A0:9079  FF FF FF FF	SBC	$FF:FFFF,X	; 
A0:907D  FF FF FF FF	SBC	$FF:FFFF,X	; 
A0:9081  FF FF FF FF	SBC	$FF:FFFF,X	; 
A0:9085  FF FF FF FF	SBC	$FF:FFFF,X	; 
A0:9089  FF FF FF FF	SBC	$FF:FFFF,X	; 
A0:908D  FF FF FF FF	SBC	$FF:FFFF,X	; 
A0:9091  FF FF FF FF	SBC	$FF:FFFF,X	; 
A0:9095  FF FF FF FF	SBC	$FF:FFFF,X	; 
A0:9099  FF FF FF FF	SBC	$FF:FFFF,X	; 
A0:909D  FF FF FF FF	SBC	$FF:FFFF,X	; 
A0:90A1  FF FF FF FF	SBC	$FF:FFFF,X	; 
A0:90A5  FF FF FF FF	SBC	$FF:FFFF,X	; 
A0:90A9  FF FF FF FF	SBC	$FF:FFFF,X	; 
A0:90AD  FF FF FF FF	SBC	$FF:FFFF,X	; 
A0:90B1  FF FF FF FF	SBC	$FF:FFFF,X	; 
A0:90B5  FF FF FF FF	SBC	$FF:FFFF,X	; 
A0:90B9  FF FF FF FF	SBC	$FF:FFFF,X	; 
A0:90BD  FF FF FF FF	SBC	$FF:FFFF,X	; 
A0:90C1  FF FF FF FF	SBC	$FF:FFFF,X	; 
A0:90C5  FF FF FF FF	SBC	$FF:FFFF,X	; 
A0:90C9  FF FF FF FF	SBC	$FF:FFFF,X	; 
A0:90CD  FF FF FF FF	SBC	$FF:FFFF,X	; 
A0:90D1  FF FF FF FF	SBC	$FF:FFFF,X	; 
A0:90D5  FF FF FF FF	SBC	$FF:FFFF,X	; 
A0:90D9  FF FF FF FF	SBC	$FF:FFFF,X	; 
A0:90DD  FF FF FF FF	SBC	$FF:FFFF,X	; 
A0:90E1  FF FF FF FF	SBC	$FF:FFFF,X	; 
A0:90E5  FF FF FF FF	SBC	$FF:FFFF,X	; 
A0:90E9  FF FF FF FF	SBC	$FF:FFFF,X	; 
A0:90ED  FF FF FF FF	SBC	$FF:FFFF,X	; 
A0:90F1  FF FF FF FF	SBC	$FF:FFFF,X	; 
A0:90F5  FF FF FF FF	SBC	$FF:FFFF,X	; 
A0:90F9  FF FF FF FF	SBC	$FF:FFFF,X	; 
A0:90FD  FF FF FF FF	SBC	$FF:FFFF,X	; 
A0:9101  FF FF FF FF	SBC	$FF:FFFF,X	; 
A0:9105  FF FF FF FF	SBC	$FF:FFFF,X	; 
A0:9109  FF FF FF FF	SBC	$FF:FFFF,X	; 
A0:910D  FF FF FF FF	SBC	$FF:FFFF,X	; 
A0:9111  FF FF FF FF	SBC	$FF:FFFF,X	; 
A0:9115  FF FF FF FF	SBC	$FF:FFFF,X	; 
A0:9119  FF FF FF FF	SBC	$FF:FFFF,X	; 
A0:911D  FF FF FF FF	SBC	$FF:FFFF,X	; 
A0:9121  FF FF FF FF	SBC	$FF:FFFF,X	; 
A0:9125  FF FF FF FF	SBC	$FF:FFFF,X	; 
A0:9129  FF FF FF FF	SBC	$FF:FFFF,X	; 
A0:912D  FF FF FF FF	SBC	$FF:FFFF,X	; 
A0:9131  FF FF FF FF	SBC	$FF:FFFF,X	; 
A0:9135  FF FF FF FF	SBC	$FF:FFFF,X	; 
A0:9139  FF FF FF FF	SBC	$FF:FFFF,X	; 
A0:913D  FF FF FF FF	SBC	$FF:FFFF,X	; 
A0:9141  FF FF FF FF	SBC	$FF:FFFF,X	; 
A0:9145  FF FF FF FF	SBC	$FF:FFFF,X	; 
A0:9149  FF FF FF FF	SBC	$FF:FFFF,X	; 
A0:914D  FF FF FF FF	SBC	$FF:FFFF,X	; 
A0:9151  FF FF FF FF	SBC	$FF:FFFF,X	; 
A0:9155  FF FF FF FF	SBC	$FF:FFFF,X	; 
A0:9159  FF FF FF FF	SBC	$FF:FFFF,X	; 
A0:915D  FF FF FF FF	SBC	$FF:FFFF,X	; 
A0:9161  FF FF FF FF	SBC	$FF:FFFF,X	; 
A0:9165  FF FF FF FF	SBC	$FF:FFFF,X	; 
A0:9169  FF FF FF FF	SBC	$FF:FFFF,X	; 
A0:916D  FF FF FF FF	SBC	$FF:FFFF,X	; 
A0:9171  FF FF FF FF	SBC	$FF:FFFF,X	; 
A0:9175  FF FF FF FF	SBC	$FF:FFFF,X	; 
A0:9179  FF FF FF FF	SBC	$FF:FFFF,X	; 
A0:917D  FF FF FF FF	SBC	$FF:FFFF,X	; 
A0:9181  FF FF FF FF	SBC	$FF:FFFF,X	; 
A0:9185  FF FF FF FF	SBC	$FF:FFFF,X	; 
A0:9189  FF FF FF FF	SBC	$FF:FFFF,X	; 
A0:918D  FF FF FF FF	SBC	$FF:FFFF,X	; 
A0:9191  FF FF FF FF	SBC	$FF:FFFF,X	; 
A0:9195  FF FF FF FF	SBC	$FF:FFFF,X	; 
A0:9199  FF FF FF FF	SBC	$FF:FFFF,X	; 
A0:919D  FF FF FF FF	SBC	$FF:FFFF,X	; 
A0:91A1  FF FF FF FF	SBC	$FF:FFFF,X	; 
A0:91A5  FF FF FF FF	SBC	$FF:FFFF,X	; 
A0:91A9  FF FF FF FF	SBC	$FF:FFFF,X	; 
A0:91AD  FF FF FF FF	SBC	$FF:FFFF,X	; 
A0:91B1  FF FF FF FF	SBC	$FF:FFFF,X	; 
A0:91B5  FF FF FF FF	SBC	$FF:FFFF,X	; 
A0:91B9  FF FF FF FF	SBC	$FF:FFFF,X	; 
A0:91BD  FF FF FF FF	SBC	$FF:FFFF,X	; 
A0:91C1  FF FF FF FF	SBC	$FF:FFFF,X	; 
A0:91C5  FF FF FF FF	SBC	$FF:FFFF,X	; 
A0:91C9  FF FF FF FF	SBC	$FF:FFFF,X	; 
A0:91CD  FF FF FF FF	SBC	$FF:FFFF,X	; 
A0:91D1  FF FF FF FF	SBC	$FF:FFFF,X	; 
A0:91D5  FF FF FF FF	SBC	$FF:FFFF,X	; 
A0:91D9  FF FF FF FF	SBC	$FF:FFFF,X	; 
A0:91DD  FF FF FF FF	SBC	$FF:FFFF,X	; 
A0:91E1  FF FF FF FF	SBC	$FF:FFFF,X	; 
A0:91E5  FF FF FF FF	SBC	$FF:FFFF,X	; 
A0:91E9  FF FF FF FF	SBC	$FF:FFFF,X	; 
A0:91ED  FF FF FF FF	SBC	$FF:FFFF,X	; 
A0:91F1  FF FF FF FF	SBC	$FF:FFFF,X	; 
A0:91F5  FF FF FF FF	SBC	$FF:FFFF,X	; 
A0:91F9  FF FF FF FF	SBC	$FF:FFFF,X	; 
A0:91FD  FF FF FF FF	SBC	$FF:FFFF,X	; 
A0:9201  FF FF FF FF	SBC	$FF:FFFF,X	; 
A0:9205  FF FF FF FF	SBC	$FF:FFFF,X	; 
A0:9209  FF FF FF FF	SBC	$FF:FFFF,X	; 
A0:920D  FF FF FF FF	SBC	$FF:FFFF,X	; 
A0:9211  FF FF FF FF	SBC	$FF:FFFF,X	; 
A0:9215  FF FF FF FF	SBC	$FF:FFFF,X	; 
A0:9219  FF FF FF FF	SBC	$FF:FFFF,X	; 
A0:921D  FF FF FF FF	SBC	$FF:FFFF,X	; 
A0:9221  FF FF FF FF	SBC	$FF:FFFF,X	; 
A0:9225  FF FF FF FF	SBC	$FF:FFFF,X	; 
A0:9229  FF FF FF FF	SBC	$FF:FFFF,X	; 
A0:922D  FF FF FF FF	SBC	$FF:FFFF,X	; 
A0:9231  FF FF FF FF	SBC	$FF:FFFF,X	; 
A0:9235  FF FF FF FF	SBC	$FF:FFFF,X	; 
A0:9239  FF FF FF FF	SBC	$FF:FFFF,X	; 
A0:923D  FF FF FF FF	SBC	$FF:FFFF,X	; 
A0:9241  FF FF FF FF	SBC	$FF:FFFF,X	; 
A0:9245  FF FF FF FF	SBC	$FF:FFFF,X	; 
A0:9249  FF FF FF FF	SBC	$FF:FFFF,X	; 
A0:924D  FF FF FF FF	SBC	$FF:FFFF,X	; 
A0:9251  FF FF FF FF	SBC	$FF:FFFF,X	; 
A0:9255  FF FF FF FF	SBC	$FF:FFFF,X	; 
A0:9259  FF FF FF FF	SBC	$FF:FFFF,X	; 
A0:925D  FF FF FF FF	SBC	$FF:FFFF,X	; 
A0:9261  FF FF FF FF	SBC	$FF:FFFF,X	; 
A0:9265  FF FF FF FF	SBC	$FF:FFFF,X	; 
A0:9269  FF FF FF FF	SBC	$FF:FFFF,X	; 
A0:926D  FF FF FF FF	SBC	$FF:FFFF,X	; 
A0:9271  FF FF FF FF	SBC	$FF:FFFF,X	; 
A0:9275  FF FF FF FF	SBC	$FF:FFFF,X	; 
A0:9279  FF FF FF FF	SBC	$FF:FFFF,X	; 
A0:927D  FF FF FF FF	SBC	$FF:FFFF,X	; 
A0:9281  FF FF FF FF	SBC	$FF:FFFF,X	; 
A0:9285  FF FF FF FF	SBC	$FF:FFFF,X	; 
A0:9289  FF FF FF FF	SBC	$FF:FFFF,X	; 
A0:928D  FF FF FF FF	SBC	$FF:FFFF,X	; 
A0:9291  FF FF FF FF	SBC	$FF:FFFF,X	; 
A0:9295  FF FF FF FF	SBC	$FF:FFFF,X	; 
A0:9299  FF FF FF FF	SBC	$FF:FFFF,X	; 
A0:929D  FF FF FF FF	SBC	$FF:FFFF,X	; 
A0:92A1  FF FF FF FF	SBC	$FF:FFFF,X	; 
A0:92A5  FF FF FF FF	SBC	$FF:FFFF,X	; 
A0:92A9  FF FF FF FF	SBC	$FF:FFFF,X	; 
A0:92AD  FF FF FF FF	SBC	$FF:FFFF,X	; 
A0:92B1  FF FF FF FF	SBC	$FF:FFFF,X	; 
A0:92B5  FF FF FF FF	SBC	$FF:FFFF,X	; 
A0:92B9  FF FF FF FF	SBC	$FF:FFFF,X	; 
A0:92BD  FF FF FF FF	SBC	$FF:FFFF,X	; 
A0:92C1  FF FF FF FF	SBC	$FF:FFFF,X	; 
A0:92C5  FF FF FF FF	SBC	$FF:FFFF,X	; 
A0:92C9  FF FF FF FF	SBC	$FF:FFFF,X	; 
A0:92CD  FF FF FF FF	SBC	$FF:FFFF,X	; 
A0:92D1  FF FF FF FF	SBC	$FF:FFFF,X	; 
A0:92D5  FF FF FF FF	SBC	$FF:FFFF,X	; 
A0:92D9  FF FF FF FF	SBC	$FF:FFFF,X	; 
A0:92DD  FF FF FF FF	SBC	$FF:FFFF,X	; 
A0:92E1  FF FF FF FF	SBC	$FF:FFFF,X	; 
A0:92E5  FF FF FF FF	SBC	$FF:FFFF,X	; 
A0:92E9  FF FF FF FF	SBC	$FF:FFFF,X	; 
A0:92ED  FF FF FF FF	SBC	$FF:FFFF,X	; 
A0:92F1  FF FF FF FF	SBC	$FF:FFFF,X	; 
A0:92F5  FF FF FF FF	SBC	$FF:FFFF,X	; 
A0:92F9  FF FF FF FF	SBC	$FF:FFFF,X	; 
A0:92FD  FF FF FF FF	SBC	$FF:FFFF,X	; 
A0:9301  FF FF FF FF	SBC	$FF:FFFF,X	; 
A0:9305  FF FF FF FF	SBC	$FF:FFFF,X	; 
A0:9309  FF FF FF FF	SBC	$FF:FFFF,X	; 
A0:930D  FF FF FF FF	SBC	$FF:FFFF,X	; 
A0:9311  FF FF FF FF	SBC	$FF:FFFF,X	; 
A0:9315  FF FF FF FF	SBC	$FF:FFFF,X	; 
A0:9319  FF FF FF FF	SBC	$FF:FFFF,X	; 
A0:931D  FF FF FF FF	SBC	$FF:FFFF,X	; 
A0:9321  FF FF FF FF	SBC	$FF:FFFF,X	; 
A0:9325  FF FF FF FF	SBC	$FF:FFFF,X	; 
A0:9329  FF FF FF FF	SBC	$FF:FFFF,X	; 
A0:932D  FF FF FF FF	SBC	$FF:FFFF,X	; 
A0:9331  FF FF FF FF	SBC	$FF:FFFF,X	; 
A0:9335  FF FF FF FF	SBC	$FF:FFFF,X	; 
A0:9339  FF FF FF FF	SBC	$FF:FFFF,X	; 
A0:933D  FF FF FF FF	SBC	$FF:FFFF,X	; 
A0:9341  FF FF FF FF	SBC	$FF:FFFF,X	; 
A0:9345  FF FF FF FF	SBC	$FF:FFFF,X	; 
A0:9349  FF FF FF FF	SBC	$FF:FFFF,X	; 
A0:934D  FF FF FF FF	SBC	$FF:FFFF,X	; 
A0:9351  FF FF FF FF	SBC	$FF:FFFF,X	; 
A0:9355  FF FF FF FF	SBC	$FF:FFFF,X	; 
A0:9359  FF FF FF FF	SBC	$FF:FFFF,X	; 
A0:935D  FF FF FF FF	SBC	$FF:FFFF,X	; 
A0:9361  FF FF FF FF	SBC	$FF:FFFF,X	; 
A0:9365  FF FF FF FF	SBC	$FF:FFFF,X	; 
A0:9369  FF FF FF FF	SBC	$FF:FFFF,X	; 
A0:936D  FF FF FF FF	SBC	$FF:FFFF,X	; 
A0:9371  FF FF FF FF	SBC	$FF:FFFF,X	; 
A0:9375  FF FF FF FF	SBC	$FF:FFFF,X	; 
A0:9379  FF FF FF FF	SBC	$FF:FFFF,X	; 
A0:937D  FF FF FF FF	SBC	$FF:FFFF,X	; 
A0:9381  FF FF FF FF	SBC	$FF:FFFF,X	; 
A0:9385  FF FF FF FF	SBC	$FF:FFFF,X	; 
A0:9389  FF FF FF FF	SBC	$FF:FFFF,X	; 
A0:938D  FF FF FF FF	SBC	$FF:FFFF,X	; 
A0:9391  FF FF FF FF	SBC	$FF:FFFF,X	; 
A0:9395  FF FF FF FF	SBC	$FF:FFFF,X	; 
A0:9399  FF FF FF FF	SBC	$FF:FFFF,X	; 
A0:939D  FF FF FF FF	SBC	$FF:FFFF,X	; 
A0:93A1  FF FF FF FF	SBC	$FF:FFFF,X	; 
A0:93A5  FF FF FF FF	SBC	$FF:FFFF,X	; 
A0:93A9  FF FF FF FF	SBC	$FF:FFFF,X	; 
A0:93AD  FF FF FF FF	SBC	$FF:FFFF,X	; 
A0:93B1  FF FF FF FF	SBC	$FF:FFFF,X	; 
A0:93B5  FF FF FF FF	SBC	$FF:FFFF,X	; 
A0:93B9  FF FF FF FF	SBC	$FF:FFFF,X	; 
A0:93BD  FF FF FF FF	SBC	$FF:FFFF,X	; 
A0:93C1  FF FF FF FF	SBC	$FF:FFFF,X	; 
A0:93C5  FF FF FF FF	SBC	$FF:FFFF,X	; 
A0:93C9  FF FF FF FF	SBC	$FF:FFFF,X	; 
A0:93CD  FF FF FF FF	SBC	$FF:FFFF,X	; 
A0:93D1  FF FF FF FF	SBC	$FF:FFFF,X	; 
A0:93D5  FF FF FF FF	SBC	$FF:FFFF,X	; 
A0:93D9  FF FF FF FF	SBC	$FF:FFFF,X	; 
A0:93DD  FF FF FF FF	SBC	$FF:FFFF,X	; 
A0:93E1  FF FF FF FF	SBC	$FF:FFFF,X	; 
A0:93E5  FF FF FF FF	SBC	$FF:FFFF,X	; 
A0:93E9  FF FF FF FF	SBC	$FF:FFFF,X	; 
A0:93ED  FF FF FF FF	SBC	$FF:FFFF,X	; 
A0:93F1  FF FF FF FF	SBC	$FF:FFFF,X	; 
A0:93F5  FF FF FF FF	SBC	$FF:FFFF,X	; 
A0:93F9  FF FF FF FF	SBC	$FF:FFFF,X	; 
A0:93FD  FF FF FF FF	SBC	$FF:FFFF,X	; 
A0:9401  FF FF FF FF	SBC	$FF:FFFF,X	; 
A0:9405  FF FF FF FF	SBC	$FF:FFFF,X	; 
A0:9409  FF FF FF FF	SBC	$FF:FFFF,X	; 
A0:940D  FF FF FF FF	SBC	$FF:FFFF,X	; 
A0:9411  FF FF FF FF	SBC	$FF:FFFF,X	; 
A0:9415  FF FF FF FF	SBC	$FF:FFFF,X	; 
A0:9419  FF FF FF FF	SBC	$FF:FFFF,X	; 
A0:941D  FF FF FF FF	SBC	$FF:FFFF,X	; 
A0:9421  FF FF FF FF	SBC	$FF:FFFF,X	; 
A0:9425  FF FF FF FF	SBC	$FF:FFFF,X	; 
A0:9429  FF FF FF FF	SBC	$FF:FFFF,X	; 
A0:942D  FF FF FF FF	SBC	$FF:FFFF,X	; 
A0:9431  FF FF FF FF	SBC	$FF:FFFF,X	; 
A0:9435  FF FF FF FF	SBC	$FF:FFFF,X	; 
A0:9439  FF FF FF FF	SBC	$FF:FFFF,X	; 
A0:943D  FF FF FF FF	SBC	$FF:FFFF,X	; 
A0:9441  FF FF FF FF	SBC	$FF:FFFF,X	; 
A0:9445  FF FF FF FF	SBC	$FF:FFFF,X	; 
A0:9449  FF FF FF FF	SBC	$FF:FFFF,X	; 
A0:944D  FF FF FF FF	SBC	$FF:FFFF,X	; 
A0:9451  FF FF FF FF	SBC	$FF:FFFF,X	; 
A0:9455  FF FF FF FF	SBC	$FF:FFFF,X	; 
A0:9459  FF FF FF FF	SBC	$FF:FFFF,X	; 
A0:945D  FF FF FF FF	SBC	$FF:FFFF,X	; 
A0:9461  FF FF FF FF	SBC	$FF:FFFF,X	; 
A0:9465  FF FF FF FF	SBC	$FF:FFFF,X	; 
A0:9469  FF FF FF FF	SBC	$FF:FFFF,X	; 
A0:946D  FF FF FF FF	SBC	$FF:FFFF,X	; 
A0:9471  FF FF FF FF	SBC	$FF:FFFF,X	; 
A0:9475  FF FF FF FF	SBC	$FF:FFFF,X	; 
A0:9479  FF FF FF FF	SBC	$FF:FFFF,X	; 
A0:947D  FF FF FF FF	SBC	$FF:FFFF,X	; 
A0:9481  FF FF FF FF	SBC	$FF:FFFF,X	; 
A0:9485  FF FF FF FF	SBC	$FF:FFFF,X	; 
A0:9489  FF FF FF FF	SBC	$FF:FFFF,X	; 
A0:948D  FF FF FF FF	SBC	$FF:FFFF,X	; 
A0:9491  FF FF FF FF	SBC	$FF:FFFF,X	; 
A0:9495  FF FF FF FF	SBC	$FF:FFFF,X	; 
A0:9499  FF FF FF FF	SBC	$FF:FFFF,X	; 
A0:949D  FF FF FF FF	SBC	$FF:FFFF,X	; 
A0:94A1  FF FF FF FF	SBC	$FF:FFFF,X	; 
A0:94A5  FF FF FF FF	SBC	$FF:FFFF,X	; 
A0:94A9  FF FF FF FF	SBC	$FF:FFFF,X	; 
A0:94AD  FF FF FF FF	SBC	$FF:FFFF,X	; 
A0:94B1  FF FF FF FF	SBC	$FF:FFFF,X	; 
A0:94B5  FF FF FF FF	SBC	$FF:FFFF,X	; 
A0:94B9  FF FF FF FF	SBC	$FF:FFFF,X	; 
A0:94BD  FF FF FF FF	SBC	$FF:FFFF,X	; 
A0:94C1  FF FF FF FF	SBC	$FF:FFFF,X	; 
A0:94C5  FF FF FF FF	SBC	$FF:FFFF,X	; 
A0:94C9  FF FF FF FF	SBC	$FF:FFFF,X	; 
A0:94CD  FF FF FF FF	SBC	$FF:FFFF,X	; 
A0:94D1  FF FF FF FF	SBC	$FF:FFFF,X	; 
A0:94D5  FF FF FF FF	SBC	$FF:FFFF,X	; 
A0:94D9  FF FF FF FF	SBC	$FF:FFFF,X	; 
A0:94DD  FF FF FF FF	SBC	$FF:FFFF,X	; 
A0:94E1  FF FF FF FF	SBC	$FF:FFFF,X	; 
A0:94E5  FF FF FF FF	SBC	$FF:FFFF,X	; 
A0:94E9  FF FF FF FF	SBC	$FF:FFFF,X	; 
A0:94ED  FF FF FF FF	SBC	$FF:FFFF,X	; 
A0:94F1  FF FF FF FF	SBC	$FF:FFFF,X	; 
A0:94F5  FF FF FF FF	SBC	$FF:FFFF,X	; 
A0:94F9  FF FF FF FF	SBC	$FF:FFFF,X	; 
A0:94FD  FF FF FF FF	SBC	$FF:FFFF,X	; 
A0:9501  FF FF FF FF	SBC	$FF:FFFF,X	; 
A0:9505  FF FF FF FF	SBC	$FF:FFFF,X	; 
A0:9509  FF FF FF FF	SBC	$FF:FFFF,X	; 
A0:950D  FF FF FF FF	SBC	$FF:FFFF,X	; 
A0:9511  FF FF FF FF	SBC	$FF:FFFF,X	; 
A0:9515  FF FF FF FF	SBC	$FF:FFFF,X	; 
A0:9519  FF FF FF FF	SBC	$FF:FFFF,X	; 
A0:951D  FF FF FF FF	SBC	$FF:FFFF,X	; 
A0:9521  FF FF FF FF	SBC	$FF:FFFF,X	; 
A0:9525  FF FF FF FF	SBC	$FF:FFFF,X	; 
A0:9529  FF FF FF FF	SBC	$FF:FFFF,X	; 
A0:952D  FF FF FF FF	SBC	$FF:FFFF,X	; 
A0:9531  FF FF FF FF	SBC	$FF:FFFF,X	; 
A0:9535  FF FF FF FF	SBC	$FF:FFFF,X	; 
A0:9539  FF FF FF FF	SBC	$FF:FFFF,X	; 
A0:953D  FF FF FF FF	SBC	$FF:FFFF,X	; 
A0:9541  FF FF FF FF	SBC	$FF:FFFF,X	; 
A0:9545  FF FF FF FF	SBC	$FF:FFFF,X	; 
A0:9549  FF FF FF FF	SBC	$FF:FFFF,X	; 
A0:954D  FF FF FF FF	SBC	$FF:FFFF,X	; 
A0:9551  FF FF FF FF	SBC	$FF:FFFF,X	; 
A0:9555  FF FF FF FF	SBC	$FF:FFFF,X	; 
A0:9559  FF FF FF FF	SBC	$FF:FFFF,X	; 
A0:955D  FF FF FF FF	SBC	$FF:FFFF,X	; 
A0:9561  FF FF FF FF	SBC	$FF:FFFF,X	; 
A0:9565  FF FF FF FF	SBC	$FF:FFFF,X	; 
A0:9569  FF FF FF FF	SBC	$FF:FFFF,X	; 
A0:956D  FF FF FF FF	SBC	$FF:FFFF,X	; 
A0:9571  FF FF FF FF	SBC	$FF:FFFF,X	; 
A0:9575  FF FF FF FF	SBC	$FF:FFFF,X	; 
A0:9579  FF FF FF FF	SBC	$FF:FFFF,X	; 
A0:957D  FF FF FF FF	SBC	$FF:FFFF,X	; 
A0:9581  FF FF FF FF	SBC	$FF:FFFF,X	; 
A0:9585  FF FF FF FF	SBC	$FF:FFFF,X	; 
A0:9589  FF FF FF FF	SBC	$FF:FFFF,X	; 
A0:958D  FF FF FF FF	SBC	$FF:FFFF,X	; 
A0:9591  FF FF FF FF	SBC	$FF:FFFF,X	; 
A0:9595  FF FF FF FF	SBC	$FF:FFFF,X	; 
A0:9599  FF FF FF FF	SBC	$FF:FFFF,X	; 
A0:959D  FF FF FF FF	SBC	$FF:FFFF,X	; 
A0:95A1  FF FF FF FF	SBC	$FF:FFFF,X	; 
A0:95A5  FF FF FF FF	SBC	$FF:FFFF,X	; 
A0:95A9  FF FF FF FF	SBC	$FF:FFFF,X	; 
A0:95AD  FF FF FF FF	SBC	$FF:FFFF,X	; 
A0:95B1  FF FF FF FF	SBC	$FF:FFFF,X	; 
A0:95B5  FF FF FF FF	SBC	$FF:FFFF,X	; 
A0:95B9  FF FF FF FF	SBC	$FF:FFFF,X	; 
A0:95BD  FF FF FF FF	SBC	$FF:FFFF,X	; 
A0:95C1  FF FF FF FF	SBC	$FF:FFFF,X	; 
A0:95C5  FF FF FF FF	SBC	$FF:FFFF,X	; 
A0:95C9  FF FF FF FF	SBC	$FF:FFFF,X	; 
A0:95CD  FF FF FF FF	SBC	$FF:FFFF,X	; 
A0:95D1  FF FF FF FF	SBC	$FF:FFFF,X	; 
A0:95D5  FF FF FF FF	SBC	$FF:FFFF,X	; 
A0:95D9  FF FF FF FF	SBC	$FF:FFFF,X	; 
A0:95DD  FF FF FF FF	SBC	$FF:FFFF,X	; 
A0:95E1  FF FF FF FF	SBC	$FF:FFFF,X	; 
A0:95E5  FF FF FF FF	SBC	$FF:FFFF,X	; 
A0:95E9  FF FF FF FF	SBC	$FF:FFFF,X	; 
A0:95ED  FF FF FF FF	SBC	$FF:FFFF,X	; 
A0:95F1  FF FF FF FF	SBC	$FF:FFFF,X	; 
A0:95F5  FF FF FF FF	SBC	$FF:FFFF,X	; 
A0:95F9  FF FF FF FF	SBC	$FF:FFFF,X	; 
A0:95FD  FF FF FF FF	SBC	$FF:FFFF,X	; 
A0:9601  FF FF FF FF	SBC	$FF:FFFF,X	; 
A0:9605  FF FF FF FF	SBC	$FF:FFFF,X	; 
A0:9609  FF FF FF FF	SBC	$FF:FFFF,X	; 
A0:960D  FF FF FF FF	SBC	$FF:FFFF,X	; 
A0:9611  FF FF FF FF	SBC	$FF:FFFF,X	; 
A0:9615  FF FF FF FF	SBC	$FF:FFFF,X	; 
A0:9619  FF FF FF FF	SBC	$FF:FFFF,X	; 
A0:961D  FF FF FF FF	SBC	$FF:FFFF,X	; 
A0:9621  FF FF FF FF	SBC	$FF:FFFF,X	; 
A0:9625  FF FF FF FF	SBC	$FF:FFFF,X	; 
A0:9629  FF FF FF FF	SBC	$FF:FFFF,X	; 
A0:962D  FF FF FF FF	SBC	$FF:FFFF,X	; 
A0:9631  FF FF FF FF	SBC	$FF:FFFF,X	; 
A0:9635  FF FF FF FF	SBC	$FF:FFFF,X	; 
A0:9639  FF FF FF FF	SBC	$FF:FFFF,X	; 
A0:963D  FF FF FF FF	SBC	$FF:FFFF,X	; 
A0:9641  FF FF FF FF	SBC	$FF:FFFF,X	; 
A0:9645  FF FF FF FF	SBC	$FF:FFFF,X	; 
A0:9649  FF FF FF FF	SBC	$FF:FFFF,X	; 
A0:964D  FF FF FF FF	SBC	$FF:FFFF,X	; 
A0:9651  FF FF FF FF	SBC	$FF:FFFF,X	; 
A0:9655  FF FF FF FF	SBC	$FF:FFFF,X	; 
A0:9659  FF FF FF FF	SBC	$FF:FFFF,X	; 
A0:965D  FF FF FF FF	SBC	$FF:FFFF,X	; 
A0:9661  FF FF FF FF	SBC	$FF:FFFF,X	; 
A0:9665  FF FF FF FF	SBC	$FF:FFFF,X	; 
A0:9669  FF FF FF FF	SBC	$FF:FFFF,X	; 
A0:966D  FF FF FF FF	SBC	$FF:FFFF,X	; 
A0:9671  FF FF FF FF	SBC	$FF:FFFF,X	; 
A0:9675  FF FF FF FF	SBC	$FF:FFFF,X	; 
A0:9679  FF FF FF FF	SBC	$FF:FFFF,X	; 
A0:967D  FF FF FF FF	SBC	$FF:FFFF,X	; 
A0:9681  FF FF FF FF	SBC	$FF:FFFF,X	; 
A0:9685  FF FF FF FF	SBC	$FF:FFFF,X	; 
A0:9689  FF FF FF FF	SBC	$FF:FFFF,X	; 
A0:968D  FF FF FF FF	SBC	$FF:FFFF,X	; 
A0:9691  FF FF FF FF	SBC	$FF:FFFF,X	; 
A0:9695  FF FF FF FF	SBC	$FF:FFFF,X	; 
A0:9699  FF FF FF FF	SBC	$FF:FFFF,X	; 
A0:969D  FF FF FF FF	SBC	$FF:FFFF,X	; 
A0:96A1  FF FF FF FF	SBC	$FF:FFFF,X	; 
A0:96A5  FF FF FF FF	SBC	$FF:FFFF,X	; 
A0:96A9  FF FF FF FF	SBC	$FF:FFFF,X	; 
A0:96AD  FF FF FF FF	SBC	$FF:FFFF,X	; 
A0:96B1  FF FF FF FF	SBC	$FF:FFFF,X	; 
A0:96B5  FF FF FF FF	SBC	$FF:FFFF,X	; 
A0:96B9  FF FF FF FF	SBC	$FF:FFFF,X	; 
A0:96BD  FF FF FF FF	SBC	$FF:FFFF,X	; 
A0:96C1  FF FF FF FF	SBC	$FF:FFFF,X	; 
A0:96C5  FF FF FF FF	SBC	$FF:FFFF,X	; 
A0:96C9  FF FF FF FF	SBC	$FF:FFFF,X	; 
A0:96CD  FF FF FF FF	SBC	$FF:FFFF,X	; 
A0:96D1  FF FF FF FF	SBC	$FF:FFFF,X	; 
A0:96D5  FF FF FF FF	SBC	$FF:FFFF,X	; 
A0:96D9  FF FF FF FF	SBC	$FF:FFFF,X	; 
A0:96DD  FF FF FF FF	SBC	$FF:FFFF,X	; 
A0:96E1  FF FF FF FF	SBC	$FF:FFFF,X	; 
A0:96E5  FF FF FF FF	SBC	$FF:FFFF,X	; 
A0:96E9  FF FF FF FF	SBC	$FF:FFFF,X	; 
A0:96ED  FF FF FF FF	SBC	$FF:FFFF,X	; 
A0:96F1  FF FF FF FF	SBC	$FF:FFFF,X	; 
A0:96F5  FF FF FF FF	SBC	$FF:FFFF,X	; 
A0:96F9  FF FF FF FF	SBC	$FF:FFFF,X	; 
A0:96FD  FF FF FF FF	SBC	$FF:FFFF,X	; 
A0:9701  FF FF FF FF	SBC	$FF:FFFF,X	; 
A0:9705  FF FF FF FF	SBC	$FF:FFFF,X	; 
A0:9709  FF FF FF FF	SBC	$FF:FFFF,X	; 
A0:970D  FF FF FF FF	SBC	$FF:FFFF,X	; 
A0:9711  FF FF FF FF	SBC	$FF:FFFF,X	; 
A0:9715  FF FF FF FF	SBC	$FF:FFFF,X	; 
A0:9719  FF FF FF FF	SBC	$FF:FFFF,X	; 
A0:971D  FF FF FF FF	SBC	$FF:FFFF,X	; 
A0:9721  FF FF FF FF	SBC	$FF:FFFF,X	; 
A0:9725  FF FF FF FF	SBC	$FF:FFFF,X	; 
A0:9729  FF FF FF FF	SBC	$FF:FFFF,X	; 
A0:972D  FF FF FF FF	SBC	$FF:FFFF,X	; 
A0:9731  FF FF FF FF	SBC	$FF:FFFF,X	; 
A0:9735  FF FF FF FF	SBC	$FF:FFFF,X	; 
A0:9739  FF FF FF FF	SBC	$FF:FFFF,X	; 
A0:973D  FF FF FF FF	SBC	$FF:FFFF,X	; 
A0:9741  FF FF FF FF	SBC	$FF:FFFF,X	; 
A0:9745  FF FF FF FF	SBC	$FF:FFFF,X	; 
A0:9749  FF FF FF FF	SBC	$FF:FFFF,X	; 
A0:974D  FF FF FF FF	SBC	$FF:FFFF,X	; 
A0:9751  FF FF FF FF	SBC	$FF:FFFF,X	; 
A0:9755  FF FF FF FF	SBC	$FF:FFFF,X	; 
A0:9759  FF FF FF FF	SBC	$FF:FFFF,X	; 
A0:975D  FF FF FF FF	SBC	$FF:FFFF,X	; 
A0:9761  FF FF FF FF	SBC	$FF:FFFF,X	; 
A0:9765  FF FF FF FF	SBC	$FF:FFFF,X	; 
A0:9769  FF FF FF FF	SBC	$FF:FFFF,X	; 
A0:976D  FF FF FF FF	SBC	$FF:FFFF,X	; 
A0:9771  FF FF FF FF	SBC	$FF:FFFF,X	; 
A0:9775  FF FF FF FF	SBC	$FF:FFFF,X	; 
A0:9779  FF FF FF FF	SBC	$FF:FFFF,X	; 
A0:977D  FF FF FF FF	SBC	$FF:FFFF,X	; 
A0:9781  FF FF FF FF	SBC	$FF:FFFF,X	; 
A0:9785  FF FF FF FF	SBC	$FF:FFFF,X	; 
A0:9789  FF FF FF FF	SBC	$FF:FFFF,X	; 
A0:978D  FF FF FF FF	SBC	$FF:FFFF,X	; 
A0:9791  FF FF FF FF	SBC	$FF:FFFF,X	; 
A0:9795  FF FF FF FF	SBC	$FF:FFFF,X	; 
A0:9799  FF FF FF FF	SBC	$FF:FFFF,X	; 
A0:979D  FF FF FF FF	SBC	$FF:FFFF,X	; 
A0:97A1  FF FF FF FF	SBC	$FF:FFFF,X	; 
A0:97A5  FF FF FF FF	SBC	$FF:FFFF,X	; 
A0:97A9  FF FF FF FF	SBC	$FF:FFFF,X	; 
A0:97AD  FF FF FF FF	SBC	$FF:FFFF,X	; 
A0:97B1  FF FF FF FF	SBC	$FF:FFFF,X	; 
A0:97B5  FF FF FF FF	SBC	$FF:FFFF,X	; 
A0:97B9  FF FF FF FF	SBC	$FF:FFFF,X	; 
A0:97BD  FF FF FF FF	SBC	$FF:FFFF,X	; 
A0:97C1  FF FF FF FF	SBC	$FF:FFFF,X	; 
A0:97C5  FF FF FF FF	SBC	$FF:FFFF,X	; 
A0:97C9  FF FF FF FF	SBC	$FF:FFFF,X	; 
A0:97CD  FF FF FF FF	SBC	$FF:FFFF,X	; 
A0:97D1  FF FF FF FF	SBC	$FF:FFFF,X	; 
A0:97D5  FF FF FF FF	SBC	$FF:FFFF,X	; 
A0:97D9  FF FF FF FF	SBC	$FF:FFFF,X	; 
A0:97DD  FF FF FF FF	SBC	$FF:FFFF,X	; 
A0:97E1  FF FF FF FF	SBC	$FF:FFFF,X	; 
A0:97E5  FF FF FF FF	SBC	$FF:FFFF,X	; 
A0:97E9  FF FF FF FF	SBC	$FF:FFFF,X	; 
A0:97ED  FF FF FF FF	SBC	$FF:FFFF,X	; 
A0:97F1  FF FF FF FF	SBC	$FF:FFFF,X	; 
A0:97F5  FF FF FF FF	SBC	$FF:FFFF,X	; 
A0:97F9  FF FF FF FF	SBC	$FF:FFFF,X	; 
A0:97FD  FF FF FF FF	SBC	$FF:FFFF,X	; 
A0:9801  FF FF FF FF	SBC	$FF:FFFF,X	; 
A0:9805  FF FF FF FF	SBC	$FF:FFFF,X	; 
A0:9809  FF FF FF FF	SBC	$FF:FFFF,X	; 
A0:980D  FF FF FF FF	SBC	$FF:FFFF,X	; 
A0:9811  FF FF FF FF	SBC	$FF:FFFF,X	; 
A0:9815  FF FF FF FF	SBC	$FF:FFFF,X	; 
A0:9819  FF FF FF FF	SBC	$FF:FFFF,X	; 
A0:981D  FF FF FF FF	SBC	$FF:FFFF,X	; 
A0:9821  FF FF FF FF	SBC	$FF:FFFF,X	; 
A0:9825  FF FF FF FF	SBC	$FF:FFFF,X	; 
A0:9829  FF FF FF FF	SBC	$FF:FFFF,X	; 
A0:982D  FF FF FF FF	SBC	$FF:FFFF,X	; 
A0:9831  FF FF FF FF	SBC	$FF:FFFF,X	; 
A0:9835  FF FF FF FF	SBC	$FF:FFFF,X	; 
A0:9839  FF FF FF FF	SBC	$FF:FFFF,X	; 
A0:983D  FF FF FF FF	SBC	$FF:FFFF,X	; 
A0:9841  FF FF FF FF	SBC	$FF:FFFF,X	; 
A0:9845  FF FF FF FF	SBC	$FF:FFFF,X	; 
A0:9849  FF FF FF FF	SBC	$FF:FFFF,X	; 
A0:984D  FF FF FF FF	SBC	$FF:FFFF,X	; 
A0:9851  FF FF FF FF	SBC	$FF:FFFF,X	; 
A0:9855  FF FF FF FF	SBC	$FF:FFFF,X	; 
A0:9859  FF FF FF FF	SBC	$FF:FFFF,X	; 
A0:985D  FF FF FF FF	SBC	$FF:FFFF,X	; 
A0:9861  FF FF FF FF	SBC	$FF:FFFF,X	; 
A0:9865  FF FF FF FF	SBC	$FF:FFFF,X	; 
A0:9869  FF FF FF FF	SBC	$FF:FFFF,X	; 
A0:986D  FF FF FF FF	SBC	$FF:FFFF,X	; 
A0:9871  FF FF FF FF	SBC	$FF:FFFF,X	; 
A0:9875  FF FF FF FF	SBC	$FF:FFFF,X	; 
A0:9879  FF FF FF FF	SBC	$FF:FFFF,X	; 
A0:987D  FF FF FF FF	SBC	$FF:FFFF,X	; 
A0:9881  FF FF FF FF	SBC	$FF:FFFF,X	; 
A0:9885  FF FF FF FF	SBC	$FF:FFFF,X	; 
A0:9889  FF FF FF FF	SBC	$FF:FFFF,X	; 
A0:988D  FF FF FF FF	SBC	$FF:FFFF,X	; 
A0:9891  FF FF FF FF	SBC	$FF:FFFF,X	; 
A0:9895  FF FF FF FF	SBC	$FF:FFFF,X	; 
A0:9899  FF FF FF FF	SBC	$FF:FFFF,X	; 
A0:989D  FF FF FF FF	SBC	$FF:FFFF,X	; 
A0:98A1  FF FF FF FF	SBC	$FF:FFFF,X	; 
A0:98A5  FF FF FF FF	SBC	$FF:FFFF,X	; 
A0:98A9  FF FF FF FF	SBC	$FF:FFFF,X	; 
A0:98AD  FF FF FF FF	SBC	$FF:FFFF,X	; 
A0:98B1  FF FF FF FF	SBC	$FF:FFFF,X	; 
A0:98B5  FF FF FF FF	SBC	$FF:FFFF,X	; 
A0:98B9  FF FF FF FF	SBC	$FF:FFFF,X	; 
A0:98BD  FF FF FF FF	SBC	$FF:FFFF,X	; 
A0:98C1  FF FF FF FF	SBC	$FF:FFFF,X	; 
A0:98C5  FF FF FF FF	SBC	$FF:FFFF,X	; 
A0:98C9  FF FF FF FF	SBC	$FF:FFFF,X	; 
A0:98CD  FF FF FF FF	SBC	$FF:FFFF,X	; 
A0:98D1  FF FF FF FF	SBC	$FF:FFFF,X	; 
A0:98D5  FF FF FF FF	SBC	$FF:FFFF,X	; 
A0:98D9  FF FF FF FF	SBC	$FF:FFFF,X	; 
A0:98DD  FF FF FF FF	SBC	$FF:FFFF,X	; 
A0:98E1  FF FF FF FF	SBC	$FF:FFFF,X	; 
A0:98E5  FF FF FF FF	SBC	$FF:FFFF,X	; 
A0:98E9  FF FF FF FF	SBC	$FF:FFFF,X	; 
A0:98ED  FF FF FF FF	SBC	$FF:FFFF,X	; 
A0:98F1  FF FF FF FF	SBC	$FF:FFFF,X	; 
A0:98F5  FF FF FF FF	SBC	$FF:FFFF,X	; 
A0:98F9  FF FF FF FF	SBC	$FF:FFFF,X	; 
A0:98FD  FF FF FF FF	SBC	$FF:FFFF,X	; 
A0:9901  FF FF FF FF	SBC	$FF:FFFF,X	; 
A0:9905  FF FF FF FF	SBC	$FF:FFFF,X	; 
A0:9909  FF FF FF FF	SBC	$FF:FFFF,X	; 
A0:990D  FF FF FF FF	SBC	$FF:FFFF,X	; 
A0:9911  FF FF FF FF	SBC	$FF:FFFF,X	; 
A0:9915  FF FF FF FF	SBC	$FF:FFFF,X	; 
A0:9919  FF FF FF FF	SBC	$FF:FFFF,X	; 
A0:991D  FF FF FF FF	SBC	$FF:FFFF,X	; 
A0:9921  FF FF FF FF	SBC	$FF:FFFF,X	; 
A0:9925  FF FF FF FF	SBC	$FF:FFFF,X	; 
A0:9929  FF FF FF FF	SBC	$FF:FFFF,X	; 
A0:992D  FF FF FF FF	SBC	$FF:FFFF,X	; 
A0:9931  FF FF FF FF	SBC	$FF:FFFF,X	; 
A0:9935  FF FF FF FF	SBC	$FF:FFFF,X	; 
A0:9939  FF FF FF FF	SBC	$FF:FFFF,X	; 
A0:993D  FF FF FF FF	SBC	$FF:FFFF,X	; 
A0:9941  FF FF FF FF	SBC	$FF:FFFF,X	; 
A0:9945  FF FF FF FF	SBC	$FF:FFFF,X	; 
A0:9949  FF FF FF FF	SBC	$FF:FFFF,X	; 
A0:994D  FF FF FF FF	SBC	$FF:FFFF,X	; 
A0:9951  FF FF FF FF	SBC	$FF:FFFF,X	; 
A0:9955  FF FF FF FF	SBC	$FF:FFFF,X	; 
A0:9959  FF FF FF FF	SBC	$FF:FFFF,X	; 
A0:995D  FF FF FF FF	SBC	$FF:FFFF,X	; 
A0:9961  FF FF FF FF	SBC	$FF:FFFF,X	; 
A0:9965  FF FF FF FF	SBC	$FF:FFFF,X	; 
A0:9969  FF FF FF FF	SBC	$FF:FFFF,X	; 
A0:996D  FF FF FF FF	SBC	$FF:FFFF,X	; 
A0:9971  FF FF FF FF	SBC	$FF:FFFF,X	; 
A0:9975  FF FF FF FF	SBC	$FF:FFFF,X	; 
A0:9979  FF FF FF FF	SBC	$FF:FFFF,X	; 
A0:997D  FF FF FF FF	SBC	$FF:FFFF,X	; 
A0:9981  FF FF FF FF	SBC	$FF:FFFF,X	; 
A0:9985  FF FF FF FF	SBC	$FF:FFFF,X	; 
A0:9989  FF FF FF FF	SBC	$FF:FFFF,X	; 
A0:998D  FF FF FF FF	SBC	$FF:FFFF,X	; 
A0:9991  FF FF FF FF	SBC	$FF:FFFF,X	; 
A0:9995  FF FF FF FF	SBC	$FF:FFFF,X	; 
A0:9999  FF FF FF FF	SBC	$FF:FFFF,X	; 
A0:999D  FF FF FF FF	SBC	$FF:FFFF,X	; 
A0:99A1  FF FF FF FF	SBC	$FF:FFFF,X	; 
A0:99A5  FF FF FF FF	SBC	$FF:FFFF,X	; 
A0:99A9  FF FF FF FF	SBC	$FF:FFFF,X	; 
A0:99AD  FF FF FF FF	SBC	$FF:FFFF,X	; 
A0:99B1  FF FF FF FF	SBC	$FF:FFFF,X	; 
A0:99B5  FF FF FF FF	SBC	$FF:FFFF,X	; 
A0:99B9  FF FF FF FF	SBC	$FF:FFFF,X	; 
A0:99BD  FF FF FF FF	SBC	$FF:FFFF,X	; 
A0:99C1  FF FF FF FF	SBC	$FF:FFFF,X	; 
A0:99C5  FF FF FF FF	SBC	$FF:FFFF,X	; 
A0:99C9  FF FF FF FF	SBC	$FF:FFFF,X	; 
A0:99CD  FF FF FF FF	SBC	$FF:FFFF,X	; 
A0:99D1  FF FF FF FF	SBC	$FF:FFFF,X	; 
A0:99D5  FF FF FF FF	SBC	$FF:FFFF,X	; 
A0:99D9  FF FF FF FF	SBC	$FF:FFFF,X	; 
A0:99DD  FF FF FF FF	SBC	$FF:FFFF,X	; 
A0:99E1  FF FF FF FF	SBC	$FF:FFFF,X	; 
A0:99E5  FF FF FF FF	SBC	$FF:FFFF,X	; 
A0:99E9  FF FF FF FF	SBC	$FF:FFFF,X	; 
A0:99ED  FF FF FF FF	SBC	$FF:FFFF,X	; 
A0:99F1  FF FF FF FF	SBC	$FF:FFFF,X	; 
A0:99F5  FF FF FF FF	SBC	$FF:FFFF,X	; 
A0:99F9  FF FF FF FF	SBC	$FF:FFFF,X	; 
A0:99FD  FF FF FF FF	SBC	$FF:FFFF,X	; 
A0:9A01  FF FF FF FF	SBC	$FF:FFFF,X	; 
A0:9A05  FF FF FF FF	SBC	$FF:FFFF,X	; 
A0:9A09  FF FF FF FF	SBC	$FF:FFFF,X	; 
A0:9A0D  FF FF FF FF	SBC	$FF:FFFF,X	; 
A0:9A11  FF FF FF FF	SBC	$FF:FFFF,X	; 
A0:9A15  FF FF FF FF	SBC	$FF:FFFF,X	; 
A0:9A19  FF FF FF FF	SBC	$FF:FFFF,X	; 
A0:9A1D  FF FF FF FF	SBC	$FF:FFFF,X	; 
A0:9A21  FF FF FF FF	SBC	$FF:FFFF,X	; 
A0:9A25  FF FF FF FF	SBC	$FF:FFFF,X	; 
A0:9A29  FF FF FF FF	SBC	$FF:FFFF,X	; 
A0:9A2D  FF FF FF FF	SBC	$FF:FFFF,X	; 
A0:9A31  FF FF FF FF	SBC	$FF:FFFF,X	; 
A0:9A35  FF FF FF FF	SBC	$FF:FFFF,X	; 
A0:9A39  FF FF FF FF	SBC	$FF:FFFF,X	; 
A0:9A3D  FF FF FF FF	SBC	$FF:FFFF,X	; 
A0:9A41  FF FF FF FF	SBC	$FF:FFFF,X	; 
A0:9A45  FF FF FF FF	SBC	$FF:FFFF,X	; 
A0:9A49  FF FF FF FF	SBC	$FF:FFFF,X	; 
A0:9A4D  FF FF FF FF	SBC	$FF:FFFF,X	; 
A0:9A51  FF FF FF FF	SBC	$FF:FFFF,X	; 
A0:9A55  FF FF FF FF	SBC	$FF:FFFF,X	; 
A0:9A59  FF FF FF FF	SBC	$FF:FFFF,X	; 
A0:9A5D  FF FF FF FF	SBC	$FF:FFFF,X	; 
A0:9A61  FF FF FF FF	SBC	$FF:FFFF,X	; 
A0:9A65  FF FF FF FF	SBC	$FF:FFFF,X	; 
A0:9A69  FF FF FF FF	SBC	$FF:FFFF,X	; 
A0:9A6D  FF FF FF FF	SBC	$FF:FFFF,X	; 
A0:9A71  FF FF FF FF	SBC	$FF:FFFF,X	; 
A0:9A75  FF FF FF FF	SBC	$FF:FFFF,X	; 
A0:9A79  FF FF FF FF	SBC	$FF:FFFF,X	; 
A0:9A7D  FF FF FF FF	SBC	$FF:FFFF,X	; 
A0:9A81  FF FF FF FF	SBC	$FF:FFFF,X	; 
A0:9A85  FF FF FF FF	SBC	$FF:FFFF,X	; 
A0:9A89  FF FF FF FF	SBC	$FF:FFFF,X	; 
A0:9A8D  FF FF FF FF	SBC	$FF:FFFF,X	; 
A0:9A91  FF FF FF FF	SBC	$FF:FFFF,X	; 
A0:9A95  FF FF FF FF	SBC	$FF:FFFF,X	; 
A0:9A99  FF FF FF FF	SBC	$FF:FFFF,X	; 
A0:9A9D  FF FF FF FF	SBC	$FF:FFFF,X	; 
A0:9AA1  FF FF FF FF	SBC	$FF:FFFF,X	; 
A0:9AA5  FF FF FF FF	SBC	$FF:FFFF,X	; 
A0:9AA9  FF FF FF FF	SBC	$FF:FFFF,X	; 
A0:9AAD  FF FF FF FF	SBC	$FF:FFFF,X	; 
A0:9AB1  FF FF FF FF	SBC	$FF:FFFF,X	; 
A0:9AB5  FF FF FF FF	SBC	$FF:FFFF,X	; 
A0:9AB9  FF FF FF FF	SBC	$FF:FFFF,X	; 
A0:9ABD  FF FF FF FF	SBC	$FF:FFFF,X	; 
A0:9AC1  FF FF FF FF	SBC	$FF:FFFF,X	; 
A0:9AC5  FF FF FF FF	SBC	$FF:FFFF,X	; 
A0:9AC9  FF FF FF FF	SBC	$FF:FFFF,X	; 
A0:9ACD  FF FF FF FF	SBC	$FF:FFFF,X	; 
A0:9AD1  FF FF FF FF	SBC	$FF:FFFF,X	; 
A0:9AD5  FF FF FF FF	SBC	$FF:FFFF,X	; 
A0:9AD9  FF FF FF FF	SBC	$FF:FFFF,X	; 
A0:9ADD  FF FF FF FF	SBC	$FF:FFFF,X	; 
A0:9AE1  FF FF FF FF	SBC	$FF:FFFF,X	; 
A0:9AE5  FF FF FF FF	SBC	$FF:FFFF,X	; 
A0:9AE9  FF FF FF FF	SBC	$FF:FFFF,X	; 
A0:9AED  FF FF FF FF	SBC	$FF:FFFF,X	; 
A0:9AF1  FF FF FF FF	SBC	$FF:FFFF,X	; 
A0:9AF5  FF FF FF FF	SBC	$FF:FFFF,X	; 
A0:9AF9  FF FF FF FF	SBC	$FF:FFFF,X	; 
A0:9AFD  FF FF FF FF	SBC	$FF:FFFF,X	; 
A0:9B01  FF FF FF FF	SBC	$FF:FFFF,X	; 
A0:9B05  FF FF FF FF	SBC	$FF:FFFF,X	; 
A0:9B09  FF FF FF FF	SBC	$FF:FFFF,X	; 
A0:9B0D  FF FF FF FF	SBC	$FF:FFFF,X	; 
A0:9B11  FF FF FF FF	SBC	$FF:FFFF,X	; 
A0:9B15  FF FF FF FF	SBC	$FF:FFFF,X	; 
A0:9B19  FF FF FF FF	SBC	$FF:FFFF,X	; 
A0:9B1D  FF FF FF FF	SBC	$FF:FFFF,X	; 
A0:9B21  FF FF FF FF	SBC	$FF:FFFF,X	; 
A0:9B25  FF FF FF FF	SBC	$FF:FFFF,X	; 
A0:9B29  FF FF FF FF	SBC	$FF:FFFF,X	; 
A0:9B2D  FF FF FF FF	SBC	$FF:FFFF,X	; 
A0:9B31  FF FF FF FF	SBC	$FF:FFFF,X	; 
A0:9B35  FF FF FF FF	SBC	$FF:FFFF,X	; 
A0:9B39  FF FF FF FF	SBC	$FF:FFFF,X	; 
A0:9B3D  FF FF FF FF	SBC	$FF:FFFF,X	; 
A0:9B41  FF FF FF FF	SBC	$FF:FFFF,X	; 
A0:9B45  FF FF FF FF	SBC	$FF:FFFF,X	; 
A0:9B49  FF FF FF FF	SBC	$FF:FFFF,X	; 
A0:9B4D  FF FF FF FF	SBC	$FF:FFFF,X	; 
A0:9B51  FF FF FF FF	SBC	$FF:FFFF,X	; 
A0:9B55  FF FF FF FF	SBC	$FF:FFFF,X	; 
A0:9B59  FF FF FF FF	SBC	$FF:FFFF,X	; 
A0:9B5D  FF FF FF FF	SBC	$FF:FFFF,X	; 
A0:9B61  FF FF FF FF	SBC	$FF:FFFF,X	; 
A0:9B65  FF FF FF FF	SBC	$FF:FFFF,X	; 
A0:9B69  FF FF FF FF	SBC	$FF:FFFF,X	; 
A0:9B6D  FF FF FF FF	SBC	$FF:FFFF,X	; 
A0:9B71  FF FF FF FF	SBC	$FF:FFFF,X	; 
A0:9B75  FF FF FF FF	SBC	$FF:FFFF,X	; 
A0:9B79  FF FF FF FF	SBC	$FF:FFFF,X	; 
A0:9B7D  FF FF FF FF	SBC	$FF:FFFF,X	; 
A0:9B81  FF FF FF FF	SBC	$FF:FFFF,X	; 
A0:9B85  FF FF FF FF	SBC	$FF:FFFF,X	; 
A0:9B89  FF FF FF FF	SBC	$FF:FFFF,X	; 
A0:9B8D  FF FF FF FF	SBC	$FF:FFFF,X	; 
A0:9B91  FF FF FF FF	SBC	$FF:FFFF,X	; 
A0:9B95  FF FF FF FF	SBC	$FF:FFFF,X	; 
A0:9B99  FF FF FF FF	SBC	$FF:FFFF,X	; 
A0:9B9D  FF FF FF FF	SBC	$FF:FFFF,X	; 
A0:9BA1  FF FF FF FF	SBC	$FF:FFFF,X	; 
A0:9BA5  FF FF FF FF	SBC	$FF:FFFF,X	; 
A0:9BA9  FF FF FF FF	SBC	$FF:FFFF,X	; 
A0:9BAD  FF FF FF FF	SBC	$FF:FFFF,X	; 
A0:9BB1  FF FF FF FF	SBC	$FF:FFFF,X	; 
A0:9BB5  FF FF FF FF	SBC	$FF:FFFF,X	; 
A0:9BB9  FF FF FF FF	SBC	$FF:FFFF,X	; 
A0:9BBD  FF FF FF FF	SBC	$FF:FFFF,X	; 
A0:9BC1  FF FF FF FF	SBC	$FF:FFFF,X	; 
A0:9BC5  FF FF FF FF	SBC	$FF:FFFF,X	; 
A0:9BC9  FF FF FF FF	SBC	$FF:FFFF,X	; 
A0:9BCD  FF FF FF FF	SBC	$FF:FFFF,X	; 
A0:9BD1  FF FF FF FF	SBC	$FF:FFFF,X	; 
A0:9BD5  FF FF FF FF	SBC	$FF:FFFF,X	; 
A0:9BD9  FF FF FF FF	SBC	$FF:FFFF,X	; 
A0:9BDD  FF FF FF FF	SBC	$FF:FFFF,X	; 
A0:9BE1  FF FF FF FF	SBC	$FF:FFFF,X	; 
A0:9BE5  FF FF FF FF	SBC	$FF:FFFF,X	; 
A0:9BE9  FF FF FF FF	SBC	$FF:FFFF,X	; 
A0:9BED  FF FF FF FF	SBC	$FF:FFFF,X	; 
A0:9BF1  FF FF FF FF	SBC	$FF:FFFF,X	; 
A0:9BF5  FF FF FF FF	SBC	$FF:FFFF,X	; 
A0:9BF9  FF FF FF FF	SBC	$FF:FFFF,X	; 
A0:9BFD  FF FF FF FF	SBC	$FF:FFFF,X	; 
A0:9C01  FF FF FF FF	SBC	$FF:FFFF,X	; 
A0:9C05  FF FF FF FF	SBC	$FF:FFFF,X	; 
A0:9C09  FF FF FF FF	SBC	$FF:FFFF,X	; 
A0:9C0D  FF FF FF FF	SBC	$FF:FFFF,X	; 
A0:9C11  FF FF FF FF	SBC	$FF:FFFF,X	; 
A0:9C15  FF FF FF FF	SBC	$FF:FFFF,X	; 
A0:9C19  FF FF FF FF	SBC	$FF:FFFF,X	; 
A0:9C1D  FF FF FF FF	SBC	$FF:FFFF,X	; 
A0:9C21  FF FF FF FF	SBC	$FF:FFFF,X	; 
A0:9C25  FF FF FF FF	SBC	$FF:FFFF,X	; 
A0:9C29  FF FF FF FF	SBC	$FF:FFFF,X	; 
A0:9C2D  FF FF FF FF	SBC	$FF:FFFF,X	; 
A0:9C31  FF FF FF FF	SBC	$FF:FFFF,X	; 
A0:9C35  FF FF FF FF	SBC	$FF:FFFF,X	; 
A0:9C39  FF FF FF FF	SBC	$FF:FFFF,X	; 
A0:9C3D  FF FF FF FF	SBC	$FF:FFFF,X	; 
A0:9C41  FF FF FF FF	SBC	$FF:FFFF,X	; 
A0:9C45  FF FF FF FF	SBC	$FF:FFFF,X	; 
A0:9C49  FF FF FF FF	SBC	$FF:FFFF,X	; 
A0:9C4D  FF FF FF FF	SBC	$FF:FFFF,X	; 
A0:9C51  FF FF FF FF	SBC	$FF:FFFF,X	; 
A0:9C55  FF FF FF FF	SBC	$FF:FFFF,X	; 
A0:9C59  FF FF FF FF	SBC	$FF:FFFF,X	; 
A0:9C5D  FF FF FF FF	SBC	$FF:FFFF,X	; 
A0:9C61  FF FF FF FF	SBC	$FF:FFFF,X	; 
A0:9C65  FF FF FF FF	SBC	$FF:FFFF,X	; 
A0:9C69  FF FF FF FF	SBC	$FF:FFFF,X	; 
A0:9C6D  FF FF FF FF	SBC	$FF:FFFF,X	; 
A0:9C71  FF FF FF FF	SBC	$FF:FFFF,X	; 
A0:9C75  FF FF FF FF	SBC	$FF:FFFF,X	; 
A0:9C79  FF FF FF FF	SBC	$FF:FFFF,X	; 
A0:9C7D  FF FF FF FF	SBC	$FF:FFFF,X	; 
A0:9C81  FF FF FF FF	SBC	$FF:FFFF,X	; 
A0:9C85  FF FF FF FF	SBC	$FF:FFFF,X	; 
A0:9C89  FF FF FF FF	SBC	$FF:FFFF,X	; 
A0:9C8D  FF FF FF FF	SBC	$FF:FFFF,X	; 
A0:9C91  FF FF FF FF	SBC	$FF:FFFF,X	; 
A0:9C95  FF FF FF FF	SBC	$FF:FFFF,X	; 
A0:9C99  FF FF FF FF	SBC	$FF:FFFF,X	; 
A0:9C9D  FF FF FF FF	SBC	$FF:FFFF,X	; 
A0:9CA1  FF FF FF FF	SBC	$FF:FFFF,X	; 
A0:9CA5  FF FF FF FF	SBC	$FF:FFFF,X	; 
A0:9CA9  FF FF FF FF	SBC	$FF:FFFF,X	; 
A0:9CAD  FF FF FF FF	SBC	$FF:FFFF,X	; 
A0:9CB1  FF FF FF FF	SBC	$FF:FFFF,X	; 
A0:9CB5  FF FF FF FF	SBC	$FF:FFFF,X	; 
A0:9CB9  FF FF FF FF	SBC	$FF:FFFF,X	; 
A0:9CBD  FF FF FF FF	SBC	$FF:FFFF,X	; 
A0:9CC1  FF FF FF FF	SBC	$FF:FFFF,X	; 
A0:9CC5  FF FF FF FF	SBC	$FF:FFFF,X	; 
A0:9CC9  FF FF FF FF	SBC	$FF:FFFF,X	; 
A0:9CCD  FF FF FF FF	SBC	$FF:FFFF,X	; 
A0:9CD1  FF FF FF FF	SBC	$FF:FFFF,X	; 
A0:9CD5  FF FF FF FF	SBC	$FF:FFFF,X	; 
A0:9CD9  FF FF FF FF	SBC	$FF:FFFF,X	; 
A0:9CDD  FF FF FF FF	SBC	$FF:FFFF,X	; 
A0:9CE1  FF FF FF FF	SBC	$FF:FFFF,X	; 
A0:9CE5  FF FF FF FF	SBC	$FF:FFFF,X	; 
A0:9CE9  FF FF FF FF	SBC	$FF:FFFF,X	; 
A0:9CED  FF FF FF FF	SBC	$FF:FFFF,X	; 
A0:9CF1  FF FF FF FF	SBC	$FF:FFFF,X	; 
A0:9CF5  FF FF FF FF	SBC	$FF:FFFF,X	; 
A0:9CF9  FF FF FF FF	SBC	$FF:FFFF,X	; 
A0:9CFD  FF FF FF FF	SBC	$FF:FFFF,X	; 
A0:9D01  FF FF FF FF	SBC	$FF:FFFF,X	; 
A0:9D05  FF FF FF FF	SBC	$FF:FFFF,X	; 
A0:9D09  FF FF FF FF	SBC	$FF:FFFF,X	; 
A0:9D0D  FF FF FF FF	SBC	$FF:FFFF,X	; 
A0:9D11  FF FF FF FF	SBC	$FF:FFFF,X	; 
A0:9D15  FF FF FF FF	SBC	$FF:FFFF,X	; 
A0:9D19  FF FF FF FF	SBC	$FF:FFFF,X	; 
A0:9D1D  FF FF FF FF	SBC	$FF:FFFF,X	; 
A0:9D21  FF FF FF FF	SBC	$FF:FFFF,X	; 
A0:9D25  FF FF FF FF	SBC	$FF:FFFF,X	; 
A0:9D29  FF FF FF FF	SBC	$FF:FFFF,X	; 
A0:9D2D  FF FF FF FF	SBC	$FF:FFFF,X	; 
A0:9D31  FF FF FF FF	SBC	$FF:FFFF,X	; 
A0:9D35  FF FF FF FF	SBC	$FF:FFFF,X	; 
A0:9D39  FF FF FF FF	SBC	$FF:FFFF,X	; 
A0:9D3D  FF FF FF FF	SBC	$FF:FFFF,X	; 
A0:9D41  FF FF FF FF	SBC	$FF:FFFF,X	; 
A0:9D45  FF FF FF FF	SBC	$FF:FFFF,X	; 
A0:9D49  FF FF FF FF	SBC	$FF:FFFF,X	; 
A0:9D4D  FF FF FF FF	SBC	$FF:FFFF,X	; 
A0:9D51  FF FF FF FF	SBC	$FF:FFFF,X	; 
A0:9D55  FF FF FF FF	SBC	$FF:FFFF,X	; 
A0:9D59  FF FF FF FF	SBC	$FF:FFFF,X	; 
A0:9D5D  FF FF FF FF	SBC	$FF:FFFF,X	; 
A0:9D61  FF FF FF FF	SBC	$FF:FFFF,X	; 
A0:9D65  FF FF FF FF	SBC	$FF:FFFF,X	; 
A0:9D69  FF FF FF FF	SBC	$FF:FFFF,X	; 
A0:9D6D  FF FF FF FF	SBC	$FF:FFFF,X	; 
A0:9D71  FF FF FF FF	SBC	$FF:FFFF,X	; 
A0:9D75  FF FF FF FF	SBC	$FF:FFFF,X	; 
A0:9D79  FF FF FF FF	SBC	$FF:FFFF,X	; 
A0:9D7D  FF FF FF FF	SBC	$FF:FFFF,X	; 
A0:9D81  FF FF FF FF	SBC	$FF:FFFF,X	; 
A0:9D85  FF FF FF FF	SBC	$FF:FFFF,X	; 
A0:9D89  FF FF FF FF	SBC	$FF:FFFF,X	; 
A0:9D8D  FF FF FF FF	SBC	$FF:FFFF,X	; 
A0:9D91  FF FF FF FF	SBC	$FF:FFFF,X	; 
A0:9D95  FF FF FF FF	SBC	$FF:FFFF,X	; 
A0:9D99  FF FF FF FF	SBC	$FF:FFFF,X	; 
A0:9D9D  FF FF FF FF	SBC	$FF:FFFF,X	; 
A0:9DA1  FF FF FF FF	SBC	$FF:FFFF,X	; 
A0:9DA5  FF FF FF FF	SBC	$FF:FFFF,X	; 
A0:9DA9  FF FF FF FF	SBC	$FF:FFFF,X	; 
A0:9DAD  FF FF FF FF	SBC	$FF:FFFF,X	; 
A0:9DB1  FF FF FF FF	SBC	$FF:FFFF,X	; 
A0:9DB5  FF FF FF FF	SBC	$FF:FFFF,X	; 
A0:9DB9  FF FF FF FF	SBC	$FF:FFFF,X	; 
A0:9DBD  FF FF FF FF	SBC	$FF:FFFF,X	; 
A0:9DC1  FF FF FF FF	SBC	$FF:FFFF,X	; 
A0:9DC5  FF FF FF FF	SBC	$FF:FFFF,X	; 
A0:9DC9  FF FF FF FF	SBC	$FF:FFFF,X	; 
A0:9DCD  FF FF FF FF	SBC	$FF:FFFF,X	; 
A0:9DD1  FF FF FF FF	SBC	$FF:FFFF,X	; 
A0:9DD5  FF FF FF FF	SBC	$FF:FFFF,X	; 
A0:9DD9  FF FF FF FF	SBC	$FF:FFFF,X	; 
A0:9DDD  FF FF FF FF	SBC	$FF:FFFF,X	; 
A0:9DE1  FF FF FF FF	SBC	$FF:FFFF,X	; 
A0:9DE5  FF FF FF FF	SBC	$FF:FFFF,X	; 
A0:9DE9  FF FF FF FF	SBC	$FF:FFFF,X	; 
A0:9DED  FF FF FF FF	SBC	$FF:FFFF,X	; 
A0:9DF1  FF FF FF FF	SBC	$FF:FFFF,X	; 
A0:9DF5  FF FF FF FF	SBC	$FF:FFFF,X	; 
A0:9DF9  FF FF FF FF	SBC	$FF:FFFF,X	; 
A0:9DFD  FF FF FF FF	SBC	$FF:FFFF,X	; 
A0:9E01  FF FF FF FF	SBC	$FF:FFFF,X	; 
A0:9E05  FF FF FF FF	SBC	$FF:FFFF,X	; 
A0:9E09  FF FF FF FF	SBC	$FF:FFFF,X	; 
A0:9E0D  FF FF FF FF	SBC	$FF:FFFF,X	; 
A0:9E11  FF FF FF FF	SBC	$FF:FFFF,X	; 
A0:9E15  FF FF FF FF	SBC	$FF:FFFF,X	; 
A0:9E19  FF FF FF FF	SBC	$FF:FFFF,X	; 
A0:9E1D  FF FF FF FF	SBC	$FF:FFFF,X	; 
A0:9E21  FF FF FF FF	SBC	$FF:FFFF,X	; 
A0:9E25  FF FF FF FF	SBC	$FF:FFFF,X	; 
A0:9E29  FF FF FF FF	SBC	$FF:FFFF,X	; 
A0:9E2D  FF FF FF FF	SBC	$FF:FFFF,X	; 
A0:9E31  FF FF FF FF	SBC	$FF:FFFF,X	; 
A0:9E35  FF FF FF FF	SBC	$FF:FFFF,X	; 
A0:9E39  FF FF FF FF	SBC	$FF:FFFF,X	; 
A0:9E3D  FF FF FF FF	SBC	$FF:FFFF,X	; 
A0:9E41  FF FF FF FF	SBC	$FF:FFFF,X	; 
A0:9E45  FF FF FF FF	SBC	$FF:FFFF,X	; 
A0:9E49  FF FF FF FF	SBC	$FF:FFFF,X	; 
A0:9E4D  FF FF FF FF	SBC	$FF:FFFF,X	; 
A0:9E51  FF FF FF FF	SBC	$FF:FFFF,X	; 
A0:9E55  FF FF FF FF	SBC	$FF:FFFF,X	; 
A0:9E59  FF FF FF FF	SBC	$FF:FFFF,X	; 
A0:9E5D  FF FF FF FF	SBC	$FF:FFFF,X	; 
A0:9E61  FF FF FF FF	SBC	$FF:FFFF,X	; 
A0:9E65  FF FF FF FF	SBC	$FF:FFFF,X	; 
A0:9E69  FF FF FF FF	SBC	$FF:FFFF,X	; 
A0:9E6D  FF FF FF FF	SBC	$FF:FFFF,X	; 
A0:9E71  FF FF FF FF	SBC	$FF:FFFF,X	; 
A0:9E75  FF FF FF FF	SBC	$FF:FFFF,X	; 
A0:9E79  FF FF FF FF	SBC	$FF:FFFF,X	; 
A0:9E7D  FF FF FF FF	SBC	$FF:FFFF,X	; 
A0:9E81  FF FF FF FF	SBC	$FF:FFFF,X	; 
A0:9E85  FF FF FF FF	SBC	$FF:FFFF,X	; 
A0:9E89  FF FF FF FF	SBC	$FF:FFFF,X	; 
A0:9E8D  FF FF FF FF	SBC	$FF:FFFF,X	; 
A0:9E91  FF FF FF FF	SBC	$FF:FFFF,X	; 
A0:9E95  FF FF FF FF	SBC	$FF:FFFF,X	; 
A0:9E99  FF FF FF FF	SBC	$FF:FFFF,X	; 
A0:9E9D  FF FF FF FF	SBC	$FF:FFFF,X	; 
A0:9EA1  FF FF FF FF	SBC	$FF:FFFF,X	; 
A0:9EA5  FF FF FF FF	SBC	$FF:FFFF,X	; 
A0:9EA9  FF FF FF FF	SBC	$FF:FFFF,X	; 
A0:9EAD  FF FF FF FF	SBC	$FF:FFFF,X	; 
A0:9EB1  FF FF FF FF	SBC	$FF:FFFF,X	; 
A0:9EB5  FF FF FF FF	SBC	$FF:FFFF,X	; 
A0:9EB9  FF FF FF FF	SBC	$FF:FFFF,X	; 
A0:9EBD  FF FF FF FF	SBC	$FF:FFFF,X	; 
A0:9EC1  FF FF FF FF	SBC	$FF:FFFF,X	; 
A0:9EC5  FF FF FF FF	SBC	$FF:FFFF,X	; 
A0:9EC9  FF FF FF FF	SBC	$FF:FFFF,X	; 
A0:9ECD  FF FF FF FF	SBC	$FF:FFFF,X	; 
A0:9ED1  FF FF FF FF	SBC	$FF:FFFF,X	; 
A0:9ED5  FF FF FF FF	SBC	$FF:FFFF,X	; 
A0:9ED9  FF FF FF FF	SBC	$FF:FFFF,X	; 
A0:9EDD  FF FF FF FF	SBC	$FF:FFFF,X	; 
A0:9EE1  FF FF FF FF	SBC	$FF:FFFF,X	; 
A0:9EE5  FF FF FF FF	SBC	$FF:FFFF,X	; 
A0:9EE9  FF FF FF FF	SBC	$FF:FFFF,X	; 
A0:9EED  FF FF FF FF	SBC	$FF:FFFF,X	; 
A0:9EF1  FF FF FF FF	SBC	$FF:FFFF,X	; 
A0:9EF5  FF FF FF FF	SBC	$FF:FFFF,X	; 
A0:9EF9  FF FF FF FF	SBC	$FF:FFFF,X	; 
A0:9EFD  FF FF FF FF	SBC	$FF:FFFF,X	; 
A0:9F01  FF FF FF FF	SBC	$FF:FFFF,X	; 
A0:9F05  FF FF FF FF	SBC	$FF:FFFF,X	; 
A0:9F09  FF FF FF FF	SBC	$FF:FFFF,X	; 
A0:9F0D  FF FF FF FF	SBC	$FF:FFFF,X	; 
A0:9F11  FF FF FF FF	SBC	$FF:FFFF,X	; 
A0:9F15  FF FF FF FF	SBC	$FF:FFFF,X	; 
A0:9F19  FF FF FF FF	SBC	$FF:FFFF,X	; 
A0:9F1D  FF FF FF FF	SBC	$FF:FFFF,X	; 
A0:9F21  FF FF FF FF	SBC	$FF:FFFF,X	; 
A0:9F25  FF FF FF FF	SBC	$FF:FFFF,X	; 
A0:9F29  FF FF FF FF	SBC	$FF:FFFF,X	; 
A0:9F2D  FF FF FF FF	SBC	$FF:FFFF,X	; 
A0:9F31  FF FF FF FF	SBC	$FF:FFFF,X	; 
A0:9F35  FF FF FF FF	SBC	$FF:FFFF,X	; 
A0:9F39  FF FF FF FF	SBC	$FF:FFFF,X	; 
A0:9F3D  FF FF FF FF	SBC	$FF:FFFF,X	; 
A0:9F41  FF FF FF FF	SBC	$FF:FFFF,X	; 
A0:9F45  FF FF FF FF	SBC	$FF:FFFF,X	; 
A0:9F49  FF FF FF FF	SBC	$FF:FFFF,X	; 
A0:9F4D  FF FF FF FF	SBC	$FF:FFFF,X	; 
A0:9F51  FF FF FF FF	SBC	$FF:FFFF,X	; 
A0:9F55  FF FF FF FF	SBC	$FF:FFFF,X	; 
A0:9F59  FF FF FF FF	SBC	$FF:FFFF,X	; 
A0:9F5D  FF FF FF FF	SBC	$FF:FFFF,X	; 
A0:9F61  FF FF FF FF	SBC	$FF:FFFF,X	; 
A0:9F65  FF FF FF FF	SBC	$FF:FFFF,X	; 
A0:9F69  FF FF FF FF	SBC	$FF:FFFF,X	; 
A0:9F6D  FF FF FF FF	SBC	$FF:FFFF,X	; 
A0:9F71  FF FF FF FF	SBC	$FF:FFFF,X	; 
A0:9F75  FF FF FF FF	SBC	$FF:FFFF,X	; 
A0:9F79  FF FF FF FF	SBC	$FF:FFFF,X	; 
A0:9F7D  FF FF FF FF	SBC	$FF:FFFF,X	; 
A0:9F81  FF FF FF FF	SBC	$FF:FFFF,X	; 
A0:9F85  FF FF FF FF	SBC	$FF:FFFF,X	; 
A0:9F89  FF FF FF FF	SBC	$FF:FFFF,X	; 
A0:9F8D  FF FF FF FF	SBC	$FF:FFFF,X	; 
A0:9F91  FF FF FF FF	SBC	$FF:FFFF,X	; 
A0:9F95  FF FF FF FF	SBC	$FF:FFFF,X	; 
A0:9F99  FF FF FF FF	SBC	$FF:FFFF,X	; 
A0:9F9D  FF FF FF FF	SBC	$FF:FFFF,X	; 
A0:9FA1  FF FF FF FF	SBC	$FF:FFFF,X	; 
A0:9FA5  FF FF FF FF	SBC	$FF:FFFF,X	; 
A0:9FA9  FF FF FF FF	SBC	$FF:FFFF,X	; 
A0:9FAD  FF FF FF FF	SBC	$FF:FFFF,X	; 
A0:9FB1  FF FF FF FF	SBC	$FF:FFFF,X	; 
A0:9FB5  FF FF FF FF	SBC	$FF:FFFF,X	; 
A0:9FB9  FF FF FF FF	SBC	$FF:FFFF,X	; 
A0:9FBD  FF FF FF FF	SBC	$FF:FFFF,X	; 
A0:9FC1  FF FF FF FF	SBC	$FF:FFFF,X	; 
A0:9FC5  FF FF FF FF	SBC	$FF:FFFF,X	; 
A0:9FC9  FF FF FF FF	SBC	$FF:FFFF,X	; 
A0:9FCD  FF FF FF FF	SBC	$FF:FFFF,X	; 
A0:9FD1  FF FF FF FF	SBC	$FF:FFFF,X	; 
A0:9FD5  FF FF FF FF	SBC	$FF:FFFF,X	; 
A0:9FD9  FF FF FF FF	SBC	$FF:FFFF,X	; 
A0:9FDD  FF FF FF FF	SBC	$FF:FFFF,X	; 
A0:9FE1  FF FF FF FF	SBC	$FF:FFFF,X	; 
A0:9FE5  FF FF FF FF	SBC	$FF:FFFF,X	; 
A0:9FE9  FF FF FF FF	SBC	$FF:FFFF,X	; 
A0:9FED  FF FF FF FF	SBC	$FF:FFFF,X	; 
A0:9FF1  FF FF FF FF	SBC	$FF:FFFF,X	; 
A0:9FF5  FF FF FF FF	SBC	$FF:FFFF,X	; 
A0:9FF9  FF FF FF FF	SBC	$FF:FFFF,X	; 
A0:9FFD  FF FF FF 00	SBC	$00:FFFF,X	; 
A0:A001  00 4B		BRK	#$4B		; 
A0:A003  AB		PLB			; 
A0:A004  22 58 A3 80	JSL	$80:A358	; 
A0:A008  22 BA C9 80	JSL	$80:C9BA	; 
A0:A00C  22 7A A4 80	JSL	$80:A47A	; 
A0:A010  22 58 A3 80	JSL	$80:A358	; 
A0:A014  22 2D F1 00	JSL	$00:F12D	; 
A0:A018  22 0C AB 80	JSL	$80:AB0C	; 
A0:A01C  C2 20		REP	#$20		; A:16
A0:A01E  A9 DB C9	LDA	#$C9DB		; 
A0:A021  85 0F		STA	$0F		; 
A0:A023  E2 20		SEP	#$20		; A:8
A0:A025  A9 80		LDA	#$80		; 
A0:A027  85 11		STA	$11		; 
A0:A029  22 B4 AC 80	JSL	$80:ACB4	; 
A0:A02D  22 47 F1 00	JSL	$00:F147	; 
A0:A031  EE 38 00	INC	$0038		; 
A0:A034  20 40 A0	JSR	$A040		; 
A0:A037  22 01 AE 80	JSL	$80:AE01	; 
A0:A03B  20 4F A0	JSR	$A04F		; 
A0:A03E  80 ED		BRA	$A02D		; 
A0:A040  9C E6 0A	STZ	$0AE6		; 
A0:A043  9C 01 03	STZ	$0301		; 
A0:A046  22 36 AB 80	JSL	$80:AB36	; 
A0:A04A  22 9C D8 80	JSL	$80:D89C	; 
A0:A04E  60		RTS			; 
A0:A04F  22 A3 D8 80	JSL	$80:D8A3	; 
A0:A053  22 EA AE 80	JSL	$80:AEEA	; 
A0:A057  22 3D B0 80	JSL	$80:B03D	; 
A0:A05B  A9 01		LDA	#$01		; 
A0:A05D  8D E6 0A	STA	$0AE6		; 
A0:A060  22 91 B7 80	JSL	$80:B791	; 
A0:A064  60		RTS			; 
A0:A065  85 00		STA	$00		; 
A0:A067  AD 76 03	LDA	$0376		; 
A0:A06A  29 F8		AND	#$F8		; 
A0:A06C  05 00		ORA	$00		; 
A0:A06E  8D 76 03	STA	$0376		; 
A0:A071  6B		RTL			; 
A0:A072  A9 10		LDA	#$10		; 
A0:A074  1C 79 03	TRB	$0379		; 
A0:A077  9C AC 03	STZ	$03AC		; 
A0:A07A  6B		RTL			; 
A0:A07B  A9 10		LDA	#$10		; 
A0:A07D  0C 79 03	TSB	$0379		; 
A0:A080  A9 01		LDA	#$01		; 
A0:A082  8D AC 03	STA	$03AC		; 
A0:A085  6B		RTL			; 
A0:A086  85 00		STA	$00		; 
A0:A088  AD A6 03	LDA	$03A6		; 
A0:A08B  29 1F		AND	#$1F		; 
A0:A08D  05 00		ORA	$00		; 
A0:A08F  8D A6 03	STA	$03A6		; 
A0:A092  8D 01 21	STA	$2101		; PPU OBSEL
A0:A095  6B		RTL			; 
A0:A096  85 00		STA	$00		; 
A0:A098  AD 76 03	LDA	$0376		; 
A0:A09B  29 0F		AND	#$0F		; 
A0:A09D  05 00		ORA	$00		; 
A0:A09F  8D 76 03	STA	$0376		; 
A0:A0A2  6B		RTL			; 
A0:A0A3  85 00		STA	$00		; 
A0:A0A5  AD 76 03	LDA	$0376		; 
A0:A0A8  29 F7		AND	#$F7		; 
A0:A0AA  8D 76 03	STA	$0376		; 
A0:A0AD  A5 00		LDA	$00		; 
A0:A0AF  F0 08		BEQ	$A0B9		; 
A0:A0B1  AD 76 03	LDA	$0376		; 
A0:A0B4  09 08		ORA	#$08		; 
A0:A0B6  8D 76 03	STA	$0376		; 
A0:A0B9  6B		RTL			; 
A0:A0BA  5A		PHY			; 
A0:A0BB  DA		PHX			; 
A0:A0BC  A2 00		LDX	#$00		; 
A0:A0BE  C2 20		REP	#$20		; A:16
A0:A0C0  BF 40 20 7E	LDA	$7E:2040,X	; 
A0:A0C4  85 3D		STA	$3D		; 
A0:A0C6  E8		INX			; 
A0:A0C7  E8		INX			; 
A0:A0C8  BF 40 20 7E	LDA	$7E:2040,X	; 
A0:A0CC  85 3F		STA	$3F		; 
A0:A0CE  E8		INX			; 
A0:A0CF  E8		INX			; 
A0:A0D0  BF 40 20 7E	LDA	$7E:2040,X	; 
A0:A0D4  85 41		STA	$41		; 
A0:A0D6  E8		INX			; 
A0:A0D7  E8		INX			; 
A0:A0D8  A5 3F		LDA	$3F		; 
A0:A0DA  E2 20		SEP	#$20		; A:8
A0:A0DC  F0 05		BEQ	$A0E3		; 
A0:A0DE  20 F0 A0	JSR	$A0F0		; 
A0:A0E1  80 DB		BRA	$A0BE		; 
A0:A0E3  A9 00		LDA	#$00		; 
A0:A0E5  8F 42 20 7E	STA	$7E:2042	; 
A0:A0E9  8F 43 20 7E	STA	$7E:2043	; 
A0:A0ED  FA		PLX			; 
A0:A0EE  7A		PLY			; 
A0:A0EF  6B		RTL			; 
A0:A0F0  20 37 A1	JSR	$A137		; 
A0:A0F3  C2 20		REP	#$20		; A:16
A0:A0F5  A5 3D		LDA	$3D		; 
A0:A0F7  8D 16 21	STA	$2116		; PPU VMADDL
A0:A0FA  E2 20		SEP	#$20		; A:8
A0:A0FC  AD 3A 21	LDA	$213A		; PPU RDVRAMH
A0:A0FF  A9 39		LDA	#$39		; 
A0:A101  8D 01 43	STA	$4301		; DMA BBAD0
A0:A104  A9 81		LDA	#$81		; 
A0:A106  8D 00 43	STA	$4300		; DMA DMAP0
A0:A109  A9 01		LDA	#$01		; 
A0:A10B  8D 0B 42	STA	$420B		; CPU MDMAEN
A0:A10E  20 37 A1	JSR	$A137		; 
A0:A111  A9 18		LDA	#$18		; 
A0:A113  8D 01 43	STA	$4301		; DMA BBAD0
A0:A116  C2 20		REP	#$20		; A:16
A0:A118  A5 41		LDA	$41		; 
A0:A11A  8D 16 21	STA	$2116		; PPU VMADDL
A0:A11D  E2 20		SEP	#$20		; A:8
A0:A11F  A9 01		LDA	#$01		; 
A0:A121  8D 00 43	STA	$4300		; DMA DMAP0
A0:A124  A9 01		LDA	#$01		; 
A0:A126  8D 0B 42	STA	$420B		; CPU MDMAEN
A0:A129  C2 20		REP	#$20		; A:16
A0:A12B  AD BF 03	LDA	$03BF		; 
A0:A12E  69 40 01	ADC	#$0140		; 
A0:A131  8D BF 03	STA	$03BF		; 
A0:A134  E2 20		SEP	#$20		; A:8
A0:A136  60		RTS			; 
A0:A137  C2 20		REP	#$20		; A:16
A0:A139  A9 00 20	LDA	#$2000		; 
A0:A13C  8D 02 43	STA	$4302		; DMA A1T0L
A0:A13F  E2 20		SEP	#$20		; A:8
A0:A141  A9 7E		LDA	#$7E		; 
A0:A143  8D 04 43	STA	$4304		; DMA A1B0
A0:A146  A5 3F		LDA	$3F		; 
A0:A148  29 FE		AND	#$FE		; 
A0:A14A  8D 05 43	STA	$4305		; DMA DAS0L
A0:A14D  9C 06 43	STZ	$4306		; DMA DAS0H
A0:A150  60		RTS			; 
A0:A151  DA		PHX			; 
A0:A152  C2 30		REP	#$30		; AXY:16
A0:A154  AE B1 03	LDX	$03B1		; 
A0:A157  A5 0F		LDA	$0F		; 
A0:A159  9F 04 80 7E	STA	$7E:8004,X	; 
A0:A15D  AD AA 03	LDA	$03AA		; 
A0:A160  9F 00 80 7E	STA	$7E:8000,X	; 
A0:A164  8A		TXA			; 
A0:A165  18		CLC			; 
A0:A166  69 06 00	ADC	#$0006		; 
A0:A169  8D B5 03	STA	$03B5		; 
A0:A16C  E2 30		SEP	#$30		; AXY:8
A0:A16E  FA		PLX			; 
A0:A16F  6B		RTL			; 
A0:A170  DA		PHX			; 
A0:A171  C2 30		REP	#$30		; AXY:16
A0:A173  AE B5 03	LDX	$03B5		; 
A0:A176  A5 06		LDA	$06		; 
A0:A178  9F 00 80 7E	STA	$7E:8000,X	; 
A0:A17C  E8		INX			; 
A0:A17D  E8		INX			; 
A0:A17E  8E B5 03	STX	$03B5		; 
A0:A181  E2 30		SEP	#$30		; AXY:8
A0:A183  FA		PLX			; 
A0:A184  6B		RTL			; 
A0:A185  DA		PHX			; 
A0:A186  C2 30		REP	#$30		; AXY:16
A0:A188  AE B1 03	LDX	$03B1		; 
A0:A18B  AD B5 03	LDA	$03B5		; 
A0:A18E  38		SEC			; 
A0:A18F  ED B1 03	SBC	$03B1		; 
A0:A192  E9 06 00	SBC	#$0006		; 
A0:A195  9F 02 80 7E	STA	$7E:8002,X	; 
A0:A199  AD B5 03	LDA	$03B5		; 
A0:A19C  29 FF 3F	AND	#$3FFF		; 
A0:A19F  8D B1 03	STA	$03B1		; 
A0:A1A2  E2 30		SEP	#$30		; AXY:8
A0:A1A4  FA		PLX			; 
A0:A1A5  6B		RTL			; 
A0:A1A6  C2 20		REP	#$20		; A:16
A0:A1A8  A9 00 00	LDA	#$0000		; 
A0:A1AB  8D AF 03	STA	$03AF		; 
A0:A1AE  8D B1 03	STA	$03B1		; 
A0:A1B1  E2 20		SEP	#$20		; A:8
A0:A1B3  A9 84		LDA	#$84		; 
A0:A1B5  8D AA 03	STA	$03AA		; 
A0:A1B8  6B		RTL			; 
A0:A1B9  C2 10		REP	#$10		; XY:16
A0:A1BB  A2 FF 7F	LDX	#$7FFF		; 
A0:A1BE  AD AB 03	LDA	$03AB		; 
A0:A1C1  F0 0B		BEQ	$A1CE		; 
A0:A1C3  A2 00 10	LDX	#$1000		; 
A0:A1C6  AD 70 03	LDA	$0370		; 
A0:A1C9  F0 03		BEQ	$A1CE		; 
A0:A1CB  A2 00 08	LDX	#$0800		; 
A0:A1CE  C2 20		REP	#$20		; A:16
A0:A1D0  8A		TXA			; 
A0:A1D1  38		SEC			; 
A0:A1D2  ED BF 03	SBC	$03BF		; 
A0:A1D5  8D B7 03	STA	$03B7		; 
A0:A1D8  E2 20		SEP	#$20		; A:8
A0:A1DA  10 03		BPL	$A1DF		; 
A0:A1DC  4C 8E A2	JMP	$A28E		; 
A0:A1DF  AE AF 03	LDX	$03AF		; 
A0:A1E2  EC B1 03	CPX	$03B1		; 
A0:A1E5  D0 03		BNE	$A1EA		; 
A0:A1E7  4C 8E A2	JMP	$A28E		; 
A0:A1EA  C2 20		REP	#$20		; A:16
A0:A1EC  BF 00 80 7E	LDA	$7E:8000,X	; 
A0:A1F0  8D B3 03	STA	$03B3		; 
A0:A1F3  E8		INX			; 
A0:A1F4  E8		INX			; 
A0:A1F5  BF 00 80 7E	LDA	$7E:8000,X	; 
A0:A1F9  8D B9 03	STA	$03B9		; 
A0:A1FC  E8		INX			; 
A0:A1FD  E8		INX			; 
A0:A1FE  BF 00 80 7E	LDA	$7E:8000,X	; 
A0:A202  8D BB 03	STA	$03BB		; 
A0:A205  E8		INX			; 
A0:A206  E8		INX			; 
A0:A207  8E BD 03	STX	$03BD		; 
A0:A20A  AD B9 03	LDA	$03B9		; 
A0:A20D  C9 08 00	CMP	#$0008		; 
A0:A210  E2 20		SEP	#$20		; A:8
A0:A212  B0 03		BCS	$A217		; 
A0:A214  4C 91 A2	JMP	$A291		; 
A0:A217  AD B3 03	LDA	$03B3		; 
A0:A21A  29 83		AND	#$83		; 
A0:A21C  8D 15 21	STA	$2115		; PPU VMAIN
A0:A21F  AD B3 03	LDA	$03B3		; 
A0:A222  29 04		AND	#$04		; 
A0:A224  4A		LSR	A		; 
A0:A225  4A		LSR	A		; 
A0:A226  8D 00 43	STA	$4300		; DMA DMAP0
A0:A229  AD B3 03	LDA	$03B3		; 
A0:A22C  29 84		AND	#$84		; 
A0:A22E  C9 80		CMP	#$80		; 
A0:A230  F0 04		BEQ	$A236		; 
A0:A232  A9 18		LDA	#$18		; 
A0:A234  80 02		BRA	$A238		; 
A0:A236  A9 19		LDA	#$19		; 
A0:A238  8D 01 43	STA	$4301		; DMA BBAD0
A0:A23B  A9 7E		LDA	#$7E		; 
A0:A23D  8D 04 43	STA	$4304		; DMA A1B0
A0:A240  C2 20		REP	#$20		; A:16
A0:A242  AD BD 03	LDA	$03BD		; 
A0:A245  18		CLC			; 
A0:A246  69 00 80	ADC	#$8000		; 
A0:A249  8D 02 43	STA	$4302		; DMA A1T0L
A0:A24C  AD B9 03	LDA	$03B9		; 
A0:A24F  8D 05 43	STA	$4305		; DMA DAS0L
A0:A252  AD BB 03	LDA	$03BB		; 
A0:A255  8D 16 21	STA	$2116		; PPU VMADDL
A0:A258  E2 20		SEP	#$20		; A:8
A0:A25A  A9 01		LDA	#$01		; 
A0:A25C  8D 0B 42	STA	$420B		; CPU MDMAEN
A0:A25F  E2 20		SEP	#$20		; A:8
A0:A261  A9 80		LDA	#$80		; 
A0:A263  8D 15 21	STA	$2115		; PPU VMAIN
A0:A266  C2 20		REP	#$20		; A:16
A0:A268  AD AF 03	LDA	$03AF		; 
A0:A26B  18		CLC			; 
A0:A26C  6D B9 03	ADC	$03B9		; 
A0:A26F  18		CLC			; 
A0:A270  69 06 00	ADC	#$0006		; 
A0:A273  29 FF 3F	AND	#$3FFF		; 
A0:A276  8D AF 03	STA	$03AF		; 
A0:A279  AD B7 03	LDA	$03B7		; 
A0:A27C  38		SEC			; 
A0:A27D  ED B9 03	SBC	$03B9		; 
A0:A280  38		SEC			; 
A0:A281  E9 C0 00	SBC	#$00C0		; 
A0:A284  8D B7 03	STA	$03B7		; 
A0:A287  E2 20		SEP	#$20		; A:8
A0:A289  30 03		BMI	$A28E		; 
A0:A28B  4C DF A1	JMP	$A1DF		; 
A0:A28E  E2 10		SEP	#$10		; XY:8
A0:A290  6B		RTL			; 
A0:A291  C2 20		REP	#$20		; A:16
A0:A293  AD B7 03	LDA	$03B7		; 
A0:A296  38		SEC			; 
A0:A297  E9 40 00	SBC	#$0040		; 
A0:A29A  8D B7 03	STA	$03B7		; 
A0:A29D  AD BB 03	LDA	$03BB		; 
A0:A2A0  8D 16 21	STA	$2116		; PPU VMADDL
A0:A2A3  E2 20		SEP	#$20		; A:8
A0:A2A5  AD B3 03	LDA	$03B3		; 
A0:A2A8  29 83		AND	#$83		; 
A0:A2AA  8D 15 21	STA	$2115		; PPU VMAIN
A0:A2AD  AD B3 03	LDA	$03B3		; 
A0:A2B0  29 04		AND	#$04		; 
A0:A2B2  F0 18		BEQ	$A2CC		; 
A0:A2B4  C2 20		REP	#$20		; A:16
A0:A2B6  AD B9 03	LDA	$03B9		; 
A0:A2B9  4A		LSR	A		; 
A0:A2BA  A8		TAY			; 
A0:A2BB  BF 00 80 7E	LDA	$7E:8000,X	; 
A0:A2BF  8D 18 21	STA	$2118		; PPU VMDATAL
A0:A2C2  E8		INX			; 
A0:A2C3  E8		INX			; 
A0:A2C4  88		DEY			; 
A0:A2C5  D0 F4		BNE	$A2BB		; 
A0:A2C7  E2 20		SEP	#$20		; A:8
A0:A2C9  4C 5F A2	JMP	$A25F		; 
A0:A2CC  AD B3 03	LDA	$03B3		; 
A0:A2CF  29 80		AND	#$80		; 
A0:A2D1  F0 11		BEQ	$A2E4		; 
A0:A2D3  AC B9 03	LDY	$03B9		; 
A0:A2D6  BF 00 80 7E	LDA	$7E:8000,X	; 
A0:A2DA  8D 19 21	STA	$2119		; PPU VMDATAH
A0:A2DD  E8		INX			; 
A0:A2DE  88		DEY			; 
A0:A2DF  D0 F5		BNE	$A2D6		; 
A0:A2E1  4C 5F A2	JMP	$A25F		; 
A0:A2E4  AC B9 03	LDY	$03B9		; 
A0:A2E7  BF 00 80 7E	LDA	$7E:8000,X	; 
A0:A2EB  8D 18 21	STA	$2118		; PPU VMDATAL
A0:A2EE  E8		INX			; 
A0:A2EF  88		DEY			; 
A0:A2F0  D0 F5		BNE	$A2E7		; 
A0:A2F2  4C 5F A2	JMP	$A25F		; 
A0:A2F5  C2 20		REP	#$20		; A:16
A0:A2F7  AD B1 03	LDA	$03B1		; 
A0:A2FA  38		SEC			; 
A0:A2FB  ED AF 03	SBC	$03AF		; 
A0:A2FE  85 06		STA	$06		; 
A0:A300  A9 FF 3F	LDA	#$3FFF		; 
A0:A303  38		SEC			; 
A0:A304  E5 06		SBC	$06		; 
A0:A306  3A		DEC	A		; 
A0:A307  29 FF 3F	AND	#$3FFF		; 
A0:A30A  85 06		STA	$06		; 
A0:A30C  E2 20		SEP	#$20		; A:8
A0:A30E  6B		RTL			; 
A0:A30F  AD 6D 03	LDA	$036D		; 
A0:A312  D0 04		BNE	$A318		; 
A0:A314  22 2F A3 80	JSL	$80:A32F	; 
A0:A318  C2 20		REP	#$20		; A:16
A0:A31A  AD B1 03	LDA	$03B1		; 
A0:A31D  CD AF 03	CMP	$03AF		; 
A0:A320  E2 20		SEP	#$20		; A:8
A0:A322  D0 F4		BNE	$A318		; 
A0:A324  AF 42 20 7E	LDA	$7E:2042	; 
A0:A328  0F 43 20 7E	ORA	$7E:2043	; 
A0:A32C  D0 EA		BNE	$A318		; 
A0:A32E  6B		RTL			; 
A0:A32F  5A		PHY			; 
A0:A330  DA		PHX			; 
A0:A331  22 B9 A1 80	JSL	$80:A1B9	; 
A0:A335  C2 20		REP	#$20		; A:16
A0:A337  AD AF 03	LDA	$03AF		; 
A0:A33A  CD B1 03	CMP	$03B1		; 
A0:A33D  E2 20		SEP	#$20		; A:8
A0:A33F  D0 F0		BNE	$A331		; 
A0:A341  FA		PLX			; 
A0:A342  7A		PLY			; 
A0:A343  60		RTS			; 
A0:A344  22 0F A3 80	JSL	$80:A30F	; 
A0:A348  A9 0F		LDA	#$0F		; 
A0:A34A  8D 73 03	STA	$0373		; 
A0:A34D  80 03		BRA	$A352		; 
A0:A34F  9C 73 03	STZ	$0373		; 
A0:A352  A9 01		LDA	#$01		; 
A0:A354  8D AB 03	STA	$03AB		; 
A0:A357  6B		RTL			; 
A0:A358  A9 80		LDA	#$80		; 
A0:A35A  8D 73 03	STA	$0373		; 
A0:A35D  9C AB 03	STZ	$03AB		; 
A0:A360  6B		RTL			; 
A0:A361  C2 20		REP	#$20		; A:16
A0:A363  AD AD 03	LDA	$03AD		; 
A0:A366  48		PHA			; 
A0:A367  E2 20		SEP	#$20		; A:8
A0:A369  22 0F A3 80	JSL	$80:A30F	; 
A0:A36D  AD 3C 11	LDA	$113C		; 
A0:A370  F0 08		BEQ	$A37A		; 
A0:A372  80 16		BRA	$A38A		; 
A0:A374  22 FC A3 80	JSL	$80:A3FC	; 
A0:A378  80 10		BRA	$A38A		; 
A0:A37A  9C AD 03	STZ	$03AD		; 
A0:A37D  A9 01		LDA	#$01		; 
A0:A37F  8D AE 03	STA	$03AE		; 
A0:A382  22 A5 A3 80	JSL	$80:A3A5	; 
A0:A386  22 AF A3 80	JSL	$80:A3AF	; 
A0:A38A  C2 20		REP	#$20		; A:16
A0:A38C  A9 80 20	LDA	#$2080		; 
A0:A38F  8D AD 03	STA	$03AD		; 
A0:A392  E2 20		SEP	#$20		; A:8
A0:A394  22 BD A3 80	JSL	$80:A3BD	; 
A0:A398  22 0F A3 80	JSL	$80:A30F	; 
A0:A39C  C2 20		REP	#$20		; A:16
A0:A39E  68		PLA			; 
A0:A39F  8D AD 03	STA	$03AD		; 
A0:A3A2  E2 20		SEP	#$20		; A:8
A0:A3A4  6B		RTL			; 
A0:A3A5  64 2A		STZ	$2A		; 
A0:A3A7  A9 08		LDA	#$08		; 
A0:A3A9  85 2B		STA	$2B		; 
A0:A3AB  20 20 A4	JSR	$A420		; 
A0:A3AE  6B		RTL			; 
A0:A3AF  64 2A		STZ	$2A		; 
A0:A3B1  A9 10		LDA	#$10		; 
A0:A3B3  85 2B		STA	$2B		; 
A0:A3B5  20 20 A4	JSR	$A420		; 
A0:A3B8  6B		RTL			; 
A0:A3B9  22 B2 86 81	JSL	$81:86B2	; 
A0:A3BD  22 96 A7 84	JSL	$84:A796	; 
A0:A3C1  9C AC 12	STZ	$12AC		; 
A0:A3C4  22 DC D0 84	JSL	$84:D0DC	; 
A0:A3C8  B0 12		BCS	$A3DC		; 
A0:A3CA  C2 20		REP	#$20		; A:16
A0:A3CC  AD 46 11	LDA	$1146		; 
A0:A3CF  18		CLC			; 
A0:A3D0  69 00 08	ADC	#$0800		; 
A0:A3D3  85 2A		STA	$2A		; 
A0:A3D5  E2 20		SEP	#$20		; A:8
A0:A3D7  20 20 A4	JSR	$A420		; 
A0:A3DA  80 1F		BRA	$A3FB		; 
A0:A3DC  9C 0B 03	STZ	$030B		; 
A0:A3DF  A9 10		LDA	#$10		; 
A0:A3E1  8D 0D 03	STA	$030D		; 
A0:A3E4  A9 20		LDA	#$20		; 
A0:A3E6  8D 0F 03	STA	$030F		; 
A0:A3E9  A9 10		LDA	#$10		; 
A0:A3EB  8D 10 03	STA	$0310		; 
A0:A3EE  C2 20		REP	#$20		; A:16
A0:A3F0  AD AD 03	LDA	$03AD		; 
A0:A3F3  85 06		STA	$06		; 
A0:A3F5  E2 20		SEP	#$20		; A:8
A0:A3F7  22 19 C9 80	JSL	$80:C919	; 
A0:A3FB  6B		RTL			; 
A0:A3FC  C2 20		REP	#$20		; A:16
A0:A3FE  AD AD 03	LDA	$03AD		; 
A0:A401  48		PHA			; 
A0:A402  E2 20		SEP	#$20		; A:8
A0:A404  9C AD 03	STZ	$03AD		; 
A0:A407  9C AE 03	STZ	$03AE		; 
A0:A40A  64 2A		STZ	$2A		; 
A0:A40C  A9 40		LDA	#$40		; 
A0:A40E  85 2B		STA	$2B		; 
A0:A410  20 20 A4	JSR	$A420		; 
A0:A413  A5 2B		LDA	$2B		; 
A0:A415  D0 F9		BNE	$A410		; 
A0:A417  C2 20		REP	#$20		; A:16
A0:A419  68		PLA			; 
A0:A41A  8D AD 03	STA	$03AD		; 
A0:A41D  E2 20		SEP	#$20		; A:8
A0:A41F  6B		RTL			; 
A0:A420  5A		PHY			; 
A0:A421  A0 0F		LDY	#$0F		; 
A0:A423  A5 2A		LDA	$2A		; 
A0:A425  38		SEC			; 
A0:A426  E9 80		SBC	#$80		; 
A0:A428  85 2A		STA	$2A		; 
A0:A42A  A5 2B		LDA	$2B		; 
A0:A42C  E9 00		SBC	#$00		; 
A0:A42E  85 2B		STA	$2B		; 
A0:A430  20 38 A4	JSR	$A438		; 
A0:A433  88		DEY			; 
A0:A434  10 ED		BPL	$A423		; 
A0:A436  7A		PLY			; 
A0:A437  60		RTS			; 
A0:A438  5A		PHY			; 
A0:A439  DA		PHX			; 
A0:A43A  C2 30		REP	#$30		; AXY:16
A0:A43C  AE B1 03	LDX	$03B1		; 
A0:A43F  A9 84 00	LDA	#$0084		; 
A0:A442  9F 00 80 7E	STA	$7E:8000,X	; 
A0:A446  A9 00 01	LDA	#$0100		; 
A0:A449  9F 02 80 7E	STA	$7E:8002,X	; 
A0:A44D  A5 2A		LDA	$2A		; 
A0:A44F  9F 04 80 7E	STA	$7E:8004,X	; 
A0:A453  8A		TXA			; 
A0:A454  18		CLC			; 
A0:A455  69 06 00	ADC	#$0006		; 
A0:A458  AA		TAX			; 
A0:A459  AD AD 03	LDA	$03AD		; 
A0:A45C  A0 80 00	LDY	#$0080		; 
A0:A45F  9F 00 80 7E	STA	$7E:8000,X	; 
A0:A463  E8		INX			; 
A0:A464  E8		INX			; 
A0:A465  88		DEY			; 
A0:A466  D0 F7		BNE	$A45F		; 
A0:A468  8A		TXA			; 
A0:A469  29 FF 3F	AND	#$3FFF		; 
A0:A46C  8D B1 03	STA	$03B1		; 
A0:A46F  E2 30		SEP	#$30		; AXY:8
A0:A471  FA		PLX			; 
A0:A472  7A		PLY			; 
A0:A473  60		RTS			; 
A0:A474  A9 01		LDA	#$01		; 
A0:A476  8D 6F 03	STA	$036F		; 
A0:A479  6B		RTL			; 
A0:A47A  DA		PHX			; 
A0:A47B  9C C3 03	STZ	$03C3		; 
A0:A47E  64 52		STZ	$52		; 
A0:A480  20 F0 A7	JSR	$A7F0		; 
A0:A483  C2 20		REP	#$20		; A:16
A0:A485  AF 25 AA 80	LDA	$80:AA25	; 
A0:A489  85 43		STA	$43		; 
A0:A48B  E2 20		SEP	#$20		; A:8
A0:A48D  AF 27 AA 80	LDA	$80:AA27	; 
A0:A491  85 45		STA	$45		; 
A0:A493  20 3E A8	JSR	$A83E		; 
A0:A496  9C C4 03	STZ	$03C4		; 
A0:A499  C2 20		REP	#$20		; A:16
A0:A49B  AF B8 AA 80	LDA	$80:AAB8	; 
A0:A49F  85 43		STA	$43		; 
A0:A4A1  E2 20		SEP	#$20		; A:8
A0:A4A3  AF BA AA 80	LDA	$80:AABA	; 
A0:A4A7  85 45		STA	$45		; 
A0:A4A9  20 3E A8	JSR	$A83E		; 
A0:A4AC  9C C9 03	STZ	$03C9		; 
A0:A4AF  C2 20		REP	#$20		; A:16
A0:A4B1  AF 3D AA 80	LDA	$80:AA3D	; 
A0:A4B5  85 43		STA	$43		; 
A0:A4B7  E2 20		SEP	#$20		; A:8
A0:A4B9  AF 3F AA 80	LDA	$80:AA3F	; 
A0:A4BD  85 45		STA	$45		; 
A0:A4BF  20 3E A8	JSR	$A83E		; 
A0:A4C2  9C C6 03	STZ	$03C6		; 
A0:A4C5  C2 20		REP	#$20		; A:16
A0:A4C7  A9 67 19	LDA	#$1967		; 
A0:A4CA  85 43		STA	$43		; 
A0:A4CC  E2 20		SEP	#$20		; A:8
A0:A4CE  A9 DB		LDA	#$DB		; 
A0:A4D0  85 45		STA	$45		; 
A0:A4D2  20 3E A8	JSR	$A83E		; 
A0:A4D5  64 43		STZ	$43		; 
A0:A4D7  64 44		STZ	$44		; 
A0:A4D9  A9 DB		LDA	#$DB		; 
A0:A4DB  85 45		STA	$45		; 
A0:A4DD  20 3E A8	JSR	$A83E		; 
A0:A4E0  20 C4 A7	JSR	$A7C4		; 
A0:A4E3  64 46		STZ	$46		; 
A0:A4E5  64 47		STZ	$47		; 
A0:A4E7  64 48		STZ	$48		; 
A0:A4E9  FA		PLX			; 
A0:A4EA  6B		RTL			; 
A0:A4EB  A5 48		LDA	$48		; 
A0:A4ED  D0 20		BNE	$A50F		; 
A0:A4EF  AD C3 03	LDA	$03C3		; 
A0:A4F2  F0 1B		BEQ	$A50F		; 
A0:A4F4  05 46		ORA	$46		; 
A0:A4F6  8D 40 21	STA	$2140		; APU I00
A0:A4F9  48		PHA			; 
A0:A4FA  AD 40 21	LDA	$2140		; APU I00
A0:A4FD  49 80		EOR	#$80		; 
A0:A4FF  85 50		STA	$50		; 
A0:A501  68		PLA			; 
A0:A502  C5 50		CMP	$50		; 
A0:A504  D0 09		BNE	$A50F		; 
A0:A506  A5 46		LDA	$46		; 
A0:A508  49 80		EOR	#$80		; 
A0:A50A  85 46		STA	$46		; 
A0:A50C  9C C3 03	STZ	$03C3		; 
A0:A50F  6B		RTL			; 
A0:A510  08		PHP			; 
A0:A511  5A		PHY			; 
A0:A512  DA		PHX			; 
A0:A513  C2 20		REP	#$20		; A:16
A0:A515  8D CB 03	STA	$03CB		; 
A0:A518  E2 20		SEP	#$20		; A:8
A0:A51A  AD CB 03	LDA	$03CB		; 
A0:A51D  F0 1F		BEQ	$A53E		; 
A0:A51F  AD CC 03	LDA	$03CC		; 
A0:A522  30 17		BMI	$A53B		; 
A0:A524  C9 20		CMP	#$20		; 
A0:A526  B0 0E		BCS	$A536		; 
A0:A528  C9 10		CMP	#$10		; 
A0:A52A  B0 05		BCS	$A531		; 
A0:A52C  20 42 A5	JSR	$A542		; 
A0:A52F  80 0D		BRA	$A53E		; 
A0:A531  20 7B A5	JSR	$A57B		; 
A0:A534  80 08		BRA	$A53E		; 
A0:A536  20 A7 A5	JSR	$A5A7		; 
A0:A539  80 03		BRA	$A53E		; 
A0:A53B  20 3A A6	JSR	$A63A		; 
A0:A53E  FA		PLX			; 
A0:A53F  7A		PLY			; 
A0:A540  28		PLP			; 
A0:A541  6B		RTL			; 
A0:A542  AD CB 03	LDA	$03CB		; 
A0:A545  8D C8 03	STA	$03C8		; 
A0:A548  C9 29		CMP	#$29		; 
A0:A54A  90 18		BCC	$A564		; 
A0:A54C  C9 65		CMP	#$65		; 
A0:A54E  90 09		BCC	$A559		; 
A0:A550  AD C9 03	LDA	$03C9		; 
A0:A553  C9 01		CMP	#$01		; 
A0:A555  F0 0D		BEQ	$A564		; 
A0:A557  80 07		BRA	$A560		; 
A0:A559  AD C9 03	LDA	$03C9		; 
A0:A55C  C9 00		CMP	#$00		; 
A0:A55E  F0 04		BEQ	$A564		; 
A0:A560  00 EA		BRK	#$EA		; 
A0:A562  80 16		BRA	$A57A		; 
A0:A564  AD C8 03	LDA	$03C8		; 
A0:A567  C2 30		REP	#$30		; AXY:16
A0:A569  29 FF 00	AND	#$00FF		; 
A0:A56C  AA		TAX			; 
A0:A56D  E2 20		SEP	#$20		; A:8
A0:A56F  BF A2 A8 80	LDA	$80:A8A2,X	; 
A0:A573  F0 00		BEQ	$A575		; 
A0:A575  E2 10		SEP	#$10		; XY:8
A0:A577  8D C3 03	STA	$03C3		; 
A0:A57A  60		RTS			; 
A0:A57B  A9 01		LDA	#$01		; 
A0:A57D  85 48		STA	$48		; 
A0:A57F  AD CB 03	LDA	$03CB		; 
A0:A582  8D C7 03	STA	$03C7		; 
A0:A585  9C CA 03	STZ	$03CA		; 
A0:A588  C2 30		REP	#$30		; AXY:16
A0:A58A  29 FF 00	AND	#$00FF		; 
A0:A58D  85 00		STA	$00		; 
A0:A58F  0A		ASL	A		; 
A0:A590  65 00		ADC	$00		; 
A0:A592  AA		TAX			; 
A0:A593  E2 20		SEP	#$20		; A:8
A0:A595  BF 4A A9 80	LDA	$80:A94A,X	; 
A0:A599  48		PHA			; 
A0:A59A  BF 4B A9 80	LDA	$80:A94B,X	; 
A0:A59E  48		PHA			; 
A0:A59F  BF 4C A9 80	LDA	$80:A94C,X	; 
A0:A5A3  E2 10		SEP	#$10		; XY:8
A0:A5A5  80 2A		BRA	$A5D1		; 
A0:A5A7  A9 01		LDA	#$01		; 
A0:A5A9  85 48		STA	$48		; 
A0:A5AB  AD CB 03	LDA	$03CB		; 
A0:A5AE  8D C5 03	STA	$03C5		; 
A0:A5B1  9C CA 03	STZ	$03CA		; 
A0:A5B4  C2 30		REP	#$30		; AXY:16
A0:A5B6  29 FF 00	AND	#$00FF		; 
A0:A5B9  85 00		STA	$00		; 
A0:A5BB  0A		ASL	A		; 
A0:A5BC  65 00		ADC	$00		; 
A0:A5BE  AA		TAX			; 
A0:A5BF  E2 20		SEP	#$20		; A:8
A0:A5C1  BF 71 A9 80	LDA	$80:A971,X	; 
A0:A5C5  48		PHA			; 
A0:A5C6  BF 72 A9 80	LDA	$80:A972,X	; 
A0:A5CA  48		PHA			; 
A0:A5CB  BF 73 A9 80	LDA	$80:A973,X	; 
A0:A5CF  E2 10		SEP	#$10		; XY:8
A0:A5D1  C9 FF		CMP	#$FF		; 
A0:A5D3  F0 28		BEQ	$A5FD		; 
A0:A5D5  CD C4 03	CMP	$03C4		; 
A0:A5D8  F0 23		BEQ	$A5FD		; 
A0:A5DA  8D C4 03	STA	$03C4		; 
A0:A5DD  0A		ASL	A		; 
A0:A5DE  6D C4 03	ADC	$03C4		; 
A0:A5E1  AA		TAX			; 
A0:A5E2  BF 25 AA 80	LDA	$80:AA25,X	; 
A0:A5E6  85 43		STA	$43		; 
A0:A5E8  BF 26 AA 80	LDA	$80:AA26,X	; 
A0:A5EC  85 44		STA	$44		; 
A0:A5EE  BF 27 AA 80	LDA	$80:AA27,X	; 
A0:A5F2  85 45		STA	$45		; 
A0:A5F4  20 C0 A7	JSR	$A7C0		; 
A0:A5F7  20 3E A8	JSR	$A83E		; 
A0:A5FA  EE CA 03	INC	$03CA		; 
A0:A5FD  68		PLA			; 
A0:A5FE  CD C6 03	CMP	$03C6		; 
A0:A601  F0 28		BEQ	$A62B		; 
A0:A603  8D C6 03	STA	$03C6		; 
A0:A606  0A		ASL	A		; 
A0:A607  6D C6 03	ADC	$03C6		; 
A0:A60A  AA		TAX			; 
A0:A60B  BF 3D AA 80	LDA	$80:AA3D,X	; 
A0:A60F  85 43		STA	$43		; 
A0:A611  BF 3E AA 80	LDA	$80:AA3E,X	; 
A0:A615  85 44		STA	$44		; 
A0:A617  BF 3F AA 80	LDA	$80:AA3F,X	; 
A0:A61B  85 45		STA	$45		; 
A0:A61D  AD CA 03	LDA	$03CA		; 
A0:A620  D0 03		BNE	$A625		; 
A0:A622  20 C0 A7	JSR	$A7C0		; 
A0:A625  20 3E A8	JSR	$A83E		; 
A0:A628  EE CA 03	INC	$03CA		; 
A0:A62B  AD CA 03	LDA	$03CA		; 
A0:A62E  F0 03		BEQ	$A633		; 
A0:A630  20 CB A7	JSR	$A7CB		; 
A0:A633  68		PLA			; 
A0:A634  8D C3 03	STA	$03C3		; 
A0:A637  64 48		STZ	$48		; 
A0:A639  60		RTS			; 
A0:A63A  AD CB 03	LDA	$03CB		; 
A0:A63D  0A		ASL	A		; 
A0:A63E  AA		TAX			; 
A0:A63F  C2 20		REP	#$20		; A:16
A0:A641  BF 54 A6 80	LDA	$80:A654,X	; 
A0:A645  85 4D		STA	$4D		; 
A0:A647  E2 20		SEP	#$20		; A:8
A0:A649  4B		PHK			; 
A0:A64A  68		PLA			; 
A0:A64B  85 4F		STA	$4F		; 
A0:A64D  20 51 A6	JSR	$A651		; 
A0:A650  60		RTS			; 
A0:A651  DC 4D 00	JMP	[$004D]		; 
A0:A654  00 00		BRK	#$00		; 
A0:A656  6C A6 81	JMP	($81A6)		; 
A0:A659  A6 8D		LDX	$8D		; 
A0:A65B  A6 99		LDX	$99		; 
A0:A65D  A6 AB		LDX	$AB		; 
A0:A65F  A6 AF		LDX	$AF		; 
A0:A661  A6 F0		LDX	$F0		; 
A0:A663  A6 F4		LDX	$F4		; 
A0:A665  A6 32		LDX	$32		; 
A0:A667  A7 23		LDA	[$23]		; 
A0:A669  A7 81		LDA	[$81]		; 
A0:A66B  A7 9C		LDA	[$9C]		; 
A0:A66D  C3 03		CMP	$03,S		; 
A0:A66F  A9 13		LDA	#$13		; 
A0:A671  20 90 A7	JSR	$A790		; 
A0:A674  20 9E A7	JSR	$A79E		; 
A0:A677  9C C5 03	STZ	$03C5		; 
A0:A67A  9C C8 03	STZ	$03C8		; 
A0:A67D  9C C7 03	STZ	$03C7		; 
A0:A680  60		RTS			; 
A0:A681  A9 11		LDA	#$11		; 
A0:A683  20 90 A7	JSR	$A790		; 
A0:A686  20 9E A7	JSR	$A79E		; 
A0:A689  9C C5 03	STZ	$03C5		; 
A0:A68C  60		RTS			; 
A0:A68D  A9 12		LDA	#$12		; 
A0:A68F  20 90 A7	JSR	$A790		; 
A0:A692  20 9E A7	JSR	$A79E		; 
A0:A695  9C C8 03	STZ	$03C8		; 
A0:A698  60		RTS			; 
A0:A699  AD CA 03	LDA	$03CA		; 
A0:A69C  8D 42 21	STA	$2142		; APU I02
A0:A69F  A9 18		LDA	#$18		; 
A0:A6A1  20 90 A7	JSR	$A790		; 
A0:A6A4  9C C5 03	STZ	$03C5		; 
A0:A6A7  9C C8 03	STZ	$03C8		; 
A0:A6AA  60		RTS			; 
A0:A6AB  A9 14		LDA	#$14		; 
A0:A6AD  80 02		BRA	$A6B1		; 
A0:A6AF  A9 15		LDA	#$15		; 
A0:A6B1  20 90 A7	JSR	$A790		; 
A0:A6B4  20 9E A7	JSR	$A79E		; 
A0:A6B7  20 E5 A7	JSR	$A7E5		; 
A0:A6BA  AD 37 00	LDA	$0037		; 
A0:A6BD  C5 51		CMP	$51		; 
A0:A6BF  F0 0C		BEQ	$A6CD		; 
A0:A6C1  AD 42 21	LDA	$2142		; APU I02
A0:A6C4  C9 AA		CMP	#$AA		; 
A0:A6C6  D0 F2		BNE	$A6BA		; 
A0:A6C8  AD 43 21	LDA	$2143		; APU I03
A0:A6CB  80 02		BRA	$A6CF		; 
A0:A6CD  A9 00		LDA	#$00		; 
A0:A6CF  60		RTS			; 
A0:A6D0  A9 07		LDA	#$07		; 
A0:A6D2  20 90 A7	JSR	$A790		; 
A0:A6D5  20 9E A7	JSR	$A79E		; 
A0:A6D8  20 E5 A7	JSR	$A7E5		; 
A0:A6DB  AD 37 00	LDA	$0037		; 
A0:A6DE  C5 51		CMP	$51		; 
A0:A6E0  F0 0D		BEQ	$A6EF		; 
A0:A6E2  A9 AA		LDA	#$AA		; 
A0:A6E4  CD 42 21	CMP	$2142		; APU I02
A0:A6E7  D0 F2		BNE	$A6DB		; 
A0:A6E9  CD 43 21	CMP	$2143		; APU I03
A0:A6EC  D0 ED		BNE	$A6DB		; 
A0:A6EE  EA		NOP			; 
A0:A6EF  60		RTS			; 
A0:A6F0  A9 01		LDA	#$01		; 
A0:A6F2  80 02		BRA	$A6F6		; 
A0:A6F4  A9 00		LDA	#$00		; 
A0:A6F6  8D C9 03	STA	$03C9		; 
A0:A6F9  0A		ASL	A		; 
A0:A6FA  6D C9 03	ADC	$03C9		; 
A0:A6FD  AA		TAX			; 
A0:A6FE  BF B8 AA 80	LDA	$80:AAB8,X	; 
A0:A702  85 43		STA	$43		; 
A0:A704  BF B9 AA 80	LDA	$80:AAB9,X	; 
A0:A708  85 44		STA	$44		; 
A0:A70A  BF BA AA 80	LDA	$80:AABA,X	; 
A0:A70E  85 45		STA	$45		; 
A0:A710  20 6C A6	JSR	$A66C		; 
A0:A713  A9 01		LDA	#$01		; 
A0:A715  85 48		STA	$48		; 
A0:A717  20 C0 A7	JSR	$A7C0		; 
A0:A71A  20 3E A8	JSR	$A83E		; 
A0:A71D  20 CB A7	JSR	$A7CB		; 
A0:A720  64 48		STZ	$48		; 
A0:A722  60		RTS			; 
A0:A723  C2 20		REP	#$20		; A:16
A0:A725  A9 75 A7	LDA	#$A775		; 
A0:A728  85 43		STA	$43		; 
A0:A72A  E2 20		SEP	#$20		; A:8
A0:A72C  A9 80		LDA	#$80		; 
A0:A72E  85 45		STA	$45		; 
A0:A730  80 0D		BRA	$A73F		; 
A0:A732  C2 20		REP	#$20		; A:16
A0:A734  A9 69 A7	LDA	#$A769		; 
A0:A737  85 43		STA	$43		; 
A0:A739  E2 20		SEP	#$20		; A:8
A0:A73B  A9 80		LDA	#$80		; 
A0:A73D  85 45		STA	$45		; 
A0:A73F  20 6C A6	JSR	$A66C		; 
A0:A742  A9 0D		LDA	#$0D		; 
A0:A744  20 90 A7	JSR	$A790		; 
A0:A747  20 E5 A7	JSR	$A7E5		; 
A0:A74A  AD 37 00	LDA	$0037		; 
A0:A74D  C5 51		CMP	$51		; 
A0:A74F  F0 17		BEQ	$A768		; 
A0:A751  AD 40 21	LDA	$2140		; APU I00
A0:A754  C9 AA		CMP	#$AA		; 
A0:A756  D0 F2		BNE	$A74A		; 
A0:A758  AD 41 21	LDA	$2141		; APU I01
A0:A75B  C9 BB		CMP	#$BB		; 
A0:A75D  D0 EB		BNE	$A74A		; 
A0:A75F  20 F0 A7	JSR	$A7F0		; 
A0:A762  20 3E A8	JSR	$A83E		; 
A0:A765  20 CB A7	JSR	$A7CB		; 
A0:A768  60		RTS			; 
A0:A769  04 00		TSB	$00		; 
A0:A76B  00 00		BRK	#$00		; 
A0:A76D  01 00		ORA	($00,X)		; 
A0:A76F  28		PLP			; 
A0:A770  00 00		BRK	#$00		; 
A0:A772  00 00		BRK	#$00		; 
A0:A774  00 04		BRK	#$04		; 
A0:A776  00 00		BRK	#$00		; 
A0:A778  00 01		BRK	#$01		; 
A0:A77A  00 3C		BRK	#$3C		; 
A0:A77C  00 00		BRK	#$00		; 
A0:A77E  00 00		BRK	#$00		; 
A0:A780  00 AD		BRK	#$AD		; 
A0:A782  CA		DEX			; 
A0:A783  03 8D		ORA	$8D,S		; 
A0:A785  42		WDM	(Undef)		; 
A0:A786  21 A9		AND	($A9,X)		; 
A0:A788  1C 20 90	TRB	$9020		; 
A0:A78B  A7 20		LDA	[$20]		; 
A0:A78D  9E A7 60	STZ	$60A7,X		; 
A0:A790  48		PHA			; 
A0:A791  05 47		ORA	$47		; 
A0:A793  8D 41 21	STA	$2141		; APU I01
A0:A796  A5 47		LDA	$47		; 
A0:A798  49 80		EOR	#$80		; 
A0:A79A  85 47		STA	$47		; 
A0:A79C  68		PLA			; 
A0:A79D  60		RTS			; 
A0:A79E  48		PHA			; 
A0:A79F  20 E5 A7	JSR	$A7E5		; 
A0:A7A2  68		PLA			; 
A0:A7A3  05 47		ORA	$47		; 
A0:A7A5  85 00		STA	$00		; 
A0:A7A7  AD 37 00	LDA	$0037		; 
A0:A7AA  C5 51		CMP	$51		; 
A0:A7AC  F0 07		BEQ	$A7B5		; 
A0:A7AE  A5 00		LDA	$00		; 
A0:A7B0  CD 41 21	CMP	$2141		; APU I01
A0:A7B3  D0 F2		BNE	$A7A7		; 
A0:A7B5  60		RTS			; 
A0:A7B6  A9 0F		LDA	#$0F		; 
A0:A7B8  20 90 A7	JSR	$A790		; 
A0:A7BB  20 9E A7	JSR	$A79E		; 
A0:A7BE  80 00		BRA	$A7C0		; 
A0:A7C0  20 F0 A7	JSR	$A7F0		; 
A0:A7C3  60		RTS			; 
A0:A7C4  20 CB A7	JSR	$A7CB		; 
A0:A7C7  20 D0 A6	JSR	$A6D0		; 
A0:A7CA  60		RTS			; 
A0:A7CB  20 18 A8	JSR	$A818		; 
A0:A7CE  20 E5 A7	JSR	$A7E5		; 
A0:A7D1  AD 37 00	LDA	$0037		; 
A0:A7D4  C5 51		CMP	$51		; 
A0:A7D6  F0 0C		BEQ	$A7E4		; 
A0:A7D8  A9 AA		LDA	#$AA		; 
A0:A7DA  CD 42 21	CMP	$2142		; APU I02
A0:A7DD  D0 F2		BNE	$A7D1		; 
A0:A7DF  CD 43 21	CMP	$2143		; APU I03
A0:A7E2  D0 ED		BNE	$A7D1		; 
A0:A7E4  60		RTS			; 
A0:A7E5  48		PHA			; 
A0:A7E6  AD 37 00	LDA	$0037		; 
A0:A7E9  18		CLC			; 
A0:A7EA  69 3C		ADC	#$3C		; 
A0:A7EC  85 51		STA	$51		; 
A0:A7EE  68		PLA			; 
A0:A7EF  60		RTS			; 
A0:A7F0  20 E5 A7	JSR	$A7E5		; 
A0:A7F3  AD 37 00	LDA	$0037		; 
A0:A7F6  C5 51		CMP	$51		; 
A0:A7F8  F0 19		BEQ	$A813		; 
A0:A7FA  A9 10		LDA	#$10		; 
A0:A7FC  8D 41 21	STA	$2141		; APU I01
A0:A7FF  AD 40 21	LDA	$2140		; APU I00
A0:A802  C9 AA		CMP	#$AA		; 
A0:A804  D0 ED		BNE	$A7F3		; 
A0:A806  AD 41 21	LDA	$2141		; APU I01
A0:A809  C9 BB		CMP	#$BB		; 
A0:A80B  D0 E6		BNE	$A7F3		; 
A0:A80D  A9 CC		LDA	#$CC		; 
A0:A80F  85 4A		STA	$4A		; 
A0:A811  80 04		BRA	$A817		; 
A0:A813  A9 01		LDA	#$01		; 
A0:A815  85 52		STA	$52		; 
A0:A817  60		RTS			; 
A0:A818  20 E5 A7	JSR	$A7E5		; 
A0:A81B  20 95 A8	JSR	$A895		; 
A0:A81E  8D 42 21	STA	$2142		; APU I02
A0:A821  20 95 A8	JSR	$A895		; 
A0:A824  8D 43 21	STA	$2143		; APU I03
A0:A827  9C 41 21	STZ	$2141		; APU I01
A0:A82A  A5 4A		LDA	$4A		; 
A0:A82C  8D 40 21	STA	$2140		; APU I00
A0:A82F  AD 37 00	LDA	$0037		; 
A0:A832  C5 51		CMP	$51		; 
A0:A834  F0 07		BEQ	$A83D		; 
A0:A836  A5 4A		LDA	$4A		; 
A0:A838  CD 40 21	CMP	$2140		; APU I00
A0:A83B  D0 F2		BNE	$A82F		; 
A0:A83D  60		RTS			; 
A0:A83E  5A		PHY			; 
A0:A83F  DA		PHX			; 
A0:A840  A5 52		LDA	$52		; 
A0:A842  D0 4E		BNE	$A892		; 
A0:A844  20 95 A8	JSR	$A895		; 
A0:A847  85 4B		STA	$4B		; 
A0:A849  20 95 A8	JSR	$A895		; 
A0:A84C  85 4C		STA	$4C		; 
A0:A84E  05 4B		ORA	$4B		; 
A0:A850  F0 40		BEQ	$A892		; 
A0:A852  20 95 A8	JSR	$A895		; 
A0:A855  8D 42 21	STA	$2142		; APU I02
A0:A858  20 95 A8	JSR	$A895		; 
A0:A85B  8D 43 21	STA	$2143		; APU I03
A0:A85E  A9 FF		LDA	#$FF		; 
A0:A860  8D 41 21	STA	$2141		; APU I01
A0:A863  A5 4A		LDA	$4A		; 
A0:A865  8D 40 21	STA	$2140		; APU I00
A0:A868  CD 40 21	CMP	$2140		; APU I00
A0:A86B  D0 FB		BNE	$A868		; 
A0:A86D  C2 10		REP	#$10		; XY:16
A0:A86F  A6 4B		LDX	$4B		; 
A0:A871  64 4A		STZ	$4A		; 
A0:A873  20 95 A8	JSR	$A895		; 
A0:A876  8D 41 21	STA	$2141		; APU I01
A0:A879  A5 4A		LDA	$4A		; 
A0:A87B  8D 40 21	STA	$2140		; APU I00
A0:A87E  CD 40 21	CMP	$2140		; APU I00
A0:A881  D0 FB		BNE	$A87E		; 
A0:A883  E6 4A		INC	$4A		; 
A0:A885  CA		DEX			; 
A0:A886  D0 EB		BNE	$A873		; 
A0:A888  E2 10		SEP	#$10		; XY:8
A0:A88A  E6 4A		INC	$4A		; 
A0:A88C  D0 02		BNE	$A890		; 
A0:A88E  E6 4A		INC	$4A		; 
A0:A890  80 B2		BRA	$A844		; 
A0:A892  FA		PLX			; 
A0:A893  7A		PLY			; 
A0:A894  60		RTS			; 
A0:A895  A7 43		LDA	[$43]		; 
A0:A897  E6 43		INC	$43		; 
A0:A899  D0 06		BNE	$A8A1		; 
A0:A89B  E6 44		INC	$44		; 
A0:A89D  D0 02		BNE	$A8A1		; 
A0:A89F  E6 45		INC	$45		; 
A0:A8A1  60		RTS			; 
A0:A8A2  00 11		BRK	#$11		; 
A0:A8A4  12 13		ORA	($13)		; 
A0:A8A6  14 15		TRB	$15		; 
A0:A8A8  16 17		ASL	$17,X		; 
A0:A8AA  18		CLC			; 
A0:A8AB  19 1A 1B	ORA	$1B1A,Y		; 
A0:A8AE  1C 1D 1E	TRB	$1E1D		; 
A0:A8B1  1F 20 21 22	ORA	$22:2120,X	; PPU M7Y
A0:A8B5  23 24		AND	$24,S		; 
A0:A8B7  25 26		AND	$26		; 
A0:A8B9  27 28		AND	[$28]		; 
A0:A8BB  29 2A		AND	#$2A		; 
A0:A8BD  00 00		BRK	#$00		; 
A0:A8BF  00 00		BRK	#$00		; 
A0:A8C1  2F 30 31 32	AND	$32:3130	; 
A0:A8C5  33 34		AND	($34,S),Y	; 
A0:A8C7  35 00		AND	$00,X		; 
A0:A8C9  00 00		BRK	#$00		; 
A0:A8CB  39 3A 3B	AND	$3B3A,Y		; 
A0:A8CE  3C 3D 3E	BIT	$3E3D,X		; 
A0:A8D1  3F 40 41 42	AND	$42:4140,X	; 
A0:A8D5  43 44		EOR	$44,S		; 
A0:A8D7  45 46		EOR	$46		; 
A0:A8D9  47 48		EOR	[$48]		; 
A0:A8DB  00 00		BRK	#$00		; 
A0:A8DD  00 00		BRK	#$00		; 
A0:A8DF  4D 4E 4F	EOR	$4F4E		; 
A0:A8E2  50 51		BVC	$A935		; 
A0:A8E4  52 53		EOR	($53)		; 
A0:A8E6  54 55 56	MVN	$55,$56		; 
A0:A8E9  57 58		EOR	[$58],Y		; 
A0:A8EB  59 5A 5B	EOR	$5B5A,Y		; 
A0:A8EE  5C 5D 5E 5F	JML	$5F:5E5D	; 
A0:A8F2  60		RTS			; 
A0:A8F3  61 62		ADC	($62,X)		; 
A0:A8F5  63 64		ADC	$64,S		; 
A0:A8F7  65 66		ADC	$66		; 
A0:A8F9  67 68		ADC	[$68]		; 
A0:A8FB  69 6A		ADC	#$6A		; 
A0:A8FD  6B		RTL			; 
A0:A8FE  6C 6D 6E	JMP	($6E6D)		; 
A0:A901  6F 70 00 00	ADC	$00:0070	; 
A0:A905  00 00		BRK	#$00		; 
A0:A907  39 3A 3B	AND	$3B3A,Y		; 
A0:A90A  3C 3D 3E	BIT	$3E3D,X		; 
A0:A90D  3F 40 41 42	AND	$42:4140,X	; 
A0:A911  43 44		EOR	$44,S		; 
A0:A913  45 46		EOR	$46		; 
A0:A915  47 48		EOR	[$48]		; 
A0:A917  49 4A		EOR	#$4A		; 
A0:A919  4B		PHK			; 
A0:A91A  4C 4D 4E	JMP	$4E4D		; 
A0:A91D  4F 50 51 52	EOR	$52:5150	; 
A0:A921  53 54		EOR	($54,S),Y	; 
A0:A923  55 56		EOR	$56,X		; 
A0:A925  57 58		EOR	[$58],Y		; 
A0:A927  59 5A 5B	EOR	$5B5A,Y		; 
A0:A92A  5C 5D 5E 5F	JML	$5F:5E5D	; 
A0:A92E  60		RTS			; 
A0:A92F  61 62		ADC	($62,X)		; 
A0:A931  63 64		ADC	$64,S		; 
A0:A933  65 66		ADC	$66		; 
A0:A935  67 68		ADC	[$68]		; 
A0:A937  69 6A		ADC	#$6A		; 
A0:A939  6B		RTL			; 
A0:A93A  6C 6D 6E	JMP	($6E6D)		; 
A0:A93D  6F 70 71 72	ADC	$72:7170	; 
A0:A941  73 74		ADC	($74,S),Y	; 
A0:A943  75 76		ADC	$76,X		; 
A0:A945  77 78		ADC	[$78],Y		; 
A0:A947  79 7A 7B	ADC	$7B7A,Y		; 
A0:A94A  00 00		BRK	#$00		; 
A0:A94C  FF 01 28 FF	SBC	$FF:2801,X	; S-RTC Write
A0:A950  02 28		COP	#$28		; 
A0:A952  07 03		ORA	[$03]		; 
A0:A954  28		PLP			; 
A0:A955  07 04		ORA	[$04]		; 
A0:A957  28		PLP			; 
A0:A958  07 05		ORA	[$05]		; 
A0:A95A  28		PLP			; 
A0:A95B  07 06		ORA	[$06]		; 
A0:A95D  28		PLP			; 
A0:A95E  07 07		ORA	[$07]		; 
A0:A960  28		PLP			; 
A0:A961  07 08		ORA	[$08]		; 
A0:A963  28		PLP			; 
A0:A964  07 09		ORA	[$09]		; 
A0:A966  28		PLP			; 
A0:A967  07 0A		ORA	[$0A]		; 
A0:A969  28		PLP			; 
A0:A96A  07 0B		ORA	[$0B]		; 
A0:A96C  28		PLP			; 
A0:A96D  07 0C		ORA	[$0C]		; 
A0:A96F  28		PLP			; 
A0:A970  FF 00 00 00	SBC	$00:0000,X	; 
A0:A974  01 00		ORA	($00,X)		; 
A0:A976  00 02		BRK	#$02		; 
A0:A978  00 00		BRK	#$00		; 
A0:A97A  01 05		ORA	($05,X)		; 
A0:A97C  01 01		ORA	($01,X)		; 
A0:A97E  06 01		ASL	$01		; 
A0:A980  02 06		COP	#$06		; 
A0:A982  01 03		ORA	($03,X)		; 
A0:A984  06 01		ASL	$01		; 
A0:A986  01 07		ORA	($07,X)		; 
A0:A988  01 01		ORA	($01,X)		; 
A0:A98A  08		PHP			; 
A0:A98B  01 02		ORA	($02,X)		; 
A0:A98D  08		PHP			; 
A0:A98E  01 01		ORA	($01,X)		; 
A0:A990  10 02		BPL	$A994		; 
A0:A992  01 11		ORA	($11,X)		; 
A0:A994  02 02		COP	#$02		; 
A0:A996  11 02		ORA	($02),Y		; 
A0:A998  01 17		ORA	($17,X)		; 
A0:A99A  03 02		ORA	$02,S		; 
A0:A99C  17 03		ORA	[$03],Y		; 
A0:A99E  01 1B		ORA	($1B,X)		; 
A0:A9A0  04 01		TSB	$01		; 
A0:A9A2  1C 04 02	TRB	$0204		; 
A0:A9A5  1C 04 01	TRB	$0104		; 
A0:A9A8  1F 05 01 20	ORA	$20:0105,X	; 
A0:A9AC  05 01		ORA	$01		; 
A0:A9AE  01 00		ORA	($00,X)		; 
A0:A9B0  01 02		ORA	($02,X)		; 
A0:A9B2  00 01		BRK	#$01		; 
A0:A9B4  03 00		ORA	$00,S		; 
A0:A9B6  02 03		COP	#$03		; 
A0:A9B8  00 01		BRK	#$01		; 
A0:A9BA  09 01		ORA	#$01		; 
A0:A9BC  02 09		COP	#$09		; 
A0:A9BE  01 01		ORA	($01,X)		; 
A0:A9C0  0A		ASL	A		; 
A0:A9C1  01 01		ORA	($01,X)		; 
A0:A9C3  0B		PHD			; 
A0:A9C4  01 02		ORA	($02,X)		; 
A0:A9C6  0B		PHD			; 
A0:A9C7  01 01		ORA	($01,X)		; 
A0:A9C9  0C 01 01	TSB	$0101		; 
A0:A9CC  0D 01 01	ORA	$0101		; 
A0:A9CF  0E 01 01	ASL	$0101		; 
A0:A9D2  0F 01 01 12	ORA	$12:0101	; 
A0:A9D6  02 01		COP	#$01		; 
A0:A9D8  13 06		ORA	($06,S),Y	; 
A0:A9DA  02 13		COP	#$13		; 
A0:A9DC  06 01		ASL	$01		; 
A0:A9DE  14 02		TRB	$02		; 
A0:A9E0  01 15		ORA	($15,X)		; 
A0:A9E2  02 02		COP	#$02		; 
A0:A9E4  15 02		ORA	$02,X		; 
A0:A9E6  01 16		ORA	($16,X)		; 
A0:A9E8  06 01		ASL	$01		; 
A0:A9EA  18		CLC			; 
A0:A9EB  03 01		ORA	$01,S		; 
A0:A9ED  19 03 01	ORA	$0103,Y		; 
A0:A9F0  1A		INC	A		; 
A0:A9F1  03 01		ORA	$01,S		; 
A0:A9F3  1D 04 01	ORA	$0104,X		; 
A0:A9F6  1E 04 02	ASL	$0204,X		; 
A0:A9F9  1E 04 01	ASL	$0104,X		; 
A0:A9FC  21 05		AND	($05,X)		; 
A0:A9FE  01 22		ORA	($22,X)		; 
A0:AA00  05 01		ORA	$01		; 
A0:AA02  23 05		AND	$05,S		; 
A0:AA04  01 24		ORA	($24,X)		; 
A0:AA06  05 01		ORA	$01		; 
A0:AA08  26 06		ROL	$06		; 
A0:AA0A  01 04		ORA	($04,X)		; 
A0:AA0C  00 02		BRK	#$02		; 
A0:AA0E  14 02		TRB	$02		; 
A0:AA10  03 1E		ORA	$1E,S		; 
A0:AA12  04 02		TSB	$02		; 
A0:AA14  26 06		ROL	$06		; 
A0:AA16  01 25		ORA	($25,X)		; 
A0:AA18  05 01		ORA	$01		; 
A0:AA1A  27 07		AND	[$07]		; 
A0:AA1C  02 27		COP	#$27		; 
A0:AA1E  07 03		ORA	[$03]		; 
A0:AA20  27 07		AND	[$07]		; 
A0:AA22  04 27		TSB	$27		; 
A0:AA24  07 FF		ORA	[$FF]		; 
A0:AA26  4A		LSR	A		; 
A0:AA27  DB		STP			; 
A0:AA28  97 AC		STA	[$AC],Y		; 
A0:AA2A  DB		STP			; 
A0:AA2B  F7 20		SBC	[$20],Y		; 
A0:AA2D  DC EB 6B	JMP	[$6BEB]		; 
A0:AA30  DC 03 CE	JMP	[$CE03]		; 
A0:AA33  DC D7 30	JMP	[$30D7]		; 
A0:AA36  DD E7 A4	CMP	$A4E7,X		; 
A0:AA39  DD 5F D7	CMP	$D75F,X		; 
A0:AA3C  DD 43 0C	CMP	$0C43,X		; 
A0:AA3F  DE 1A 18	DEC	$181A,X		; 
A0:AA42  DE 57 1B	DEC	$1B57,X		; 
A0:AA45  DE 25 20	DEC	$2025,X		; 
A0:AA48  DE E1 2B	DEC	$2BE1,X		; 
A0:AA4B  DE DA 4A	DEC	$4ADA,X		; 
A0:AA4E  DE 18 4E	DEC	$4E18,X		; 
A0:AA51  DE 2F 58	DEC	$582F,X		; 
A0:AA54  DE 20 5B	DEC	$5B20,X		; 
A0:AA57  DE B6 65	DEC	$65B6,X		; 
A0:AA5A  DE D1 6F	DEC	$6FD1,X		; 
A0:AA5D  DE 38 72	DEC	$7238,X		; 
A0:AA60  DE 7E 76	DEC	$767E,X		; 
A0:AA63  DE 26 79	DEC	$7926,X		; 
A0:AA66  DE EE 7B	DEC	$7BEE,X		; 
A0:AA69  DE 47 7F	DEC	$7F47,X		; CX4 DMA start
A0:AA6C  DE 01 82	DEC	$8201,X		; 
A0:AA6F  DE A6 83	DEC	$83A6,X		; 
A0:AA72  DE FF 8B	DEC	$8BFF,X		; 
A0:AA75  DE BC 8E	DEC	$8EBC,X		; 
A0:AA78  DE CF 98	DEC	$98CF,X		; 
A0:AA7B  DE E2 A0	DEC	$A0E2,X		; 
A0:AA7E  DE 5B A8	DEC	$A85B,X		; 
A0:AA81  DE AD A9	DEC	$A9AD,X		; 
A0:AA84  DE D8 B1	DEC	$B1D8,X		; 
A0:AA87  DE 2B B4	DEC	$B42B,X		; 
A0:AA8A  DE D9 B8	DEC	$B8D9,X		; 
A0:AA8D  DE 1B BC	DEC	$BC1B,X		; 
A0:AA90  DE 4B C0	DEC	$C04B,X		; 
A0:AA93  DE 37 C7	DEC	$C737,X		; 
A0:AA96  DE 01 C9	DEC	$C901,X		; 
A0:AA99  DE 1E D6	DEC	$D61E,X		; 
A0:AA9C  DE 45 DC	DEC	$DC45,X		; 
A0:AA9F  DE 98 E2	DEC	$E298,X		; 
A0:AAA2  DE C5 E8	DEC	$E8C5,X		; 
A0:AAA5  DE 8E EE	DEC	$EE8E,X		; 
A0:AAA8  DE 44 F3	DEC	$F344,X		; 
A0:AAAB  DE 6B F8	DEC	$F86B,X		; 
A0:AAAE  DE 01 FC	DEC	$FC01,X		; 
A0:AAB1  DE 55 00	DEC	$0055,X		; 
A0:AAB4  DF 55 36 DF	CMP	$DF:3655,X	; 
A0:AAB8  12 03		ORA	($03)		; 
A0:AABA  DF 59 1C DF	CMP	$DF:1C59,X	; 
A0:AABE  DA		PHX			; 
A0:AABF  20 04 AB	JSR	$AB04		; 
A0:AAC2  AD 18 42	LDA	$4218		; CPU JOY1L
A0:AAC5  85 53		STA	$53		; 
A0:AAC7  AD 19 42	LDA	$4219		; CPU JOY1H
A0:AACA  85 55		STA	$55		; 
A0:AACC  AD 1A 42	LDA	$421A		; CPU JOY2L
A0:AACF  85 54		STA	$54		; 
A0:AAD1  AD 1B 42	LDA	$421B		; CPU JOY2H
A0:AAD4  85 56		STA	$56		; 
A0:AAD6  A2 00		LDX	#$00		; 
A0:AAD8  B5 53		LDA	$53,X		; 
A0:AADA  29 0F		AND	#$0F		; 
A0:AADC  F0 04		BEQ	$AAE2		; 
A0:AADE  74 53		STZ	$53,X		; 
A0:AAE0  74 55		STZ	$55,X		; 
A0:AAE2  E8		INX			; 
A0:AAE3  E0 02		CPX	#$02		; 
A0:AAE5  90 F1		BCC	$AAD8		; 
A0:AAE7  A2 00		LDX	#$00		; 
A0:AAE9  B5 55		LDA	$55,X		; 
A0:AAEB  29 03		AND	#$03		; 
A0:AAED  C9 03		CMP	#$03		; 
A0:AAEF  F0 08		BEQ	$AAF9		; 
A0:AAF1  B5 55		LDA	$55,X		; 
A0:AAF3  29 0C		AND	#$0C		; 
A0:AAF5  C9 0C		CMP	#$0C		; 
A0:AAF7  D0 04		BNE	$AAFD		; 
A0:AAF9  74 53		STZ	$53,X		; 
A0:AAFB  74 55		STZ	$55,X		; 
A0:AAFD  E8		INX			; 
A0:AAFE  E0 02		CPX	#$02		; 
A0:AB00  90 E7		BCC	$AAE9		; 
A0:AB02  FA		PLX			; 
A0:AB03  6B		RTL			; 
A0:AB04  AD 12 42	LDA	$4212		; CPU HVBJOY
A0:AB07  89 01		BIT	#$01		; 
A0:AB09  D0 F9		BNE	$AB04		; 
A0:AB0B  60		RTS			; 
A0:AB0C  DA		PHX			; 
A0:AB0D  C2 10		REP	#$10		; XY:16
A0:AB0F  A2 0B 00	LDX	#$000B		; 
A0:AB12  74 57		STZ	$57,X		; 
A0:AB14  CA		DEX			; 
A0:AB15  10 FB		BPL	$AB12		; 
A0:AB17  A2 0B 00	LDX	#$000B		; 
A0:AB1A  9E CD 03	STZ	$03CD,X		; 
A0:AB1D  CA		DEX			; 
A0:AB1E  10 FA		BPL	$AB1A		; 
A0:AB20  E2 10		SEP	#$10		; XY:8
A0:AB22  A9 14		LDA	#$14		; 
A0:AB24  8D D7 03	STA	$03D7		; 
A0:AB27  A9 06		LDA	#$06		; 
A0:AB29  8D D8 03	STA	$03D8		; 
A0:AB2C  AD A5 03	LDA	$03A5		; 
A0:AB2F  09 01		ORA	#$01		; 
A0:AB31  8D A5 03	STA	$03A5		; 
A0:AB34  FA		PLX			; 
A0:AB35  6B		RTL			; 
A0:AB36  5A		PHY			; 
A0:AB37  DA		PHX			; 
A0:AB38  A2 00		LDX	#$00		; 
A0:AB3A  B5 57		LDA	$57,X		; 
A0:AB3C  9D CD 03	STA	$03CD,X		; 
A0:AB3F  B5 59		LDA	$59,X		; 
A0:AB41  9D CF 03	STA	$03CF,X		; 
A0:AB44  B5 53		LDA	$53,X		; 
A0:AB46  29 F0		AND	#$F0		; 
A0:AB48  95 57		STA	$57,X		; 
A0:AB4A  B5 55		LDA	$55,X		; 
A0:AB4C  29 0F		AND	#$0F		; 
A0:AB4E  95 59		STA	$59,X		; 
A0:AB50  B5 55		LDA	$55,X		; 
A0:AB52  4A		LSR	A		; 
A0:AB53  4A		LSR	A		; 
A0:AB54  4A		LSR	A		; 
A0:AB55  4A		LSR	A		; 
A0:AB56  15 57		ORA	$57,X		; 
A0:AB58  95 57		STA	$57,X		; 
A0:AB5A  BD D5 03	LDA	$03D5,X		; 
A0:AB5D  D0 46		BNE	$ABA5		; 
A0:AB5F  B5 57		LDA	$57,X		; 
A0:AB61  5D CD 03	EOR	$03CD,X		; 
A0:AB64  35 57		AND	$57,X		; 
A0:AB66  95 5B		STA	$5B,X		; 
A0:AB68  B5 59		LDA	$59,X		; 
A0:AB6A  5D CF 03	EOR	$03CF,X		; 
A0:AB6D  35 59		AND	$59,X		; 
A0:AB6F  95 5D		STA	$5D,X		; 
A0:AB71  15 5B		ORA	$5B,X		; 
A0:AB73  F0 15		BEQ	$AB8A		; 
A0:AB75  A9 03		LDA	#$03		; 
A0:AB77  9D D5 03	STA	$03D5,X		; 
A0:AB7A  B5 5B		LDA	$5B,X		; 
A0:AB7C  95 5F		STA	$5F,X		; 
A0:AB7E  B5 5D		LDA	$5D,X		; 
A0:AB80  95 61		STA	$61,X		; 
A0:AB82  AD D7 03	LDA	$03D7		; 
A0:AB85  9D D1 03	STA	$03D1,X		; 
A0:AB88  80 23		BRA	$ABAD		; 
A0:AB8A  B5 57		LDA	$57,X		; 
A0:AB8C  15 59		ORA	$59,X		; 
A0:AB8E  F0 15		BEQ	$ABA5		; 
A0:AB90  DE D1 03	DEC	$03D1,X		; 
A0:AB93  D0 10		BNE	$ABA5		; 
A0:AB95  B5 57		LDA	$57,X		; 
A0:AB97  95 5F		STA	$5F,X		; 
A0:AB99  B5 59		LDA	$59,X		; 
A0:AB9B  95 61		STA	$61,X		; 
A0:AB9D  AD D8 03	LDA	$03D8		; 
A0:ABA0  9D D1 03	STA	$03D1,X		; 
A0:ABA3  80 04		BRA	$ABA9		; 
A0:ABA5  74 5F		STZ	$5F,X		; 
A0:ABA7  74 61		STZ	$61,X		; 
A0:ABA9  74 5B		STZ	$5B,X		; 
A0:ABAB  74 5D		STZ	$5D,X		; 
A0:ABAD  BD D5 03	LDA	$03D5,X		; 
A0:ABB0  F0 03		BEQ	$ABB5		; 
A0:ABB2  DE D5 03	DEC	$03D5,X		; 
A0:ABB5  E8		INX			; 
A0:ABB6  E0 02		CPX	#$02		; 
A0:ABB8  B0 03		BCS	$ABBD		; 
A0:ABBA  4C 3A AB	JMP	$AB3A		; 
A0:ABBD  FA		PLX			; 
A0:ABBE  7A		PLY			; 
A0:ABBF  6B		RTL			; 
A0:ABC0  DA		PHX			; 
A0:ABC1  C2 10		REP	#$10		; XY:16
A0:ABC3  A2 41 06	LDX	#$0641		; 
A0:ABC6  A9 00		LDA	#$00		; 
A0:ABC8  9E D9 03	STZ	$03D9,X		; 
A0:ABCB  CA		DEX			; 
A0:ABCC  10 FA		BPL	$ABC8		; 
A0:ABCE  E2 10		SEP	#$10		; XY:8
A0:ABD0  A9 01		LDA	#$01		; 
A0:ABD2  8D 99 04	STA	$0499		; 
A0:ABD5  8D D9 03	STA	$03D9		; 
A0:ABD8  A9 FF		LDA	#$FF		; 
A0:ABDA  8D 9A 04	STA	$049A		; 
A0:ABDD  8D DA 03	STA	$03DA		; 
A0:ABE0  A9 F6		LDA	#$F6		; 
A0:ABE2  8D 19 05	STA	$0519		; 
A0:ABE5  8D 1A 05	STA	$051A		; 
A0:ABE8  A9 AB		LDA	#$AB		; 
A0:ABEA  8D 59 05	STA	$0559		; 
A0:ABED  8D 5A 05	STA	$055A		; 
A0:ABF0  A9 02		LDA	#$02		; 
A0:ABF2  8D 19 0A	STA	$0A19		; 
A0:ABF5  FA		PLX			; 
A0:ABF6  6B		RTL			; 
A0:ABF7  AD 19 05	LDA	$0519		; 
A0:ABFA  48		PHA			; 
A0:ABFB  AD 59 05	LDA	$0559		; 
A0:ABFE  48		PHA			; 
A0:ABFF  AD 99 05	LDA	$0599		; 
A0:AC02  48		PHA			; 
A0:AC03  22 C0 AB 80	JSL	$80:ABC0	; 
A0:AC07  68		PLA			; 
A0:AC08  8D 99 05	STA	$0599		; 
A0:AC0B  68		PLA			; 
A0:AC0C  8D 59 05	STA	$0559		; 
A0:AC0F  68		PLA			; 
A0:AC10  8D 19 05	STA	$0519		; 
A0:AC13  6B		RTL			; 
A0:AC14  DA		PHX			; 
A0:AC15  A6 67		LDX	$67		; 
A0:AC17  BD 99 04	LDA	$0499,X		; 
A0:AC1A  1A		INC	A		; 
A0:AC1B  FA		PLX			; 
A0:AC1C  85 0D		STA	$0D		; 
A0:AC1E  A3 03		LDA	$03,S		; 
A0:AC20  85 11		STA	$11		; 
A0:AC22  A5 0D		LDA	$0D		; 
A0:AC24  5A		PHY			; 
A0:AC25  DA		PHX			; 
A0:AC26  85 68		STA	$68		; 
A0:AC28  AD 19 0A	LDA	$0A19		; 
A0:AC2B  C9 40		CMP	#$40		; 
A0:AC2D  B0 0C		BCS	$AC3B		; 
A0:AC2F  A2 02		LDX	#$02		; 
A0:AC31  BD 99 04	LDA	$0499,X		; 
A0:AC34  F0 22		BEQ	$AC58		; 
A0:AC36  E8		INX			; 
A0:AC37  E0 40		CPX	#$40		; 
A0:AC39  D0 F6		BNE	$AC31		; 
A0:AC3B  AE 1A 04	LDX	$041A		; 
A0:AC3E  BD 99 04	LDA	$0499,X		; 
A0:AC41  10 09		BPL	$AC4C		; 
A0:AC43  29 7F		AND	#$7F		; 
A0:AC45  C5 68		CMP	$68		; 
A0:AC47  F0 03		BEQ	$AC4C		; 
A0:AC49  8A		TXA			; 
A0:AC4A  B0 08		BCS	$AC54		; 
A0:AC4C  BD 19 04	LDA	$0419,X		; 
A0:AC4F  AA		TAX			; 
A0:AC50  D0 EC		BNE	$AC3E		; 
A0:AC52  80 59		BRA	$ACAD		; 
A0:AC54  22 39 AD 80	JSL	$80:AD39	; 
A0:AC58  AC D9 03	LDY	$03D9		; 
A0:AC5B  B9 99 04	LDA	$0499,Y		; 
A0:AC5E  C9 FF		CMP	#$FF		; 
A0:AC60  F0 0E		BEQ	$AC70		; 
A0:AC62  29 7F		AND	#$7F		; 
A0:AC64  C5 68		CMP	$68		; 
A0:AC66  F0 02		BEQ	$AC6A		; 
A0:AC68  B0 06		BCS	$AC70		; 
A0:AC6A  B9 D9 03	LDA	$03D9,Y		; 
A0:AC6D  A8		TAY			; 
A0:AC6E  80 EB		BRA	$AC5B		; 
A0:AC70  98		TYA			; 
A0:AC71  9D D9 03	STA	$03D9,X		; 
A0:AC74  DA		PHX			; 
A0:AC75  8A		TXA			; 
A0:AC76  BE 19 04	LDX	$0419,Y		; 
A0:AC79  99 19 04	STA	$0419,Y		; 
A0:AC7C  9D D9 03	STA	$03D9,X		; 
A0:AC7F  8A		TXA			; 
A0:AC80  FA		PLX			; 
A0:AC81  9D 19 04	STA	$0419,X		; 
A0:AC84  A5 68		LDA	$68		; 
A0:AC86  9D 99 04	STA	$0499,X		; 
A0:AC89  A5 11		LDA	$11		; 
A0:AC8B  9D 99 05	STA	$0599,X		; 
A0:AC8E  A5 0F		LDA	$0F		; 
A0:AC90  9D 19 05	STA	$0519,X		; 
A0:AC93  A5 10		LDA	$10		; 
A0:AC95  9D 59 05	STA	$0559,X		; 
A0:AC98  A9 FF		LDA	#$FF		; 
A0:AC9A  9D D9 05	STA	$05D9,X		; 
A0:AC9D  9D 59 04	STA	$0459,X		; 
A0:ACA0  9E D9 04	STZ	$04D9,X		; 
A0:ACA3  EE 19 0A	INC	$0A19		; 
A0:ACA6  86 68		STX	$68		; 
A0:ACA8  8A		TXA			; 
A0:ACA9  18		CLC			; 
A0:ACAA  FA		PLX			; 
A0:ACAB  7A		PLY			; 
A0:ACAC  6B		RTL			; 
A0:ACAD  00 EA		BRK	#$EA		; 
A0:ACAF  A9 FF		LDA	#$FF		; 
A0:ACB1  38		SEC			; 
A0:ACB2  80 F6		BRA	$ACAA		; 
A0:ACB4  DA		PHX			; 
A0:ACB5  A5 0F		LDA	$0F		; 
A0:ACB7  8D 19 05	STA	$0519		; 
A0:ACBA  A5 10		LDA	$10		; 
A0:ACBC  8D 59 05	STA	$0559		; 
A0:ACBF  A5 11		LDA	$11		; 
A0:ACC1  8D 99 05	STA	$0599		; 
A0:ACC4  A2 00		LDX	#$00		; 
A0:ACC6  A9 FF		LDA	#$FF		; 
A0:ACC8  9D D9 05	STA	$05D9,X		; 
A0:ACCB  9D 59 04	STA	$0459,X		; 
A0:ACCE  9E D9 04	STZ	$04D9,X		; 
A0:ACD1  FA		PLX			; 
A0:ACD2  6B		RTL			; 
A0:ACD3  A5 0F		LDA	$0F		; 
A0:ACD5  8D 1A 05	STA	$051A		; 
A0:ACD8  A5 10		LDA	$10		; 
A0:ACDA  8D 5A 05	STA	$055A		; 
A0:ACDD  A5 11		LDA	$11		; 
A0:ACDF  8D 9A 05	STA	$059A		; 
A0:ACE2  6B		RTL			; 
A0:ACE3  A6 67		LDX	$67		; 
A0:ACE5  9D D9 04	STA	$04D9,X		; 
A0:ACE8  A6 67		LDX	$67		; 
A0:ACEA  68		PLA			; 
A0:ACEB  18		CLC			; 
A0:ACEC  69 01		ADC	#$01		; 
A0:ACEE  9D 19 05	STA	$0519,X		; 
A0:ACF1  68		PLA			; 
A0:ACF2  69 00		ADC	#$00		; 
A0:ACF4  9D 59 05	STA	$0559,X		; 
A0:ACF7  68		PLA			; 
A0:ACF8  69 00		ADC	#$00		; 
A0:ACFA  9D 99 05	STA	$0599,X		; 
A0:ACFD  6B		RTL			; 
A0:ACFE  64 66		STZ	$66		; 
A0:AD00  C9 80		CMP	#$80		; 
A0:AD02  90 02		BCC	$AD06		; 
A0:AD04  C6 66		DEC	$66		; 
A0:AD06  DA		PHX			; 
A0:AD07  A6 67		LDX	$67		; 
A0:AD09  18		CLC			; 
A0:AD0A  63 02		ADC	$02,S		; 
A0:AD0C  9D 19 05	STA	$0519,X		; 
A0:AD0F  A5 66		LDA	$66		; 
A0:AD11  63 03		ADC	$03,S		; 
A0:AD13  9D 59 05	STA	$0559,X		; 
A0:AD16  A3 04		LDA	$04,S		; 
A0:AD18  9D 99 05	STA	$0599,X		; 
A0:AD1B  FA		PLX			; 
A0:AD1C  6B		RTL			; 
A0:AD1D  A3 03		LDA	$03,S		; 
A0:AD1F  85 11		STA	$11		; 
A0:AD21  DA		PHX			; 
A0:AD22  A6 67		LDX	$67		; 
A0:AD24  A5 0F		LDA	$0F		; 
A0:AD26  9D 19 05	STA	$0519,X		; 
A0:AD29  A5 10		LDA	$10		; 
A0:AD2B  9D 59 05	STA	$0559,X		; 
A0:AD2E  A5 11		LDA	$11		; 
A0:AD30  9D 99 05	STA	$0599,X		; 
A0:AD33  FA		PLX			; 
A0:AD34  6B		RTL			; 
A0:AD35  A5 67		LDA	$67		; 
A0:AD37  80 07		BRA	$AD40		; 
A0:AD39  C9 00		CMP	#$00		; 
A0:AD3B  D0 03		BNE	$AD40		; 
A0:AD3D  00 EA		BRK	#$EA		; 
A0:AD3F  6B		RTL			; 
A0:AD40  5A		PHY			; 
A0:AD41  DA		PHX			; 
A0:AD42  AA		TAX			; 
A0:AD43  30 37		BMI	$AD7C		; 
A0:AD45  BC 19 04	LDY	$0419,X		; 
A0:AD48  BD D9 03	LDA	$03D9,X		; 
A0:AD4B  99 D9 03	STA	$03D9,Y		; 
A0:AD4E  DA		PHX			; 
A0:AD4F  AA		TAX			; 
A0:AD50  98		TYA			; 
A0:AD51  9D 19 04	STA	$0419,X		; 
A0:AD54  FA		PLX			; 
A0:AD55  E4 67		CPX	$67		; 
A0:AD57  D0 02		BNE	$AD5B		; 
A0:AD59  84 67		STY	$67		; 
A0:AD5B  CE 19 0A	DEC	$0A19		; 
A0:AD5E  9E 99 04	STZ	$0499,X		; 
A0:AD61  9E 19 05	STZ	$0519,X		; 
A0:AD64  9E 59 05	STZ	$0559,X		; 
A0:AD67  9E 99 05	STZ	$0599,X		; 
A0:AD6A  9E 19 04	STZ	$0419,X		; 
A0:AD6D  9E D9 03	STZ	$03D9,X		; 
A0:AD70  9E D9 04	STZ	$04D9,X		; 
A0:AD73  BD 59 04	LDA	$0459,X		; 
A0:AD76  30 04		BMI	$AD7C		; 
A0:AD78  AA		TAX			; 
A0:AD79  9E D9 04	STZ	$04D9,X		; 
A0:AD7C  FA		PLX			; 
A0:AD7D  7A		PLY			; 
A0:AD7E  6B		RTL			; 
A0:AD7F  DA		PHX			; 
A0:AD80  5A		PHY			; 
A0:AD81  A2 00		LDX	#$00		; 
A0:AD83  BD 99 04	LDA	$0499,X		; 
A0:AD86  C9 FF		CMP	#$FF		; 
A0:AD88  F0 11		BEQ	$AD9B		; 
A0:AD8A  C9 64		CMP	#$64		; 
A0:AD8C  90 07		BCC	$AD95		; 
A0:AD8E  8A		TXA			; 
A0:AD8F  22 39 AD 80	JSL	$80:AD39	; 
A0:AD93  80 EE		BRA	$AD83		; 
A0:AD95  BD D9 03	LDA	$03D9,X		; 
A0:AD98  AA		TAX			; 
A0:AD99  80 E8		BRA	$AD83		; 
A0:AD9B  7A		PLY			; 
A0:AD9C  FA		PLX			; 
A0:AD9D  6B		RTL			; 
A0:AD9E  85 66		STA	$66		; 
A0:ADA0  DA		PHX			; 
A0:ADA1  5A		PHY			; 
A0:ADA2  A2 00		LDX	#$00		; 
A0:ADA4  BD 99 04	LDA	$0499,X		; 
A0:ADA7  C9 FF		CMP	#$FF		; 
A0:ADA9  F0 11		BEQ	$ADBC		; 
A0:ADAB  C5 66		CMP	$66		; 
A0:ADAD  90 07		BCC	$ADB6		; 
A0:ADAF  8A		TXA			; 
A0:ADB0  22 39 AD 80	JSL	$80:AD39	; 
A0:ADB4  80 EE		BRA	$ADA4		; 
A0:ADB6  BD D9 03	LDA	$03D9,X		; 
A0:ADB9  AA		TAX			; 
A0:ADBA  80 E8		BRA	$ADA4		; 
A0:ADBC  7A		PLY			; 
A0:ADBD  FA		PLX			; 
A0:ADBE  6B		RTL			; 
A0:ADBF  A3 03		LDA	$03,S		; 
A0:ADC1  85 11		STA	$11		; 
A0:ADC3  A6 67		LDX	$67		; 
A0:ADC5  BD 99 04	LDA	$0499,X		; 
A0:ADC8  1A		INC	A		; 
A0:ADC9  22 24 AC 80	JSL	$80:AC24	; 
A0:ADCD  A6 68		LDX	$68		; 
A0:ADCF  A5 67		LDA	$67		; 
A0:ADD1  9D 59 04	STA	$0459,X		; 
A0:ADD4  AA		TAX			; 
A0:ADD5  A9 FF		LDA	#$FF		; 
A0:ADD7  9D D9 04	STA	$04D9,X		; 
A0:ADDA  18		CLC			; 
A0:ADDB  68		PLA			; 
A0:ADDC  69 01		ADC	#$01		; 
A0:ADDE  9D 19 05	STA	$0519,X		; 
A0:ADE1  68		PLA			; 
A0:ADE2  69 00		ADC	#$00		; 
A0:ADE4  9D 59 05	STA	$0559,X		; 
A0:ADE7  68		PLA			; 
A0:ADE8  9D 99 05	STA	$0599,X		; 
A0:ADEB  6B		RTL			; 
A0:ADEC  DA		PHX			; 
A0:ADED  A6 67		LDX	$67		; 
A0:ADEF  BD 59 04	LDA	$0459,X		; 
A0:ADF2  30 0B		BMI	$ADFF		; 
A0:ADF4  AA		TAX			; 
A0:ADF5  9E D9 04	STZ	$04D9,X		; 
A0:ADF8  A6 67		LDX	$67		; 
A0:ADFA  A9 FF		LDA	#$FF		; 
A0:ADFC  9D 59 04	STA	$0459,X		; 
A0:ADFF  FA		PLX			; 
A0:AE00  6B		RTL			; 
A0:AE01  DA		PHX			; 
A0:AE02  5A		PHY			; 
A0:AE03  A2 00		LDX	#$00		; 
A0:AE05  86 67		STX	$67		; 
A0:AE07  AD 1A 0A	LDA	$0A1A		; 
A0:AE0A  F0 07		BEQ	$AE13		; 
A0:AE0C  BD 99 04	LDA	$0499,X		; 
A0:AE0F  C9 64		CMP	#$64		; 
A0:AE11  B0 2A		BCS	$AE3D		; 
A0:AE13  BD D9 04	LDA	$04D9,X		; 
A0:AE16  F0 09		BEQ	$AE21		; 
A0:AE18  C9 FF		CMP	#$FF		; 
A0:AE1A  F0 21		BEQ	$AE3D		; 
A0:AE1C  DE D9 04	DEC	$04D9,X		; 
A0:AE1F  80 1C		BRA	$AE3D		; 
A0:AE21  BD 99 05	LDA	$0599,X		; 
A0:AE24  85 65		STA	$65		; 
A0:AE26  48		PHA			; 
A0:AE27  AB		PLB			; 
A0:AE28  BD 19 05	LDA	$0519,X		; 
A0:AE2B  85 63		STA	$63		; 
A0:AE2D  BD 59 05	LDA	$0559,X		; 
A0:AE30  85 64		STA	$64		; 
A0:AE32  BC D9 05	LDY	$05D9,X		; 
A0:AE35  84 6A		STY	$6A		; 
A0:AE37  A9 00		LDA	#$00		; 
A0:AE39  22 48 AE 80	JSL	$80:AE48	; 
A0:AE3D  A6 67		LDX	$67		; 
A0:AE3F  BD D9 03	LDA	$03D9,X		; 
A0:AE42  AA		TAX			; 
A0:AE43  10 C0		BPL	$AE05		; 
A0:AE45  7A		PLY			; 
A0:AE46  FA		PLX			; 
A0:AE47  6B		RTL			; 
A0:AE48  DC 63 00	JMP	[$0063]		; 
A0:AE4B  DA		PHX			; 
A0:AE4C  C2 10		REP	#$10		; XY:16
A0:AE4E  A2 EF 06	LDX	#$06EF		; 
A0:AE51  9E 1F 0A	STZ	$0A1F,X		; 
A0:AE54  CA		DEX			; 
A0:AE55  10 FA		BPL	$AE51		; 
A0:AE57  E2 10		SEP	#$10		; XY:8
A0:AE59  A9 01		LDA	#$01		; 
A0:AE5B  8D A3 0A	STA	$0AA3		; 
A0:AE5E  8D 61 0A	STA	$0A61		; 
A0:AE61  A9 FF		LDA	#$FF		; 
A0:AE63  8D A4 0A	STA	$0AA4		; 
A0:AE66  8D 62 0A	STA	$0A62		; 
A0:AE69  A9 20		LDA	#$20		; 
A0:AE6B  8D 1D 0A	STA	$0A1D		; 
A0:AE6E  A9 01		LDA	#$01		; 
A0:AE70  8D E7 0E	STA	$0EE7		; 
A0:AE73  FA		PLX			; 
A0:AE74  6B		RTL			; 
A0:AE75  99 67 0E	STA	$0E67,Y		; 
A0:AE78  6B		RTL			; 
A0:AE79  99 27 0E	STA	$0E27,Y		; 
A0:AE7C  B9 67 0E	LDA	$0E67,Y		; 
A0:AE7F  48		PHA			; 
A0:AE80  20 94 AE	JSR	$AE94		; 
A0:AE83  68		PLA			; 
A0:AE84  99 67 0E	STA	$0E67,Y		; 
A0:AE87  6B		RTL			; 
A0:AE88  99 27 0E	STA	$0E27,Y		; 
A0:AE8B  A9 00		LDA	#$00		; 
A0:AE8D  99 A7 0E	STA	$0EA7,Y		; 
A0:AE90  20 94 AE	JSR	$AE94		; 
A0:AE93  6B		RTL			; 
A0:AE94  8B		PHB			; 
A0:AE95  5A		PHY			; 
A0:AE96  DA		PHX			; 
A0:AE97  4B		PHK			; 
A0:AE98  AB		PLB			; 
A0:AE99  B9 27 0B	LDA	$0B27,Y		; 
A0:AE9C  29 0F		AND	#$0F		; 
A0:AE9E  85 00		STA	$00		; 
A0:AEA0  0A		ASL	A		; 
A0:AEA1  65 00		ADC	$00		; 
A0:AEA3  AA		TAX			; 
A0:AEA4  C2 20		REP	#$20		; A:16
A0:AEA6  BD C1 B2	LDA	$B2C1,X		; 
A0:AEA9  85 2A		STA	$2A		; 
A0:AEAB  E2 20		SEP	#$20		; A:8
A0:AEAD  BD C3 B2	LDA	$B2C3,X		; 
A0:AEB0  85 2C		STA	$2C		; 
A0:AEB2  85 2F		STA	$2F		; 
A0:AEB4  B9 27 0E	LDA	$0E27,Y		; 
A0:AEB7  D0 08		BNE	$AEC1		; 
A0:AEB9  99 E7 0A	STA	$0AE7,Y		; 
A0:AEBC  99 67 0E	STA	$0E67,Y		; 
A0:AEBF  80 22		BRA	$AEE3		; 
A0:AEC1  3A		DEC	A		; 
A0:AEC2  0A		ASL	A		; 
A0:AEC3  90 02		BCC	$AEC7		; 
A0:AEC5  E6 2B		INC	$2B		; 
A0:AEC7  48		PHA			; 
A0:AEC8  5A		PHY			; 
A0:AEC9  FA		PLX			; 
A0:AECA  7A		PLY			; 
A0:AECB  C2 20		REP	#$20		; A:16
A0:AECD  B7 2A		LDA	[$2A],Y		; 
A0:AECF  85 2D		STA	$2D		; 
A0:AED1  E2 20		SEP	#$20		; A:8
A0:AED3  BC A7 0E	LDY	$0EA7,X		; 
A0:AED6  B7 2D		LDA	[$2D],Y		; 
A0:AED8  9D E7 0A	STA	$0AE7,X		; 
A0:AEDB  C8		INY			; 
A0:AEDC  B7 2D		LDA	[$2D],Y		; 
A0:AEDE  9D 67 0E	STA	$0E67,X		; 
A0:AEE1  DA		PHX			; 
A0:AEE2  7A		PLY			; 
A0:AEE3  B9 67 0E	LDA	$0E67,Y		; 
A0:AEE6  FA		PLX			; 
A0:AEE7  7A		PLY			; 
A0:AEE8  AB		PLB			; 
A0:AEE9  60		RTS			; 
A0:AEEA  5A		PHY			; 
A0:AEEB  DA		PHX			; 
A0:AEEC  AE E7 0E	LDX	$0EE7		; 
A0:AEEF  F0 18		BEQ	$AF09		; 
A0:AEF1  AC 61 0A	LDY	$0A61		; 
A0:AEF4  C0 02		CPY	#$02		; 
A0:AEF6  90 0E		BCC	$AF06		; 
A0:AEF8  88		DEY			; 
A0:AEF9  88		DEY			; 
A0:AEFA  22 0C AF 80	JSL	$80:AF0C	; 
A0:AEFE  C8		INY			; 
A0:AEFF  C8		INY			; 
A0:AF00  B9 61 0A	LDA	$0A61,Y		; 
A0:AF03  A8		TAY			; 
A0:AF04  80 EE		BRA	$AEF4		; 
A0:AF06  CA		DEX			; 
A0:AF07  D0 E8		BNE	$AEF1		; 
A0:AF09  FA		PLX			; 
A0:AF0A  7A		PLY			; 
A0:AF0B  6B		RTL			; 
A0:AF0C  B9 67 0E	LDA	$0E67,Y		; 
A0:AF0F  D0 15		BNE	$AF26		; 
A0:AF11  B9 A7 0E	LDA	$0EA7,Y		; 
A0:AF14  1A		INC	A		; 
A0:AF15  1A		INC	A		; 
A0:AF16  99 A7 0E	STA	$0EA7,Y		; 
A0:AF19  20 94 AE	JSR	$AE94		; 
A0:AF1C  C9 00		CMP	#$00		; 
A0:AF1E  D0 06		BNE	$AF26		; 
A0:AF20  99 A7 0E	STA	$0EA7,Y		; 
A0:AF23  20 94 AE	JSR	$AE94		; 
A0:AF26  B9 27 0E	LDA	$0E27,Y		; 
A0:AF29  F0 04		BEQ	$AF2F		; 
A0:AF2B  B9 67 0E	LDA	$0E67,Y		; 
A0:AF2E  3A		DEC	A		; 
A0:AF2F  99 67 0E	STA	$0E67,Y		; 
A0:AF32  6B		RTL			; 
A0:AF33  5A		PHY			; 
A0:AF34  DA		PHX			; 
A0:AF35  85 6B		STA	$6B		; 
A0:AF37  AD E5 0A	LDA	$0AE5		; 
A0:AF3A  C9 40		CMP	#$40		; 
A0:AF3C  B0 65		BCS	$AFA3		; 
A0:AF3E  A2 02		LDX	#$02		; 
A0:AF40  BD A3 0A	LDA	$0AA3,X		; 
A0:AF43  F0 07		BEQ	$AF4C		; 
A0:AF45  E8		INX			; 
A0:AF46  E0 42		CPX	#$42		; 
A0:AF48  90 F6		BCC	$AF40		; 
A0:AF4A  80 57		BRA	$AFA3		; 
A0:AF4C  A0 00		LDY	#$00		; 
A0:AF4E  B9 A3 0A	LDA	$0AA3,Y		; 
A0:AF51  C5 6B		CMP	$6B		; 
A0:AF53  F0 02		BEQ	$AF57		; 
A0:AF55  B0 06		BCS	$AF5D		; 
A0:AF57  B9 61 0A	LDA	$0A61,Y		; 
A0:AF5A  A8		TAY			; 
A0:AF5B  80 F1		BRA	$AF4E		; 
A0:AF5D  98		TYA			; 
A0:AF5E  9D 61 0A	STA	$0A61,X		; 
A0:AF61  DA		PHX			; 
A0:AF62  8A		TXA			; 
A0:AF63  BE 1F 0A	LDX	$0A1F,Y		; 
A0:AF66  9D 61 0A	STA	$0A61,X		; 
A0:AF69  8A		TXA			; 
A0:AF6A  FA		PLX			; 
A0:AF6B  9D 1F 0A	STA	$0A1F,X		; 
A0:AF6E  8A		TXA			; 
A0:AF6F  99 1F 0A	STA	$0A1F,Y		; 
A0:AF72  A5 6B		LDA	$6B		; 
A0:AF74  9D A3 0A	STA	$0AA3,X		; 
A0:AF77  CA		DEX			; 
A0:AF78  CA		DEX			; 
A0:AF79  9E E7 0A	STZ	$0AE7,X		; 
A0:AF7C  9E 27 0E	STZ	$0E27,X		; 
A0:AF7F  9E 67 0E	STZ	$0E67,X		; 
A0:AF82  9E A7 0E	STZ	$0EA7,X		; 
A0:AF85  9E A7 0D	STZ	$0DA7,X		; 
A0:AF88  9E E7 0D	STZ	$0DE7,X		; 
A0:AF8B  9E E7 0C	STZ	$0CE7,X		; 
A0:AF8E  AD 1D 0A	LDA	$0A1D		; 
A0:AF91  9D 27 0B	STA	$0B27,X		; 
A0:AF94  A9 FF		LDA	#$FF		; 
A0:AF96  9D 27 0D	STA	$0D27,X		; 
A0:AF99  9D 67 0D	STA	$0D67,X		; 
A0:AF9C  EE E5 0A	INC	$0AE5		; 
A0:AF9F  8A		TXA			; 
A0:AFA0  86 6B		STX	$6B		; 
A0:AFA2  18		CLC			; 
A0:AFA3  90 02		BCC	$AFA7		; 
A0:AFA5  00 EA		BRK	#$EA		; 
A0:AFA7  FA		PLX			; 
A0:AFA8  7A		PLY			; 
A0:AFA9  6B		RTL			; 
A0:AFAA  5A		PHY			; 
A0:AFAB  DA		PHX			; 
A0:AFAC  AA		TAX			; 
A0:AFAD  30 3A		BMI	$AFE9		; 
A0:AFAF  E0 40		CPX	#$40		; 
A0:AFB1  90 04		BCC	$AFB7		; 
A0:AFB3  00 EA		BRK	#$EA		; 
A0:AFB5  80 32		BRA	$AFE9		; 
A0:AFB7  BD 67 0D	LDA	$0D67,X		; 
A0:AFBA  22 07 B6 80	JSL	$80:B607	; 
A0:AFBE  BD 27 0D	LDA	$0D27,X		; 
A0:AFC1  22 DE B4 80	JSL	$80:B4DE	; 
A0:AFC5  A9 FF		LDA	#$FF		; 
A0:AFC7  9D 27 0D	STA	$0D27,X		; 
A0:AFCA  9D 67 0D	STA	$0D67,X		; 
A0:AFCD  9E E7 0A	STZ	$0AE7,X		; 
A0:AFD0  E8		INX			; 
A0:AFD1  E8		INX			; 
A0:AFD2  9E A3 0A	STZ	$0AA3,X		; 
A0:AFD5  BC 1F 0A	LDY	$0A1F,X		; 
A0:AFD8  BD 61 0A	LDA	$0A61,X		; 
A0:AFDB  9E 61 0A	STZ	$0A61,X		; 
A0:AFDE  99 61 0A	STA	$0A61,Y		; 
A0:AFE1  AA		TAX			; 
A0:AFE2  98		TYA			; 
A0:AFE3  9D 1F 0A	STA	$0A1F,X		; 
A0:AFE6  CE E5 0A	DEC	$0AE5		; 
A0:AFE9  FA		PLX			; 
A0:AFEA  7A		PLY			; 
A0:AFEB  6B		RTL			; 
A0:AFEC  5A		PHY			; 
A0:AFED  DA		PHX			; 
A0:AFEE  A6 6A		LDX	$6A		; 
A0:AFF0  E8		INX			; 
A0:AFF1  E8		INX			; 
A0:AFF2  85 1E		STA	$1E		; 
A0:AFF4  AC 61 0A	LDY	$0A61		; 
A0:AFF7  B9 A3 0A	LDA	$0AA3,Y		; 
A0:AFFA  C5 1E		CMP	$1E		; 
A0:AFFC  B0 0A		BCS	$B008		; 
A0:AFFE  B9 61 0A	LDA	$0A61,Y		; 
A0:B001  A8		TAY			; 
A0:B002  C0 01		CPY	#$01		; 
A0:B004  D0 F1		BNE	$AFF7		; 
A0:B006  80 06		BRA	$B00E		; 
A0:B008  86 1F		STX	$1F		; 
A0:B00A  C4 1F		CPY	$1F		; 
A0:B00C  F0 27		BEQ	$B035		; 
A0:B00E  5A		PHY			; 
A0:B00F  BC 61 0A	LDY	$0A61,X		; 
A0:B012  BD 1F 0A	LDA	$0A1F,X		; 
A0:B015  99 1F 0A	STA	$0A1F,Y		; 
A0:B018  48		PHA			; 
A0:B019  98		TYA			; 
A0:B01A  7A		PLY			; 
A0:B01B  99 61 0A	STA	$0A61,Y		; 
A0:B01E  7A		PLY			; 
A0:B01F  B9 1F 0A	LDA	$0A1F,Y		; 
A0:B022  9D 1F 0A	STA	$0A1F,X		; 
A0:B025  5A		PHY			; 
A0:B026  48		PHA			; 
A0:B027  98		TYA			; 
A0:B028  7A		PLY			; 
A0:B029  8A		TXA			; 
A0:B02A  99 61 0A	STA	$0A61,Y		; 
A0:B02D  7A		PLY			; 
A0:B02E  99 1F 0A	STA	$0A1F,Y		; 
A0:B031  98		TYA			; 
A0:B032  9D 61 0A	STA	$0A61,X		; 
A0:B035  A5 1E		LDA	$1E		; 
A0:B037  9D A3 0A	STA	$0AA3,X		; 
A0:B03A  FA		PLX			; 
A0:B03B  7A		PLY			; 
A0:B03C  6B		RTL			; 
A0:B03D  8B		PHB			; 
A0:B03E  4B		PHK			; 
A0:B03F  AB		PLB			; 
A0:B040  A9 80		LDA	#$80		; 
A0:B042  8D 1C 0A	STA	$0A1C		; 
A0:B045  9C 09 11	STZ	$1109		; 
A0:B048  9C 0A 11	STZ	$110A		; 
A0:B04B  9C 0B 11	STZ	$110B		; 
A0:B04E  A9 04		LDA	#$04		; 
A0:B050  8D 0C 11	STA	$110C		; 
A0:B053  AE 61 0A	LDX	$0A61		; 
A0:B056  BD E5 0A	LDA	$0AE5,X		; 
A0:B059  F0 03		BEQ	$B05E		; 
A0:B05B  20 00 B1	JSR	$B100		; 
A0:B05E  BD 61 0A	LDA	$0A61,X		; 
A0:B061  AA		TAX			; 
A0:B062  E0 02		CPX	#$02		; 
A0:B064  B0 F0		BCS	$B056		; 
A0:B066  AC 0C 11	LDY	$110C		; 
A0:B069  C0 04		CPY	#$04		; 
A0:B06B  F0 11		BEQ	$B07E		; 
A0:B06D  AE 0B 11	LDX	$110B		; 
A0:B070  BD E9 10	LDA	$10E9,X		; 
A0:B073  4A		LSR	A		; 
A0:B074  4A		LSR	A		; 
A0:B075  88		DEY			; 
A0:B076  D0 FB		BNE	$B073		; 
A0:B078  9D E9 10	STA	$10E9,X		; 
A0:B07B  EE 0B 11	INC	$110B		; 
A0:B07E  AD 1C 0A	LDA	$0A1C		; 
A0:B081  38		SEC			; 
A0:B082  ED 0D 11	SBC	$110D		; 
A0:B085  90 39		BCC	$B0C0		; 
A0:B087  F0 37		BEQ	$B0C0		; 
A0:B089  85 1E		STA	$1E		; 
A0:B08B  64 1F		STZ	$1F		; 
A0:B08D  C2 10		REP	#$10		; XY:16
A0:B08F  AE 09 11	LDX	$1109		; 
A0:B092  A4 1E		LDY	$1E		; 
A0:B094  A9 E0		LDA	#$E0		; 
A0:B096  9E E9 0E	STZ	$0EE9,X		; 
A0:B099  9D EA 0E	STA	$0EEA,X		; 
A0:B09C  9E EB 0E	STZ	$0EEB,X		; 
A0:B09F  9E EC 0E	STZ	$0EEC,X		; 
A0:B0A2  E8		INX			; 
A0:B0A3  E8		INX			; 
A0:B0A4  E8		INX			; 
A0:B0A5  E8		INX			; 
A0:B0A6  88		DEY			; 
A0:B0A7  D0 ED		BNE	$B096		; 
A0:B0A9  E2 10		SEP	#$10		; XY:8
A0:B0AB  A5 1E		LDA	$1E		; 
A0:B0AD  4A		LSR	A		; 
A0:B0AE  4A		LSR	A		; 
A0:B0AF  AE 0B 11	LDX	$110B		; 
A0:B0B2  A8		TAY			; 
A0:B0B3  A9 00		LDA	#$00		; 
A0:B0B5  C0 00		CPY	#$00		; 
A0:B0B7  80 05		BRA	$B0BE		; 
A0:B0B9  9D E9 10	STA	$10E9,X		; 
A0:B0BC  E8		INX			; 
A0:B0BD  88		DEY			; 
A0:B0BE  D0 F9		BNE	$B0B9		; 
A0:B0C0  A9 01		LDA	#$01		; 
A0:B0C2  8D 1B 0A	STA	$0A1B		; 
A0:B0C5  AB		PLB			; 
A0:B0C6  6B		RTL			; 
A0:B0C7  AD 1B 0A	LDA	$0A1B		; 
A0:B0CA  F0 33		BEQ	$B0FF		; 
A0:B0CC  AD 1C 0A	LDA	$0A1C		; 
A0:B0CF  8D 0D 11	STA	$110D		; 
A0:B0D2  9C 00 43	STZ	$4300		; DMA DMAP0
A0:B0D5  A9 E9		LDA	#$E9		; 
A0:B0D7  8D 02 43	STA	$4302		; DMA A1T0L
A0:B0DA  A9 0E		LDA	#$0E		; 
A0:B0DC  8D 03 43	STA	$4303		; DMA A1T0H
A0:B0DF  9C 04 43	STZ	$4304		; DMA A1B0
A0:B0E2  A9 04		LDA	#$04		; 
A0:B0E4  8D 01 43	STA	$4301		; DMA BBAD0
A0:B0E7  A9 20		LDA	#$20		; 
A0:B0E9  8D 05 43	STA	$4305		; DMA DAS0L
A0:B0EC  A9 02		LDA	#$02		; 
A0:B0EE  8D 06 43	STA	$4306		; DMA DAS0H
A0:B0F1  9C 02 21	STZ	$2102		; PPU OAMADDL
A0:B0F4  9C 03 21	STZ	$2103		; PPU OAMADDH
A0:B0F7  9C 1B 0A	STZ	$0A1B		; 
A0:B0FA  A9 01		LDA	#$01		; 
A0:B0FC  8D 0B 42	STA	$420B		; CPU MDMAEN
A0:B0FF  60		RTS			; 
A0:B100  BD E5 0D	LDA	$0DE5,X		; 
A0:B103  EB		XBA			; 
A0:B104  BD A5 0D	LDA	$0DA5,X		; 
A0:B107  C2 20		REP	#$20		; A:16
A0:B109  4A		LSR	A		; 
A0:B10A  4A		LSR	A		; 
A0:B10B  4A		LSR	A		; 
A0:B10C  4A		LSR	A		; 
A0:B10D  89 00 08	BIT	#$0800		; 
A0:B110  F0 03		BEQ	$B115		; 
A0:B112  09 00 F0	ORA	#$F000		; 
A0:B115  85 26		STA	$26		; 
A0:B117  E2 20		SEP	#$20		; A:8
A0:B119  BD 25 0B	LDA	$0B25,X		; 
A0:B11C  85 22		STA	$22		; 
A0:B11E  89 40		BIT	#$40		; 
A0:B120  F0 03		BEQ	$B125		; 
A0:B122  4C 5C B2	JMP	$B25C		; 
A0:B125  29 0F		AND	#$0F		; 
A0:B127  85 00		STA	$00		; 
A0:B129  0A		ASL	A		; 
A0:B12A  65 00		ADC	$00		; 
A0:B12C  A8		TAY			; 
A0:B12D  C2 20		REP	#$20		; A:16
A0:B12F  B9 94 B2	LDA	$B294,Y		; 
A0:B132  85 2A		STA	$2A		; 
A0:B134  E2 20		SEP	#$20		; A:8
A0:B136  B9 96 B2	LDA	$B296,Y		; 
A0:B139  85 2C		STA	$2C		; 
A0:B13B  BD E5 0A	LDA	$0AE5,X		; 
A0:B13E  3A		DEC	A		; 
A0:B13F  C2 30		REP	#$30		; AXY:16
A0:B141  29 FF 00	AND	#$00FF		; 
A0:B144  0A		ASL	A		; 
A0:B145  A8		TAY			; 
A0:B146  B7 2A		LDA	[$2A],Y		; 
A0:B148  85 2A		STA	$2A		; 
A0:B14A  E2 30		SEP	#$30		; AXY:8
A0:B14C  A7 2A		LDA	[$2A]		; 
A0:B14E  85 24		STA	$24		; 
A0:B150  AD 1C 0A	LDA	$0A1C		; 
A0:B153  C5 24		CMP	$24		; 
A0:B155  B0 01		BCS	$B158		; 
A0:B157  60		RTS			; 
A0:B158  C2 20		REP	#$20		; A:16
A0:B15A  E6 2A		INC	$2A		; 
A0:B15C  E2 20		SEP	#$20		; A:8
A0:B15E  A0 00		LDY	#$00		; 
A0:B160  B7 2A		LDA	[$2A],Y		; 
A0:B162  C8		INY			; 
A0:B163  85 1E		STA	$1E		; 
A0:B165  64 21		STZ	$21		; 
A0:B167  89 10		BIT	#$10		; 
A0:B169  F0 02		BEQ	$B16D		; 
A0:B16B  C6 21		DEC	$21		; 
A0:B16D  B7 2A		LDA	[$2A],Y		; 
A0:B16F  85 20		STA	$20		; 
A0:B171  18		CLC			; 
A0:B172  7D A5 0B	ADC	$0BA5,X		; 
A0:B175  85 06		STA	$06		; 
A0:B177  A5 21		LDA	$21		; 
A0:B179  7D E5 0B	ADC	$0BE5,X		; 
A0:B17C  29 0F		AND	#$0F		; 
A0:B17E  85 07		STA	$07		; 
A0:B180  F0 0D		BEQ	$B18F		; 
A0:B182  C9 0F		CMP	#$0F		; 
A0:B184  D0 06		BNE	$B18C		; 
A0:B186  A5 06		LDA	$06		; 
A0:B188  C9 C0		CMP	#$C0		; 
A0:B18A  B0 03		BCS	$B18F		; 
A0:B18C  4C 4C B2	JMP	$B24C		; 
A0:B18F  C8		INY			; 
A0:B190  64 21		STZ	$21		; 
A0:B192  A5 1E		LDA	$1E		; 
A0:B194  89 20		BIT	#$20		; 
A0:B196  F0 02		BEQ	$B19A		; 
A0:B198  C6 21		DEC	$21		; 
A0:B19A  B7 2A		LDA	[$2A],Y		; 
A0:B19C  38		SEC			; 
A0:B19D  FD E5 0C	SBC	$0CE5,X		; 
A0:B1A0  18		CLC			; 
A0:B1A1  7D 65 0C	ADC	$0C65,X		; 
A0:B1A4  85 09		STA	$09		; 
A0:B1A6  A5 21		LDA	$21		; 
A0:B1A8  7D A5 0C	ADC	$0CA5,X		; 
A0:B1AB  29 0F		AND	#$0F		; 
A0:B1AD  F0 0D		BEQ	$B1BC		; 
A0:B1AF  C9 0F		CMP	#$0F		; 
A0:B1B1  D0 06		BNE	$B1B9		; 
A0:B1B3  A5 09		LDA	$09		; 
A0:B1B5  C9 F0		CMP	#$F0		; 
A0:B1B7  B0 09		BCS	$B1C2		; 
A0:B1B9  4C 4D B2	JMP	$B24D		; 
A0:B1BC  A5 09		LDA	$09		; 
A0:B1BE  C9 E0		CMP	#$E0		; 
A0:B1C0  B0 F7		BCS	$B1B9		; 
A0:B1C2  C8		INY			; 
A0:B1C3  B7 2A		LDA	[$2A],Y		; 
A0:B1C5  85 0F		STA	$0F		; 
A0:B1C7  C8		INY			; 
A0:B1C8  A5 1E		LDA	$1E		; 
A0:B1CA  29 01		AND	#$01		; 
A0:B1CC  85 10		STA	$10		; 
A0:B1CE  C2 20		REP	#$20		; A:16
A0:B1D0  A5 0F		LDA	$0F		; 
A0:B1D2  18		CLC			; 
A0:B1D3  65 26		ADC	$26		; 
A0:B1D5  29 FF 01	AND	#$01FF		; 
A0:B1D8  85 0F		STA	$0F		; 
A0:B1DA  E2 20		SEP	#$20		; A:8
A0:B1DC  A5 1E		LDA	$1E		; 
A0:B1DE  29 C0		AND	#$C0		; 
A0:B1E0  04 10		TSB	$10		; 
A0:B1E2  BD 25 0D	LDA	$0D25,X		; 
A0:B1E5  85 00		STA	$00		; 
A0:B1E7  A5 1E		LDA	$1E		; 
A0:B1E9  29 06		AND	#$06		; 
A0:B1EB  4A		LSR	A		; 
A0:B1EC  65 00		ADC	$00		; 
A0:B1EE  0A		ASL	A		; 
A0:B1EF  29 0E		AND	#$0E		; 
A0:B1F1  04 10		TSB	$10		; 
A0:B1F3  A5 22		LDA	$22		; 
A0:B1F5  29 30		AND	#$30		; 
A0:B1F7  04 10		TSB	$10		; 
A0:B1F9  DA		PHX			; 
A0:B1FA  AE 0B 11	LDX	$110B		; 
A0:B1FD  AD 0C 11	LDA	$110C		; 
A0:B200  C9 04		CMP	#$04		; 
A0:B202  D0 03		BNE	$B207		; 
A0:B204  9E E9 10	STZ	$10E9,X		; 
A0:B207  46 07		LSR	$07		; 
A0:B209  7E E9 10	ROR	$10E9,X		; 
A0:B20C  A5 1E		LDA	$1E		; 
A0:B20E  4A		LSR	A		; 
A0:B20F  4A		LSR	A		; 
A0:B210  4A		LSR	A		; 
A0:B211  4A		LSR	A		; 
A0:B212  7E E9 10	ROR	$10E9,X		; 
A0:B215  CE 0C 11	DEC	$110C		; 
A0:B218  D0 09		BNE	$B223		; 
A0:B21A  E8		INX			; 
A0:B21B  8E 0B 11	STX	$110B		; 
A0:B21E  A9 04		LDA	#$04		; 
A0:B220  8D 0C 11	STA	$110C		; 
A0:B223  C2 10		REP	#$10		; XY:16
A0:B225  AE 09 11	LDX	$1109		; 
A0:B228  A5 06		LDA	$06		; 
A0:B22A  9D E9 0E	STA	$0EE9,X		; 
A0:B22D  E8		INX			; 
A0:B22E  A5 09		LDA	$09		; 
A0:B230  3A		DEC	A		; 
A0:B231  9D E9 0E	STA	$0EE9,X		; 
A0:B234  E8		INX			; 
A0:B235  A5 0F		LDA	$0F		; 
A0:B237  9D E9 0E	STA	$0EE9,X		; 
A0:B23A  E8		INX			; 
A0:B23B  A5 10		LDA	$10		; 
A0:B23D  9D E9 0E	STA	$0EE9,X		; 
A0:B240  E8		INX			; 
A0:B241  8E 09 11	STX	$1109		; 
A0:B244  E2 10		SEP	#$10		; XY:8
A0:B246  FA		PLX			; 
A0:B247  CE 1C 0A	DEC	$0A1C		; 
A0:B24A  80 03		BRA	$B24F		; 
A0:B24C  C8		INY			; 
A0:B24D  C8		INY			; 
A0:B24E  C8		INY			; 
A0:B24F  C0 00		CPY	#$00		; 
A0:B251  D0 02		BNE	$B255		; 
A0:B253  E6 2B		INC	$2B		; 
A0:B255  C6 24		DEC	$24		; 
A0:B257  F0 03		BEQ	$B25C		; 
A0:B259  4C 60 B1	JMP	$B160		; 
A0:B25C  38		SEC			; 
A0:B25D  60		RTS			; 
A0:B25E  5A		PHY			; 
A0:B25F  DA		PHX			; 
A0:B260  48		PHA			; 
A0:B261  AD 1E 0A	LDA	$0A1E		; 
A0:B264  0A		ASL	A		; 
A0:B265  6D 1E 0A	ADC	$0A1E		; 
A0:B268  AA		TAX			; 
A0:B269  C2 20		REP	#$20		; A:16
A0:B26B  BF EE B2 80	LDA	$80:B2EE,X	; 
A0:B26F  85 2A		STA	$2A		; 
A0:B271  E2 20		SEP	#$20		; A:8
A0:B273  BF F0 B2 80	LDA	$80:B2F0,X	; 
A0:B277  85 2C		STA	$2C		; 
A0:B279  68		PLA			; 
A0:B27A  3A		DEC	A		; 
A0:B27B  C2 30		REP	#$30		; AXY:16
A0:B27D  29 FF 00	AND	#$00FF		; 
A0:B280  0A		ASL	A		; 
A0:B281  A8		TAY			; 
A0:B282  E2 20		SEP	#$20		; A:8
A0:B284  B7 2A		LDA	[$2A],Y		; 
A0:B286  8D 22 11	STA	$1122		; 
A0:B289  C8		INY			; 
A0:B28A  B7 2A		LDA	[$2A],Y		; 
A0:B28C  8D 21 11	STA	$1121		; 
A0:B28F  E2 10		SEP	#$10		; XY:8
A0:B291  FA		PLX			; 
A0:B292  7A		PLY			; 
A0:B293  6B		RTL			; 
A0:B294  3A		DEC	A		; 
A0:B295  18		CLC			; 
A0:B296  C5 4F		CMP	$4F		; 
A0:B298  37 C5		AND	[$C5],Y		; 
A0:B29A  00 00		BRK	#$00		; 
A0:B29C  C1 D3		CMP	($D3,X)		; 
A0:B29E  19 C1 D3	ORA	$D3C1,Y		; 
A0:B2A1  2B		PLD			; 
A0:B2A2  C1 68		CMP	($68,X)		; 
A0:B2A4  3E C1 CB	ROL	$CBC1,X		; 
A0:B2A7  62 C1 2C	PER	$2CC1		; 
A0:B2AA  46 C5		LSR	$C5		; 
A0:B2AC  B1 50		LDA	($50),Y		; 
A0:B2AE  C2 F7		REP	#$F7		; AXY:16
A0:B2B0  5E C2 00	LSR	$00C2,X		; 
A0:B2B3  00 C2		BRK	#$C2		; 
A0:B2B5  10 1C		BPL	$B2D3		; 
A0:B2B7  C2 01		REP	#$01		; 
A0:B2B9  0C C3 30	TSB	$30C3		; 
A0:B2BC  38		SEC			; 
A0:B2BD  C3 6F		CMP	$6F,S		; 
A0:B2BF  08		PHP			; 
A0:B2C0  C5 08		CMP	$08		; 
A0:B2C2  1A		INC	A		; 
A0:B2C3  C5 41		CMP	$41		; 
A0:B2C5  38		SEC			; 
A0:B2C6  C5 F2		CMP	$F2		; 
A0:B2C8  01 C1		ORA	($C1,X)		; 
A0:B2CA  63 1B		ADC	$1B,S		; 
A0:B2CC  C1 AD		CMP	($AD,X)		; 
A0:B2CE  2D C1 62	AND	$62C1		; 
A0:B2D1  40		RTI			; 
A0:B2D2  C1 93		CMP	($93,X)		; 
A0:B2D4  64 C1		STZ	$C1		; 
A0:B2D6  1A		INC	A		; 
A0:B2D7  48		PHA			; 
A0:B2D8  C5 65		CMP	$65		; 
A0:B2DA  52 C2		EOR	($C2)		; 
A0:B2DC  2F 60 C2 2C	AND	$2C:C260	; 
A0:B2E0  01 C2		ORA	($C2,X)		; 
A0:B2E2  8A		TXA			; 
A0:B2E3  1D C2 1B	ORA	$1BC2,X		; 
A0:B2E6  0D C3 C4	ORA	$C4C3		; 
A0:B2E9  38		SEC			; 
A0:B2EA  C3 B5		CMP	$B5,S		; 
A0:B2EC  08		PHP			; 
A0:B2ED  C5 00		CMP	$00		; 
A0:B2EF  00 00		BRK	#$00		; 
A0:B2F1  00 00		BRK	#$00		; 
A0:B2F3  00 61		BRK	#$61		; 
A0:B2F5  19 C1 59	ORA	$59C1,Y		; 
A0:B2F8  2B		PLD			; 
A0:B2F9  C1 3E		CMP	($3E,X)		; 
A0:B2FB  3D C1 B3	AND	$B3C1,X		; 
A0:B2FE  61 C1		ADC	($C1,X)		; 
A0:B300  57 75		EOR	[$75],Y		; 
A0:B302  C1 9B		CMP	($9B,X)		; 
A0:B304  6E C5 41	ROR	$41C5		; 
A0:B307  5E C2 E3	LSR	$E3C2,X		; 
A0:B30A  6A		ROR	A		; 
A0:B30B  C2 DA		REP	#$DA		; XY:16
A0:B30D  C2 30		REP	#$30		; AXY:16
A0:B30F  A2 00 00	LDX	#$0000		; 
A0:B312  A9 00 00	LDA	#$0000		; 
A0:B315  9F C2 21 7E	STA	$7E:21C2,X	; 
A0:B319  E8		INX			; 
A0:B31A  E8		INX			; 
A0:B31B  E0 00 02	CPX	#$0200		; 
A0:B31E  10 F5		BPL	$B315		; 
A0:B320  E2 30		SEP	#$30		; AXY:8
A0:B322  22 D6 B3 80	JSL	$80:B3D6	; 
A0:B326  A2 00		LDX	#$00		; 
A0:B328  A9 00		LDA	#$00		; 
A0:B32A  9F C2 23 7E	STA	$7E:23C2,X	; 
A0:B32E  9F CA 23 7E	STA	$7E:23CA,X	; 
A0:B332  9F D2 23 7E	STA	$7E:23D2,X	; 
A0:B336  9D 12 11	STA	$1112,X		; 
A0:B339  E8		INX			; 
A0:B33A  E0 08		CPX	#$08		; 
A0:B33C  90 EC		BCC	$B32A		; 
A0:B33E  FA		PLX			; 
A0:B33F  6B		RTL			; 
A0:B340  5A		PHY			; 
A0:B341  48		PHA			; 
A0:B342  20 6F B3	JSR	$B36F		; 
A0:B345  A0 00		LDY	#$00		; 
A0:B347  C2 20		REP	#$20		; A:16
A0:B349  B7 09		LDA	[$09],Y		; 
A0:B34B  85 0F		STA	$0F		; 
A0:B34D  A0 02		LDY	#$02		; 
A0:B34F  B7 09		LDA	[$09],Y		; 
A0:B351  85 0C		STA	$0C		; 
A0:B353  E2 20		SEP	#$20		; A:8
A0:B355  68		PLA			; 
A0:B356  22 5C B3 80	JSL	$80:B35C	; 
A0:B35A  7A		PLY			; 
A0:B35B  6B		RTL			; 
A0:B35C  5A		PHY			; 
A0:B35D  C2 20		REP	#$20		; A:16
A0:B35F  A5 09		LDA	$09		; 
A0:B361  18		CLC			; 
A0:B362  69 04 00	ADC	#$0004		; 
A0:B365  85 09		STA	$09		; 
A0:B367  E2 20		SEP	#$20		; A:8
A0:B369  22 A6 B3 80	JSL	$80:B3A6	; 
A0:B36D  7A		PLY			; 
A0:B36E  6B		RTL			; 
A0:B36F  8B		PHB			; 
A0:B370  5A		PHY			; 
A0:B371  DA		PHX			; 
A0:B372  48		PHA			; 
A0:B373  4B		PHK			; 
A0:B374  AB		PLB			; 
A0:B375  C9 00		CMP	#$00		; 
A0:B377  D0 06		BNE	$B37F		; 
A0:B379  00 EA		BRK	#$EA		; 
A0:B37B  1A		INC	A		; 
A0:B37C  8D 0F 11	STA	$110F		; 
A0:B37F  3A		DEC	A		; 
A0:B380  A8		TAY			; 
A0:B381  AD 5F 03	LDA	$035F		; 
A0:B384  0A		ASL	A		; 
A0:B385  AA		TAX			; 
A0:B386  C2 20		REP	#$20		; A:16
A0:B388  BD 16 B5	LDA	$B516,X		; 
A0:B38B  85 09		STA	$09		; 
A0:B38D  E2 20		SEP	#$20		; A:8
A0:B38F  A9 C0		LDA	#$C0		; 
A0:B391  85 0B		STA	$0B		; 
A0:B393  C2 30		REP	#$30		; AXY:16
A0:B395  98		TYA			; 
A0:B396  29 FF 00	AND	#$00FF		; 
A0:B399  0A		ASL	A		; 
A0:B39A  A8		TAY			; 
A0:B39B  B7 09		LDA	[$09],Y		; 
A0:B39D  85 09		STA	$09		; 
A0:B39F  E2 30		SEP	#$30		; AXY:8
A0:B3A1  68		PLA			; 
A0:B3A2  FA		PLX			; 
A0:B3A3  7A		PLY			; 
A0:B3A4  AB		PLB			; 
A0:B3A5  60		RTS			; 
A0:B3A6  5A		PHY			; 
A0:B3A7  DA		PHX			; 
A0:B3A8  A5 0D		LDA	$0D		; 
A0:B3AA  C9 02		CMP	#$02		; 
A0:B3AC  90 08		BCC	$B3B6		; 
A0:B3AE  00 EA		BRK	#$EA		; 
A0:B3B0  A9 10		LDA	#$10		; 
A0:B3B2  85 0C		STA	$0C		; 
A0:B3B4  64 0D		STZ	$0D		; 
A0:B3B6  C2 30		REP	#$30		; AXY:16
A0:B3B8  A5 0F		LDA	$0F		; 
A0:B3BA  0A		ASL	A		; 
A0:B3BB  AA		TAX			; 
A0:B3BC  A0 00 00	LDY	#$0000		; 
A0:B3BF  B7 09		LDA	[$09],Y		; 
A0:B3C1  9F C2 21 7E	STA	$7E:21C2,X	; 
A0:B3C5  E8		INX			; 
A0:B3C6  E8		INX			; 
A0:B3C7  C8		INY			; 
A0:B3C8  C8		INY			; 
A0:B3C9  C6 0C		DEC	$0C		; 
A0:B3CB  D0 F2		BNE	$B3BF		; 
A0:B3CD  E2 30		SEP	#$30		; AXY:8
A0:B3CF  22 D6 B3 80	JSL	$80:B3D6	; 
A0:B3D3  FA		PLX			; 
A0:B3D4  7A		PLY			; 
A0:B3D5  6B		RTL			; 
A0:B3D6  A9 01		LDA	#$01		; 
A0:B3D8  8D 1A 11	STA	$111A		; 
A0:B3DB  6B		RTL			; 
A0:B3DC  AD 1A 11	LDA	$111A		; 
A0:B3DF  F0 45		BEQ	$B426		; 
A0:B3E1  AD E6 0A	LDA	$0AE6		; 
A0:B3E4  F0 40		BEQ	$B426		; 
A0:B3E6  A9 00		LDA	#$00		; 
A0:B3E8  8D 00 43	STA	$4300		; DMA DMAP0
A0:B3EB  A9 22		LDA	#$22		; 
A0:B3ED  8D 01 43	STA	$4301		; DMA BBAD0
A0:B3F0  A9 C2		LDA	#$C2		; 
A0:B3F2  8D 02 43	STA	$4302		; DMA A1T0L
A0:B3F5  A9 21		LDA	#$21		; 
A0:B3F7  8D 03 43	STA	$4303		; DMA A1T0H
A0:B3FA  A9 7E		LDA	#$7E		; 
A0:B3FC  8D 04 43	STA	$4304		; DMA A1B0
A0:B3FF  A9 00		LDA	#$00		; 
A0:B401  8D 05 43	STA	$4305		; DMA DAS0L
A0:B404  A9 02		LDA	#$02		; 
A0:B406  8D 06 43	STA	$4306		; DMA DAS0H
A0:B409  A9 00		LDA	#$00		; 
A0:B40B  8D 07 43	STA	$4307		; DMA DASB0
A0:B40E  9C 21 21	STZ	$2121		; PPU CGADD
A0:B411  A9 01		LDA	#$01		; 
A0:B413  8D 0B 42	STA	$420B		; CPU MDMAEN
A0:B416  9C 1A 11	STZ	$111A		; 
A0:B419  C2 20		REP	#$20		; A:16
A0:B41B  AD BF 03	LDA	$03BF		; 
A0:B41E  69 C0 02	ADC	#$02C0		; 
A0:B421  8D BF 03	STA	$03BF		; 
A0:B424  E2 20		SEP	#$20		; A:8
A0:B426  60		RTS			; 
A0:B427  9C 11 11	STZ	$1111		; 
A0:B42A  CE 11 11	DEC	$1111		; 
A0:B42D  5A		PHY			; 
A0:B42E  DA		PHX			; 
A0:B42F  8D 0F 11	STA	$110F		; 
A0:B432  20 6F B3	JSR	$B36F		; 
A0:B435  A0 02		LDY	#$02		; 
A0:B437  C2 20		REP	#$20		; A:16
A0:B439  B7 09		LDA	[$09],Y		; 
A0:B43B  85 0C		STA	$0C		; 
A0:B43D  4A		LSR	A		; 
A0:B43E  4A		LSR	A		; 
A0:B43F  4A		LSR	A		; 
A0:B440  4A		LSR	A		; 
A0:B441  D0 03		BNE	$B446		; 
A0:B443  A9 01 00	LDA	#$0001		; 
A0:B446  C9 09 00	CMP	#$0009		; 
A0:B449  90 0A		BCC	$B455		; 
A0:B44B  00 EA		BRK	#$EA		; 
A0:B44D  A9 10 00	LDA	#$0010		; 
A0:B450  85 0C		STA	$0C		; 
A0:B452  A9 04 00	LDA	#$0004		; 
A0:B455  E2 20		SEP	#$20		; A:8
A0:B457  8D 10 11	STA	$1110		; 
A0:B45A  AD 11 11	LDA	$1111		; 
A0:B45D  85 1E		STA	$1E		; 
A0:B45F  A2 00		LDX	#$00		; 
A0:B461  46 1E		LSR	$1E		; 
A0:B463  90 12		BCC	$B477		; 
A0:B465  BF C2 23 7E	LDA	$7E:23C2,X	; 
A0:B469  CD 0F 11	CMP	$110F		; 
A0:B46C  D0 09		BNE	$B477		; 
A0:B46E  BF CA 23 7E	LDA	$7E:23CA,X	; 
A0:B472  CD 5F 03	CMP	$035F		; 
A0:B475  F0 5F		BEQ	$B4D6		; 
A0:B477  E8		INX			; 
A0:B478  E0 08		CPX	#$08		; 
A0:B47A  90 E5		BCC	$B461		; 
A0:B47C  A2 00		LDX	#$00		; 
A0:B47E  AD 11 11	LDA	$1111		; 
A0:B481  85 1E		STA	$1E		; 
A0:B483  AC 10 11	LDY	$1110		; 
A0:B486  46 1E		LSR	$1E		; 
A0:B488  90 0B		BCC	$B495		; 
A0:B48A  BF C2 23 7E	LDA	$7E:23C2,X	; 
A0:B48E  D0 05		BNE	$B495		; 
A0:B490  88		DEY			; 
A0:B491  F0 11		BEQ	$B4A4		; 
A0:B493  80 03		BRA	$B498		; 
A0:B495  AC 10 11	LDY	$1110		; 
A0:B498  E8		INX			; 
A0:B499  E0 08		CPX	#$08		; 
A0:B49B  90 E9		BCC	$B486		; 
A0:B49D  00 EA		BRK	#$EA		; 
A0:B49F  A9 FF		LDA	#$FF		; 
A0:B4A1  38		SEC			; 
A0:B4A2  80 37		BRA	$B4DB		; 
A0:B4A4  8A		TXA			; 
A0:B4A5  38		SEC			; 
A0:B4A6  ED 10 11	SBC	$1110		; 
A0:B4A9  1A		INC	A		; 
A0:B4AA  AA		TAX			; 
A0:B4AB  AD 10 11	LDA	$1110		; 
A0:B4AE  9F D2 23 7E	STA	$7E:23D2,X	; 
A0:B4B2  A8		TAY			; 
A0:B4B3  DA		PHX			; 
A0:B4B4  AD 0F 11	LDA	$110F		; 
A0:B4B7  9F C2 23 7E	STA	$7E:23C2,X	; 
A0:B4BB  AD 5F 03	LDA	$035F		; 
A0:B4BE  9F CA 23 7E	STA	$7E:23CA,X	; 
A0:B4C2  E8		INX			; 
A0:B4C3  88		DEY			; 
A0:B4C4  D0 EE		BNE	$B4B4		; 
A0:B4C6  FA		PLX			; 
A0:B4C7  8A		TXA			; 
A0:B4C8  0A		ASL	A		; 
A0:B4C9  0A		ASL	A		; 
A0:B4CA  0A		ASL	A		; 
A0:B4CB  0A		ASL	A		; 
A0:B4CC  69 80		ADC	#$80		; 
A0:B4CE  85 0F		STA	$0F		; 
A0:B4D0  64 10		STZ	$10		; 
A0:B4D2  22 5C B3 80	JSL	$80:B35C	; 
A0:B4D6  FE 12 11	INC	$1112,X		; 
A0:B4D9  8A		TXA			; 
A0:B4DA  18		CLC			; 
A0:B4DB  FA		PLX			; 
A0:B4DC  7A		PLY			; 
A0:B4DD  6B		RTL			; 
A0:B4DE  5A		PHY			; 
A0:B4DF  DA		PHX			; 
A0:B4E0  AA		TAX			; 
A0:B4E1  30 30		BMI	$B513		; 
A0:B4E3  C9 08		CMP	#$08		; 
A0:B4E5  90 04		BCC	$B4EB		; 
A0:B4E7  00 EA		BRK	#$EA		; 
A0:B4E9  80 28		BRA	$B513		; 
A0:B4EB  DE 12 11	DEC	$1112,X		; 
A0:B4EE  10 07		BPL	$B4F7		; 
A0:B4F0  00 EA		BRK	#$EA		; 
A0:B4F2  FE 12 11	INC	$1112,X		; 
A0:B4F5  80 1C		BRA	$B513		; 
A0:B4F7  D0 1A		BNE	$B513		; 
A0:B4F9  BF D2 23 7E	LDA	$7E:23D2,X	; 
A0:B4FD  A8		TAY			; 
A0:B4FE  A9 00		LDA	#$00		; 
A0:B500  9F C2 23 7E	STA	$7E:23C2,X	; 
A0:B504  9F CA 23 7E	STA	$7E:23CA,X	; 
A0:B508  9D 12 11	STA	$1112,X		; 
A0:B50B  9F D2 23 7E	STA	$7E:23D2,X	; 
A0:B50F  E8		INX			; 
A0:B510  88		DEY			; 
A0:B511  D0 EB		BNE	$B4FE		; 
A0:B513  FA		PLX			; 
A0:B514  7A		PLY			; 
A0:B515  6B		RTL			; 
A0:B516  29 1B		AND	#$1B		; 
A0:B518  91 0E		STA	($0E),Y		; 
A0:B51A  11 4C		ORA	($4C),Y		; 
A0:B51C  05 28		ORA	$28		; 
A0:B51E  EB		XBA			; 
A0:B51F  0E 75 4A	ASL	$4A75		; 
A0:B522  E7 6A		SBC	[$6A]		; 
A0:B524  7F 82 DA 9C	ADC	$9C:DA82,X	; 
A0:B528  1D 11 A9	ORA	$A911,X		; 
A0:B52B  60		RTS			; 
A0:B52C  8D 1E 11	STA	$111E		; 
A0:B52F  A9 00		LDA	#$00		; 
A0:B531  A2 1F		LDX	#$1F		; 
A0:B533  9F 1A 25 7E	STA	$7E:251A,X	; 
A0:B537  9F FA 24 7E	STA	$7E:24FA,X	; 
A0:B53B  9F 3A 25 7E	STA	$7E:253A,X	; 
A0:B53F  9F 5A 25 7E	STA	$7E:255A,X	; 
A0:B543  9F 7A 25 7E	STA	$7E:257A,X	; 
A0:B547  CA		DEX			; 
A0:B548  10 E9		BPL	$B533		; 
A0:B54A  A9 FF		LDA	#$FF		; 
A0:B54C  A2 00		LDX	#$00		; 
A0:B54E  9F DA 23 7E	STA	$7E:23DA,X	; 
A0:B552  E8		INX			; 
A0:B553  D0 F9		BNE	$B54E		; 
A0:B555  FA		PLX			; 
A0:B556  6B		RTL			; 
A0:B557  C9 00		CMP	#$00		; 
A0:B559  F0 31		BEQ	$B58C		; 
A0:B55B  85 00		STA	$00		; 
A0:B55D  C2 20		REP	#$20		; A:16
A0:B55F  A5 0F		LDA	$0F		; 
A0:B561  48		PHA			; 
A0:B562  E2 20		SEP	#$20		; A:8
A0:B564  A5 00		LDA	$00		; 
A0:B566  20 A7 B7	JSR	$B7A7		; 
A0:B569  C2 20		REP	#$20		; A:16
A0:B56B  68		PLA			; 
A0:B56C  85 0F		STA	$0F		; 
A0:B56E  E2 20		SEP	#$20		; A:8
A0:B570  80 07		BRA	$B579		; 
A0:B572  C9 00		CMP	#$00		; 
A0:B574  F0 16		BEQ	$B58C		; 
A0:B576  20 A7 B7	JSR	$B7A7		; 
A0:B579  A5 09		LDA	$09		; 
A0:B57B  C9 04		CMP	#$04		; 
A0:B57D  F0 0A		BEQ	$B589		; 
A0:B57F  A5 0F		LDA	$0F		; 
A0:B581  05 10		ORA	$10		; 
A0:B583  D0 04		BNE	$B589		; 
A0:B585  00 EA		BRK	#$EA		; 
A0:B587  A9 60		LDA	#$60		; 
A0:B589  20 FA B7	JSR	$B7FA		; 
A0:B58C  6B		RTL			; 
A0:B58D  9C 21 11	STZ	$1121		; 
A0:B590  9C 22 11	STZ	$1122		; 
A0:B593  DA		PHX			; 
A0:B594  C9 00		CMP	#$00		; 
A0:B596  F0 40		BEQ	$B5D8		; 
A0:B598  8D 1C 11	STA	$111C		; 
A0:B59B  20 A7 B7	JSR	$B7A7		; 
A0:B59E  A5 09		LDA	$09		; 
A0:B5A0  C9 05		CMP	#$05		; 
A0:B5A2  D0 32		BNE	$B5D6		; 
A0:B5A4  AD 21 11	LDA	$1121		; 
A0:B5A7  D0 0C		BNE	$B5B5		; 
A0:B5A9  C2 20		REP	#$20		; A:16
A0:B5AB  A5 0C		LDA	$0C		; 
A0:B5AD  8D 1F 11	STA	$111F		; 
A0:B5B0  E2 20		SEP	#$20		; A:8
A0:B5B2  20 56 B7	JSR	$B756		; 
A0:B5B5  A2 00		LDX	#$00		; 
A0:B5B7  20 54 B6	JSR	$B654		; 
A0:B5BA  F0 21		BEQ	$B5DD		; 
A0:B5BC  E8		INX			; 
A0:B5BD  E0 20		CPX	#$20		; 
A0:B5BF  90 F6		BCC	$B5B7		; 
A0:B5C1  A2 00		LDX	#$00		; 
A0:B5C3  BF 1A 25 7E	LDA	$7E:251A,X	; 
A0:B5C7  F0 25		BEQ	$B5EE		; 
A0:B5C9  E8		INX			; 
A0:B5CA  E0 20		CPX	#$20		; 
A0:B5CC  90 F5		BCC	$B5C3		; 
A0:B5CE  00 EA		BRK	#$EA		; 
A0:B5D0  80 06		BRA	$B5D8		; 
A0:B5D2  00 EA		BRK	#$EA		; 
A0:B5D4  80 02		BRA	$B5D8		; 
A0:B5D6  00 EA		BRK	#$EA		; 
A0:B5D8  A9 FF		LDA	#$FF		; 
A0:B5DA  38		SEC			; 
A0:B5DB  80 28		BRA	$B605		; 
A0:B5DD  BF DA 24 7E	LDA	$7E:24DA,X	; 
A0:B5E1  C2 20		REP	#$20		; A:16
A0:B5E3  22 7A B7 80	JSL	$80:B77A	; 
A0:B5E7  8D 1D 11	STA	$111D		; 
A0:B5EA  E2 20		SEP	#$20		; A:8
A0:B5EC  80 0C		BRA	$B5FA		; 
A0:B5EE  8A		TXA			; 
A0:B5EF  20 A3 B6	JSR	$B6A3		; 
A0:B5F2  B0 DE		BCS	$B5D2		; 
A0:B5F4  20 77 B6	JSR	$B677		; 
A0:B5F7  20 93 B8	JSR	$B893		; 
A0:B5FA  BF 7A 25 7E	LDA	$7E:257A,X	; 
A0:B5FE  1A		INC	A		; 
A0:B5FF  9F 7A 25 7E	STA	$7E:257A,X	; 
A0:B603  18		CLC			; 
A0:B604  8A		TXA			; 
A0:B605  FA		PLX			; 
A0:B606  6B		RTL			; 
A0:B607  8B		PHB			; 
A0:B608  DA		PHX			; 
A0:B609  48		PHA			; 
A0:B60A  A9 7E		LDA	#$7E		; 
A0:B60C  48		PHA			; 
A0:B60D  AB		PLB			; 
A0:B60E  FA		PLX			; 
A0:B60F  30 28		BMI	$B639		; 
A0:B611  E0 20		CPX	#$20		; 
A0:B613  90 04		BCC	$B619		; 
A0:B615  00 EA		BRK	#$EA		; 
A0:B617  80 20		BRA	$B639		; 
A0:B619  DE 7A 25	DEC	$257A,X		; 
A0:B61C  10 07		BPL	$B625		; 
A0:B61E  00 EA		BRK	#$EA		; 
A0:B620  FE 7A 25	INC	$257A,X		; 
A0:B623  80 14		BRA	$B639		; 
A0:B625  D0 12		BNE	$B639		; 
A0:B627  A9 00		LDA	#$00		; 
A0:B629  9D 1A 25	STA	$251A,X		; 
A0:B62C  9D FA 24	STA	$24FA,X		; 
A0:B62F  9D 3A 25	STA	$253A,X		; 
A0:B632  9D 5A 25	STA	$255A,X		; 
A0:B635  8A		TXA			; 
A0:B636  20 3C B6	JSR	$B63C		; 
A0:B639  FA		PLX			; 
A0:B63A  AB		PLB			; 
A0:B63B  6B		RTL			; 
A0:B63C  DA		PHX			; 
A0:B63D  85 00		STA	$00		; 
A0:B63F  A2 00		LDX	#$00		; 
A0:B641  BF DA 23 7E	LDA	$7E:23DA,X	; 
A0:B645  C5 00		CMP	$00		; 
A0:B647  D0 06		BNE	$B64F		; 
A0:B649  A9 7F		LDA	#$7F		; 
A0:B64B  9F DA 23 7E	STA	$7E:23DA,X	; 
A0:B64F  E8		INX			; 
A0:B650  D0 EF		BNE	$B641		; 
A0:B652  FA		PLX			; 
A0:B653  60		RTS			; 
A0:B654  BF 1A 25 7E	LDA	$7E:251A,X	; 
A0:B658  CD 1C 11	CMP	$111C		; 
A0:B65B  D0 19		BNE	$B676		; 
A0:B65D  BF FA 24 7E	LDA	$7E:24FA,X	; 
A0:B661  CD 5F 03	CMP	$035F		; 
A0:B664  D0 10		BNE	$B676		; 
A0:B666  BF 3A 25 7E	LDA	$7E:253A,X	; 
A0:B66A  CD 22 11	CMP	$1122		; 
A0:B66D  D0 07		BNE	$B676		; 
A0:B66F  BF 5A 25 7E	LDA	$7E:255A,X	; 
A0:B673  CD 21 11	CMP	$1121		; 
A0:B676  60		RTS			; 
A0:B677  AD 5F 03	LDA	$035F		; 
A0:B67A  9F FA 24 7E	STA	$7E:24FA,X	; 
A0:B67E  AD 1C 11	LDA	$111C		; 
A0:B681  9F 1A 25 7E	STA	$7E:251A,X	; 
A0:B685  AD 22 11	LDA	$1122		; 
A0:B688  9F 3A 25 7E	STA	$7E:253A,X	; 
A0:B68C  AD 21 11	LDA	$1121		; 
A0:B68F  9F 5A 25 7E	STA	$7E:255A,X	; 
A0:B693  C2 20		REP	#$20		; A:16
A0:B695  AD 1D 11	LDA	$111D		; 
A0:B698  22 66 B7 80	JSL	$80:B766	; 
A0:B69C  E2 20		SEP	#$20		; A:8
A0:B69E  9F DA 24 7E	STA	$7E:24DA,X	; 
A0:B6A2  60		RTS			; 
A0:B6A3  DA		PHX			; 
A0:B6A4  48		PHA			; 
A0:B6A5  20 D5 B6	JSR	$B6D5		; 
A0:B6A8  90 07		BCC	$B6B1		; 
A0:B6AA  22 91 B7 80	JSL	$80:B791	; 
A0:B6AE  20 D5 B6	JSR	$B6D5		; 
A0:B6B1  AA		TAX			; 
A0:B6B2  68		PLA			; 
A0:B6B3  B0 1E		BCS	$B6D3		; 
A0:B6B5  20 29 B7	JSR	$B729		; 
A0:B6B8  8A		TXA			; 
A0:B6B9  C2 20		REP	#$20		; A:16
A0:B6BB  22 7A B7 80	JSL	$80:B77A	; 
A0:B6BF  8D 1D 11	STA	$111D		; 
A0:B6C2  85 0F		STA	$0F		; 
A0:B6C4  E2 20		SEP	#$20		; A:8
A0:B6C6  20 3F B7	JSR	$B73F		; 
A0:B6C9  C2 20		REP	#$20		; A:16
A0:B6CB  AD 1F 11	LDA	$111F		; 
A0:B6CE  85 0C		STA	$0C		; 
A0:B6D0  E2 20		SEP	#$20		; A:8
A0:B6D2  18		CLC			; 
A0:B6D3  FA		PLX			; 
A0:B6D4  60		RTS			; 
A0:B6D5  5A		PHY			; 
A0:B6D6  DA		PHX			; 
A0:B6D7  AD 21 11	LDA	$1121		; 
A0:B6DA  4A		LSR	A		; 
A0:B6DB  69 00		ADC	#$00		; 
A0:B6DD  85 04		STA	$04		; 
A0:B6DF  A2 00		LDX	#$00		; 
A0:B6E1  BF DA 23 7E	LDA	$7E:23DA,X	; 
A0:B6E5  30 20		BMI	$B707		; 
A0:B6E7  E8		INX			; 
A0:B6E8  EC 25 11	CPX	$1125		; 
A0:B6EB  F0 36		BEQ	$B723		; 
A0:B6ED  8A		TXA			; 
A0:B6EE  29 0F		AND	#$0F		; 
A0:B6F0  F0 EF		BEQ	$B6E1		; 
A0:B6F2  18		CLC			; 
A0:B6F3  65 04		ADC	$04		; 
A0:B6F5  C9 11		CMP	#$11		; 
A0:B6F7  90 E8		BCC	$B6E1		; 
A0:B6F9  8A		TXA			; 
A0:B6FA  18		CLC			; 
A0:B6FB  69 10		ADC	#$10		; 
A0:B6FD  29 F0		AND	#$F0		; 
A0:B6FF  AA		TAX			; 
A0:B700  EC 25 11	CPX	$1125		; 
A0:B703  D0 DC		BNE	$B6E1		; 
A0:B705  80 1C		BRA	$B723		; 
A0:B707  86 02		STX	$02		; 
A0:B709  A4 04		LDY	$04		; 
A0:B70B  E8		INX			; 
A0:B70C  EC 25 11	CPX	$1125		; 
A0:B70F  F0 12		BEQ	$B723		; 
A0:B711  BF DA 23 7E	LDA	$7E:23DA,X	; 
A0:B715  C9 FF		CMP	#$FF		; 
A0:B717  D0 C8		BNE	$B6E1		; 
A0:B719  88		DEY			; 
A0:B71A  F0 02		BEQ	$B71E		; 
A0:B71C  D0 ED		BNE	$B70B		; 
A0:B71E  A5 02		LDA	$02		; 
A0:B720  18		CLC			; 
A0:B721  80 03		BRA	$B726		; 
A0:B723  00 EA		BRK	#$EA		; 
A0:B725  38		SEC			; 
A0:B726  FA		PLX			; 
A0:B727  7A		PLY			; 
A0:B728  60		RTS			; 
A0:B729  5A		PHY			; 
A0:B72A  DA		PHX			; 
A0:B72B  48		PHA			; 
A0:B72C  AD 21 11	LDA	$1121		; 
A0:B72F  3A		DEC	A		; 
A0:B730  4A		LSR	A		; 
A0:B731  1A		INC	A		; 
A0:B732  A8		TAY			; 
A0:B733  68		PLA			; 
A0:B734  9F DA 23 7E	STA	$7E:23DA,X	; 
A0:B738  E8		INX			; 
A0:B739  88		DEY			; 
A0:B73A  D0 F8		BNE	$B734		; 
A0:B73C  FA		PLX			; 
A0:B73D  7A		PLY			; 
A0:B73E  60		RTS			; 
A0:B73F  48		PHA			; 
A0:B740  AD 21 11	LDA	$1121		; 
A0:B743  C2 20		REP	#$20		; A:16
A0:B745  3A		DEC	A		; 
A0:B746  29 FF 00	AND	#$00FF		; 
A0:B749  1A		INC	A		; 
A0:B74A  0A		ASL	A		; 
A0:B74B  0A		ASL	A		; 
A0:B74C  0A		ASL	A		; 
A0:B74D  0A		ASL	A		; 
A0:B74E  0A		ASL	A		; 
A0:B74F  8D 1F 11	STA	$111F		; 
A0:B752  E2 20		SEP	#$20		; A:8
A0:B754  68		PLA			; 
A0:B755  60		RTS			; 
A0:B756  C2 20		REP	#$20		; A:16
A0:B758  AD 1F 11	LDA	$111F		; 
A0:B75B  4A		LSR	A		; 
A0:B75C  4A		LSR	A		; 
A0:B75D  4A		LSR	A		; 
A0:B75E  4A		LSR	A		; 
A0:B75F  4A		LSR	A		; 
A0:B760  E2 20		SEP	#$20		; A:8
A0:B762  8D 21 11	STA	$1121		; 
A0:B765  60		RTS			; 
A0:B766  4A		LSR	A		; 
A0:B767  4A		LSR	A		; 
A0:B768  4A		LSR	A		; 
A0:B769  4A		LSR	A		; 
A0:B76A  85 00		STA	$00		; 
A0:B76C  29 0F		AND	#$0F		; 
A0:B76E  00 85		BRK	#$85		; 
A0:B770  04 A5		TSB	$A5		; 
A0:B772  00 4A		BRK	#$4A		; 
A0:B774  29 F0		AND	#$F0		; 
A0:B776  00 05		BRK	#$05		; 
A0:B778  04 6B		TSB	$6B		; 
A0:B77A  0A		ASL	A		; 
A0:B77B  0A		ASL	A		; 
A0:B77C  0A		ASL	A		; 
A0:B77D  0A		ASL	A		; 
A0:B77E  85 00		STA	$00		; 
A0:B780  0A		ASL	A		; 
A0:B781  29 00		AND	#$00		; 
A0:B783  1E 85 04	ASL	$0485,X		; 
A0:B786  A5 00		LDA	$00		; 
A0:B788  29 F0		AND	#$F0		; 
A0:B78A  00 05		BRK	#$05		; 
A0:B78C  04 09		TSB	$09		; 
A0:B78E  00 60		BRK	#$60		; 
A0:B790  6B		RTL			; 
A0:B791  DA		PHX			; 
A0:B792  A2 00		LDX	#$00		; 
A0:B794  BF DA 23 7E	LDA	$7E:23DA,X	; 
A0:B798  C9 7F		CMP	#$7F		; 
A0:B79A  D0 06		BNE	$B7A2		; 
A0:B79C  A9 FF		LDA	#$FF		; 
A0:B79E  9F DA 23 7E	STA	$7E:23DA,X	; 
A0:B7A2  E8		INX			; 
A0:B7A3  D0 EF		BNE	$B794		; 
A0:B7A5  FA		PLX			; 
A0:B7A6  6B		RTL			; 
A0:B7A7  8B		PHB			; 
A0:B7A8  5A		PHY			; 
A0:B7A9  DA		PHX			; 
A0:B7AA  4B		PHK			; 
A0:B7AB  AB		PLB			; 
A0:B7AC  3A		DEC	A		; 
A0:B7AD  A8		TAY			; 
A0:B7AE  AD 5F 03	LDA	$035F		; 
A0:B7B1  0A		ASL	A		; 
A0:B7B2  AA		TAX			; 
A0:B7B3  A9 C3		LDA	#$C3		; 
A0:B7B5  85 2C		STA	$2C		; 
A0:B7B7  C2 20		REP	#$20		; A:16
A0:B7B9  BD AC BA	LDA	$BAAC,X		; 
A0:B7BC  85 2A		STA	$2A		; 
A0:B7BE  98		TYA			; 
A0:B7BF  C2 10		REP	#$10		; XY:16
A0:B7C1  29 FF 00	AND	#$00FF		; 
A0:B7C4  0A		ASL	A		; 
A0:B7C5  0A		ASL	A		; 
A0:B7C6  0A		ASL	A		; 
A0:B7C7  A8		TAY			; 
A0:B7C8  B7 2A		LDA	[$2A],Y		; 
A0:B7CA  85 0F		STA	$0F		; 
A0:B7CC  C8		INY			; 
A0:B7CD  C8		INY			; 
A0:B7CE  B7 2A		LDA	[$2A],Y		; 
A0:B7D0  85 0C		STA	$0C		; 
A0:B7D2  C8		INY			; 
A0:B7D3  C8		INY			; 
A0:B7D4  B7 2A		LDA	[$2A],Y		; 
A0:B7D6  85 06		STA	$06		; 
A0:B7D8  C8		INY			; 
A0:B7D9  C8		INY			; 
A0:B7DA  E2 20		SEP	#$20		; A:8
A0:B7DC  B7 2A		LDA	[$2A],Y		; 
A0:B7DE  85 08		STA	$08		; 
A0:B7E0  C8		INY			; 
A0:B7E1  B7 2A		LDA	[$2A],Y		; 
A0:B7E3  29 0F		AND	#$0F		; 
A0:B7E5  85 09		STA	$09		; 
A0:B7E7  B7 2A		LDA	[$2A],Y		; 
A0:B7E9  29 F0		AND	#$F0		; 
A0:B7EB  4A		LSR	A		; 
A0:B7EC  4A		LSR	A		; 
A0:B7ED  4A		LSR	A		; 
A0:B7EE  8D 23 11	STA	$1123		; 
A0:B7F1  E2 10		SEP	#$10		; XY:8
A0:B7F3  20 F2 B8	JSR	$B8F2		; 
A0:B7F6  FA		PLX			; 
A0:B7F7  7A		PLY			; 
A0:B7F8  AB		PLB			; 
A0:B7F9  60		RTS			; 
A0:B7FA  A5 09		LDA	$09		; 
A0:B7FC  C9 04		CMP	#$04		; 
A0:B7FE  D0 05		BNE	$B805		; 
A0:B800  A9 80		LDA	#$80		; 
A0:B802  8D AA 03	STA	$03AA		; 
A0:B805  AD AB 03	LDA	$03AB		; 
A0:B808  F0 2C		BEQ	$B836		; 
A0:B80A  22 51 A1 80	JSL	$80:A151	; 
A0:B80E  A5 0C		LDA	$0C		; 
A0:B810  D0 02		BNE	$B814		; 
A0:B812  C6 0D		DEC	$0D		; 
A0:B814  20 10 B9	JSR	$B910		; 
A0:B817  85 06		STA	$06		; 
A0:B819  C6 0C		DEC	$0C		; 
A0:B81B  20 10 B9	JSR	$B910		; 
A0:B81E  85 07		STA	$07		; 
A0:B820  22 70 A1 80	JSL	$80:A170	; 
A0:B824  C6 0C		DEC	$0C		; 
A0:B826  D0 EC		BNE	$B814		; 
A0:B828  C6 0D		DEC	$0D		; 
A0:B82A  10 E8		BPL	$B814		; 
A0:B82C  22 85 A1 80	JSL	$80:A185	; 
A0:B830  A9 84		LDA	#$84		; 
A0:B832  8D AA 03	STA	$03AA		; 
A0:B835  60		RTS			; 
A0:B836  22 0F A3 80	JSL	$80:A30F	; 
A0:B83A  AD AA 03	LDA	$03AA		; 
A0:B83D  29 83		AND	#$83		; 
A0:B83F  8D 15 21	STA	$2115		; PPU VMAIN
A0:B842  C2 20		REP	#$20		; A:16
A0:B844  A5 0F		LDA	$0F		; 
A0:B846  8D 16 21	STA	$2116		; PPU VMADDL
A0:B849  E2 20		SEP	#$20		; A:8
A0:B84B  AD AA 03	LDA	$03AA		; 
A0:B84E  29 04		AND	#$04		; 
A0:B850  F0 1E		BEQ	$B870		; 
A0:B852  A5 0C		LDA	$0C		; 
A0:B854  D0 02		BNE	$B858		; 
A0:B856  C6 0D		DEC	$0D		; 
A0:B858  20 10 B9	JSR	$B910		; 
A0:B85B  8D 18 21	STA	$2118		; PPU VMDATAL
A0:B85E  C6 0C		DEC	$0C		; 
A0:B860  20 10 B9	JSR	$B910		; 
A0:B863  8D 19 21	STA	$2119		; PPU VMDATAH
A0:B866  C6 0C		DEC	$0C		; 
A0:B868  D0 EE		BNE	$B858		; 
A0:B86A  C6 0D		DEC	$0D		; 
A0:B86C  10 EA		BPL	$B858		; 
A0:B86E  80 20		BRA	$B890		; 
A0:B870  DA		PHX			; 
A0:B871  A2 00		LDX	#$00		; 
A0:B873  AD AA 03	LDA	$03AA		; 
A0:B876  29 80		AND	#$80		; 
A0:B878  F0 01		BEQ	$B87B		; 
A0:B87A  E8		INX			; 
A0:B87B  A5 0C		LDA	$0C		; 
A0:B87D  D0 02		BNE	$B881		; 
A0:B87F  C6 0D		DEC	$0D		; 
A0:B881  20 10 B9	JSR	$B910		; 
A0:B884  9D 18 21	STA	$2118,X		; PPU VMDATAL
A0:B887  C6 0C		DEC	$0C		; 
A0:B889  D0 F6		BNE	$B881		; 
A0:B88B  C6 0D		DEC	$0D		; 
A0:B88D  10 F2		BPL	$B881		; 
A0:B88F  FA		PLX			; 
A0:B890  4C 30 B8	JMP	$B830		; 
A0:B893  5A		PHY			; 
A0:B894  DA		PHX			; 
A0:B895  AC 22 11	LDY	$1122		; 
A0:B898  F0 06		BEQ	$B8A0		; 
A0:B89A  20 D6 B8	JSR	$B8D6		; 
A0:B89D  88		DEY			; 
A0:B89E  80 F8		BRA	$B898		; 
A0:B8A0  20 D6 B8	JSR	$B8D6		; 
A0:B8A3  C2 20		REP	#$20		; A:16
A0:B8A5  A5 0F		LDA	$0F		; 
A0:B8A7  18		CLC			; 
A0:B8A8  69 00 01	ADC	#$0100		; 
A0:B8AB  85 0F		STA	$0F		; 
A0:B8AD  E2 20		SEP	#$20		; A:8
A0:B8AF  20 D6 B8	JSR	$B8D6		; 
A0:B8B2  C2 20		REP	#$20		; A:16
A0:B8B4  A5 0F		LDA	$0F		; 
A0:B8B6  18		CLC			; 
A0:B8B7  69 10 FF	ADC	#$FF10		; 
A0:B8BA  89 FF 00	BIT	#$00FF		; 
A0:B8BD  D0 04		BNE	$B8C3		; 
A0:B8BF  18		CLC			; 
A0:B8C0  69 00 01	ADC	#$0100		; 
A0:B8C3  85 0F		STA	$0F		; 
A0:B8C5  A5 0C		LDA	$0C		; 
A0:B8C7  38		SEC			; 
A0:B8C8  E9 40 00	SBC	#$0040		; 
A0:B8CB  85 0C		STA	$0C		; 
A0:B8CD  E2 20		SEP	#$20		; A:8
A0:B8CF  F0 02		BEQ	$B8D3		; 
A0:B8D1  B0 CD		BCS	$B8A0		; 
A0:B8D3  FA		PLX			; 
A0:B8D4  7A		PLY			; 
A0:B8D5  60		RTS			; 
A0:B8D6  22 51 A1 80	JSL	$80:A151	; 
A0:B8DA  A2 0F		LDX	#$0F		; 
A0:B8DC  20 10 B9	JSR	$B910		; 
A0:B8DF  85 06		STA	$06		; 
A0:B8E1  20 10 B9	JSR	$B910		; 
A0:B8E4  85 07		STA	$07		; 
A0:B8E6  22 70 A1 80	JSL	$80:A170	; 
A0:B8EA  CA		DEX			; 
A0:B8EB  10 EF		BPL	$B8DC		; 
A0:B8ED  22 85 A1 80	JSL	$80:A185	; 
A0:B8F1  60		RTS			; 
A0:B8F2  DA		PHX			; 
A0:B8F3  AE 23 11	LDX	$1123		; 
A0:B8F6  FC FE B8	JSR	($B8FE,X)	; 
A0:B8F9  9C 24 11	STZ	$1124		; 
A0:B8FC  FA		PLX			; 
A0:B8FD  60		RTS			; 
A0:B8FE  06 B9		ASL	$B9		; 
A0:B900  0B		PHD			; 
A0:B901  B9 06 B9	LDA	$B906,Y		; 
A0:B904  06 B9		ASL	$B9		; 
A0:B906  22 EE BC 80	JSL	$80:BCEE	; 
A0:B90A  60		RTS			; 
A0:B90B  22 3C C0 80	JSL	$80:C03C	; 
A0:B90F  60		RTS			; 
A0:B910  DA		PHX			; 
A0:B911  AE 23 11	LDX	$1123		; 
A0:B914  FC 1C B9	JSR	($B91C,X)	; 
A0:B917  EE 24 11	INC	$1124		; 
A0:B91A  FA		PLX			; 
A0:B91B  60		RTS			; 
A0:B91C  44 B9 24	MVP	$B9,$24		; 
A0:B91F  B9 2C B9	LDA	$B92C,Y		; 
A0:B922  3A		DEC	A		; 
A0:B923  B9 AD 24	LDA	$24AD,Y		; 
A0:B926  11 22		ORA	($22),Y		; 
A0:B928  7F C0 80 60	ADC	$60:80C0,X	; 
A0:B92C  AD 24 11	LDA	$1124		; 
A0:B92F  89 10		BIT	#$10		; 
A0:B931  F0 11		BEQ	$B944		; 
A0:B933  89 01		BIT	#$01		; 
A0:B935  F0 0D		BEQ	$B944		; 
A0:B937  A9 00		LDA	#$00		; 
A0:B939  60		RTS			; 
A0:B93A  AD 24 11	LDA	$1124		; 
A0:B93D  89 10		BIT	#$10		; 
A0:B93F  F0 03		BEQ	$B944		; 
A0:B941  A9 00		LDA	#$00		; 
A0:B943  60		RTS			; 
A0:B944  22 28 BD 80	JSL	$80:BD28	; 
A0:B948  60		RTS			; 
A0:B949  5A		PHY			; 
A0:B94A  DA		PHX			; 
A0:B94B  A8		TAY			; 
A0:B94C  B9 67 0D	LDA	$0D67,Y		; 
A0:B94F  30 2D		BMI	$B97E		; 
A0:B951  85 08		STA	$08		; 
A0:B953  A2 00		LDX	#$00		; 
A0:B955  BF DA 23 7E	LDA	$7E:23DA,X	; 
A0:B959  C5 08		CMP	$08		; 
A0:B95B  D0 1E		BNE	$B97B		; 
A0:B95D  8A		TXA			; 
A0:B95E  C2 20		REP	#$20		; A:16
A0:B960  48		PHA			; 
A0:B961  29 0F 00	AND	#$000F		; 
A0:B964  85 00		STA	$00		; 
A0:B966  68		PLA			; 
A0:B967  29 F0 00	AND	#$00F0		; 
A0:B96A  0A		ASL	A		; 
A0:B96B  05 00		ORA	$00		; 
A0:B96D  0A		ASL	A		; 
A0:B96E  0A		ASL	A		; 
A0:B96F  0A		ASL	A		; 
A0:B970  0A		ASL	A		; 
A0:B971  69 00 60	ADC	#$6000		; 
A0:B974  85 09		STA	$09		; 
A0:B976  E2 20		SEP	#$20		; A:8
A0:B978  20 81 B9	JSR	$B981		; 
A0:B97B  E8		INX			; 
A0:B97C  D0 D7		BNE	$B955		; 
A0:B97E  FA		PLX			; 
A0:B97F  7A		PLY			; 
A0:B980  6B		RTL			; 
A0:B981  20 8C B9	JSR	$B98C		; 
A0:B984  A9 01		LDA	#$01		; 
A0:B986  04 0A		TSB	$0A		; 
A0:B988  20 8C B9	JSR	$B98C		; 
A0:B98B  60		RTS			; 
A0:B98C  22 0F A3 80	JSL	$80:A30F	; 
A0:B990  20 42 BA	JSR	$BA42		; 
A0:B993  20 9E B9	JSR	$B99E		; 
A0:B996  22 0F A3 80	JSL	$80:A30F	; 
A0:B99A  20 7A BA	JSR	$BA7A		; 
A0:B99D  60		RTS			; 
A0:B99E  DA		PHX			; 
A0:B99F  20 C8 B9	JSR	$B9C8		; 
A0:B9A2  A2 00		LDX	#$00		; 
A0:B9A4  64 0E		STZ	$0E		; 
A0:B9A6  A9 01		LDA	#$01		; 
A0:B9A8  85 0C		STA	$0C		; 
A0:B9AA  20 D6 B9	JSR	$B9D6		; 
A0:B9AD  A5 0D		LDA	$0D		; 
A0:B9AF  F0 08		BEQ	$B9B9		; 
A0:B9B1  C5 06		CMP	$06		; 
A0:B9B3  F0 04		BEQ	$B9B9		; 
A0:B9B5  A5 07		LDA	$07		; 
A0:B9B7  85 0D		STA	$0D		; 
A0:B9B9  20 09 BA	JSR	$BA09		; 
A0:B9BC  06 0C		ASL	$0C		; 
A0:B9BE  90 EA		BCC	$B9AA		; 
A0:B9C0  E8		INX			; 
A0:B9C1  E8		INX			; 
A0:B9C2  E0 10		CPX	#$10		; 
A0:B9C4  90 DE		BCC	$B9A4		; 
A0:B9C6  FA		PLX			; 
A0:B9C7  60		RTS			; 
A0:B9C8  A2 00		LDX	#$00		; 
A0:B9CA  A9 00		LDA	#$00		; 
A0:B9CC  9F BA 25 7E	STA	$7E:25BA,X	; 
A0:B9D0  E8		INX			; 
A0:B9D1  E0 20		CPX	#$20		; 
A0:B9D3  90 F7		BCC	$B9CC		; 
A0:B9D5  60		RTS			; 
A0:B9D6  64 0D		STZ	$0D		; 
A0:B9D8  BF 9A 25 7E	LDA	$7E:259A,X	; 
A0:B9DC  24 0C		BIT	$0C		; 
A0:B9DE  F0 04		BEQ	$B9E4		; 
A0:B9E0  A9 01		LDA	#$01		; 
A0:B9E2  04 0D		TSB	$0D		; 
A0:B9E4  BF 9B 25 7E	LDA	$7E:259B,X	; 
A0:B9E8  24 0C		BIT	$0C		; 
A0:B9EA  F0 04		BEQ	$B9F0		; 
A0:B9EC  A9 02		LDA	#$02		; 
A0:B9EE  04 0D		TSB	$0D		; 
A0:B9F0  BF AA 25 7E	LDA	$7E:25AA,X	; 
A0:B9F4  24 0C		BIT	$0C		; 
A0:B9F6  F0 04		BEQ	$B9FC		; 
A0:B9F8  A9 04		LDA	#$04		; 
A0:B9FA  04 0D		TSB	$0D		; 
A0:B9FC  BF AB 25 7E	LDA	$7E:25AB,X	; 
A0:BA00  24 0C		BIT	$0C		; 
A0:BA02  F0 04		BEQ	$BA08		; 
A0:BA04  A9 08		LDA	#$08		; 
A0:BA06  04 0D		TSB	$0D		; 
A0:BA08  60		RTS			; 
A0:BA09  46 0D		LSR	$0D		; 
A0:BA0B  90 0A		BCC	$BA17		; 
A0:BA0D  A5 0C		LDA	$0C		; 
A0:BA0F  1F BA 25 7E	ORA	$7E:25BA,X	; 
A0:BA13  9F BA 25 7E	STA	$7E:25BA,X	; 
A0:BA17  46 0D		LSR	$0D		; 
A0:BA19  90 0A		BCC	$BA25		; 
A0:BA1B  A5 0C		LDA	$0C		; 
A0:BA1D  1F BB 25 7E	ORA	$7E:25BB,X	; 
A0:BA21  9F BB 25 7E	STA	$7E:25BB,X	; 
A0:BA25  46 0D		LSR	$0D		; 
A0:BA27  90 0A		BCC	$BA33		; 
A0:BA29  A5 0C		LDA	$0C		; 
A0:BA2B  1F CA 25 7E	ORA	$7E:25CA,X	; 
A0:BA2F  9F CA 25 7E	STA	$7E:25CA,X	; 
A0:BA33  46 0D		LSR	$0D		; 
A0:BA35  90 0A		BCC	$BA41		; 
A0:BA37  A5 0C		LDA	$0C		; 
A0:BA39  1F CB 25 7E	ORA	$7E:25CB,X	; 
A0:BA3D  9F CB 25 7E	STA	$7E:25CB,X	; 
A0:BA41  60		RTS			; 
A0:BA42  DA		PHX			; 
A0:BA43  22 4E F1 00	JSL	$00:F14E	; 
A0:BA47  A9 80		LDA	#$80		; 
A0:BA49  8D 00 21	STA	$2100		; PPU INIDISP
A0:BA4C  A5 09		LDA	$09		; 
A0:BA4E  8D 16 21	STA	$2116		; PPU VMADDL
A0:BA51  A5 0A		LDA	$0A		; 
A0:BA53  8D 17 21	STA	$2117		; PPU VMADDH
A0:BA56  AD 39 21	LDA	$2139		; PPU RDVRAML
A0:BA59  AD 3A 21	LDA	$213A		; PPU RDVRAMH
A0:BA5C  A2 00		LDX	#$00		; 
A0:BA5E  AD 39 21	LDA	$2139		; PPU RDVRAML
A0:BA61  9F 9A 25 7E	STA	$7E:259A,X	; 
A0:BA65  E8		INX			; 
A0:BA66  AD 3A 21	LDA	$213A		; PPU RDVRAMH
A0:BA69  9F 9A 25 7E	STA	$7E:259A,X	; 
A0:BA6D  E8		INX			; 
A0:BA6E  E0 20		CPX	#$20		; 
A0:BA70  90 EC		BCC	$BA5E		; 
A0:BA72  AD 73 03	LDA	$0373		; 
A0:BA75  8D 00 21	STA	$2100		; PPU INIDISP
A0:BA78  FA		PLX			; 
A0:BA79  60		RTS			; 
A0:BA7A  DA		PHX			; 
A0:BA7B  22 4E F1 00	JSL	$00:F14E	; 
A0:BA7F  A9 80		LDA	#$80		; 
A0:BA81  8D 00 21	STA	$2100		; PPU INIDISP
A0:BA84  A5 09		LDA	$09		; 
A0:BA86  8D 16 21	STA	$2116		; PPU VMADDL
A0:BA89  A5 0A		LDA	$0A		; 
A0:BA8B  8D 17 21	STA	$2117		; PPU VMADDH
A0:BA8E  A2 00		LDX	#$00		; 
A0:BA90  BF BA 25 7E	LDA	$7E:25BA,X	; 
A0:BA94  8D 18 21	STA	$2118		; PPU VMDATAL
A0:BA97  E8		INX			; 
A0:BA98  BF BA 25 7E	LDA	$7E:25BA,X	; 
A0:BA9C  8D 19 21	STA	$2119		; PPU VMDATAH
A0:BA9F  E8		INX			; 
A0:BAA0  E0 20		CPX	#$20		; 
A0:BAA2  90 EC		BCC	$BA90		; 
A0:BAA4  AD 73 03	LDA	$0373		; 
A0:BAA7  8D 00 21	STA	$2100		; PPU INIDISP
A0:BAAA  FA		PLX			; 
A0:BAAB  60		RTS			; 
A0:BAAC  90 01		BCC	$BAAF		; 
A0:BAAE  00 00		BRK	#$00		; 
A0:BAB0  50 08		BVC	$BABA		; 
A0:BAB2  B8		CLV			; 
A0:BAB3  03 10		ORA	$10,S		; 
A0:BAB5  00 78		BRK	#$78		; 
A0:BAB7  06 DA		ASL	$DA		; 
A0:BAB9  48		PHA			; 
A0:BABA  9C 35 11	STZ	$1135		; 
A0:BABD  9C 6C 03	STZ	$036C		; 
A0:BAC0  C2 20		REP	#$20		; A:16
A0:BAC2  A9 F0 BA	LDA	#$BAF0		; 
A0:BAC5  85 0F		STA	$0F		; 
A0:BAC7  E2 20		SEP	#$20		; A:8
A0:BAC9  A9 5E		LDA	#$5E		; 
A0:BACB  85 0D		STA	$0D		; 
A0:BACD  22 1E AC 80	JSL	$80:AC1E	; 
A0:BAD1  AA		TAX			; 
A0:BAD2  68		PLA			; 
A0:BAD3  B0 18		BCS	$BAED		; 
A0:BAD5  3A		DEC	A		; 
A0:BAD6  10 04		BPL	$BADC		; 
A0:BAD8  00 EA		BRK	#$EA		; 
A0:BADA  80 11		BRA	$BAED		; 
A0:BADC  9D 19 06	STA	$0619,X		; 
A0:BADF  AD 34 11	LDA	$1134		; 
A0:BAE2  9D 59 06	STA	$0659,X		; 
A0:BAE5  9E 99 06	STZ	$0699,X		; 
A0:BAE8  A9 FE		LDA	#$FE		; 
A0:BAEA  9D D9 06	STA	$06D9,X		; 
A0:BAED  8A		TXA			; 
A0:BAEE  FA		PLX			; 
A0:BAEF  6B		RTL			; 
A0:BAF0  A5 DE		LDA	$DE		; 
A0:BAF2  29 03		AND	#$03		; 
A0:BAF4  0D 35 11	ORA	$1135		; 
A0:BAF7  D0 62		BNE	$BB5B		; 
A0:BAF9  A5 DE		LDA	$DE		; 
A0:BAFB  89 08		BIT	#$08		; 
A0:BAFD  D0 08		BNE	$BB07		; 
A0:BAFF  AD 33 11	LDA	$1133		; 
A0:BB02  0D 6C 03	ORA	$036C		; 
A0:BB05  D0 53		BNE	$BB5A		; 
A0:BB07  BD 99 06	LDA	$0699,X		; 
A0:BB0A  D0 4B		BNE	$BB57		; 
A0:BB0C  BD 59 06	LDA	$0659,X		; 
A0:BB0F  0A		ASL	A		; 
A0:BB10  0A		ASL	A		; 
A0:BB11  A8		TAY			; 
A0:BB12  C2 20		REP	#$20		; A:16
A0:BB14  B9 60 BB	LDA	$BB60,Y		; 
A0:BB17  85 2A		STA	$2A		; 
A0:BB19  E2 20		SEP	#$20		; A:8
A0:BB1B  B9 62 BB	LDA	$BB62,Y		; 
A0:BB1E  85 2C		STA	$2C		; 
A0:BB20  B9 63 BB	LDA	$BB63,Y		; 
A0:BB23  8D 5F 03	STA	$035F		; 
A0:BB26  BD 19 06	LDA	$0619,X		; 
A0:BB29  0A		ASL	A		; 
A0:BB2A  A8		TAY			; 
A0:BB2B  C2 20		REP	#$20		; A:16
A0:BB2D  B7 2A		LDA	[$2A],Y		; 
A0:BB2F  85 2A		STA	$2A		; 
A0:BB31  E2 20		SEP	#$20		; A:8
A0:BB33  BD D9 06	LDA	$06D9,X		; 
A0:BB36  18		CLC			; 
A0:BB37  69 02		ADC	#$02		; 
A0:BB39  A8		TAY			; 
A0:BB3A  B7 2A		LDA	[$2A],Y		; 
A0:BB3C  D0 0B		BNE	$BB49		; 
A0:BB3E  98		TYA			; 
A0:BB3F  D0 04		BNE	$BB45		; 
A0:BB41  00 EA		BRK	#$EA		; 
A0:BB43  80 16		BRA	$BB5B		; 
A0:BB45  A0 00		LDY	#$00		; 
A0:BB47  80 F1		BRA	$BB3A		; 
A0:BB49  9D 99 06	STA	$0699,X		; 
A0:BB4C  98		TYA			; 
A0:BB4D  9D D9 06	STA	$06D9,X		; 
A0:BB50  C8		INY			; 
A0:BB51  B7 2A		LDA	[$2A],Y		; 
A0:BB53  22 40 B3 80	JSL	$80:B340	; 
A0:BB57  DE 99 06	DEC	$0699,X		; 
A0:BB5A  6B		RTL			; 
A0:BB5B  22 35 AD 80	JSL	$80:AD35	; 
A0:BB5F  6B		RTL			; 
A0:BB60  38		SEC			; 
A0:BB61  09 C3		ORA	#$C3		; 
A0:BB63  06 B7		ASL	$B7		; 
A0:BB65  0B		PHD			; 
A0:BB66  C3 07		CMP	$07,S		; 
A0:BB68  C2 20		REP	#$20		; A:16
A0:BB6A  AD 37 11	LDA	$1137		; 
A0:BB6D  2A		ROL	A		; 
A0:BB6E  2A		ROL	A		; 
A0:BB6F  2A		ROL	A		; 
A0:BB70  48		PHA			; 
A0:BB71  29 F8 FF	AND	#$FFF8		; 
A0:BB74  8D 37 11	STA	$1137		; 
A0:BB77  68		PLA			; 
A0:BB78  2A		ROL	A		; 
A0:BB79  29 07 00	AND	#$0007		; 
A0:BB7C  0D 37 11	ORA	$1137		; 
A0:BB7F  49 7F 00	EOR	#$007F		; 
A0:BB82  E2 20		SEP	#$20		; A:8
A0:BB84  8D 37 11	STA	$1137		; 
A0:BB87  EB		XBA			; 
A0:BB88  4D 36 11	EOR	$1136		; 
A0:BB8B  8D 38 11	STA	$1138		; 
A0:BB8E  48		PHA			; 
A0:BB8F  DA		PHX			; 
A0:BB90  48		PHA			; 
A0:BB91  AF DA 27 7E	LDA	$7E:27DA	; 
A0:BB95  AA		TAX			; 
A0:BB96  68		PLA			; 
A0:BB97  9F DB 27 7E	STA	$7E:27DB,X	; 
A0:BB9B  E8		INX			; 
A0:BB9C  8A		TXA			; 
A0:BB9D  8F DA 27 7E	STA	$7E:27DA	; 
A0:BBA1  FA		PLX			; 
A0:BBA2  68		PLA			; 
A0:BBA3  6B		RTL			; 
A0:BBA4  DA		PHX			; 
A0:BBA5  AA		TAX			; 
A0:BBA6  C2 20		REP	#$20		; A:16
A0:BBA8  A5 06		LDA	$06		; 
A0:BBAA  48		PHA			; 
A0:BBAB  E2 20		SEP	#$20		; A:8
A0:BBAD  86 06		STX	$06		; 
A0:BBAF  A9 FF		LDA	#$FF		; 
A0:BBB1  85 07		STA	$07		; 
A0:BBB3  A5 06		LDA	$06		; 
A0:BBB5  0A		ASL	A		; 
A0:BBB6  B0 04		BCS	$BBBC		; 
A0:BBB8  46 07		LSR	$07		; 
A0:BBBA  D0 F9		BNE	$BBB5		; 
A0:BBBC  22 68 BB 80	JSL	$80:BB68	; 
A0:BBC0  25 07		AND	$07		; 
A0:BBC2  C5 06		CMP	$06		; 
A0:BBC4  F0 02		BEQ	$BBC8		; 
A0:BBC6  B0 F4		BCS	$BBBC		; 
A0:BBC8  AA		TAX			; 
A0:BBC9  C2 20		REP	#$20		; A:16
A0:BBCB  68		PLA			; 
A0:BBCC  85 06		STA	$06		; 
A0:BBCE  E2 20		SEP	#$20		; A:8
A0:BBD0  8A		TXA			; 
A0:BBD1  C2 20		REP	#$20		; A:16
A0:BBD3  29 FF 00	AND	#$00FF		; 
A0:BBD6  E2 20		SEP	#$20		; A:8
A0:BBD8  FA		PLX			; 
A0:BBD9  6B		RTL			; 
A0:BBDA  DA		PHX			; 
A0:BBDB  8D 37 11	STA	$1137		; 
A0:BBDE  8D 38 11	STA	$1138		; 
A0:BBE1  A2 18		LDX	#$18		; 
A0:BBE3  22 68 BB 80	JSL	$80:BB68	; 
A0:BBE7  CA		DEX			; 
A0:BBE8  D0 F9		BNE	$BBE3		; 
A0:BBEA  FA		PLX			; 
A0:BBEB  6B		RTL			; 
A0:BBEC  48		PHA			; 
A0:BBED  29 0F		AND	#$0F		; 
A0:BBEF  89 08		BIT	#$08		; 
A0:BBF1  F0 02		BEQ	$BBF5		; 
A0:BBF3  09 F0		ORA	#$F0		; 
A0:BBF5  85 10		STA	$10		; 
A0:BBF7  68		PLA			; 
A0:BBF8  29 F0		AND	#$F0		; 
A0:BBFA  85 0F		STA	$0F		; 
A0:BBFC  18		CLC			; 
A0:BBFD  A5 0F		LDA	$0F		; 
A0:BBFF  79 67 0B	ADC	$0B67,Y		; 
A0:BC02  99 67 0B	STA	$0B67,Y		; 
A0:BC05  A5 10		LDA	$10		; 
A0:BC07  64 00		STZ	$00		; 
A0:BC09  10 02		BPL	$BC0D		; 
A0:BC0B  C6 00		DEC	$00		; 
A0:BC0D  79 A7 0B	ADC	$0BA7,Y		; 
A0:BC10  99 A7 0B	STA	$0BA7,Y		; 
A0:BC13  A5 00		LDA	$00		; 
A0:BC15  79 E7 0B	ADC	$0BE7,Y		; 
A0:BC18  99 E7 0B	STA	$0BE7,Y		; 
A0:BC1B  6B		RTL			; 
A0:BC1C  29 FF		AND	#$FF		; 
A0:BC1E  18		CLC			; 
A0:BC1F  80 E6		BRA	$BC07		; 
A0:BC21  48		PHA			; 
A0:BC22  29 0F		AND	#$0F		; 
A0:BC24  89 08		BIT	#$08		; 
A0:BC26  F0 02		BEQ	$BC2A		; 
A0:BC28  09 F0		ORA	#$F0		; 
A0:BC2A  85 10		STA	$10		; 
A0:BC2C  68		PLA			; 
A0:BC2D  29 F0		AND	#$F0		; 
A0:BC2F  85 0F		STA	$0F		; 
A0:BC31  18		CLC			; 
A0:BC32  A5 0F		LDA	$0F		; 
A0:BC34  79 27 0C	ADC	$0C27,Y		; 
A0:BC37  99 27 0C	STA	$0C27,Y		; 
A0:BC3A  A5 10		LDA	$10		; 
A0:BC3C  64 00		STZ	$00		; 
A0:BC3E  10 02		BPL	$BC42		; 
A0:BC40  C6 00		DEC	$00		; 
A0:BC42  79 67 0C	ADC	$0C67,Y		; 
A0:BC45  99 67 0C	STA	$0C67,Y		; 
A0:BC48  A5 00		LDA	$00		; 
A0:BC4A  79 A7 0C	ADC	$0CA7,Y		; 
A0:BC4D  99 A7 0C	STA	$0CA7,Y		; 
A0:BC50  6B		RTL			; 
A0:BC51  29 FF		AND	#$FF		; 
A0:BC53  18		CLC			; 
A0:BC54  80 E6		BRA	$BC3C		; 
A0:BC56  AD 22 11	LDA	$1122		; 
A0:BC59  29 E0		AND	#$E0		; 
A0:BC5B  85 00		STA	$00		; 
A0:BC5D  AD 22 11	LDA	$1122		; 
A0:BC60  29 1F		AND	#$1F		; 
A0:BC62  4A		LSR	A		; 
A0:BC63  05 00		ORA	$00		; 
A0:BC65  C2 20		REP	#$20		; A:16
A0:BC67  29 FF 00	AND	#$00FF		; 
A0:BC6A  0A		ASL	A		; 
A0:BC6B  0A		ASL	A		; 
A0:BC6C  0A		ASL	A		; 
A0:BC6D  0A		ASL	A		; 
A0:BC6E  85 00		STA	$00		; 
A0:BC70  AD 1D 11	LDA	$111D		; 
A0:BC73  29 FF 1F	AND	#$1FFF		; 
A0:BC76  38		SEC			; 
A0:BC77  E5 00		SBC	$00		; 
A0:BC79  E2 20		SEP	#$20		; A:8
A0:BC7B  99 A7 0D	STA	$0DA7,Y		; 
A0:BC7E  EB		XBA			; 
A0:BC7F  99 E7 0D	STA	$0DE7,Y		; 
A0:BC82  6B		RTL			; 
A0:BC83  22 8D B5 80	JSL	$80:B58D	; 
A0:BC87  80 04		BRA	$BC8D		; 
A0:BC89  22 93 B5 80	JSL	$80:B593	; 
A0:BC8D  B0 13		BCS	$BCA2		; 
A0:BC8F  48		PHA			; 
A0:BC90  B9 67 0D	LDA	$0D67,Y		; 
A0:BC93  30 04		BMI	$BC99		; 
A0:BC95  22 07 B6 80	JSL	$80:B607	; 
A0:BC99  68		PLA			; 
A0:BC9A  99 67 0D	STA	$0D67,Y		; 
A0:BC9D  22 56 BC 80	JSL	$80:BC56	; 
A0:BCA1  18		CLC			; 
A0:BCA2  6B		RTL			; 
A0:BCA3  22 2D B4 80	JSL	$80:B42D	; 
A0:BCA7  80 04		BRA	$BCAD		; 
A0:BCA9  22 27 B4 80	JSL	$80:B427	; 
A0:BCAD  B0 0E		BCS	$BCBD		; 
A0:BCAF  48		PHA			; 
A0:BCB0  B9 27 0D	LDA	$0D27,Y		; 
A0:BCB3  30 04		BMI	$BCB9		; 
A0:BCB5  22 DE B4 80	JSL	$80:B4DE	; 
A0:BCB9  68		PLA			; 
A0:BCBA  99 27 0D	STA	$0D27,Y		; 
A0:BCBD  6B		RTL			; 
A0:BCBE  5A		PHY			; 
A0:BCBF  A0 00		LDY	#$00		; 
A0:BCC1  88		DEY			; 
A0:BCC2  C8		INY			; 
A0:BCC3  B7 0F		LDA	[$0F],Y		; 
A0:BCC5  F0 1F		BEQ	$BCE6		; 
A0:BCC7  C5 06		CMP	$06		; 
A0:BCC9  D0 16		BNE	$BCE1		; 
A0:BCCB  C8		INY			; 
A0:BCCC  B7 0F		LDA	[$0F],Y		; 
A0:BCCE  85 2A		STA	$2A		; 
A0:BCD0  C8		INY			; 
A0:BCD1  B7 0F		LDA	[$0F],Y		; 
A0:BCD3  85 2B		STA	$2B		; 
A0:BCD5  C8		INY			; 
A0:BCD6  B7 0F		LDA	[$0F],Y		; 
A0:BCD8  85 2C		STA	$2C		; 
A0:BCDA  7A		PLY			; 
A0:BCDB  22 E9 BC 80	JSL	$80:BCE9	; 
A0:BCDF  38		SEC			; 
A0:BCE0  6B		RTL			; 
A0:BCE1  C8		INY			; 
A0:BCE2  C8		INY			; 
A0:BCE3  C8		INY			; 
A0:BCE4  80 DC		BRA	$BCC2		; 
A0:BCE6  7A		PLY			; 
A0:BCE7  18		CLC			; 
A0:BCE8  6B		RTL			; 
A0:BCE9  A5 06		LDA	$06		; 
A0:BCEB  DC 2A 00	JMP	[$002A]		; 
A0:BCEE  C2 20		REP	#$20		; A:16
A0:BCF0  A5 06		LDA	$06		; 
A0:BCF2  85 72		STA	$72		; 
A0:BCF4  E2 20		SEP	#$20		; A:8
A0:BCF6  A5 08		LDA	$08		; 
A0:BCF8  85 74		STA	$74		; 
A0:BCFA  DA		PHX			; 
A0:BCFB  A9 EF		LDA	#$EF		; 
A0:BCFD  85 75		STA	$75		; 
A0:BCFF  A9 02		LDA	#$02		; 
A0:BD01  85 76		STA	$76		; 
A0:BD03  85 78		STA	$78		; 
A0:BD05  64 79		STZ	$79		; 
A0:BD07  64 7A		STZ	$7A		; 
A0:BD09  64 7C		STZ	$7C		; 
A0:BD0B  64 7D		STZ	$7D		; 
A0:BD0D  A2 00		LDX	#$00		; 
A0:BD0F  9E 00 02	STZ	$0200,X		; 
A0:BD12  E8		INX			; 
A0:BD13  D0 FA		BNE	$BD0F		; 
A0:BD15  FA		PLX			; 
A0:BD16  6B		RTL			; 
A0:BD17  22 FA BC 80	JSL	$80:BCFA	; 
A0:BD1B  C2 20		REP	#$20		; A:16
A0:BD1D  A5 72		LDA	$72		; 
A0:BD1F  85 06		STA	$06		; 
A0:BD21  E2 20		SEP	#$20		; A:8
A0:BD23  A5 74		LDA	$74		; 
A0:BD25  85 08		STA	$08		; 
A0:BD27  6B		RTL			; 
A0:BD28  A5 7D		LDA	$7D		; 
A0:BD2A  F0 0B		BEQ	$BD37		; 
A0:BD2C  C6 7D		DEC	$7D		; 
A0:BD2E  B2 77		LDA	($77)		; 
A0:BD30  E6 77		INC	$77		; 
A0:BD32  92 75		STA	($75)		; 
A0:BD34  E6 75		INC	$75		; 
A0:BD36  6B		RTL			; 
A0:BD37  C6 7A		DEC	$7A		; 
A0:BD39  10 12		BPL	$BD4D		; 
A0:BD3B  A7 72		LDA	[$72]		; 
A0:BD3D  85 79		STA	$79		; 
A0:BD3F  A9 07		LDA	#$07		; 
A0:BD41  85 7A		STA	$7A		; 
A0:BD43  E6 72		INC	$72		; 
A0:BD45  D0 06		BNE	$BD4D		; 
A0:BD47  E6 73		INC	$73		; 
A0:BD49  D0 02		BNE	$BD4D		; 
A0:BD4B  E6 74		INC	$74		; 
A0:BD4D  06 79		ASL	$79		; 
A0:BD4F  A7 72		LDA	[$72]		; 
A0:BD51  E6 72		INC	$72		; 
A0:BD53  D0 06		BNE	$BD5B		; 
A0:BD55  E6 73		INC	$73		; 
A0:BD57  D0 02		BNE	$BD5B		; 
A0:BD59  E6 74		INC	$74		; 
A0:BD5B  B0 D5		BCS	$BD32		; 
A0:BD5D  85 77		STA	$77		; 
A0:BD5F  A5 7C		LDA	$7C		; 
A0:BD61  D0 19		BNE	$BD7C		; 
A0:BD63  E6 7C		INC	$7C		; 
A0:BD65  A7 72		LDA	[$72]		; 
A0:BD67  85 7B		STA	$7B		; 
A0:BD69  E6 72		INC	$72		; 
A0:BD6B  D0 06		BNE	$BD73		; 
A0:BD6D  E6 73		INC	$73		; 
A0:BD6F  D0 02		BNE	$BD73		; 
A0:BD71  E6 74		INC	$74		; 
A0:BD73  4A		LSR	A		; 
A0:BD74  4A		LSR	A		; 
A0:BD75  4A		LSR	A		; 
A0:BD76  4A		LSR	A		; 
A0:BD77  1A		INC	A		; 
A0:BD78  85 7D		STA	$7D		; 
A0:BD7A  80 B2		BRA	$BD2E		; 
A0:BD7C  64 7C		STZ	$7C		; 
A0:BD7E  A5 7B		LDA	$7B		; 
A0:BD80  29 0F		AND	#$0F		; 
A0:BD82  1A		INC	A		; 
A0:BD83  85 7D		STA	$7D		; 
A0:BD85  80 A7		BRA	$BD2E		; 
A0:BD87  C2 20		REP	#$20		; A:16
A0:BD89  A5 06		LDA	$06		; 
A0:BD8B  85 7E		STA	$7E		; 
A0:BD8D  E2 20		SEP	#$20		; A:8
A0:BD8F  A5 08		LDA	$08		; 
A0:BD91  85 80		STA	$80		; 
A0:BD93  64 81		STZ	$81		; 
A0:BD95  64 82		STZ	$82		; 
A0:BD97  6B		RTL			; 
A0:BD98  DA		PHX			; 
A0:BD99  64 83		STZ	$83		; 
A0:BD9B  A5 83		LDA	$83		; 
A0:BD9D  AA		TAX			; 
A0:BD9E  29 07		AND	#$07		; 
A0:BDA0  48		PHA			; 
A0:BDA1  A5 83		LDA	$83		; 
A0:BDA3  4A		LSR	A		; 
A0:BDA4  4A		LSR	A		; 
A0:BDA5  4A		LSR	A		; 
A0:BDA6  48		PHA			; 
A0:BDA7  C6 82		DEC	$82		; 
A0:BDA9  10 12		BPL	$BDBD		; 
A0:BDAB  A7 7E		LDA	[$7E]		; 
A0:BDAD  85 81		STA	$81		; 
A0:BDAF  A9 07		LDA	#$07		; 
A0:BDB1  85 82		STA	$82		; 
A0:BDB3  E6 7E		INC	$7E		; 
A0:BDB5  D0 06		BNE	$BDBD		; 
A0:BDB7  E6 7F		INC	$7F		; 
A0:BDB9  D0 02		BNE	$BDBD		; 
A0:BDBB  E6 80		INC	$80		; 
A0:BDBD  06 81		ASL	$81		; 
A0:BDBF  B0 0D		BCS	$BDCE		; 
A0:BDC1  BF EC BD 80	LDA	$80:BDEC,X	; 
A0:BDC5  85 83		STA	$83		; 
A0:BDC7  FA		PLX			; 
A0:BDC8  BF EB BE 80	LDA	$80:BEEB,X	; 
A0:BDCC  80 0B		BRA	$BDD9		; 
A0:BDCE  BF 0B BF 80	LDA	$80:BF0B,X	; 
A0:BDD2  85 83		STA	$83		; 
A0:BDD4  FA		PLX			; 
A0:BDD5  BF 0A C0 80	LDA	$80:C00A,X	; 
A0:BDD9  FA		PLX			; 
A0:BDDA  3F E4 BD 80	AND	$80:BDE4,X	; 
A0:BDDE  D0 BB		BNE	$BD9B		; 
A0:BDE0  A5 83		LDA	$83		; 
A0:BDE2  FA		PLX			; 
A0:BDE3  6B		RTL			; 
A0:BDE4  80 40		BRA	$BE26		; 
A0:BDE6  20 10 08	JSR	$0810		; 
A0:BDE9  04 02		TSB	$02		; 
A0:BDEB  01 01		ORA	($01,X)		; 
A0:BDED  02 50		COP	#$50		; 
A0:BDEF  18		CLC			; 
A0:BDF0  A8		TAY			; 
A0:BDF1  06 07		ASL	$07		; 
A0:BDF3  08		PHP			; 
A0:BDF4  09 A1		ORA	#$A1		; 
A0:BDF6  0B		PHD			; 
A0:BDF7  0C 83 0E	TSB	$0E83		; 
A0:BDFA  CA		DEX			; 
A0:BDFB  10 87		BPL	$BD84		; 
A0:BDFD  F9 13 43	SBC	$4313,Y		; DMA A1T1H
A0:BE00  FC 16 70	JSR	($7016,X)	; 
A0:BE03  4B		PHK			; 
A0:BE04  44 1A 09	MVP	$1A,$09		; 
A0:BE07  1C 1D 49	TRB	$491D		; 
A0:BE0A  8C 20 34	STY	$3420		; 
A0:BE0D  22 27 1E 25	JSL	$25:1E27	; 
A0:BE11  0C 27 28	TSB	$2827		; 
A0:BE14  98		TYA			; 
A0:BE15  AE 2B DB	LDX	$DB2B		; 
A0:BE18  2D 89 2F	AND	$2F89		; 
A0:BE1B  75 31		ADC	$31,X		; 
A0:BE1D  65 23		ADC	$23		; 
A0:BE1F  64 51		STZ	$51		; 
A0:BE21  36 00		ROL	$00,X		; 
A0:BE23  38		SEC			; 
A0:BE24  39 AF 16	AND	$16AF,Y		; 
A0:BE27  59 20 9D	EOR	$9D20,Y		; 
A0:BE2A  3F 40 41 42	AND	$42:4140,X	; 
A0:BE2E  E0 7B		CPX	#$7B		; 
A0:BE30  45 CB		EOR	$CB		; 
A0:BE32  47 2E		EOR	[$2E]		; 
A0:BE34  3D 4A 4B	AND	$4B4A,X		; 
A0:BE37  D5 E4		CMP	$E4,X		; 
A0:BE39  4E EF 0A	LSR	$0AEF		; 
A0:BE3C  C9 63		CMP	#$63		; 
A0:BE3E  F5 54		SBC	$54,X		; 
A0:BE40  55 01		EOR	$01,X		; 
A0:BE42  57 58		EOR	[$58],Y		; 
A0:BE44  B7 5A		LDA	[$5A],Y		; 
A0:BE46  90 5C		BCC	$BEA4		; 
A0:BE48  5D 5E 5F	EOR	$5F5E,X		; 
A0:BE4B  66 6E		ROR	$6E		; 
A0:BE4D  62 84 3C	PER	$3C84		; 
A0:BE50  65 66		ADC	$66		; 
A0:BE52  67 68		ADC	[$68]		; 
A0:BE54  69 D1		ADC	#$D1		; 
A0:BE56  6B		RTL			; 
A0:BE57  8B		PHB			; 
A0:BE58  10 74		BPL	$BECE		; 
A0:BE5A  96 70		STX	$70,Y		; 
A0:BE5C  DF 7F 73 EB	CMP	$EB:737F,X	; 
A0:BE60  46 D2		LSR	$D2		; 
A0:BE62  77 78		ADC	[$78],Y		; 
A0:BE64  79 7A 7B	ADC	$7B7A,Y		; 
A0:BE67  7C 7D 4D	JMP	($4D7D,X)	; 
A0:BE6A  7F FD 17 21	ADC	$21:17FD,X	; 
A0:BE6E  AC B2 85	LDY	$85B2		; 
A0:BE71  86 87		STX	$87		; 
A0:BE73  88		DEY			; 
A0:BE74  89 07		BIT	#$07		; 
A0:BE76  8B		PHB			; 
A0:BE77  8C 06 61	STY	$6106		; 
A0:BE7A  2D 6D BF	AND	$BF6D		; 
A0:BE7D  92 C2		STA	($C2)		; 
A0:BE7F  76 95		ROR	$95,X		; 
A0:BE81  96 B3		STX	$B3,Y		; 
A0:BE83  98		TYA			; 
A0:BE84  99 5C 1A	STA	$1A5C,Y		; 
A0:BE87  9C D6 9E	STZ	$9ED6		; 
A0:BE8A  9F 11 5A A2	STA	$A2:5A11,X	; 
A0:BE8E  36 A4		ROL	$A4,X		; 
A0:BE90  B0 05		BCS	$BE97		; 
A0:BE92  A7 BD		LDA	[$BD]		; 
A0:BE94  A9 AA		LDA	#$AA		; 
A0:BE96  AB		PLB			; 
A0:BE97  AC CE AE	LDY	$AECE		; 
A0:BE9A  AF B0 B1 ED	LDA	$ED:B1B0	; 
A0:BE9E  8A		TXA			; 
A0:BE9F  30 79		BMI	$BF1A		; 
A0:BEA1  B6 99		LDX	$99,Y		; 
A0:BEA3  5F B9 E1 BB	EOR	$BB:E1B9,X	; 
A0:BEA7  EE F2 9A	INC	$9AF2		; 
A0:BEAA  F6 D7		INC	$D7,X		; 
A0:BEAC  1C C2 C3	TRB	$C3C2		; 
A0:BEAF  C4 78		CPY	$78		; 
A0:BEB1  C7 C7		CMP	[$C7]		; 
A0:BEB3  C8		INY			; 
A0:BEB4  C9 9C		CMP	#$9C		; 
A0:BEB6  7D CC CD	ADC	$CDCC,X		; 
A0:BEB9  F8		SED			; 
A0:BEBA  CF C3 D1 D2	CMP	$D2:D1C3	; 
A0:BEBE  38		SEC			; 
A0:BEBF  C8		INY			; 
A0:BEC0  D5 D6		CMP	$D6,X		; 
A0:BEC2  D7 C0		CMP	[$C0],Y		; 
A0:BEC4  13 C1		ORA	($C1,S),Y	; 
A0:BEC6  B4 6F		LDY	$6F,X		; 
A0:BEC8  DD 4A DF	CMP	$DF4A,X		; 
A0:BECB  4E 8D BB	LSR	$BB8D		; 
A0:BECE  E3 E4		SBC	$E4,S		; 
A0:BED0  BE B8 E7	LDX	$E7B8,Y		; 
A0:BED3  E8		INX			; 
A0:BED4  E9 EA		SBC	#$EA		; 
A0:BED6  EB		XBA			; 
A0:BED7  33 ED		AND	($ED,S),Y	; 
A0:BED9  EE 3A 57	INC	$573A		; 
A0:BEDC  F1 7C		SBC	($7C),Y		; 
A0:BEDE  BA		TSX			; 
A0:BEDF  F4 F5 1D	PEA	#$1DF5		; 
A0:BEE2  4C F8 67	JMP	$67F8		; 
A0:BEE5  39 24 FC	AND	$FC24,Y		; 
A0:BEE8  4F 91 D0 C7	EOR	$C7:D091	; 
A0:BEEC  B5 24		LDA	$24,X		; 
A0:BEEE  59 4B 2A	EOR	$2A4B,Y		; 
A0:BEF1  85 83		STA	$83		; 
A0:BEF3  CA		DEX			; 
A0:BEF4  64 1B		STZ	$1B		; 
A0:BEF6  5E 4F A1	LSR	$A14F,X		; 
A0:BEF9  23 FA		AND	$FA,S		; 
A0:BEFB  0F B0 45 96	ORA	$96:45B0	; 
A0:BEFF  52 F7		EOR	($F7)		; 
A0:BF01  84 A0		STY	$A0		; 
A0:BF03  73 9A		ADC	($9A,S),Y	; 
A0:BF05  CE 0A 33	DEC	$330A		; 
A0:BF08  EC 99 10	CPX	$1099		; 
A0:BF0B  53 05		EOR	($05,S),Y	; 
A0:BF0D  03 04		ORA	$04,S		; 
A0:BF0F  19 35 26	ORA	$2635,Y		; 
A0:BF12  19 92 0A	ORA	$0A92,Y		; 
A0:BF15  0F A6 0D 60	ORA	$60:0DA6	; 
A0:BF19  FE 15 11	INC	$1115,X		; 
A0:BF1C  12 82		ORA	($82)		; 
A0:BF1E  14 2F		TRB	$2F		; 
A0:BF20  17 E6		ORA	[$E6],Y		; 
A0:BF22  18		CLC			; 
A0:BF23  8F A2 1B 24	STA	$24:1BA2	; 
A0:BF27  1E CC 1F	ASL	$1FCC,X		; 
A0:BF2A  21 22		AND	($22,X)		; 
A0:BF2C  23 37		AND	$37,S		; 
A0:BF2E  6C 88 15	JMP	($1588)		; 
A0:BF31  29 B6		AND	#$B6		; 
A0:BF33  B5 2A		LDA	$2A,X		; 
A0:BF35  34 2C		BIT	$2C,X		; 
A0:BF37  D3 2E		CMP	($2E,S),Y	; 
A0:BF39  30 31		BMI	$BF6C		; 
A0:BF3B  32 77		AND	($77)		; 
A0:BF3D  33 1F		AND	($1F,S),Y	; 
A0:BF3F  B1 3E		LDA	($3E),Y		; 
A0:BF41  37 A9		AND	[$A9],Y		; 
A0:BF43  3D 3A 3B	AND	$3B3A,X		; 
A0:BF46  3C E9 DD	BIT	$DDE9,X		; 
A0:BF49  52 A4		EOR	($A4)		; 
A0:BF4B  49 A7		EOR	#$A7		; 
A0:BF4D  43 44		EOR	$44,S		; 
A0:BF4F  E5 46		SBC	$46		; 
A0:BF51  58		CLI			; 
A0:BF52  48		PHA			; 
A0:BF53  3B		TSC			; 
A0:BF54  4F 4C E2 4D	EOR	$4D:E24C	; 
A0:BF58  CD 0E 50	CMP	$500E		; 
A0:BF5B  51 42		EOR	($42),Y		; 
A0:BF5D  04 97		TSB	$97		; 
A0:BF5F  64 56		STZ	$56		; 
A0:BF61  59 03 80	EOR	$8003,Y		; 
A0:BF64  9B		TXY			; 
A0:BF65  5B		TCD			; 
A0:BF66  5B		TCD			; 
A0:BF67  14 D8		TRB	$D8		; 
A0:BF69  61 60		ADC	($60,X)		; 
A0:BF6B  72 FF		ADC	($FF)		; 
A0:BF6D  63 EC		ADC	$EC,S		; 
A0:BF6F  84 76		STY	$76		; 
A0:BF71  6E 97 DE	ROR	$DE97		; 
A0:BF74  6A		ROR	A		; 
A0:BF75  C5 6C		CMP	$6C		; 
A0:BF77  6D 85 6F	ADC	$6F85		; 
A0:BF7A  75 71		ADC	$71,X		; 
A0:BF7C  72 CF		ADC	($CF)		; 
A0:BF7E  74 8E		STZ	$8E,X		; 
A0:BF80  D4 83		PEI	($83)		; 
A0:BF82  B9 82 AD	LDA	$AD82,Y		; 
A0:BF85  80 7E		BRA	$C005		; 
A0:BF87  EA		NOP			; 
A0:BF88  35 E8		AND	$E8,X		; 
A0:BF8A  6B		RTL			; 
A0:BF8B  81 29		STA	($29,X)		; 
A0:BF8D  1B		TCS			; 
A0:BF8E  DA		PHX			; 
A0:BF8F  94 9F		STY	$9F,X		; 
A0:BF91  94 8A		STY	$8A,X		; 
A0:BF93  AB		PLB			; 
A0:BF94  0D 90 0B	ORA	$0B90		; 
A0:BF97  8D 8E 8F	STA	$8F8E		; 
A0:BF9A  68		PLA			; 
A0:BF9B  91 53		STA	($53),Y		; 
A0:BF9D  93 26		STA	($26,S),Y	; 
A0:BF9F  95 A0		STA	$A0,X		; 
A0:BFA1  0F C6 A6 9A	ORA	$9A:A6C6	; 
A0:BFA5  9B		TXY			; 
A0:BFA6  A3 9D		LDA	$9D,S		; 
A0:BFA8  AA		TAX			; 
A0:BFA9  08		PHP			; 
A0:BFAA  A0 A1		LDY	#$A1		; 
A0:BFAC  2A		ROL	A		; 
A0:BFAD  FB		XCE			; 
A0:BFAE  9E A5 56	STZ	$56A5,X		; 
A0:BFB1  B5 A8		LDA	$A8,X		; 
A0:BFB3  BC AD D9	LDY	$D9AD,X		; 
A0:BFB6  40		RTI			; 
A0:BFB7  DC 47 B2	JMP	[$B247]		; 
A0:BFBA  E7 55		SBC	[$55]		; 
A0:BFBC  62 B3 B4	PER	$B4B3		; 
A0:BFBF  71 BD		ADC	($BD),Y		; 
A0:BFC1  B7 B8		LDA	[$B8],Y		; 
A0:BFC3  BA		TSX			; 
A0:BFC4  48		PHA			; 
A0:BFC5  BC 6A F0	LDY	$F06A,X		; 
A0:BFC8  BE BF C0	LDX	$C0BF,Y		; 
A0:BFCB  C1 C5		CMP	($C5,X)		; 
A0:BFCD  12 25		ORA	($25)		; 
A0:BFCF  5D 45 E2	EOR	$E245,X		; 
A0:BFD2  CA		DEX			; 
A0:BFD3  7E 02 CB	ROR	$CB02,X		; 
A0:BFD6  E1 D4		SBC	($D4,X)		; 
A0:BFD8  CE 41 D0	DEC	$D041		; 
A0:BFDB  32 C4		AND	($C4)		; 
A0:BFDD  D3 69		CMP	($69,S),Y	; 
A0:BFDF  DC DA D9	JMP	[$D9DA]		; 
A0:BFE2  D8		CLD			; 
A0:BFE3  F1 2B		SBC	($2B),Y		; 
A0:BFE5  DB		STP			; 
A0:BFE6  86 52		STX	$52		; 
A0:BFE8  DE 81 E0	DEC	$E081,X		; 
A0:BFEB  2C 93 FD	BIT	$FD93		; 
A0:BFEE  E5 A3		SBC	$A3		; 
A0:BFF0  E6 F2		INC	$F2		; 
A0:BFF2  F0 EF		BEQ	$BFE3		; 
A0:BFF4  F4 EC 28	PEA	#$28EC		; 
A0:BFF7  73 3F		ADC	($3F,S),Y	; 
A0:BFF9  3E F3 F7	ROL	$F7F3,X		; 
A0:BFFC  E3 F3		SBC	$F3,S		; 
A0:BFFE  54 FA F6	MVN	$FA,$F6		; 
A0:C001  F7 C6		SBC	[$C6],Y		; 
A0:C003  F9 FA FB	SBC	$FBFA,Y		; 
A0:C006  7A		PLY			; 
A0:C007  5E FE A5	LSR	$A5FE,X		; 
A0:C00A  F7 69		SBC	[$69],Y		; 
A0:C00C  D5 3B		CMP	$3B,X		; 
A0:C00E  42		WDM	(Undef)		; 
A0:C00F  76 A6		ROR	$A6,X		; 
A0:C011  F2 B5		SBC	($B5)		; 
A0:C013  69 9E		ADC	#$9E		; 
A0:C015  23 2E		AND	$2E,S		; 
A0:C017  5B		TCD			; 
A0:C018  D2 B0		CMP	($B0)		; 
A0:C01A  89 2E		BIT	#$2E		; 
A0:C01C  A9 F9		LDA	#$F9		; 
A0:C01E  8B		PHB			; 
A0:C01F  42		WDM	(Undef)		; 
A0:C020  37 A7		AND	[$A7],Y		; 
A0:C022  C3 3D		CMP	$3D,S		; 
A0:C024  2F 25 37 A0	AND	$A0:3725	; 
A0:C028  2E A4 C2	ROL	$C2A4		; 
A0:C02B  20 A5 06	JSR	$06A5		; 
A0:C02E  85 84		STA	$84		; 
A0:C030  E2 20		SEP	#$20		; A:8
A0:C032  A5 08		LDA	$08		; 
A0:C034  85 86		STA	$86		; 
A0:C036  64 88		STZ	$88		; 
A0:C038  20 B5 C0	JSR	$C0B5		; 
A0:C03B  6B		RTL			; 
A0:C03C  DA		PHX			; 
A0:C03D  C2 20		REP	#$20		; A:16
A0:C03F  A5 06		LDA	$06		; 
A0:C041  85 84		STA	$84		; 
A0:C043  E2 20		SEP	#$20		; A:8
A0:C045  A5 08		LDA	$08		; 
A0:C047  85 86		STA	$86		; 
A0:C049  A2 00		LDX	#$00		; 
A0:C04B  74 88		STZ	$88,X		; 
A0:C04D  E8		INX			; 
A0:C04E  E0 04		CPX	#$04		; 
A0:C050  90 F9		BCC	$C04B		; 
A0:C052  20 B5 C0	JSR	$C0B5		; 
A0:C055  FA		PLX			; 
A0:C056  6B		RTL			; 
A0:C057  C2 20		REP	#$20		; A:16
A0:C059  A5 06		LDA	$06		; 
A0:C05B  85 84		STA	$84		; 
A0:C05D  E2 20		SEP	#$20		; A:8
A0:C05F  A5 08		LDA	$08		; 
A0:C061  85 86		STA	$86		; 
A0:C063  20 D4 C0	JSR	$C0D4		; 
A0:C066  6B		RTL			; 
A0:C067  C2 20		REP	#$20		; A:16
A0:C069  A5 06		LDA	$06		; 
A0:C06B  85 84		STA	$84		; 
A0:C06D  E2 20		SEP	#$20		; A:8
A0:C06F  A5 08		LDA	$08		; 
A0:C071  85 86		STA	$86		; 
A0:C073  20 FE C0	JSR	$C0FE		; 
A0:C076  6B		RTL			; 
A0:C077  DA		PHX			; 
A0:C078  A2 00		LDX	#$00		; 
A0:C07A  20 93 C0	JSR	$C093		; 
A0:C07D  FA		PLX			; 
A0:C07E  6B		RTL			; 
A0:C07F  DA		PHX			; 
A0:C080  48		PHA			; 
A0:C081  29 10		AND	#$10		; 
A0:C083  4A		LSR	A		; 
A0:C084  4A		LSR	A		; 
A0:C085  4A		LSR	A		; 
A0:C086  85 00		STA	$00		; 
A0:C088  68		PLA			; 
A0:C089  29 01		AND	#$01		; 
A0:C08B  05 00		ORA	$00		; 
A0:C08D  AA		TAX			; 
A0:C08E  20 93 C0	JSR	$C093		; 
A0:C091  FA		PLX			; 
A0:C092  6B		RTL			; 
A0:C093  A5 8C		LDA	$8C		; 
A0:C095  24 87		BIT	$87		; 
A0:C097  F0 0E		BEQ	$C0A7		; 
A0:C099  A7 84		LDA	[$84]		; 
A0:C09B  E6 84		INC	$84		; 
A0:C09D  D0 06		BNE	$C0A5		; 
A0:C09F  E6 85		INC	$85		; 
A0:C0A1  D0 02		BNE	$C0A5		; 
A0:C0A3  E6 86		INC	$86		; 
A0:C0A5  80 02		BRA	$C0A9		; 
A0:C0A7  B5 88		LDA	$88,X		; 
A0:C0A9  95 88		STA	$88,X		; 
A0:C0AB  46 87		LSR	$87		; 
A0:C0AD  90 03		BCC	$C0B2		; 
A0:C0AF  20 B5 C0	JSR	$C0B5		; 
A0:C0B2  B5 88		LDA	$88,X		; 
A0:C0B4  60		RTS			; 
A0:C0B5  A9 80		LDA	#$80		; 
A0:C0B7  85 87		STA	$87		; 
A0:C0B9  A7 84		LDA	[$84]		; 
A0:C0BB  85 8C		STA	$8C		; 
A0:C0BD  E6 84		INC	$84		; 
A0:C0BF  D0 06		BNE	$C0C7		; 
A0:C0C1  E6 85		INC	$85		; 
A0:C0C3  D0 02		BNE	$C0C7		; 
A0:C0C5  E6 86		INC	$86		; 
A0:C0C7  60		RTS			; 
A0:C0C8  A5 88		LDA	$88		; 
A0:C0CA  48		PHA			; 
A0:C0CB  C6 8D		DEC	$8D		; 
A0:C0CD  D0 03		BNE	$C0D2		; 
A0:C0CF  20 D4 C0	JSR	$C0D4		; 
A0:C0D2  68		PLA			; 
A0:C0D3  6B		RTL			; 
A0:C0D4  A7 84		LDA	[$84]		; 
A0:C0D6  85 88		STA	$88		; 
A0:C0D8  E6 84		INC	$84		; 
A0:C0DA  D0 06		BNE	$C0E2		; 
A0:C0DC  E6 85		INC	$85		; 
A0:C0DE  D0 02		BNE	$C0E2		; 
A0:C0E0  E6 86		INC	$86		; 
A0:C0E2  A7 84		LDA	[$84]		; 
A0:C0E4  1A		INC	A		; 
A0:C0E5  85 8D		STA	$8D		; 
A0:C0E7  E6 84		INC	$84		; 
A0:C0E9  D0 06		BNE	$C0F1		; 
A0:C0EB  E6 85		INC	$85		; 
A0:C0ED  D0 02		BNE	$C0F1		; 
A0:C0EF  E6 86		INC	$86		; 
A0:C0F1  60		RTS			; 
A0:C0F2  A5 88		LDA	$88		; 
A0:C0F4  48		PHA			; 
A0:C0F5  C6 8D		DEC	$8D		; 
A0:C0F7  D0 03		BNE	$C0FC		; 
A0:C0F9  20 FE C0	JSR	$C0FE		; 
A0:C0FC  68		PLA			; 
A0:C0FD  6B		RTL			; 
A0:C0FE  A7 84		LDA	[$84]		; 
A0:C100  85 8C		STA	$8C		; 
A0:C102  29 7F		AND	#$7F		; 
A0:C104  1A		INC	A		; 
A0:C105  85 8D		STA	$8D		; 
A0:C107  A5 8C		LDA	$8C		; 
A0:C109  0A		ASL	A		; 
A0:C10A  A9 00		LDA	#$00		; 
A0:C10C  2A		ROL	A		; 
A0:C10D  85 88		STA	$88		; 
A0:C10F  E6 84		INC	$84		; 
A0:C111  D0 06		BNE	$C119		; 
A0:C113  E6 85		INC	$85		; 
A0:C115  D0 02		BNE	$C119		; 
A0:C117  E6 86		INC	$86		; 
A0:C119  60		RTS			; 
A0:C11A  DA		PHX			; 
A0:C11B  A2 08		LDX	#$08		; 
A0:C11D  64 22		STZ	$22		; 
A0:C11F  64 23		STZ	$23		; 
A0:C121  06 22		ASL	$22		; 
A0:C123  26 23		ROL	$23		; 
A0:C125  06 1E		ASL	$1E		; 
A0:C127  90 0D		BCC	$C136		; 
A0:C129  A5 22		LDA	$22		; 
A0:C12B  18		CLC			; 
A0:C12C  65 20		ADC	$20		; 
A0:C12E  85 22		STA	$22		; 
A0:C130  A9 00		LDA	#$00		; 
A0:C132  65 23		ADC	$23		; 
A0:C134  85 23		STA	$23		; 
A0:C136  CA		DEX			; 
A0:C137  D0 E8		BNE	$C121		; 
A0:C139  FA		PLX			; 
A0:C13A  6B		RTL			; 
A0:C13B  DA		PHX			; 
A0:C13C  64 22		STZ	$22		; 
A0:C13E  A2 08		LDX	#$08		; 
A0:C140  26 1F		ROL	$1F		; 
A0:C142  26 22		ROL	$22		; 
A0:C144  A5 22		LDA	$22		; 
A0:C146  38		SEC			; 
A0:C147  E5 20		SBC	$20		; 
A0:C149  90 02		BCC	$C14D		; 
A0:C14B  85 22		STA	$22		; 
A0:C14D  26 1F		ROL	$1F		; 
A0:C14F  CA		DEX			; 
A0:C150  D0 F0		BNE	$C142		; 
A0:C152  64 1E		STZ	$1E		; 
A0:C154  A2 08		LDX	#$08		; 
A0:C156  06 22		ASL	$22		; 
A0:C158  A5 22		LDA	$22		; 
A0:C15A  38		SEC			; 
A0:C15B  E5 20		SBC	$20		; 
A0:C15D  90 02		BCC	$C161		; 
A0:C15F  85 22		STA	$22		; 
A0:C161  26 1E		ROL	$1E		; 
A0:C163  CA		DEX			; 
A0:C164  D0 F0		BNE	$C156		; 
A0:C166  FA		PLX			; 
A0:C167  6B		RTL			; 
A0:C168  DA		PHX			; 
A0:C169  A2 08		LDX	#$08		; 
A0:C16B  64 22		STZ	$22		; 
A0:C16D  26 1E		ROL	$1E		; 
A0:C16F  26 22		ROL	$22		; 
A0:C171  A5 22		LDA	$22		; 
A0:C173  38		SEC			; 
A0:C174  E5 20		SBC	$20		; 
A0:C176  90 02		BCC	$C17A		; 
A0:C178  85 22		STA	$22		; 
A0:C17A  26 1E		ROL	$1E		; 
A0:C17C  CA		DEX			; 
A0:C17D  D0 F0		BNE	$C16F		; 
A0:C17F  FA		PLX			; 
A0:C180  6B		RTL			; 
A0:C181  DA		PHX			; 
A0:C182  5A		PHY			; 
A0:C183  A2 10		LDX	#$10		; 
A0:C185  64 22		STZ	$22		; 
A0:C187  64 23		STZ	$23		; 
A0:C189  26 1E		ROL	$1E		; 
A0:C18B  26 1F		ROL	$1F		; 
A0:C18D  26 22		ROL	$22		; 
A0:C18F  26 23		ROL	$23		; 
A0:C191  A5 22		LDA	$22		; 
A0:C193  38		SEC			; 
A0:C194  E5 20		SBC	$20		; 
A0:C196  A8		TAY			; 
A0:C197  A5 23		LDA	$23		; 
A0:C199  E5 21		SBC	$21		; 
A0:C19B  90 04		BCC	$C1A1		; 
A0:C19D  84 22		STY	$22		; 
A0:C19F  85 23		STA	$23		; 
A0:C1A1  26 1E		ROL	$1E		; 
A0:C1A3  26 1F		ROL	$1F		; 
A0:C1A5  CA		DEX			; 
A0:C1A6  D0 E5		BNE	$C18D		; 
A0:C1A8  7A		PLY			; 
A0:C1A9  FA		PLX			; 
A0:C1AA  6B		RTL			; 
A0:C1AB  DA		PHX			; 
A0:C1AC  A2 10		LDX	#$10		; 
A0:C1AE  64 22		STZ	$22		; 
A0:C1B0  64 23		STZ	$23		; 
A0:C1B2  64 24		STZ	$24		; 
A0:C1B4  64 25		STZ	$25		; 
A0:C1B6  06 22		ASL	$22		; 
A0:C1B8  26 23		ROL	$23		; 
A0:C1BA  26 24		ROL	$24		; 
A0:C1BC  26 25		ROL	$25		; 
A0:C1BE  06 1E		ASL	$1E		; 
A0:C1C0  26 1F		ROL	$1F		; 
A0:C1C2  90 17		BCC	$C1DB		; 
A0:C1C4  C2 20		REP	#$20		; A:16
A0:C1C6  A5 22		LDA	$22		; 
A0:C1C8  18		CLC			; 
A0:C1C9  65 20		ADC	$20		; 
A0:C1CB  85 22		STA	$22		; 
A0:C1CD  E2 20		SEP	#$20		; A:8
A0:C1CF  A9 00		LDA	#$00		; 
A0:C1D1  65 24		ADC	$24		; 
A0:C1D3  85 24		STA	$24		; 
A0:C1D5  A9 00		LDA	#$00		; 
A0:C1D7  65 25		ADC	$25		; 
A0:C1D9  85 25		STA	$25		; 
A0:C1DB  CA		DEX			; 
A0:C1DC  D0 D8		BNE	$C1B6		; 
A0:C1DE  FA		PLX			; 
A0:C1DF  6B		RTL			; 
A0:C1E0  DA		PHX			; 
A0:C1E1  A2 10		LDX	#$10		; 
A0:C1E3  00 64		BRK	#$64		; 
A0:C1E5  22 64 24 06	JSL	$06:2464	; 
A0:C1E9  22 26 24 06	JSL	$06:2426	; 
A0:C1ED  1E 90 0E	ASL	$0E90,X		; 
A0:C1F0  A5 22		LDA	$22		; 
A0:C1F2  18		CLC			; 
A0:C1F3  65 20		ADC	$20		; 
A0:C1F5  85 22		STA	$22		; 
A0:C1F7  A9 00		LDA	#$00		; 
A0:C1F9  00 65		BRK	#$65		; 
A0:C1FB  24 85		BIT	$85		; 
A0:C1FD  24 CA		BIT	$CA		; 
A0:C1FF  D0 E7		BNE	$C1E8		; 
A0:C201  FA		PLX			; 
A0:C202  6B		RTL			; 
A0:C203  DA		PHX			; 
A0:C204  A2 20		LDX	#$20		; 
A0:C206  00 64		BRK	#$64		; 
A0:C208  26 64		ROL	$64		; 
A0:C20A  28		PLP			; 
A0:C20B  26 1E		ROL	$1E		; 
A0:C20D  26 20		ROL	$20		; 
A0:C20F  26 26		ROL	$26		; 
A0:C211  26 28		ROL	$28		; 
A0:C213  A5 28		LDA	$28		; 
A0:C215  C5 24		CMP	$24		; 
A0:C217  D0 04		BNE	$C21D		; 
A0:C219  A5 26		LDA	$26		; 
A0:C21B  C5 22		CMP	$22		; 
A0:C21D  90 0E		BCC	$C22D		; 
A0:C21F  A5 26		LDA	$26		; 
A0:C221  38		SEC			; 
A0:C222  E5 22		SBC	$22		; 
A0:C224  85 26		STA	$26		; 
A0:C226  A5 28		LDA	$28		; 
A0:C228  E5 24		SBC	$24		; 
A0:C22A  85 28		STA	$28		; 
A0:C22C  38		SEC			; 
A0:C22D  26 1E		ROL	$1E		; 
A0:C22F  26 20		ROL	$20		; 
A0:C231  CA		DEX			; 
A0:C232  D0 DB		BNE	$C20F		; 
A0:C234  FA		PLX			; 
A0:C235  6B		RTL			; 
A0:C236  9C 39 11	STZ	$1139		; 
A0:C239  A5 1F		LDA	$1F		; 
A0:C23B  10 0F		BPL	$C24C		; 
A0:C23D  C2 20		REP	#$20		; A:16
A0:C23F  A5 1E		LDA	$1E		; 
A0:C241  49 FF FF	EOR	#$FFFF		; 
A0:C244  1A		INC	A		; 
A0:C245  85 1E		STA	$1E		; 
A0:C247  E2 20		SEP	#$20		; A:8
A0:C249  EE 39 11	INC	$1139		; 
A0:C24C  A5 21		LDA	$21		; 
A0:C24E  10 14		BPL	$C264		; 
A0:C250  C2 20		REP	#$20		; A:16
A0:C252  A5 20		LDA	$20		; 
A0:C254  49 FF FF	EOR	#$FFFF		; 
A0:C257  1A		INC	A		; 
A0:C258  85 20		STA	$20		; 
A0:C25A  E2 20		SEP	#$20		; A:8
A0:C25C  AD 39 11	LDA	$1139		; 
A0:C25F  49 01		EOR	#$01		; 
A0:C261  8D 39 11	STA	$1139		; 
A0:C264  22 AB C1 80	JSL	$80:C1AB	; 
A0:C268  AD 39 11	LDA	$1139		; 
A0:C26B  F0 19		BEQ	$C286		; 
A0:C26D  C2 20		REP	#$20		; A:16
A0:C26F  A5 22		LDA	$22		; 
A0:C271  49 FF FF	EOR	#$FFFF		; 
A0:C274  18		CLC			; 
A0:C275  69 01 00	ADC	#$0001		; 
A0:C278  85 22		STA	$22		; 
A0:C27A  A5 24		LDA	$24		; 
A0:C27C  49 FF FF	EOR	#$FFFF		; 
A0:C27F  69 00 00	ADC	#$0000		; 
A0:C282  85 24		STA	$24		; 
A0:C284  E2 20		SEP	#$20		; A:8
A0:C286  6B		RTL			; 
A0:C287  DA		PHX			; 
A0:C288  A2 20		LDX	#$20		; 
A0:C28A  64 26		STZ	$26		; 
A0:C28C  64 27		STZ	$27		; 
A0:C28E  64 28		STZ	$28		; 
A0:C290  64 29		STZ	$29		; 
A0:C292  06 26		ASL	$26		; 
A0:C294  26 27		ROL	$27		; 
A0:C296  26 28		ROL	$28		; 
A0:C298  26 29		ROL	$29		; 
A0:C29A  06 1E		ASL	$1E		; 
A0:C29C  26 1F		ROL	$1F		; 
A0:C29E  26 20		ROL	$20		; 
A0:C2A0  26 21		ROL	$21		; 
A0:C2A2  90 17		BCC	$C2BB		; 
A0:C2A4  C2 20		REP	#$20		; A:16
A0:C2A6  A5 26		LDA	$26		; 
A0:C2A8  18		CLC			; 
A0:C2A9  65 22		ADC	$22		; 
A0:C2AB  85 26		STA	$26		; 
A0:C2AD  E2 20		SEP	#$20		; A:8
A0:C2AF  A5 24		LDA	$24		; 
A0:C2B1  65 28		ADC	$28		; 
A0:C2B3  85 28		STA	$28		; 
A0:C2B5  A5 25		LDA	$25		; 
A0:C2B7  65 29		ADC	$29		; 
A0:C2B9  85 29		STA	$29		; 
A0:C2BB  CA		DEX			; 
A0:C2BC  D0 D4		BNE	$C292		; 
A0:C2BE  FA		PLX			; 
A0:C2BF  6B		RTL			; 
A0:C2C0  00 65		BRK	#$65		; 
A0:C2C2  C9 2D		CMP	#$2D		; 
A0:C2C4  91 F5		STA	($F5),Y		; 
A0:C2C6  59 BC 1F	EOR	$1FBC,Y		; 
A0:C2C9  81 E3		STA	($E3,X)		; 
A0:C2CB  44 A5 05	MVP	$A5,$05		; 
A0:C2CE  64 C2		STZ	$C2		; 
A0:C2D0  1F 7C D7 32	ORA	$32:D77C,X	; 
A0:C2D4  8B		PHB			; 
A0:C2D5  E3 3A		SBC	$3A,S		; 
A0:C2D7  8F E4 37 88	STA	$88:37E4	; 
A0:C2DB  D8		CLD			; 
A0:C2DC  26 73		ROL	$73		; 
A0:C2DE  BF 08 50 97	LDA	$97:5008,X	; 
A0:C2E2  DB		STP			; 
A0:C2E3  1E 5E 9D	ASL	$9D5E,X		; 
A0:C2E6  DA		PHX			; 
A0:C2E7  15 4E		ORA	$4E,X		; 
A0:C2E9  85 B9		STA	$B9		; 
A0:C2EB  EC 1C 4B	CPX	$4B1C		; 
A0:C2EE  77 A1		ADC	[$A1],Y		; 
A0:C2F0  C8		INY			; 
A0:C2F1  EE 11 31	INC	$3111		; 
A0:C2F4  50 6C		BVC	$C362		; 
A0:C2F6  85 9C		STA	$9C		; 
A0:C2F8  B1 C4		LDA	($C4),Y		; 
A0:C2FA  D4 E1		PEI	($E1)		; 
A0:C2FC  EC F5 FB	CPX	$FBF5		; 
A0:C2FF  FF 00 FF FB	SBC	$FB:FF00,X	; 
A0:C303  F5 EC		SBC	$EC,X		; 
A0:C305  E1 D4		SBC	($D4,X)		; 
A0:C307  C4 B1		CPY	$B1		; 
A0:C309  9C 85 6C	STZ	$6C85		; 
A0:C30C  50 31		BVC	$C33F		; 
A0:C30E  11 EE		ORA	($EE),Y		; 
A0:C310  C8		INY			; 
A0:C311  A1 77		LDA	($77,X)		; 
A0:C313  4B		PHK			; 
A0:C314  1C EC B9	TRB	$B9EC		; 
A0:C317  85 4E		STA	$4E		; 
A0:C319  15 DA		ORA	$DA,X		; 
A0:C31B  9D 5E 1E	STA	$1E5E,X		; 
A0:C31E  DB		STP			; 
A0:C31F  97 50		STA	[$50],Y		; 
A0:C321  08		PHP			; 
A0:C322  BF 73 26 D8	LDA	$D8:2673,X	; 
A0:C326  88		DEY			; 
A0:C327  37 E4		AND	[$E4],Y		; 
A0:C329  8F 3A E3 8B	STA	$8B:E33A	; 
A0:C32D  32 D7		AND	($D7)		; 
A0:C32F  7C 1F C2	JMP	($C21F,X)	; 
A0:C332  64 05		STZ	$05		; 
A0:C334  A5 44		LDA	$44		; 
A0:C336  E3 81		SBC	$81,S		; 
A0:C338  1F BC 59 F5	ORA	$F5:59BC,X	; 
A0:C33C  91 2D		STA	($2D),Y		; 
A0:C33E  C9 65		CMP	#$65		; 
A0:C340  00 9B		BRK	#$9B		; 
A0:C342  37 D3		AND	[$D3],Y		; 
A0:C344  6F 0B A7 44	ADC	$44:A70B	; 
A0:C348  E1 7F		SBC	($7F,X)		; 
A0:C34A  1D BC 5B	ORA	$5BBC,X		; 
A0:C34D  FB		XCE			; 
A0:C34E  9C 3E E1	STZ	$E13E		; 
A0:C351  84 29		STY	$29		; 
A0:C353  CE 75 1D	DEC	$1D75		; 
A0:C356  C6 71		DEC	$71		; 
A0:C358  1C C9 78	TRB	$78C9		; 
A0:C35B  28		PLP			; 
A0:C35C  DA		PHX			; 
A0:C35D  8D 41 F8	STA	$F841		; 
A0:C360  B0 69		BCS	$C3CB		; 
A0:C362  25 E2		AND	$E2		; 
A0:C364  A2 63		LDX	#$63		; 
A0:C366  26 EB		ROL	$EB		; 
A0:C368  B2 7B		LDA	($7B)		; 
A0:C36A  47 14		EOR	[$14]		; 
A0:C36C  E4 B5		CPX	$B5		; 
A0:C36E  89 5F		BIT	#$5F		; 
A0:C370  38		SEC			; 
A0:C371  12 EF		ORA	($EF)		; 
A0:C373  CF B0 94 7B	CMP	$7B:94B0	; 
A0:C377  64 4F		STZ	$4F		; 
A0:C379  3C 2C 1F	BIT	$1F2C,X		; 
A0:C37C  14 0B		TRB	$0B		; 
A0:C37E  05 01		ORA	$01		; 
A0:C380  00 01		BRK	#$01		; 
A0:C382  05 0B		ORA	$0B		; 
A0:C384  14 1F		TRB	$1F		; 
A0:C386  2C 3C 4F	BIT	$4F3C		; 
A0:C389  64 7B		STZ	$7B		; 
A0:C38B  94 B0		STY	$B0,X		; 
A0:C38D  CF EF 12 38	CMP	$38:12EF	; 
A0:C391  5F 89 B5 E4	EOR	$E4:B589,X	; 
A0:C395  14 47		TRB	$47		; 
A0:C397  7B		TDC			; 
A0:C398  B2 EB		LDA	($EB)		; 
A0:C39A  26 63		ROL	$63		; 
A0:C39C  A2 E2		LDX	#$E2		; 
A0:C39E  25 69		AND	$69		; 
A0:C3A0  B0 F8		BCS	$C39A		; 
A0:C3A2  41 8D		EOR	($8D,X)		; 
A0:C3A4  DA		PHX			; 
A0:C3A5  28		PLP			; 
A0:C3A6  78		SEI			; 
A0:C3A7  C9 1C		CMP	#$1C		; 
A0:C3A9  71 C6		ADC	($C6),Y		; 
A0:C3AB  1D 75 CE	ORA	$CE75,X		; 
A0:C3AE  29 84		AND	#$84		; 
A0:C3B0  E1 3E		SBC	($3E,X)		; 
A0:C3B2  9C FB 5B	STZ	$5BFB		; 
A0:C3B5  BC 1D 7F	LDY	$7F1D,X		; 
A0:C3B8  E1 44		SBC	($44,X)		; 
A0:C3BA  A7 0B		LDA	[$0B]		; 
A0:C3BC  6F D3 37 9B	ADC	$9B:37D3	; 
A0:C3C0  00 00		BRK	#$00		; 
A0:C3C2  00 01		BRK	#$01		; 
A0:C3C4  01 01		ORA	($01,X)		; 
A0:C3C6  02 02		COP	#$02		; 
A0:C3C8  03 03		ORA	$03,S		; 
A0:C3CA  03 04		ORA	$04,S		; 
A0:C3CC  04 05		TSB	$05		; 
A0:C3CE  05 05		ORA	$05		; 
A0:C3D0  06 06		ASL	$06		; 
A0:C3D2  06 07		ASL	$07		; 
A0:C3D4  07 07		ORA	[$07]		; 
A0:C3D6  08		PHP			; 
A0:C3D7  08		PHP			; 
A0:C3D8  08		PHP			; 
A0:C3D9  09 09		ORA	#$09		; 
A0:C3DB  09 0A		ORA	#$0A		; 
A0:C3DD  0A		ASL	A		; 
A0:C3DE  0A		ASL	A		; 
A0:C3DF  0B		PHD			; 
A0:C3E0  0B		PHD			; 
A0:C3E1  0B		PHD			; 
A0:C3E2  0B		PHD			; 
A0:C3E3  0C 0C 0C	TSB	$0C0C		; 
A0:C3E6  0C 0D 0D	TSB	$0D0D		; 
A0:C3E9  0D 0D 0D	ORA	$0D0D		; 
A0:C3EC  0E 0E 0E	ASL	$0E0E		; 
A0:C3EF  0E 0E 0E	ASL	$0E0E		; 
A0:C3F2  0F 0F 0F 0F	ORA	$0F:0F0F	; 
A0:C3F6  0F 0F 0F 0F	ORA	$0F:0F0F	; 
A0:C3FA  0F 0F 0F 0F	ORA	$0F:0F0F	; 
A0:C3FE  0F 0F 10 0F	ORA	$0F:100F	; 
A0:C402  0F 0F 0F 0F	ORA	$0F:0F0F	; 
A0:C406  0F 0F 0F 0F	ORA	$0F:0F0F	; 
A0:C40A  0F 0F 0F 0F	ORA	$0F:0F0F	; 
A0:C40E  0F 0E 0E 0E	ORA	$0E:0E0E	; 
A0:C412  0E 0E 0E	ASL	$0E0E		; 
A0:C415  0D 0D 0D	ORA	$0D0D		; 
A0:C418  0D 0D 0C	ORA	$0C0D		; 
A0:C41B  0C 0C 0C	TSB	$0C0C		; 
A0:C41E  0B		PHD			; 
A0:C41F  0B		PHD			; 
A0:C420  0B		PHD			; 
A0:C421  0B		PHD			; 
A0:C422  0A		ASL	A		; 
A0:C423  0A		ASL	A		; 
A0:C424  0A		ASL	A		; 
A0:C425  09 09		ORA	#$09		; 
A0:C427  09 08		ORA	#$08		; 
A0:C429  08		PHP			; 
A0:C42A  08		PHP			; 
A0:C42B  07 07		ORA	[$07]		; 
A0:C42D  07 06		ORA	[$06]		; 
A0:C42F  06 06		ASL	$06		; 
A0:C431  05 05		ORA	$05		; 
A0:C433  05 04		ORA	$04		; 
A0:C435  04 03		TSB	$03		; 
A0:C437  03 03		ORA	$03,S		; 
A0:C439  02 02		COP	#$02		; 
A0:C43B  01 01		ORA	($01,X)		; 
A0:C43D  01 00		ORA	($00,X)		; 
A0:C43F  00 00		BRK	#$00		; 
A0:C441  FF FF FE FE	SBC	$FE:FEFF,X	; 
A0:C445  FE FD FD	INC	$FDFD,X		; 
A0:C448  FC FC FC	JSR	($FCFC,X)	; 
A0:C44B  FB		XCE			; 
A0:C44C  FB		XCE			; 
A0:C44D  FA		PLX			; 
A0:C44E  FA		PLX			; 
A0:C44F  FA		PLX			; 
A0:C450  F9 F9 F9	SBC	$F9F9,Y		; 
A0:C453  F8		SED			; 
A0:C454  F8		SED			; 
A0:C455  F8		SED			; 
A0:C456  F7 F7		SBC	[$F7],Y		; 
A0:C458  F7 F6		SBC	[$F6],Y		; 
A0:C45A  F6 F6		INC	$F6,X		; 
A0:C45C  F5 F5		SBC	$F5,X		; 
A0:C45E  F5 F4		SBC	$F4,X		; 
A0:C460  F4 F4 F4	PEA	#$F4F4		; 
A0:C463  F3 F3		SBC	($F3,S),Y	; 
A0:C465  F3 F3		SBC	($F3,S),Y	; 
A0:C467  F2 F2		SBC	($F2)		; 
A0:C469  F2 F2		SBC	($F2)		; 
A0:C46B  F2 F1		SBC	($F1)		; 
A0:C46D  F1 F1		SBC	($F1),Y		; 
A0:C46F  F1 F1		SBC	($F1),Y		; 
A0:C471  F1 F0		SBC	($F0),Y		; 
A0:C473  F0 F0		BEQ	$C465		; 
A0:C475  F0 F0		BEQ	$C467		; 
A0:C477  F0 F0		BEQ	$C469		; 
A0:C479  F0 F0		BEQ	$C46B		; 
A0:C47B  F0 F0		BEQ	$C46D		; 
A0:C47D  F0 F0		BEQ	$C46F		; 
A0:C47F  F0 F0		BEQ	$C471		; 
A0:C481  F0 F0		BEQ	$C473		; 
A0:C483  F0 F0		BEQ	$C475		; 
A0:C485  F0 F0		BEQ	$C477		; 
A0:C487  F0 F0		BEQ	$C479		; 
A0:C489  F0 F0		BEQ	$C47B		; 
A0:C48B  F0 F0		BEQ	$C47D		; 
A0:C48D  F0 F0		BEQ	$C47F		; 
A0:C48F  F1 F1		SBC	($F1),Y		; 
A0:C491  F1 F1		SBC	($F1),Y		; 
A0:C493  F1 F1		SBC	($F1),Y		; 
A0:C495  F2 F2		SBC	($F2)		; 
A0:C497  F2 F2		SBC	($F2)		; 
A0:C499  F2 F3		SBC	($F3)		; 
A0:C49B  F3 F3		SBC	($F3,S),Y	; 
A0:C49D  F3 F4		SBC	($F4,S),Y	; 
A0:C49F  F4 F4 F4	PEA	#$F4F4		; 
A0:C4A2  F5 F5		SBC	$F5,X		; 
A0:C4A4  F5 F6		SBC	$F6,X		; 
A0:C4A6  F6 F6		INC	$F6,X		; 
A0:C4A8  F7 F7		SBC	[$F7],Y		; 
A0:C4AA  F7 F8		SBC	[$F8],Y		; 
A0:C4AC  F8		SED			; 
A0:C4AD  F8		SED			; 
A0:C4AE  F9 F9 F9	SBC	$F9F9,Y		; 
A0:C4B1  FA		PLX			; 
A0:C4B2  FA		PLX			; 
A0:C4B3  FA		PLX			; 
A0:C4B4  FB		XCE			; 
A0:C4B5  FB		XCE			; 
A0:C4B6  FC FC FC	JSR	($FCFC,X)	; 
A0:C4B9  FD FD FE	SBC	$FEFD,X		; 
A0:C4BC  FE FE FF	INC	$FFFE,X		; 
A0:C4BF  FF 03 09 0F	SBC	$0F:0903,X	; 
A0:C4C3  16 1C		ASL	$1C,X		; 
A0:C4C5  22 29 2F 36	JSL	$36:2F29	; 
A0:C4C9  3C 43 4A	BIT	$4A43,X		; 
A0:C4CC  51 58		EOR	($58),Y		; 
A0:C4CE  5F 66 6D 75	EOR	$75:6D66,X	; 
A0:C4D2  7C 84 8C	JMP	($8C84,X)	; 
A0:C4D5  95 9D		STA	$9D,X		; 
A0:C4D7  A6 AF		LDX	$AF		; 
A0:C4D9  B9 C2 CC	LDA	$CCC2,Y		; 
A0:C4DC  D7 E2		CMP	[$E2],Y		; 
A0:C4DE  ED F9 06	SBC	$06F9		; 
A0:C4E1  13 21		ORA	($21,S),Y	; 
A0:C4E3  30 3F		BMI	$C524		; 
A0:C4E5  50 62		BVC	$C549		; 
A0:C4E7  75 89		ADC	$89,X		; 
A0:C4E9  9F B7 D1 ED	STA	$ED:D1B7,X	; 
A0:C4ED  0C 2E 55	TSB	$552E		; 
A0:C4F0  80 B0		BRA	$C4A2		; 
A0:C4F2  E8		INX			; 
A0:C4F3  28		PLP			; 
A0:C4F4  72 CB		ADC	($CB)		; 
A0:C4F6  35 B9		AND	$B9,X		; 
A0:C4F8  5E 37 5C	LSR	$5C37,X		; 
A0:C4FB  04 9C		TSB	$9C		; 
A0:C4FD  46 26		LSR	$26		; 
A0:C4FF  7B		TDC			; 
A0:C500  00 00		BRK	#$00		; 
A0:C502  00 00		BRK	#$00		; 
A0:C504  00 00		BRK	#$00		; 
A0:C506  00 00		BRK	#$00		; 
A0:C508  00 00		BRK	#$00		; 
A0:C50A  00 00		BRK	#$00		; 
A0:C50C  00 00		BRK	#$00		; 
A0:C50E  00 00		BRK	#$00		; 
A0:C510  00 00		BRK	#$00		; 
A0:C512  00 00		BRK	#$00		; 
A0:C514  00 00		BRK	#$00		; 
A0:C516  00 00		BRK	#$00		; 
A0:C518  00 00		BRK	#$00		; 
A0:C51A  00 00		BRK	#$00		; 
A0:C51C  00 00		BRK	#$00		; 
A0:C51E  00 00		BRK	#$00		; 
A0:C520  01 01		ORA	($01,X)		; 
A0:C522  01 01		ORA	($01,X)		; 
A0:C524  01 01		ORA	($01,X)		; 
A0:C526  01 01		ORA	($01,X)		; 
A0:C528  01 01		ORA	($01,X)		; 
A0:C52A  01 01		ORA	($01,X)		; 
A0:C52C  01 02		ORA	($02,X)		; 
A0:C52E  02 02		COP	#$02		; 
A0:C530  02 02		COP	#$02		; 
A0:C532  02 03		COP	#$03		; 
A0:C534  03 03		ORA	$03,S		; 
A0:C536  04 04		TSB	$04		; 
A0:C538  05 06		ORA	$06		; 
A0:C53A  07 09		ORA	[$09]		; 
A0:C53C  0B		PHD			; 
A0:C53D  10 1B		BPL	$C55A		; 
A0:C53F  51 00		EOR	($00),Y		; 
A0:C541  0F 16 1B 1F	ORA	$1F:1B16	; 
A0:C545  23 26		AND	$26,S		; 
A0:C547  29 2C		AND	#$2C		; 
A0:C549  2F 31 33 36	AND	$36:3331	; 
A0:C54D  38		SEC			; 
A0:C54E  3A		DEC	A		; 
A0:C54F  3C 3D 3F	BIT	$3F3D,X		; 
A0:C552  41 43		EOR	($43,X)		; 
A0:C554  44 46 47	MVP	$46,$47		; 
A0:C557  49 4A		EOR	#$4A		; 
A0:C559  4B		PHK			; 
A0:C55A  4D 4E 4F	EOR	$4F4E		; 
A0:C55D  51 52		EOR	($52),Y		; 
A0:C55F  53 54		EOR	($54,S),Y	; 
A0:C561  55 56		EOR	$56,X		; 
A0:C563  57 58		EOR	[$58],Y		; 
A0:C565  5A		PHY			; 
A0:C566  5B		TCD			; 
A0:C567  5B		TCD			; 
A0:C568  5C 5D 5E 5F	JML	$5F:5E5D	; 
A0:C56C  60		RTS			; 
A0:C56D  61 62		ADC	($62,X)		; 
A0:C56F  63 63		ADC	$63,S		; 
A0:C571  64 65		STZ	$65		; 
A0:C573  66 66		ROR	$66		; 
A0:C575  67 68		ADC	[$68]		; 
A0:C577  69 69		ADC	#$69		; 
A0:C579  6A		ROR	A		; 
A0:C57A  6B		RTL			; 
A0:C57B  6B		RTL			; 
A0:C57C  6C 6D 6D	JMP	($6D6D)		; 
A0:C57F  6E 6E 6F	ROR	$6F6E		; 
A0:C582  6F 70 71 71	ADC	$71:7170	; 
A0:C586  72 72		ADC	($72)		; 
A0:C588  73 73		ADC	($73,S),Y	; 
A0:C58A  74 74		STZ	$74,X		; 
A0:C58C  74 75		STZ	$75,X		; 
A0:C58E  75 76		ADC	$76,X		; 
A0:C590  76 77		ROR	$77,X		; 
A0:C592  77 77		ADC	[$77],Y		; 
A0:C594  78		SEI			; 
A0:C595  78		SEI			; 
A0:C596  78		SEI			; 
A0:C597  79 79 79	ADC	$7979,Y		; 
A0:C59A  7A		PLY			; 
A0:C59B  7A		PLY			; 
A0:C59C  7A		PLY			; 
A0:C59D  7B		TDC			; 
A0:C59E  7B		TDC			; 
A0:C59F  7B		TDC			; 
A0:C5A0  7B		TDC			; 
A0:C5A1  7C 7C 7C	JMP	($7C7C,X)	; 
A0:C5A4  7C 7D 7D	JMP	($7D7D,X)	; 
A0:C5A7  7D 7D 7D	ADC	$7D7D,X		; 
A0:C5AA  7E 7E 7E	ROR	$7E7E,X		; 
A0:C5AD  7E 7E 7E	ROR	$7E7E,X		; 
A0:C5B0  7E 7F 7F	ROR	$7F7F,X		; 
A0:C5B3  7F 7F 7F 7F	ADC	$7F:7F7F,X	; 
A0:C5B7  7F 7F 7F 7F	ADC	$7F:7F7F,X	; 
A0:C5BB  7F 7F 7F 7F	ADC	$7F:7F7F,X	; 
A0:C5BF  7F 80 7F 7F	ADC	$7F:7F80,X	; 
A0:C5C3  7F 7F 7F 7F	ADC	$7F:7F7F,X	; 
A0:C5C7  7F 7F 7F 7F	ADC	$7F:7F7F,X	; 
A0:C5CB  7F 7F 7F 7F	ADC	$7F:7F7F,X	; 
A0:C5CF  7F 7E 7E 7E	ADC	$7E:7E7E,X	; 
A0:C5D3  7E 7E 7E	ROR	$7E7E,X		; 
A0:C5D6  7E 7D 7D	ROR	$7D7D,X		; 
A0:C5D9  7D 7D 7D	ADC	$7D7D,X		; 
A0:C5DC  7C 7C 7C	JMP	($7C7C,X)	; 
A0:C5DF  7C 7B 7B	JMP	($7B7B,X)	; 
A0:C5E2  7B		TDC			; 
A0:C5E3  7B		TDC			; 
A0:C5E4  7A		PLY			; 
A0:C5E5  7A		PLY			; 
A0:C5E6  7A		PLY			; 
A0:C5E7  79 79 79	ADC	$7979,Y		; 
A0:C5EA  78		SEI			; 
A0:C5EB  78		SEI			; 
A0:C5EC  78		SEI			; 
A0:C5ED  77 77		ADC	[$77],Y		; 
A0:C5EF  77 76		ADC	[$76],Y		; 
A0:C5F1  76 75		ROR	$75,X		; 
A0:C5F3  75 74		ADC	$74,X		; 
A0:C5F5  74 74		STZ	$74,X		; 
A0:C5F7  73 73		ADC	($73,S),Y	; 
A0:C5F9  72 72		ADC	($72)		; 
A0:C5FB  71 71		ADC	($71),Y		; 
A0:C5FD  70 6F		BVS	$C66E		; 
A0:C5FF  6F 6E 6E 6D	ADC	$6D:6E6E	; 
A0:C603  6D 6C 6B	ADC	$6B6C		; 
A0:C606  6B		RTL			; 
A0:C607  6A		ROR	A		; 
A0:C608  69 69		ADC	#$69		; 
A0:C60A  68		PLA			; 
A0:C60B  67 66		ADC	[$66]		; 
A0:C60D  66 65		ROR	$65		; 
A0:C60F  64 63		STZ	$63		; 
A0:C611  63 62		ADC	$62,S		; 
A0:C613  61 60		ADC	($60,X)		; 
A0:C615  5F 5E 5D 5C	EOR	$5C:5D5E,X	; 
A0:C619  5B		TCD			; 
A0:C61A  5B		TCD			; 
A0:C61B  5A		PHY			; 
A0:C61C  58		CLI			; 
A0:C61D  57 56		EOR	[$56],Y		; 
A0:C61F  55 54		EOR	$54,X		; 
A0:C621  53 52		EOR	($52,S),Y	; 
A0:C623  51 4F		EOR	($4F),Y		; 
A0:C625  4E 4D 4B	LSR	$4B4D		; 
A0:C628  4A		LSR	A		; 
A0:C629  49 47		EOR	#$47		; 
A0:C62B  46 44		LSR	$44		; 
A0:C62D  43 41		EOR	$41,S		; 
A0:C62F  3F 3D 3C 3A	AND	$3A:3C3D,X	; 
A0:C633  38		SEC			; 
A0:C634  36 33		ROL	$33,X		; 
A0:C636  31 2F		AND	($2F),Y		; 
A0:C638  2C 29 26	BIT	$2629		; 
A0:C63B  23 1F		AND	$1F,S		; 
A0:C63D  1B		TCS			; 
A0:C63E  16 0F		ASL	$0F,X		; 
A0:C640  18		CLC			; 
A0:C641  69 40		ADC	#$40		; 
A0:C643  8B		PHB			; 
A0:C644  DA		PHX			; 
A0:C645  4B		PHK			; 
A0:C646  AB		PLB			; 
A0:C647  AA		TAX			; 
A0:C648  BD C0 C2	LDA	$C2C0,X		; 
A0:C64B  85 1E		STA	$1E		; 
A0:C64D  BD C0 C3	LDA	$C3C0,X		; 
A0:C650  85 1F		STA	$1F		; 
A0:C652  FA		PLX			; 
A0:C653  AB		PLB			; 
A0:C654  6B		RTL			; 
A0:C655  8B		PHB			; 
A0:C656  DA		PHX			; 
A0:C657  4B		PHK			; 
A0:C658  AB		PLB			; 
A0:C659  AA		TAX			; 
A0:C65A  BD C0 C3	LDA	$C3C0,X		; 
A0:C65D  FA		PLX			; 
A0:C65E  AB		PLB			; 
A0:C65F  6B		RTL			; 
A0:C660  8B		PHB			; 
A0:C661  DA		PHX			; 
A0:C662  4B		PHK			; 
A0:C663  AB		PLB			; 
A0:C664  AA		TAX			; 
A0:C665  BD C0 C4	LDA	$C4C0,X		; 
A0:C668  85 1E		STA	$1E		; 
A0:C66A  BD 00 C5	LDA	$C500,X		; 
A0:C66D  85 1F		STA	$1F		; 
A0:C66F  FA		PLX			; 
A0:C670  AB		PLB			; 
A0:C671  6B		RTL			; 
A0:C672  A9 00		LDA	#$00		; 
A0:C674  8F 40 20 7E	STA	$7E:2040	; 
A0:C678  A9 00		LDA	#$00		; 
A0:C67A  8F 40 20 7E	STA	$7E:2040	; 
A0:C67E  6B		RTL			; 
A0:C67F  DA		PHX			; 
A0:C680  8B		PHB			; 
A0:C681  A5 0B		LDA	$0B		; 
A0:C683  48		PHA			; 
A0:C684  AB		PLB			; 
A0:C685  C2 10		REP	#$10		; XY:16
A0:C687  A6 09		LDX	$09		; 
A0:C689  AD A6 03	LDA	$03A6		; 
A0:C68C  29 E0		AND	#$E0		; 
A0:C68E  1D 00 00	ORA	$0000,X		; 
A0:C691  8D A6 03	STA	$03A6		; 
A0:C694  8D 01 21	STA	$2101		; PPU OBSEL
A0:C697  BD 01 00	LDA	$0001,X		; 
A0:C69A  8D 0B 21	STA	$210B		; PPU BG12NBA
A0:C69D  BD 02 00	LDA	$0002,X		; 
A0:C6A0  8D 0C 21	STA	$210C		; PPU BG34NBA
A0:C6A3  E2 10		SEP	#$10		; XY:8
A0:C6A5  AB		PLB			; 
A0:C6A6  FA		PLX			; 
A0:C6A7  6B		RTL			; 
A0:C6A8  DA		PHX			; 
A0:C6A9  8B		PHB			; 
A0:C6AA  A5 0B		LDA	$0B		; 
A0:C6AC  48		PHA			; 
A0:C6AD  AB		PLB			; 
A0:C6AE  C2 10		REP	#$10		; XY:16
A0:C6B0  A6 09		LDX	$09		; 
A0:C6B2  BD 00 00	LDA	$0000,X		; 
A0:C6B5  8D 07 21	STA	$2107		; PPU BG1SC
A0:C6B8  8D 42 11	STA	$1142		; 
A0:C6BB  BD 01 00	LDA	$0001,X		; 
A0:C6BE  8D 08 21	STA	$2108		; PPU BG2SC
A0:C6C1  8D 44 11	STA	$1144		; 
A0:C6C4  BD 02 00	LDA	$0002,X		; 
A0:C6C7  8D 09 21	STA	$2109		; PPU BG3SC
A0:C6CA  8D 46 11	STA	$1146		; 
A0:C6CD  BD 03 00	LDA	$0003,X		; 
A0:C6D0  8D 0A 21	STA	$210A		; PPU BG4SC
A0:C6D3  8D 48 11	STA	$1148		; 
A0:C6D6  E2 10		SEP	#$10		; XY:8
A0:C6D8  C2 20		REP	#$20		; A:16
A0:C6DA  A2 00		LDX	#$00		; 
A0:C6DC  BD 42 11	LDA	$1142,X		; 
A0:C6DF  29 FE 00	AND	#$00FE		; 
A0:C6E2  EB		XBA			; 
A0:C6E3  9D 42 11	STA	$1142,X		; 
A0:C6E6  E8		INX			; 
A0:C6E7  E8		INX			; 
A0:C6E8  E0 08		CPX	#$08		; 
A0:C6EA  90 F0		BCC	$C6DC		; 
A0:C6EC  E2 20		SEP	#$20		; A:8
A0:C6EE  AB		PLB			; 
A0:C6EF  FA		PLX			; 
A0:C6F0  6B		RTL			; 
A0:C6F1  A9 01		LDA	#$01		; 
A0:C6F3  80 08		BRA	$C6FD		; 
A0:C6F5  A9 02		LDA	#$02		; 
A0:C6F7  80 04		BRA	$C6FD		; 
A0:C6F9  A9 03		LDA	#$03		; 
A0:C6FB  80 00		BRA	$C6FD		; 
A0:C6FD  DA		PHX			; 
A0:C6FE  8D 02 03	STA	$0302		; 
A0:C701  3A		DEC	A		; 
A0:C702  0A		ASL	A		; 
A0:C703  AA		TAX			; 
A0:C704  C2 20		REP	#$20		; A:16
A0:C706  BD 42 11	LDA	$1142,X		; 
A0:C709  8D 03 03	STA	$0303		; 
A0:C70C  E2 20		SEP	#$20		; A:8
A0:C70E  22 14 C7 80	JSL	$80:C714	; 
A0:C712  FA		PLX			; 
A0:C713  6B		RTL			; 
A0:C714  DA		PHX			; 
A0:C715  AD 02 03	LDA	$0302		; 
A0:C718  0A		ASL	A		; 
A0:C719  AA		TAX			; 
A0:C71A  BD 98 03	LDA	$0398,X		; 
A0:C71D  4A		LSR	A		; 
A0:C71E  BD 97 03	LDA	$0397,X		; 
A0:C721  6A		ROR	A		; 
A0:C722  4A		LSR	A		; 
A0:C723  4A		LSR	A		; 
A0:C724  8D 3A 11	STA	$113A		; 
A0:C727  BD 9D 03	LDA	$039D,X		; 
A0:C72A  1A		INC	A		; 
A0:C72B  4A		LSR	A		; 
A0:C72C  4A		LSR	A		; 
A0:C72D  4A		LSR	A		; 
A0:C72E  8D 3B 11	STA	$113B		; 
A0:C731  FA		PLX			; 
A0:C732  6B		RTL			; 
A0:C733  A9 00		LDA	#$00		; 
A0:C735  80 02		BRA	$C739		; 
A0:C737  A9 FF		LDA	#$FF		; 
A0:C739  85 07		STA	$07		; 
A0:C73B  8B		PHB			; 
A0:C73C  5A		PHY			; 
A0:C73D  DA		PHX			; 
A0:C73E  A9 7E		LDA	#$7E		; 
A0:C740  48		PHA			; 
A0:C741  AB		PLB			; 
A0:C742  22 0F A3 80	JSL	$80:A30F	; 
A0:C746  A2 00		LDX	#$00		; 
A0:C748  A0 00		LDY	#$00		; 
A0:C74A  20 7B C7	JSR	$C77B		; 
A0:C74D  A5 07		LDA	$07		; 
A0:C74F  D0 08		BNE	$C759		; 
A0:C751  EE 0D 03	INC	$030D		; 
A0:C754  EE 12 03	INC	$0312		; 
A0:C757  80 06		BRA	$C75F		; 
A0:C759  CE 0D 03	DEC	$030D		; 
A0:C75C  CE 12 03	DEC	$0312		; 
A0:C75F  C8		INY			; 
A0:C760  CC 10 03	CPY	$0310		; 
A0:C763  90 E5		BCC	$C74A		; 
A0:C765  A9 00		LDA	#$00		; 
A0:C767  9D 42 20	STA	$2042,X		; 
A0:C76A  A9 00		LDA	#$00		; 
A0:C76C  9D 43 20	STA	$2043,X		; 
A0:C76F  9C 43 20	STZ	$2043		; 
A0:C772  A5 06		LDA	$06		; 
A0:C774  8D 42 20	STA	$2042		; 
A0:C777  FA		PLX			; 
A0:C778  7A		PLY			; 
A0:C779  AB		PLB			; 
A0:C77A  6B		RTL			; 
A0:C77B  5A		PHY			; 
A0:C77C  AD 11 03	LDA	$0311		; 
A0:C77F  48		PHA			; 
A0:C780  AD 0B 03	LDA	$030B		; 
A0:C783  48		PHA			; 
A0:C784  AD 0F 03	LDA	$030F		; 
A0:C787  48		PHA			; 
A0:C788  20 C6 C7	JSR	$C7C6		; 
A0:C78B  EE 0B 03	INC	$030B		; 
A0:C78E  EE 11 03	INC	$0311		; 
A0:C791  C8		INY			; 
A0:C792  AD 0B 03	LDA	$030B		; 
A0:C795  18		CLC			; 
A0:C796  6D 3A 11	ADC	$113A		; 
A0:C799  89 1F		BIT	#$1F		; 
A0:C79B  F0 0B		BEQ	$C7A8		; 
A0:C79D  AD 11 03	LDA	$0311		; 
A0:C7A0  18		CLC			; 
A0:C7A1  6D 3A 11	ADC	$113A		; 
A0:C7A4  89 1F		BIT	#$1F		; 
A0:C7A6  D0 08		BNE	$C7B0		; 
A0:C7A8  20 E3 C7	JSR	$C7E3		; 
A0:C7AB  F0 0B		BEQ	$C7B8		; 
A0:C7AD  20 C6 C7	JSR	$C7C6		; 
A0:C7B0  CC 0F 03	CPY	$030F		; 
A0:C7B3  90 D6		BCC	$C78B		; 
A0:C7B5  20 E3 C7	JSR	$C7E3		; 
A0:C7B8  68		PLA			; 
A0:C7B9  8D 0F 03	STA	$030F		; 
A0:C7BC  68		PLA			; 
A0:C7BD  8D 0B 03	STA	$030B		; 
A0:C7C0  68		PLA			; 
A0:C7C1  8D 11 03	STA	$0311		; 
A0:C7C4  7A		PLY			; 
A0:C7C5  60		RTS			; 
A0:C7C6  20 07 C8	JSR	$C807		; 
A0:C7C9  20 33 C8	JSR	$C833		; 
A0:C7CC  A5 8E		LDA	$8E		; 
A0:C7CE  9D 40 20	STA	$2040,X		; 
A0:C7D1  A5 8F		LDA	$8F		; 
A0:C7D3  9D 41 20	STA	$2041,X		; 
A0:C7D6  A5 90		LDA	$90		; 
A0:C7D8  9D 44 20	STA	$2044,X		; 
A0:C7DB  A5 91		LDA	$91		; 
A0:C7DD  9D 45 20	STA	$2045,X		; 
A0:C7E0  A0 00		LDY	#$00		; 
A0:C7E2  60		RTS			; 
A0:C7E3  8A		TXA			; 
A0:C7E4  D0 06		BNE	$C7EC		; 
A0:C7E6  98		TYA			; 
A0:C7E7  0A		ASL	A		; 
A0:C7E8  85 06		STA	$06		; 
A0:C7EA  80 08		BRA	$C7F4		; 
A0:C7EC  98		TYA			; 
A0:C7ED  0A		ASL	A		; 
A0:C7EE  9D 42 20	STA	$2042,X		; 
A0:C7F1  9E 43 20	STZ	$2043,X		; 
A0:C7F4  8A		TXA			; 
A0:C7F5  18		CLC			; 
A0:C7F6  69 06		ADC	#$06		; 
A0:C7F8  AA		TAX			; 
A0:C7F9  AD 0F 03	LDA	$030F		; 
A0:C7FC  8C 0F 03	STY	$030F		; 
A0:C7FF  38		SEC			; 
A0:C800  ED 0F 03	SBC	$030F		; 
A0:C803  8D 0F 03	STA	$030F		; 
A0:C806  60		RTS			; 
A0:C807  AD 0B 03	LDA	$030B		; 
A0:C80A  85 1E		STA	$1E		; 
A0:C80C  AD 0D 03	LDA	$030D		; 
A0:C80F  85 20		STA	$20		; 
A0:C811  20 49 C8	JSR	$C849		; 
A0:C814  C2 20		REP	#$20		; A:16
A0:C816  A5 1E		LDA	$1E		; 
A0:C818  85 8E		STA	$8E		; 
A0:C81A  E2 20		SEP	#$20		; A:8
A0:C81C  60		RTS			; 
A0:C81D  AD 0B 03	LDA	$030B		; 
A0:C820  85 1E		STA	$1E		; 
A0:C822  AD 0D 03	LDA	$030D		; 
A0:C825  85 20		STA	$20		; 
A0:C827  20 49 C8	JSR	$C849		; 
A0:C82A  C2 20		REP	#$20		; A:16
A0:C82C  A5 1E		LDA	$1E		; 
A0:C82E  85 90		STA	$90		; 
A0:C830  E2 20		SEP	#$20		; A:8
A0:C832  6B		RTL			; 
A0:C833  AD 11 03	LDA	$0311		; 
A0:C836  85 1E		STA	$1E		; 
A0:C838  AD 12 03	LDA	$0312		; 
A0:C83B  85 20		STA	$20		; 
A0:C83D  20 49 C8	JSR	$C849		; 
A0:C840  C2 20		REP	#$20		; A:16
A0:C842  A5 1E		LDA	$1E		; 
A0:C844  85 90		STA	$90		; 
A0:C846  E2 20		SEP	#$20		; A:8
A0:C848  60		RTS			; 
A0:C849  5A		PHY			; 
A0:C84A  AD 3C 11	LDA	$113C		; 
A0:C84D  F0 09		BEQ	$C858		; 
A0:C84F  AD 02 03	LDA	$0302		; 
A0:C852  C9 03		CMP	#$03		; 
A0:C854  90 02		BCC	$C858		; 
A0:C856  A9 00		LDA	#$00		; 
A0:C858  85 22		STA	$22		; 
A0:C85A  64 1F		STZ	$1F		; 
A0:C85C  64 21		STZ	$21		; 
A0:C85E  A5 1E		LDA	$1E		; 
A0:C860  18		CLC			; 
A0:C861  6D 3A 11	ADC	$113A		; 
A0:C864  29 7F		AND	#$7F		; 
A0:C866  A4 22		LDY	$22		; 
A0:C868  D0 02		BNE	$C86C		; 
A0:C86A  29 3F		AND	#$3F		; 
A0:C86C  85 1E		STA	$1E		; 
A0:C86E  A5 20		LDA	$20		; 
A0:C870  18		CLC			; 
A0:C871  6D 3B 11	ADC	$113B		; 
A0:C874  29 7F		AND	#$7F		; 
A0:C876  A4 22		LDY	$22		; 
A0:C878  D0 02		BNE	$C87C		; 
A0:C87A  29 1F		AND	#$1F		; 
A0:C87C  85 20		STA	$20		; 
A0:C87E  C2 20		REP	#$20		; A:16
A0:C880  A4 22		LDY	$22		; 
A0:C882  D0 15		BNE	$C899		; 
A0:C884  A5 1E		LDA	$1E		; 
A0:C886  29 20 00	AND	#$0020		; 
A0:C889  0A		ASL	A		; 
A0:C88A  0A		ASL	A		; 
A0:C88B  0A		ASL	A		; 
A0:C88C  0A		ASL	A		; 
A0:C88D  0A		ASL	A		; 
A0:C88E  85 00		STA	$00		; 
A0:C890  A5 1E		LDA	$1E		; 
A0:C892  29 1F 00	AND	#$001F		; 
A0:C895  05 00		ORA	$00		; 
A0:C897  85 1E		STA	$1E		; 
A0:C899  A5 20		LDA	$20		; 
A0:C89B  0A		ASL	A		; 
A0:C89C  0A		ASL	A		; 
A0:C89D  0A		ASL	A		; 
A0:C89E  0A		ASL	A		; 
A0:C89F  0A		ASL	A		; 
A0:C8A0  A4 22		LDY	$22		; 
A0:C8A2  F0 02		BEQ	$C8A6		; 
A0:C8A4  0A		ASL	A		; 
A0:C8A5  0A		ASL	A		; 
A0:C8A6  05 1E		ORA	$1E		; 
A0:C8A8  18		CLC			; 
A0:C8A9  6D 03 03	ADC	$0303		; 
A0:C8AC  85 1E		STA	$1E		; 
A0:C8AE  E2 20		SEP	#$20		; A:8
A0:C8B0  7A		PLY			; 
A0:C8B1  60		RTS			; 
A0:C8B2  DA		PHX			; 
A0:C8B3  AD 0B 03	LDA	$030B		; 
A0:C8B6  48		PHA			; 
A0:C8B7  20 E8 C8	JSR	$C8E8		; 
A0:C8BA  A2 00		LDX	#$00		; 
A0:C8BC  22 70 A1 80	JSL	$80:A170	; 
A0:C8C0  E8		INX			; 
A0:C8C1  EE 0B 03	INC	$030B		; 
A0:C8C4  AD 0B 03	LDA	$030B		; 
A0:C8C7  18		CLC			; 
A0:C8C8  6D 3A 11	ADC	$113A		; 
A0:C8CB  29 1F		AND	#$1F		; 
A0:C8CD  D0 0B		BNE	$C8DA		; 
A0:C8CF  20 F9 C8	JSR	$C8F9		; 
A0:C8D2  EC 0F 03	CPX	$030F		; 
A0:C8D5  B0 0B		BCS	$C8E2		; 
A0:C8D7  20 E8 C8	JSR	$C8E8		; 
A0:C8DA  EC 0F 03	CPX	$030F		; 
A0:C8DD  90 DD		BCC	$C8BC		; 
A0:C8DF  20 F9 C8	JSR	$C8F9		; 
A0:C8E2  68		PLA			; 
A0:C8E3  8D 0B 03	STA	$030B		; 
A0:C8E6  FA		PLX			; 
A0:C8E7  6B		RTL			; 
A0:C8E8  22 1D C8 80	JSL	$80:C81D	; 
A0:C8EC  C2 20		REP	#$20		; A:16
A0:C8EE  A5 90		LDA	$90		; 
A0:C8F0  85 0F		STA	$0F		; 
A0:C8F2  E2 20		SEP	#$20		; A:8
A0:C8F4  22 51 A1 80	JSL	$80:A151	; 
A0:C8F8  60		RTS			; 
A0:C8F9  22 85 A1 80	JSL	$80:A185	; 
A0:C8FD  60		RTS			; 
A0:C8FE  22 F9 C6 80	JSL	$80:C6F9	; 
A0:C902  9C 0B 03	STZ	$030B		; 
A0:C905  A9 20		LDA	#$20		; 
A0:C907  8D 0F 03	STA	$030F		; 
A0:C90A  80 04		BRA	$C910		; 
A0:C90C  22 F9 C6 80	JSL	$80:C6F9	; 
A0:C910  C2 20		REP	#$20		; A:16
A0:C912  AD AD 03	LDA	$03AD		; 
A0:C915  85 06		STA	$06		; 
A0:C917  E2 20		SEP	#$20		; A:8
A0:C919  5A		PHY			; 
A0:C91A  AC 10 03	LDY	$0310		; 
A0:C91D  22 B2 C8 80	JSL	$80:C8B2	; 
A0:C921  EE 0D 03	INC	$030D		; 
A0:C924  88		DEY			; 
A0:C925  D0 F6		BNE	$C91D		; 
A0:C927  7A		PLY			; 
A0:C928  6B		RTL			; 
A0:C929  8D 3E 11	STA	$113E		; 
A0:C92C  EB		XBA			; 
A0:C92D  8D 3F 11	STA	$113F		; 
A0:C930  22 0F A3 80	JSL	$80:A30F	; 
A0:C934  A9 04		LDA	#$04		; 
A0:C936  8D 3D 11	STA	$113D		; 
A0:C939  9C 40 11	STZ	$1140		; 
A0:C93C  9C 41 11	STZ	$1141		; 
A0:C93F  AD 3D 11	LDA	$113D		; 
A0:C942  D0 FB		BNE	$C93F		; 
A0:C944  6B		RTL			; 
A0:C945  AD 3D 11	LDA	$113D		; 
A0:C948  F0 65		BEQ	$C9AF		; 
A0:C94A  A9 81		LDA	#$81		; 
A0:C94C  8D 00 43	STA	$4300		; DMA DMAP0
A0:C94F  A9 39		LDA	#$39		; 
A0:C951  8D 01 43	STA	$4301		; DMA BBAD0
A0:C954  18		CLC			; 
A0:C955  A9 DB		LDA	#$DB		; 
A0:C957  6D 40 11	ADC	$1140		; 
A0:C95A  8D 02 43	STA	$4302		; DMA A1T0L
A0:C95D  A9 28		LDA	#$28		; 
A0:C95F  6D 41 11	ADC	$1141		; 
A0:C962  8D 03 43	STA	$4303		; DMA A1T0H
A0:C965  A9 7E		LDA	#$7E		; 
A0:C967  8D 04 43	STA	$4304		; DMA A1B0
A0:C96A  A9 00		LDA	#$00		; 
A0:C96C  8D 05 43	STA	$4305		; DMA DAS0L
A0:C96F  A9 04		LDA	#$04		; 
A0:C971  8D 06 43	STA	$4306		; DMA DAS0H
A0:C974  A9 00		LDA	#$00		; 
A0:C976  8D 07 43	STA	$4307		; DMA DASB0
A0:C979  AD 3E 11	LDA	$113E		; 
A0:C97C  8D 16 21	STA	$2116		; PPU VMADDL
A0:C97F  AD 3F 11	LDA	$113F		; 
A0:C982  8D 17 21	STA	$2117		; PPU VMADDH
A0:C985  AD 39 21	LDA	$2139		; PPU RDVRAML
A0:C988  AD 3A 21	LDA	$213A		; PPU RDVRAMH
A0:C98B  A9 01		LDA	#$01		; 
A0:C98D  8D 0B 42	STA	$420B		; CPU MDMAEN
A0:C990  C2 20		REP	#$20		; A:16
A0:C992  AD 3E 11	LDA	$113E		; 
A0:C995  18		CLC			; 
A0:C996  69 00 02	ADC	#$0200		; 
A0:C999  8D 3E 11	STA	$113E		; 
A0:C99C  E2 20		SEP	#$20		; A:8
A0:C99E  C2 20		REP	#$20		; A:16
A0:C9A0  AD 40 11	LDA	$1140		; 
A0:C9A3  18		CLC			; 
A0:C9A4  69 00 04	ADC	#$0400		; 
A0:C9A7  8D 40 11	STA	$1140		; 
A0:C9AA  E2 20		SEP	#$20		; A:8
A0:C9AC  CE 3D 11	DEC	$113D		; 
A0:C9AF  6B		RTL			; 
A0:C9B0  9C 7F 03	STZ	$037F		; 
A0:C9B3  9C 80 03	STZ	$0380		; 
A0:C9B6  9C 81 03	STZ	$0381		; 
A0:C9B9  6B		RTL			; 
A0:C9BA  22 C0 AB 80	JSL	$80:ABC0	; 
A0:C9BE  22 4B AE 80	JSL	$80:AE4B	; 
A0:C9C2  22 03 91 83	JSL	$83:9103	; 
A0:C9C6  22 26 B5 80	JSL	$80:B526	; 
A0:C9CA  22 0C B3 80	JSL	$80:B30C	; 
A0:C9CE  22 B1 AF 84	JSL	$84:AFB1	; 
A0:C9D2  22 00 80 84	JSL	$84:8000	; 
A0:C9D6  22 61 A0 84	JSL	$84:A061	; 
A0:C9DA  6B		RTL			; 
A0:C9DB  A9 FF		LDA	#$FF		; 
A0:C9DD  8D 98 13	STA	$1398		; 
A0:C9E0  A9 02		LDA	#$02		; 
A0:C9E2  8D 99 13	STA	$1399		; 
A0:C9E5  80 00		BRA	$C9E7		; 
A0:C9E7  A9 FF		LDA	#$FF		; 
A0:C9E9  8D 52 15	STA	$1552		; 
A0:C9EC  A9 FF		LDA	#$FF		; 
A0:C9EE  8D 0E 15	STA	$150E		; 
A0:C9F1  A9 FF		LDA	#$FF		; 
A0:C9F3  8D 9F 1F	STA	$1F9F		; 
A0:C9F6  22 BA C9 80	JSL	$80:C9BA	; 
A0:C9FA  22 B6 CB 80	JSL	$80:CBB6	; 
A0:C9FE  AD 98 13	LDA	$1398		; 
A0:CA01  8D 9A 13	STA	$139A		; 
A0:CA04  AD 99 13	LDA	$1399		; 
A0:CA07  8D 98 13	STA	$1398		; 
A0:CA0A  AD 98 13	LDA	$1398		; 
A0:CA0D  C9 02		CMP	#$02		; 
A0:CA0F  90 09		BCC	$CA1A		; 
A0:CA11  A9 80		LDA	#$80		; 
A0:CA13  EB		XBA			; 
A0:CA14  A9 08		LDA	#$08		; 
A0:CA16  22 10 A5 80	JSL	$80:A510	; 
A0:CA1A  AD 98 13	LDA	$1398		; 
A0:CA1D  0A		ASL	A		; 
A0:CA1E  18		CLC			; 
A0:CA1F  6D 98 13	ADC	$1398		; 
A0:CA22  AA		TAX			; 
A0:CA23  BF 69 CA 80	LDA	$80:CA69,X	; 
A0:CA27  85 0F		STA	$0F		; 
A0:CA29  BF 6A CA 80	LDA	$80:CA6A,X	; 
A0:CA2D  85 10		STA	$10		; 
A0:CA2F  BF 6B CA 80	LDA	$80:CA6B,X	; 
A0:CA33  85 11		STA	$11		; 
A0:CA35  22 B4 AC 80	JSL	$80:ACB4	; 
A0:CA39  C2 20		REP	#$20		; A:16
A0:CA3B  A9 E0 E2	LDA	#$E2E0		; 
A0:CA3E  85 0F		STA	$0F		; 
A0:CA40  E2 20		SEP	#$20		; A:8
A0:CA42  A9 81		LDA	#$81		; 
A0:CA44  85 11		STA	$11		; 
A0:CA46  A9 42		LDA	#$42		; 
A0:CA48  85 0D		STA	$0D		; 
A0:CA4A  22 22 AC 80	JSL	$80:AC22	; 
A0:CA4E  AD 09 03	LDA	$0309		; 
A0:CA51  F0 15		BEQ	$CA68		; 
A0:CA53  C2 20		REP	#$20		; A:16
A0:CA55  A9 E1 E2	LDA	#$E2E1		; 
A0:CA58  85 0F		STA	$0F		; 
A0:CA5A  E2 20		SEP	#$20		; A:8
A0:CA5C  A9 81		LDA	#$81		; 
A0:CA5E  85 11		STA	$11		; 
A0:CA60  A9 04		LDA	#$04		; 
A0:CA62  85 0D		STA	$0D		; 
A0:CA64  22 22 AC 80	JSL	$80:AC22	; 
A0:CA68  6B		RTL			; 
A0:CA69  4E 96 81	LSR	$8196		; 
A0:CA6C  1B		TCS			; 
A0:CA6D  8F 82 CD B7	STA	$B7:CD82	; 
A0:CA71  83 E2		STA	$E2,S		; 
A0:CA73  82 86 00	BRL	$CAFC		; 
A0:CA76  00 00		BRK	#$00		; 
A0:CA78  A3 CA		LDA	$CA,S		; 
A0:CA7A  85 31		STA	$31		; 
A0:CA7C  E3 81		SBC	$81,S		; 
A0:CA7E  8B		PHB			; 
A0:CA7F  5A		PHY			; 
A0:CA80  DA		PHX			; 
A0:CA81  20 AE CA	JSR	$CAAE		; 
A0:CA84  20 38 CB	JSR	$CB38		; 
A0:CA87  FA		PLX			; 
A0:CA88  7A		PLY			; 
A0:CA89  AB		PLB			; 
A0:CA8A  6B		RTL			; 
A0:CA8B  8B		PHB			; 
A0:CA8C  5A		PHY			; 
A0:CA8D  DA		PHX			; 
A0:CA8E  22 21 8D 85	JSL	$85:8D21	; 
A0:CA92  22 98 D9 80	JSL	$80:D998	; 
A0:CA96  22 C1 D5 81	JSL	$81:D5C1	; 
A0:CA9A  22 D1 DD 80	JSL	$80:DDD1	; 
A0:CA9E  22 7D E2 81	JSL	$81:E27D	; 
A0:CAA2  22 02 95 85	JSL	$85:9502	; 
A0:CAA6  22 9B B1 85	JSL	$85:B19B	; 
A0:CAAA  FA		PLX			; 
A0:CAAB  7A		PLY			; 
A0:CAAC  AB		PLB			; 
A0:CAAD  6B		RTL			; 
A0:CAAE  A9 01		LDA	#$01		; 
A0:CAB0  8D 97 13	STA	$1397		; 
A0:CAB3  22 0B 80 84	JSL	$84:800B	; 
A0:CAB7  22 34 B5 81	JSL	$81:B534	; 
A0:CABB  22 39 B9 81	JSL	$81:B939	; 
A0:CABF  22 B2 C2 84	JSL	$84:C2B2	; 
A0:CAC3  22 02 95 85	JSL	$85:9502	; 
A0:CAC7  22 EA AD 84	JSL	$84:ADEA	; 
A0:CACB  22 00 D2 83	JSL	$83:D200	; 
A0:CACF  22 98 D9 80	JSL	$80:D998	; 
A0:CAD3  22 D1 DD 80	JSL	$80:DDD1	; 
A0:CAD7  22 F6 97 85	JSL	$85:97F6	; 
A0:CADB  22 95 B2 85	JSL	$85:B295	; 
A0:CADF  9C 4A 11	STZ	$114A		; 
A0:CAE2  A9 00		LDA	#$00		; 
A0:CAE4  8D 59 19	STA	$1959		; 
A0:CAE7  A9 03		LDA	#$03		; 
A0:CAE9  8D B6 12	STA	$12B6		; 
A0:CAEC  9C 06 03	STZ	$0306		; 
A0:CAEF  9C D4 15	STZ	$15D4		; 
A0:CAF2  9C 21 16	STZ	$1621		; 
A0:CAF5  9C 22 16	STZ	$1622		; 
A0:CAF8  A9 32		LDA	#$32		; 
A0:CAFA  8D 0D 16	STA	$160D		; 
A0:CAFD  9C 68 15	STZ	$1568		; 
A0:CB00  AD 00 03	LDA	$0300		; 
A0:CB03  A9 01		LDA	#$01		; 
A0:CB05  8D 1D 16	STA	$161D		; 
A0:CB08  A9 01		LDA	#$01		; 
A0:CB0A  8D 69 15	STA	$1569		; 
A0:CB0D  A2 01		LDX	#$01		; 
A0:CB0F  9E 69 15	STZ	$1569,X		; 
A0:CB12  E8		INX			; 
A0:CB13  E0 0A		CPX	#$0A		; 
A0:CB15  90 F8		BCC	$CB0F		; 
A0:CB17  22 00 80 86	JSL	$86:8000	; 
A0:CB1B  22 21 8D 85	JSL	$85:8D21	; 
A0:CB1F  22 20 80 85	JSL	$85:8020	; 
A0:CB23  AF 2A 60 30	LDA	$30:602A	; 
A0:CB27  8D CA 03	STA	$03CA		; 
A0:CB2A  A9 80		LDA	#$80		; 
A0:CB2C  EB		XBA			; 
A0:CB2D  A9 0B		LDA	#$0B		; 
A0:CB2F  22 10 A5 80	JSL	$80:A510	; 
A0:CB33  22 01 8F 82	JSL	$82:8F01	; 
A0:CB37  60		RTS			; 
A0:CB38  A9 02		LDA	#$02		; 
A0:CB3A  8D C7 15	STA	$15C7		; 
A0:CB3D  9C 66 1D	STZ	$1D66		; 
A0:CB40  9C 84 19	STZ	$1984		; 
A0:CB43  9C 61 1D	STZ	$1D61		; 
A0:CB46  9C 41 15	STZ	$1541		; 
A0:CB49  22 89 CC 80	JSL	$80:CC89	; 
A0:CB4D  22 95 83 81	JSL	$81:8395	; 
A0:CB51  22 E9 9F 84	JSL	$84:9FE9	; 
A0:CB55  22 92 97 85	JSL	$85:9792	; 
A0:CB59  9C 6A 1D	STZ	$1D6A		; 
A0:CB5C  9C 4F 15	STZ	$154F		; 
A0:CB5F  60		RTS			; 
A0:CB60  9C AD 03	STZ	$03AD		; 
A0:CB63  A9 01		LDA	#$01		; 
A0:CB65  8D AE 03	STA	$03AE		; 
A0:CB68  A9 01		LDA	#$01		; 
A0:CB6A  22 65 A0 80	JSL	$80:A065	; 
A0:CB6E  A9 00		LDA	#$00		; 
A0:CB70  22 86 A0 80	JSL	$80:A086	; 
A0:CB74  A9 00		LDA	#$00		; 
A0:CB76  22 96 A0 80	JSL	$80:A096	; 
A0:CB7A  A9 01		LDA	#$01		; 
A0:CB7C  22 A3 A0 80	JSL	$80:A0A3	; 
A0:CB80  9C 77 03	STZ	$0377		; 
A0:CB83  22 74 A4 80	JSL	$80:A474	; 
A0:CB87  9C 7E 03	STZ	$037E		; 
A0:CB8A  9C 7D 03	STZ	$037D		; 
A0:CB8D  A9 17		LDA	#$17		; 
A0:CB8F  8D 79 03	STA	$0379		; 
A0:CB92  9C 7A 03	STZ	$037A		; 
A0:CB95  9C 86 03	STZ	$0386		; 
A0:CB98  9C 8B 03	STZ	$038B		; 
A0:CB9B  A9 FF		LDA	#$FF		; 
A0:CB9D  8D 8C 03	STA	$038C		; 
A0:CBA0  9C 7B 03	STZ	$037B		; 
A0:CBA3  9C 7C 03	STZ	$037C		; 
A0:CBA6  9C 84 03	STZ	$0384		; 
A0:CBA9  9C 85 03	STZ	$0385		; 
A0:CBAC  9C 7F 03	STZ	$037F		; 
A0:CBAF  9C 80 03	STZ	$0380		; 
A0:CBB2  9C 81 03	STZ	$0381		; 
A0:CBB5  60		RTS			; 
A0:CBB6  DA		PHX			; 
A0:CBB7  5A		PHY			; 
A0:CBB8  8B		PHB			; 
A0:CBB9  4B		PHK			; 
A0:CBBA  AB		PLB			; 
A0:CBBB  22 41 F1 00	JSL	$00:F141	; 
A0:CBBF  20 60 CB	JSR	$CB60		; 
A0:CBC2  22 58 A3 80	JSL	$80:A358	; 
A0:CBC6  22 2D F1 00	JSL	$00:F12D	; 
A0:CBCA  9C 0C 42	STZ	$420C		; CPU HDMAEN
A0:CBCD  9C 77 03	STZ	$0377		; 
A0:CBD0  9C 3C 11	STZ	$113C		; 
A0:CBD3  9C 5E 03	STZ	$035E		; 
A0:CBD6  9C 83 03	STZ	$0383		; 
A0:CBD9  9C 82 03	STZ	$0382		; 
A0:CBDC  9C 75 03	STZ	$0375		; 
A0:CBDF  22 FC D8 80	JSL	$80:D8FC	; 
A0:CBE3  C2 20		REP	#$20		; A:16
A0:CBE5  A9 80 00	LDA	#$0080		; 
A0:CBE8  8D AD 03	STA	$03AD		; 
A0:CBEB  E2 20		SEP	#$20		; A:8
A0:CBED  A9 01		LDA	#$01		; 
A0:CBEF  22 65 A0 80	JSL	$80:A065	; 
A0:CBF3  22 22 CC 80	JSL	$80:CC22	; 
A0:CBF7  A9 01		LDA	#$01		; 
A0:CBF9  22 FD C6 80	JSL	$80:C6FD	; 
A0:CBFD  22 61 A3 80	JSL	$80:A361	; 
A0:CC01  A9 01		LDA	#$01		; 
A0:CC03  8D 5F 03	STA	$035F		; 
A0:CC06  A9 01		LDA	#$01		; 
A0:CC08  22 40 B3 80	JSL	$80:B340	; 
A0:CC0C  A9 02		LDA	#$02		; 
A0:CC0E  22 40 B3 80	JSL	$80:B340	; 
A0:CC12  A9 01		LDA	#$01		; 
A0:CC14  22 72 B5 80	JSL	$80:B572	; 
A0:CC18  A9 02		LDA	#$02		; 
A0:CC1A  22 72 B5 80	JSL	$80:B572	; 
A0:CC1E  AB		PLB			; 
A0:CC1F  7A		PLY			; 
A0:CC20  FA		PLX			; 
A0:CC21  6B		RTL			; 
A0:CC22  C2 20		REP	#$20		; A:16
A0:CC24  A9 7A CC	LDA	#$CC7A		; 
A0:CC27  85 09		STA	$09		; 
A0:CC29  E2 20		SEP	#$20		; A:8
A0:CC2B  A9 80		LDA	#$80		; 
A0:CC2D  85 0B		STA	$0B		; 
A0:CC2F  22 7F C6 80	JSL	$80:C67F	; 
A0:CC33  AD 3C 11	LDA	$113C		; 
A0:CC36  D0 19		BNE	$CC51		; 
A0:CC38  AD 98 13	LDA	$1398		; 
A0:CC3B  C9 01		CMP	#$01		; 
A0:CC3D  F0 26		BEQ	$CC65		; 
A0:CC3F  9C 25 11	STZ	$1125		; 
A0:CC42  C2 20		REP	#$20		; A:16
A0:CC44  A9 7D CC	LDA	#$CC7D		; 
A0:CC47  85 09		STA	$09		; 
A0:CC49  E2 20		SEP	#$20		; A:8
A0:CC4B  A9 80		LDA	#$80		; 
A0:CC4D  85 0B		STA	$0B		; 
A0:CC4F  80 24		BRA	$CC75		; 
A0:CC51  A9 C0		LDA	#$C0		; 
A0:CC53  8D 25 11	STA	$1125		; 
A0:CC56  C2 20		REP	#$20		; A:16
A0:CC58  A9 81 CC	LDA	#$CC81		; 
A0:CC5B  85 09		STA	$09		; 
A0:CC5D  E2 20		SEP	#$20		; A:8
A0:CC5F  A9 80		LDA	#$80		; 
A0:CC61  85 0B		STA	$0B		; 
A0:CC63  80 10		BRA	$CC75		; 
A0:CC65  9C 25 11	STZ	$1125		; 
A0:CC68  C2 20		REP	#$20		; A:16
A0:CC6A  A9 85 CC	LDA	#$CC85		; 
A0:CC6D  85 09		STA	$09		; 
A0:CC6F  E2 20		SEP	#$20		; A:8
A0:CC71  A9 80		LDA	#$80		; 
A0:CC73  85 0B		STA	$0B		; 
A0:CC75  22 A8 C6 80	JSL	$80:C6A8	; 
A0:CC79  6B		RTL			; 
A0:CC7A  03 00		ORA	$00,S		; 
A0:CC7C  04 01		TSB	$01		; 
A0:CC7E  09 39		ORA	#$39		; 
A0:CC80  0C 01 09	TSB	$0901		; 
A0:CC83  79 0C 01	ADC	$010C,Y		; 
A0:CC86  09 59		ORA	#$59		; 
A0:CC88  0C 8B DA	TSB	$DA8B		; 
A0:CC8B  A9 7E		LDA	#$7E		; 
A0:CC8D  48		PHA			; 
A0:CC8E  AB		PLB			; 
A0:CC8F  9C 6A 3E	STZ	$3E6A		; 
A0:CC92  A9 7F		LDA	#$7F		; 
A0:CC94  85 CB		STA	$CB		; 
A0:CC96  64 C9		STZ	$C9		; 
A0:CC98  A9 CE		LDA	#$CE		; 
A0:CC9A  85 C8		STA	$C8		; 
A0:CC9C  9C 69 3E	STZ	$3E69		; 
A0:CC9F  9C A0 13	STZ	$13A0		; 
A0:CCA2  9C A1 13	STZ	$13A1		; 
A0:CCA5  FA		PLX			; 
A0:CCA6  AB		PLB			; 
A0:CCA7  6B		RTL			; 
A0:CCA8  8B		PHB			; 
A0:CCA9  A9 7E		LDA	#$7E		; 
A0:CCAB  48		PHA			; 
A0:CCAC  AB		PLB			; 
A0:CCAD  9C 69 3E	STZ	$3E69		; 
A0:CCB0  9C A0 13	STZ	$13A0		; 
A0:CCB3  9C A1 13	STZ	$13A1		; 
A0:CCB6  9C 6A 3E	STZ	$3E6A		; 
A0:CCB9  AB		PLB			; 
A0:CCBA  6B		RTL			; 
A0:CCBB  8B		PHB			; 
A0:CCBC  5A		PHY			; 
A0:CCBD  A9 7E		LDA	#$7E		; 
A0:CCBF  48		PHA			; 
A0:CCC0  AB		PLB			; 
A0:CCC1  AD 9E 13	LDA	$139E		; 
A0:CCC4  D0 03		BNE	$CCC9		; 
A0:CCC6  4C 6D CD	JMP	$CD6D		; 
A0:CCC9  9C A2 13	STZ	$13A2		; 
A0:CCCC  AD 9E 13	LDA	$139E		; 
A0:CCCF  CD A0 13	CMP	$13A0		; 
A0:CCD2  D0 0D		BNE	$CCE1		; 
A0:CCD4  AD 9F 13	LDA	$139F		; 
A0:CCD7  CD A1 13	CMP	$13A1		; 
A0:CCDA  D0 05		BNE	$CCE1		; 
A0:CCDC  A9 01		LDA	#$01		; 
A0:CCDE  8D A2 13	STA	$13A2		; 
A0:CCE1  AD 9E 13	LDA	$139E		; 
A0:CCE4  8D A0 13	STA	$13A0		; 
A0:CCE7  AD 9F 13	LDA	$139F		; 
A0:CCEA  8D A1 13	STA	$13A1		; 
A0:CCED  20 57 D4	JSR	$D457		; 
A0:CCF0  AD 07 03	LDA	$0307		; 
A0:CCF3  89 01		BIT	#$01		; 
A0:CCF5  F0 12		BEQ	$CD09		; 
A0:CCF7  AD 9E 13	LDA	$139E		; 
A0:CCFA  CD 69 3E	CMP	$3E69		; 
A0:CCFD  F0 05		BEQ	$CD04		; 
A0:CCFF  8D 69 3E	STA	$3E69		; 
A0:CD02  80 05		BRA	$CD09		; 
A0:CD04  AD 6A 3E	LDA	$3E6A		; 
A0:CD07  80 0F		BRA	$CD18		; 
A0:CD09  20 7D CD	JSR	$CD7D		; 
A0:CD0C  C9 00		CMP	#$00		; 
A0:CD0E  F0 05		BEQ	$CD15		; 
A0:CD10  CD 6A 3E	CMP	$3E6A		; 
A0:CD13  90 03		BCC	$CD18		; 
A0:CD15  8D 6A 3E	STA	$3E6A		; 
A0:CD18  8D FF 14	STA	$14FF		; 
A0:CD1B  AD A2 13	LDA	$13A2		; 
A0:CD1E  D0 4D		BNE	$CD6D		; 
A0:CD20  22 85 CD 80	JSL	$80:CD85	; 
A0:CD24  9C A3 13	STZ	$13A3		; 
A0:CD27  20 AE D0	JSR	$D0AE		; 
A0:CD2A  EE A3 13	INC	$13A3		; 
A0:CD2D  AD A3 13	LDA	$13A3		; 
A0:CD30  CD FF 14	CMP	$14FF		; 
A0:CD33  F0 15		BEQ	$CD4A		; 
A0:CD35  CD 01 15	CMP	$1501		; 
A0:CD38  D0 ED		BNE	$CD27		; 
A0:CD3A  AD 9F 13	LDA	$139F		; 
A0:CD3D  F0 0B		BEQ	$CD4A		; 
A0:CD3F  AD 00 15	LDA	$1500		; 
A0:CD42  D0 06		BNE	$CD4A		; 
A0:CD44  22 D1 CD 80	JSL	$80:CDD1	; 
A0:CD48  80 DA		BRA	$CD24		; 
A0:CD4A  AD AA 13	LDA	$13AA		; 
A0:CD4D  0D AB 13	ORA	$13AB		; 
A0:CD50  F0 10		BEQ	$CD62		; 
A0:CD52  AD FF 14	LDA	$14FF		; 
A0:CD55  0A		ASL	A		; 
A0:CD56  90 02		BCC	$CD5A		; 
A0:CD58  A9 FF		LDA	#$FF		; 
A0:CD5A  CD 6A 3E	CMP	$3E6A		; 
A0:CD5D  90 03		BCC	$CD62		; 
A0:CD5F  8D 6A 3E	STA	$3E6A		; 
A0:CD62  AD 9E 13	LDA	$139E		; 
A0:CD65  CD 69 3E	CMP	$3E69		; 
A0:CD68  D0 03		BNE	$CD6D		; 
A0:CD6A  9C 6A 3E	STZ	$3E6A		; 
A0:CD6D  7A		PLY			; 
A0:CD6E  AB		PLB			; 
A0:CD6F  6B		RTL			; 
A0:CD70  9C A5 13	STZ	$13A5		; 
A0:CD73  9C A6 13	STZ	$13A6		; 
A0:CD76  9C A7 13	STZ	$13A7		; 
A0:CD79  9C A8 13	STZ	$13A8		; 
A0:CD7C  6B		RTL			; 
A0:CD7D  AD A5 13	LDA	$13A5		; 
A0:CD80  18		CLC			; 
A0:CD81  6D A7 13	ADC	$13A7		; 
A0:CD84  60		RTS			; 
A0:CD85  A9 01		LDA	#$01		; 
A0:CD87  8D 03 15	STA	$1503		; 
A0:CD8A  AD 9B 13	LDA	$139B		; 
A0:CD8D  22 FD C6 80	JSL	$80:C6FD	; 
A0:CD91  C2 20		REP	#$20		; A:16
A0:CD93  A5 CC		LDA	$CC		; 
A0:CD95  85 C3		STA	$C3		; 
A0:CD97  E2 20		SEP	#$20		; A:8
A0:CD99  A5 CE		LDA	$CE		; 
A0:CD9B  85 C5		STA	$C5		; 
A0:CD9D  C2 20		REP	#$20		; A:16
A0:CD9F  A5 D2		LDA	$D2		; 
A0:CDA1  85 C6		STA	$C6		; 
A0:CDA3  E2 20		SEP	#$20		; A:8
A0:CDA5  C2 20		REP	#$20		; A:16
A0:CDA7  AD A5 13	LDA	$13A5		; 
A0:CDAA  8D 01 15	STA	$1501		; 
A0:CDAD  E2 20		SEP	#$20		; A:8
A0:CDAF  AD AA 13	LDA	$13AA		; 
A0:CDB2  8D A9 13	STA	$13A9		; 
A0:CDB5  AD B0 13	LDA	$13B0		; 
A0:CDB8  8D AC 13	STA	$13AC		; 
A0:CDBB  AD B1 13	LDA	$13B1		; 
A0:CDBE  8D AD 13	STA	$13AD		; 
A0:CDC1  AD B2 13	LDA	$13B2		; 
A0:CDC4  8D AE 13	STA	$13AE		; 
A0:CDC7  AD B3 13	LDA	$13B3		; 
A0:CDCA  8D AF 13	STA	$13AF		; 
A0:CDCD  9C 00 15	STZ	$1500		; 
A0:CDD0  6B		RTL			; 
A0:CDD1  5A		PHY			; 
A0:CDD2  9C 03 15	STZ	$1503		; 
A0:CDD5  A9 03		LDA	#$03		; 
A0:CDD7  38		SEC			; 
A0:CDD8  ED 9B 13	SBC	$139B		; 
A0:CDDB  22 FD C6 80	JSL	$80:C6FD	; 
A0:CDDF  C2 20		REP	#$20		; A:16
A0:CDE1  A5 CF		LDA	$CF		; 
A0:CDE3  85 C3		STA	$C3		; 
A0:CDE5  E2 20		SEP	#$20		; A:8
A0:CDE7  A5 D1		LDA	$D1		; 
A0:CDE9  85 C5		STA	$C5		; 
A0:CDEB  C2 20		REP	#$20		; A:16
A0:CDED  A5 D4		LDA	$D4		; 
A0:CDEF  85 C6		STA	$C6		; 
A0:CDF1  E2 20		SEP	#$20		; A:8
A0:CDF3  C2 20		REP	#$20		; A:16
A0:CDF5  AD A7 13	LDA	$13A7		; 
A0:CDF8  8D 01 15	STA	$1501		; 
A0:CDFB  E2 20		SEP	#$20		; A:8
A0:CDFD  AD AB 13	LDA	$13AB		; 
A0:CE00  8D A9 13	STA	$13A9		; 
A0:CE03  AD B4 13	LDA	$13B4		; 
A0:CE06  8D AC 13	STA	$13AC		; 
A0:CE09  AD B5 13	LDA	$13B5		; 
A0:CE0C  8D AD 13	STA	$13AD		; 
A0:CE0F  AD B6 13	LDA	$13B6		; 
A0:CE12  8D AE 13	STA	$13AE		; 
A0:CE15  AD B7 13	LDA	$13B7		; 
A0:CE18  8D AF 13	STA	$13AF		; 
A0:CE1B  AD A5 13	LDA	$13A5		; 
A0:CE1E  AC AA 13	LDY	$13AA		; 
A0:CE21  F0 01		BEQ	$CE24		; 
A0:CE23  0A		ASL	A		; 
A0:CE24  8D 00 15	STA	$1500		; 
A0:CE27  7A		PLY			; 
A0:CE28  6B		RTL			; 
A0:CE29  AD 9F 13	LDA	$139F		; 
A0:CE2C  F0 0B		BEQ	$CE39		; 
A0:CE2E  22 D1 CD 80	JSL	$80:CDD1	; 
A0:CE32  20 18 D5	JSR	$D518		; 
A0:CE35  22 4A CE 80	JSL	$80:CE4A	; 
A0:CE39  AD 9E 13	LDA	$139E		; 
A0:CE3C  F0 0B		BEQ	$CE49		; 
A0:CE3E  22 85 CD 80	JSL	$80:CD85	; 
A0:CE42  20 0B D5	JSR	$D50B		; 
A0:CE45  22 4A CE 80	JSL	$80:CE4A	; 
A0:CE49  6B		RTL			; 
A0:CE4A  DA		PHX			; 
A0:CE4B  20 56 D5	JSR	$D556		; 
A0:CE4E  20 F9 CE	JSR	$CEF9		; 
A0:CE51  20 82 D5	JSR	$D582		; 
A0:CE54  A2 0F		LDX	#$0F		; 
A0:CE56  AD 3C 11	LDA	$113C		; 
A0:CE59  F0 02		BEQ	$CE5D		; 
A0:CE5B  A2 3F		LDX	#$3F		; 
A0:CE5D  20 62 CF	JSR	$CF62		; 
A0:CE60  CE 12 03	DEC	$0312		; 
A0:CE63  CA		DEX			; 
A0:CE64  10 F7		BPL	$CE5D		; 
A0:CE66  22 0F A3 80	JSL	$80:A30F	; 
A0:CE6A  FA		PLX			; 
A0:CE6B  6B		RTL			; 
A0:CE6C  22 85 CD 80	JSL	$80:CD85	; 
A0:CE70  20 0B D5	JSR	$D50B		; 
A0:CE73  22 89 CE 80	JSL	$80:CE89	; 
A0:CE77  6B		RTL			; 
A0:CE78  AD 9F 13	LDA	$139F		; 
A0:CE7B  F0 0B		BEQ	$CE88		; 
A0:CE7D  22 D1 CD 80	JSL	$80:CDD1	; 
A0:CE81  20 25 D5	JSR	$D525		; 
A0:CE84  22 89 CE 80	JSL	$80:CE89	; 
A0:CE88  6B		RTL			; 
A0:CE89  DA		PHX			; 
A0:CE8A  AD C7 15	LDA	$15C7		; 
A0:CE8D  0A		ASL	A		; 
A0:CE8E  85 00		STA	$00		; 
A0:CE90  AD 3C 11	LDA	$113C		; 
A0:CE93  F0 02		BEQ	$CE97		; 
A0:CE95  A9 0C		LDA	#$0C		; 
A0:CE97  18		CLC			; 
A0:CE98  65 00		ADC	$00		; 
A0:CE9A  AA		TAX			; 
A0:CE9B  AD 0B 03	LDA	$030B		; 
A0:CE9E  18		CLC			; 
A0:CE9F  7F D9 CE 80	ADC	$80:CED9,X	; 
A0:CEA3  8D 11 03	STA	$0311		; 
A0:CEA6  AD 0D 03	LDA	$030D		; 
A0:CEA9  18		CLC			; 
A0:CEAA  7F DA CE 80	ADC	$80:CEDA,X	; 
A0:CEAE  8D 12 03	STA	$0312		; 
A0:CEB1  8A		TXA			; 
A0:CEB2  89 02		BIT	#$02		; 
A0:CEB4  F0 05		BEQ	$CEBB		; 
A0:CEB6  20 76 CF	JSR	$CF76		; 
A0:CEB9  80 03		BRA	$CEBE		; 
A0:CEBB  20 62 CF	JSR	$CF62		; 
A0:CEBE  AD 0B 03	LDA	$030B		; 
A0:CEC1  18		CLC			; 
A0:CEC2  7F EF CE 80	ADC	$80:CEEF,X	; 
A0:CEC6  8D 0B 03	STA	$030B		; 
A0:CEC9  AD 0D 03	LDA	$030D		; 
A0:CECC  18		CLC			; 
A0:CECD  7F F0 CE 80	ADC	$80:CEF0,X	; 
A0:CED1  8D 0D 03	STA	$030D		; 
A0:CED4  EE 01 03	INC	$0301		; 
A0:CED7  FA		PLX			; 
A0:CED8  6B		RTL			; 
A0:CED9  00 00		BRK	#$00		; 
A0:CEDB  09 F9		ORA	#$F9		; 
A0:CEDD  F9 08 F8	SBC	$F808,Y		; 
A0:CEE0  F9 F9 F8	SBC	$F8F9,Y		; 
A0:CEE3  00 00		BRK	#$00		; 
A0:CEE5  00 00		BRK	#$00		; 
A0:CEE7  20 E1 E1	JSR	$E1E1		; 
A0:CEEA  20 E0 E1	JSR	$E1E0		; 
A0:CEED  E1 E0		SBC	($E0,X)		; 
A0:CEEF  00 00		BRK	#$00		; 
A0:CEF1  01 00		ORA	($00,X)		; 
A0:CEF3  00 01		BRK	#$01		; 
A0:CEF5  FF 00 00 FF	SBC	$FF:0000,X	; 
A0:CEF9  5A		PHY			; 
A0:CEFA  DA		PHX			; 
A0:CEFB  AD 02 03	LDA	$0302		; 
A0:CEFE  3A		DEC	A		; 
A0:CEFF  0A		ASL	A		; 
A0:CF00  AA		TAX			; 
A0:CF01  AD 11 03	LDA	$0311		; 
A0:CF04  C2 20		REP	#$20		; A:16
A0:CF06  AC 3C 11	LDY	$113C		; 
A0:CF09  F0 09		BEQ	$CF14		; 
A0:CF0B  18		CLC			; 
A0:CF0C  69 18 00	ADC	#$0018		; 
A0:CF0F  29 3F 00	AND	#$003F		; 
A0:CF12  80 03		BRA	$CF17		; 
A0:CF14  29 1F 00	AND	#$001F		; 
A0:CF17  0A		ASL	A		; 
A0:CF18  0A		ASL	A		; 
A0:CF19  0A		ASL	A		; 
A0:CF1A  0A		ASL	A		; 
A0:CF1B  AC 03 15	LDY	$1503		; 
A0:CF1E  D0 0B		BNE	$CF2B		; 
A0:CF20  85 00		STA	$00		; 
A0:CF22  AD 16 15	LDA	$1516		; 
A0:CF25  29 0F 00	AND	#$000F		; 
A0:CF28  18		CLC			; 
A0:CF29  65 00		ADC	$00		; 
A0:CF2B  9D 99 03	STA	$0399,X		; 
A0:CF2E  E2 20		SEP	#$20		; A:8
A0:CF30  AD 12 03	LDA	$0312		; 
A0:CF33  C2 20		REP	#$20		; A:16
A0:CF35  AC 3C 11	LDY	$113C		; 
A0:CF38  F0 09		BEQ	$CF43		; 
A0:CF3A  18		CLC			; 
A0:CF3B  69 18 00	ADC	#$0018		; 
A0:CF3E  29 3F 00	AND	#$003F		; 
A0:CF41  80 03		BRA	$CF46		; 
A0:CF43  29 0F 00	AND	#$000F		; 
A0:CF46  0A		ASL	A		; 
A0:CF47  0A		ASL	A		; 
A0:CF48  0A		ASL	A		; 
A0:CF49  0A		ASL	A		; 
A0:CF4A  AC 03 15	LDY	$1503		; 
A0:CF4D  D0 0B		BNE	$CF5A		; 
A0:CF4F  85 00		STA	$00		; 
A0:CF51  AD 18 15	LDA	$1518		; 
A0:CF54  29 0F 00	AND	#$000F		; 
A0:CF57  18		CLC			; 
A0:CF58  65 00		ADC	$00		; 
A0:CF5A  9D 9F 03	STA	$039F,X		; 
A0:CF5D  E2 20		SEP	#$20		; A:8
A0:CF5F  FA		PLX			; 
A0:CF60  7A		PLY			; 
A0:CF61  60		RTS			; 
A0:CF62  AD 11 03	LDA	$0311		; 
A0:CF65  85 D9		STA	$D9		; 
A0:CF67  AD 12 03	LDA	$0312		; 
A0:CF6A  85 DB		STA	$DB		; 
A0:CF6C  20 8A CF	JSR	$CF8A		; 
A0:CF6F  20 9E D1	JSR	$D19E		; 
A0:CF72  20 7E D2	JSR	$D27E		; 
A0:CF75  60		RTS			; 
A0:CF76  AD 11 03	LDA	$0311		; 
A0:CF79  85 D9		STA	$D9		; 
A0:CF7B  AD 12 03	LDA	$0312		; 
A0:CF7E  85 DB		STA	$DB		; 
A0:CF80  20 BD CF	JSR	$CFBD		; 
A0:CF83  20 9E D1	JSR	$D19E		; 
A0:CF86  20 5B D3	JSR	$D35B		; 
A0:CF89  60		RTS			; 
A0:CF8A  8B		PHB			; 
A0:CF8B  5A		PHY			; 
A0:CF8C  DA		PHX			; 
A0:CF8D  A2 11		LDX	#$11		; 
A0:CF8F  AD 3C 11	LDA	$113C		; 
A0:CF92  F0 02		BEQ	$CF96		; 
A0:CF94  A2 40		LDX	#$40		; 
A0:CF96  86 09		STX	$09		; 
A0:CF98  20 1A D0	JSR	$D01A		; 
A0:CF9B  20 8F D1	JSR	$D18F		; 
A0:CF9E  A8		TAY			; 
A0:CF9F  A2 00		LDX	#$00		; 
A0:CFA1  20 F4 CF	JSR	$CFF4		; 
A0:CFA4  E6 D9		INC	$D9		; 
A0:CFA6  C8		INY			; 
A0:CFA7  A5 D9		LDA	$D9		; 
A0:CFA9  29 0F		AND	#$0F		; 
A0:CFAB  D0 07		BNE	$CFB4		; 
A0:CFAD  20 1A D0	JSR	$D01A		; 
A0:CFB0  20 8F D1	JSR	$D18F		; 
A0:CFB3  A8		TAY			; 
A0:CFB4  E8		INX			; 
A0:CFB5  E4 09		CPX	$09		; 
A0:CFB7  90 E8		BCC	$CFA1		; 
A0:CFB9  FA		PLX			; 
A0:CFBA  7A		PLY			; 
A0:CFBB  AB		PLB			; 
A0:CFBC  60		RTS			; 
A0:CFBD  8B		PHB			; 
A0:CFBE  5A		PHY			; 
A0:CFBF  DA		PHX			; 
A0:CFC0  A2 10		LDX	#$10		; 
A0:CFC2  AD 3C 11	LDA	$113C		; 
A0:CFC5  F0 02		BEQ	$CFC9		; 
A0:CFC7  A2 40		LDX	#$40		; 
A0:CFC9  86 09		STX	$09		; 
A0:CFCB  20 1A D0	JSR	$D01A		; 
A0:CFCE  20 8F D1	JSR	$D18F		; 
A0:CFD1  A8		TAY			; 
A0:CFD2  A2 00		LDX	#$00		; 
A0:CFD4  20 F4 CF	JSR	$CFF4		; 
A0:CFD7  E6 DB		INC	$DB		; 
A0:CFD9  98		TYA			; 
A0:CFDA  18		CLC			; 
A0:CFDB  69 10		ADC	#$10		; 
A0:CFDD  A8		TAY			; 
A0:CFDE  A5 DB		LDA	$DB		; 
A0:CFE0  29 0F		AND	#$0F		; 
A0:CFE2  D0 07		BNE	$CFEB		; 
A0:CFE4  20 1A D0	JSR	$D01A		; 
A0:CFE7  20 8F D1	JSR	$D18F		; 
A0:CFEA  A8		TAY			; 
A0:CFEB  E8		INX			; 
A0:CFEC  E4 09		CPX	$09		; 
A0:CFEE  90 E4		BCC	$CFD4		; 
A0:CFF0  FA		PLX			; 
A0:CFF1  7A		PLY			; 
A0:CFF2  AB		PLB			; 
A0:CFF3  60		RTS			; 
A0:CFF4  AD A4 13	LDA	$13A4		; 
A0:CFF7  F0 0D		BEQ	$D006		; 
A0:CFF9  9E BD 13	STZ	$13BD,X		; 
A0:CFFC  AD A9 13	LDA	$13A9		; 
A0:CFFF  F0 18		BEQ	$D019		; 
A0:D001  9E DD 13	STZ	$13DD,X		; 
A0:D004  80 13		BRA	$D019		; 
A0:D006  B7 C9		LDA	[$C9],Y		; 
A0:D008  9D BD 13	STA	$13BD,X		; 
A0:D00B  AD A9 13	LDA	$13A9		; 
A0:D00E  F0 09		BEQ	$D019		; 
A0:D010  E6 CA		INC	$CA		; 
A0:D012  B7 C9		LDA	[$C9],Y		; 
A0:D014  9D DD 13	STA	$13DD,X		; 
A0:D017  C6 CA		DEC	$CA		; 
A0:D019  60		RTS			; 
A0:D01A  5A		PHY			; 
A0:D01B  9C A4 13	STZ	$13A4		; 
A0:D01E  AD 07 03	LDA	$0307		; 
A0:D021  89 10		BIT	#$10		; 
A0:D023  F0 0E		BEQ	$D033		; 
A0:D025  A5 D9		LDA	$D9		; 
A0:D027  2D CB 15	AND	$15CB		; 
A0:D02A  85 D9		STA	$D9		; 
A0:D02C  A5 DB		LDA	$DB		; 
A0:D02E  2D CD 15	AND	$15CD		; 
A0:D031  85 DB		STA	$DB		; 
A0:D033  A5 DB		LDA	$DB		; 
A0:D035  4A		LSR	A		; 
A0:D036  4A		LSR	A		; 
A0:D037  4A		LSR	A		; 
A0:D038  4A		LSR	A		; 
A0:D039  CD AD 13	CMP	$13AD		; 
A0:D03C  90 2F		BCC	$D06D		; 
A0:D03E  CD AF 13	CMP	$13AF		; 
A0:D041  B0 2A		BCS	$D06D		; 
A0:D043  85 1E		STA	$1E		; 
A0:D045  A0 01		LDY	#$01		; 
A0:D047  B7 C3		LDA	[$C3],Y		; 
A0:D049  85 20		STA	$20		; 
A0:D04B  22 1A C1 80	JSL	$80:C11A	; 
A0:D04F  A5 D9		LDA	$D9		; 
A0:D051  4A		LSR	A		; 
A0:D052  4A		LSR	A		; 
A0:D053  4A		LSR	A		; 
A0:D054  4A		LSR	A		; 
A0:D055  CD AC 13	CMP	$13AC		; 
A0:D058  90 13		BCC	$D06D		; 
A0:D05A  CD AE 13	CMP	$13AE		; 
A0:D05D  B0 0E		BCS	$D06D		; 
A0:D05F  65 22		ADC	$22		; 
A0:D061  AC A9 13	LDY	$13A9		; 
A0:D064  F0 01		BEQ	$D067		; 
A0:D066  0A		ASL	A		; 
A0:D067  18		CLC			; 
A0:D068  6D 00 15	ADC	$1500		; 
A0:D06B  80 05		BRA	$D072		; 
A0:D06D  A9 FE		LDA	#$FE		; 
A0:D06F  8D A4 13	STA	$13A4		; 
A0:D072  85 CA		STA	$CA		; 
A0:D074  7A		PLY			; 
A0:D075  60		RTS			; 
A0:D076  5A		PHY			; 
A0:D077  DA		PHX			; 
A0:D078  8D A3 13	STA	$13A3		; 
A0:D07B  A5 1E		LDA	$1E		; 
A0:D07D  48		PHA			; 
A0:D07E  A2 00		LDX	#$00		; 
A0:D080  20 18 D1	JSR	$D118		; 
A0:D083  A0 00		LDY	#$00		; 
A0:D085  A2 00		LDX	#$00		; 
A0:D087  B7 C9		LDA	[$C9],Y		; 
A0:D089  9F 6B 3E 7E	STA	$7E:3E6B,X	; 
A0:D08D  E8		INX			; 
A0:D08E  C8		INY			; 
A0:D08F  D0 F6		BNE	$D087		; 
A0:D091  20 AE D0	JSR	$D0AE		; 
A0:D094  7A		PLY			; 
A0:D095  B7 C9		LDA	[$C9],Y		; 
A0:D097  5A		PHY			; 
A0:D098  FA		PLX			; 
A0:D099  9F 6B 3E 7E	STA	$7E:3E6B,X	; 
A0:D09D  A0 00		LDY	#$00		; 
A0:D09F  A2 00		LDX	#$00		; 
A0:D0A1  BF 6B 3E 7E	LDA	$7E:3E6B,X	; 
A0:D0A5  97 C9		STA	[$C9],Y		; 
A0:D0A7  E8		INX			; 
A0:D0A8  C8		INY			; 
A0:D0A9  D0 F6		BNE	$D0A1		; 
A0:D0AB  FA		PLX			; 
A0:D0AC  7A		PLY			; 
A0:D0AD  6B		RTL			; 
A0:D0AE  5A		PHY			; 
A0:D0AF  DA		PHX			; 
A0:D0B0  A2 00		LDX	#$00		; 
A0:D0B2  20 18 D1	JSR	$D118		; 
A0:D0B5  AD A3 13	LDA	$13A3		; 
A0:D0B8  20 38 D1	JSR	$D138		; 
A0:D0BB  C2 10		REP	#$10		; XY:16
A0:D0BD  C2 20		REP	#$20		; A:16
A0:D0BF  29 FF 00	AND	#$00FF		; 
A0:D0C2  18		CLC			; 
A0:D0C3  69 05 00	ADC	#$0005		; 
A0:D0C6  20 3F D1	JSR	$D13F		; 
A0:D0C9  A8		TAY			; 
A0:D0CA  E2 20		SEP	#$20		; A:8
A0:D0CC  B7 C3		LDA	[$C3],Y		; 
A0:D0CE  85 06		STA	$06		; 
A0:D0D0  C2 20		REP	#$20		; A:16
A0:D0D2  20 28 D1	JSR	$D128		; 
A0:D0D5  E2 20		SEP	#$20		; A:8
A0:D0D7  B7 C3		LDA	[$C3],Y		; 
A0:D0D9  85 07		STA	$07		; 
A0:D0DB  C2 20		REP	#$20		; A:16
A0:D0DD  20 28 D1	JSR	$D128		; 
A0:D0E0  E2 20		SEP	#$20		; A:8
A0:D0E2  B7 C3		LDA	[$C3],Y		; 
A0:D0E4  8D 04 15	STA	$1504		; 
A0:D0E7  09 C0		ORA	#$C0		; 
A0:D0E9  85 08		STA	$08		; 
A0:D0EB  E2 10		SEP	#$10		; XY:8
A0:D0ED  AD 04 15	LDA	$1504		; 
A0:D0F0  4A		LSR	A		; 
A0:D0F1  4A		LSR	A		; 
A0:D0F2  4A		LSR	A		; 
A0:D0F3  4A		LSR	A		; 
A0:D0F4  4A		LSR	A		; 
A0:D0F5  4A		LSR	A		; 
A0:D0F6  8D 04 15	STA	$1504		; 
A0:D0F9  0A		ASL	A		; 
A0:D0FA  8D 04 15	STA	$1504		; 
A0:D0FD  20 45 D1	JSR	$D145		; 
A0:D100  A0 00		LDY	#$00		; 
A0:D102  20 4E D1	JSR	$D14E		; 
A0:D105  97 C9		STA	[$C9],Y		; 
A0:D107  C8		INY			; 
A0:D108  D0 F8		BNE	$D102		; 
A0:D10A  AD A9 13	LDA	$13A9		; 
A0:D10D  F0 06		BEQ	$D115		; 
A0:D10F  8A		TXA			; 
A0:D110  D0 03		BNE	$D115		; 
A0:D112  E8		INX			; 
A0:D113  80 9D		BRA	$D0B2		; 
A0:D115  FA		PLX			; 
A0:D116  7A		PLY			; 
A0:D117  60		RTS			; 
A0:D118  AD A3 13	LDA	$13A3		; 
A0:D11B  20 38 D1	JSR	$D138		; 
A0:D11E  18		CLC			; 
A0:D11F  6D 00 15	ADC	$1500		; 
A0:D122  20 3F D1	JSR	$D13F		; 
A0:D125  85 CA		STA	$CA		; 
A0:D127  60		RTS			; 
A0:D128  98		TYA			; 
A0:D129  18		CLC			; 
A0:D12A  6D 01 15	ADC	$1501		; 
A0:D12D  AC A9 13	LDY	$13A9		; 
A0:D130  F0 04		BEQ	$D136		; 
A0:D132  18		CLC			; 
A0:D133  6D 01 15	ADC	$1501		; 
A0:D136  A8		TAY			; 
A0:D137  60		RTS			; 
A0:D138  AC A9 13	LDY	$13A9		; 
A0:D13B  F0 01		BEQ	$D13E		; 
A0:D13D  0A		ASL	A		; 
A0:D13E  60		RTS			; 
A0:D13F  DA		PHX			; 
A0:D140  FA		PLX			; 
A0:D141  F0 01		BEQ	$D144		; 
A0:D143  1A		INC	A		; 
A0:D144  60		RTS			; 
A0:D145  DA		PHX			; 
A0:D146  AE 04 15	LDX	$1504		; 
A0:D149  FC 57 D1	JSR	($D157,X)	; 
A0:D14C  FA		PLX			; 
A0:D14D  60		RTS			; 
A0:D14E  DA		PHX			; 
A0:D14F  AE 04 15	LDX	$1504		; 
A0:D152  FC 73 D1	JSR	($D173,X)	; 
A0:D155  FA		PLX			; 
A0:D156  60		RTS			; 
A0:D157  5F D1 64 D1	EOR	$D1:64D1,X	; 
A0:D15B  69 D1		ADC	#$D1		; 
A0:D15D  6E D1 22	ROR	$22D1		; 
A0:D160  57 C0		EOR	[$C0],Y		; 
A0:D162  80 60		BRA	$D1C4		; 
A0:D164  22 67 C0 80	JSL	$80:C067	; 
A0:D168  60		RTS			; 
A0:D169  22 2A C0 80	JSL	$80:C02A	; 
A0:D16D  60		RTS			; 
A0:D16E  22 EE BC 80	JSL	$80:BCEE	; 
A0:D172  60		RTS			; 
A0:D173  7B		TDC			; 
A0:D174  D1 80		CMP	($80),Y		; 
A0:D176  D1 85		CMP	($85),Y		; 
A0:D178  D1 8A		CMP	($8A),Y		; 
A0:D17A  D1 22		CMP	($22),Y		; 
A0:D17C  C8		INY			; 
A0:D17D  C0 80		CPY	#$80		; 
A0:D17F  60		RTS			; 
A0:D180  22 F2 C0 80	JSL	$80:C0F2	; 
A0:D184  60		RTS			; 
A0:D185  22 77 C0 80	JSL	$80:C077	; 
A0:D189  60		RTS			; 
A0:D18A  22 28 BD 80	JSL	$80:BD28	; 
A0:D18E  60		RTS			; 
A0:D18F  A5 D9		LDA	$D9		; 
A0:D191  29 0F		AND	#$0F		; 
A0:D193  85 1E		STA	$1E		; 
A0:D195  A5 DB		LDA	$DB		; 
A0:D197  0A		ASL	A		; 
A0:D198  0A		ASL	A		; 
A0:D199  0A		ASL	A		; 
A0:D19A  0A		ASL	A		; 
A0:D19B  05 1E		ORA	$1E		; 
A0:D19D  60		RTS			; 
A0:D19E  8B		PHB			; 
A0:D19F  5A		PHY			; 
A0:D1A0  DA		PHX			; 
A0:D1A1  AD 3C 11	LDA	$113C		; 
A0:D1A4  D0 05		BNE	$D1AB		; 
A0:D1A6  20 B2 D1	JSR	$D1B2		; 
A0:D1A9  80 03		BRA	$D1AE		; 
A0:D1AB  20 F3 D1	JSR	$D1F3		; 
A0:D1AE  FA		PLX			; 
A0:D1AF  7A		PLY			; 
A0:D1B0  AB		PLB			; 
A0:D1B1  60		RTS			; 
A0:D1B2  C2 10		REP	#$10		; XY:16
A0:D1B4  A2 00 00	LDX	#$0000		; 
A0:D1B7  AD A9 13	LDA	$13A9		; 
A0:D1BA  F0 03		BEQ	$D1BF		; 
A0:D1BC  BD DD 13	LDA	$13DD,X		; 
A0:D1BF  EB		XBA			; 
A0:D1C0  BD BD 13	LDA	$13BD,X		; 
A0:D1C3  C2 20		REP	#$20		; A:16
A0:D1C5  0A		ASL	A		; 
A0:D1C6  0A		ASL	A		; 
A0:D1C7  0A		ASL	A		; 
A0:D1C8  A8		TAY			; 
A0:D1C9  8A		TXA			; 
A0:D1CA  0A		ASL	A		; 
A0:D1CB  0A		ASL	A		; 
A0:D1CC  0A		ASL	A		; 
A0:D1CD  AA		TAX			; 
A0:D1CE  20 E9 D1	JSR	$D1E9		; 
A0:D1D1  20 E9 D1	JSR	$D1E9		; 
A0:D1D4  20 E9 D1	JSR	$D1E9		; 
A0:D1D7  20 E9 D1	JSR	$D1E9		; 
A0:D1DA  8A		TXA			; 
A0:D1DB  4A		LSR	A		; 
A0:D1DC  4A		LSR	A		; 
A0:D1DD  4A		LSR	A		; 
A0:D1DE  AA		TAX			; 
A0:D1DF  E2 20		SEP	#$20		; A:8
A0:D1E1  E0 11 00	CPX	#$0011		; 
A0:D1E4  90 D1		BCC	$D1B7		; 
A0:D1E6  E2 10		SEP	#$10		; XY:8
A0:D1E8  60		RTS			; 
A0:D1E9  B7 C6		LDA	[$C6],Y		; 
A0:D1EB  C8		INY			; 
A0:D1EC  C8		INY			; 
A0:D1ED  9D FD 13	STA	$13FD,X		; 
A0:D1F0  E8		INX			; 
A0:D1F1  E8		INX			; 
A0:D1F2  60		RTS			; 
A0:D1F3  C2 10		REP	#$10		; XY:16
A0:D1F5  A2 00 00	LDX	#$0000		; 
A0:D1F8  BD BD 13	LDA	$13BD,X		; 
A0:D1FB  C2 20		REP	#$20		; A:16
A0:D1FD  29 FF 00	AND	#$00FF		; 
A0:D200  0A		ASL	A		; 
A0:D201  0A		ASL	A		; 
A0:D202  A8		TAY			; 
A0:D203  8A		TXA			; 
A0:D204  0A		ASL	A		; 
A0:D205  0A		ASL	A		; 
A0:D206  AA		TAX			; 
A0:D207  E2 20		SEP	#$20		; A:8
A0:D209  20 25 D2	JSR	$D225		; 
A0:D20C  20 25 D2	JSR	$D225		; 
A0:D20F  20 25 D2	JSR	$D225		; 
A0:D212  20 25 D2	JSR	$D225		; 
A0:D215  C2 20		REP	#$20		; A:16
A0:D217  8A		TXA			; 
A0:D218  4A		LSR	A		; 
A0:D219  4A		LSR	A		; 
A0:D21A  AA		TAX			; 
A0:D21B  E2 20		SEP	#$20		; A:8
A0:D21D  E0 40 00	CPX	#$0040		; 
A0:D220  90 D6		BCC	$D1F8		; 
A0:D222  E2 10		SEP	#$10		; XY:8
A0:D224  60		RTS			; 
A0:D225  B7 C6		LDA	[$C6],Y		; 
A0:D227  C8		INY			; 
A0:D228  9D FD 13	STA	$13FD,X		; 
A0:D22B  E8		INX			; 
A0:D22C  60		RTS			; 
A0:D22D  5A		PHY			; 
A0:D22E  A5 DB		LDA	$DB		; 
A0:D230  C2 20		REP	#$20		; A:16
A0:D232  29 3F 00	AND	#$003F		; 
A0:D235  AC 3C 11	LDY	$113C		; 
A0:D238  D0 03		BNE	$D23D		; 
A0:D23A  29 0F 00	AND	#$000F		; 
A0:D23D  0A		ASL	A		; 
A0:D23E  0A		ASL	A		; 
A0:D23F  0A		ASL	A		; 
A0:D240  0A		ASL	A		; 
A0:D241  0A		ASL	A		; 
A0:D242  0A		ASL	A		; 
A0:D243  AC 3C 11	LDY	$113C		; 
A0:D246  F0 02		BEQ	$D24A		; 
A0:D248  0A		ASL	A		; 
A0:D249  0A		ASL	A		; 
A0:D24A  85 1E		STA	$1E		; 
A0:D24C  64 00		STZ	$00		; 
A0:D24E  A5 D9		LDA	$D9		; 
A0:D250  29 10 00	AND	#$0010		; 
A0:D253  AC 3C 11	LDY	$113C		; 
A0:D256  D0 08		BNE	$D260		; 
A0:D258  0A		ASL	A		; 
A0:D259  0A		ASL	A		; 
A0:D25A  0A		ASL	A		; 
A0:D25B  0A		ASL	A		; 
A0:D25C  0A		ASL	A		; 
A0:D25D  0A		ASL	A		; 
A0:D25E  85 00		STA	$00		; 
A0:D260  A5 D9		LDA	$D9		; 
A0:D262  29 3F 00	AND	#$003F		; 
A0:D265  AC 3C 11	LDY	$113C		; 
A0:D268  D0 03		BNE	$D26D		; 
A0:D26A  29 0F 00	AND	#$000F		; 
A0:D26D  0A		ASL	A		; 
A0:D26E  05 00		ORA	$00		; 
A0:D270  65 1E		ADC	$1E		; 
A0:D272  6D 03 03	ADC	$0303		; 
A0:D275  6D FD 14	ADC	$14FD		; 
A0:D278  85 90		STA	$90		; 
A0:D27A  E2 20		SEP	#$20		; A:8
A0:D27C  7A		PLY			; 
A0:D27D  60		RTS			; 
A0:D27E  5A		PHY			; 
A0:D27F  DA		PHX			; 
A0:D280  AD 3C 11	LDA	$113C		; 
A0:D283  D0 1A		BNE	$D29F		; 
A0:D285  A2 00		LDX	#$00		; 
A0:D287  9C FD 14	STZ	$14FD		; 
A0:D28A  9C FE 14	STZ	$14FE		; 
A0:D28D  20 C2 D2	JSR	$D2C2		; 
A0:D290  A2 04		LDX	#$04		; 
A0:D292  A9 20		LDA	#$20		; 
A0:D294  8D FD 14	STA	$14FD		; 
A0:D297  9C FE 14	STZ	$14FE		; 
A0:D29A  20 C2 D2	JSR	$D2C2		; 
A0:D29D  80 20		BRA	$D2BF		; 
A0:D29F  9C AA 03	STZ	$03AA		; 
A0:D2A2  A2 00		LDX	#$00		; 
A0:D2A4  9C FD 14	STZ	$14FD		; 
A0:D2A7  9C FE 14	STZ	$14FE		; 
A0:D2AA  20 0A D3	JSR	$D30A		; 
A0:D2AD  A2 02		LDX	#$02		; 
A0:D2AF  A9 80		LDA	#$80		; 
A0:D2B1  8D FD 14	STA	$14FD		; 
A0:D2B4  9C FE 14	STZ	$14FE		; 
A0:D2B7  20 0A D3	JSR	$D30A		; 
A0:D2BA  A9 84		LDA	#$84		; 
A0:D2BC  8D AA 03	STA	$03AA		; 
A0:D2BF  FA		PLX			; 
A0:D2C0  7A		PLY			; 
A0:D2C1  60		RTS			; 
A0:D2C2  AD 11 03	LDA	$0311		; 
A0:D2C5  85 D9		STA	$D9		; 
A0:D2C7  AD 12 03	LDA	$0312		; 
A0:D2CA  85 DB		STA	$DB		; 
A0:D2CC  20 47 D4	JSR	$D447		; 
A0:D2CF  BD FD 13	LDA	$13FD,X		; 
A0:D2D2  85 06		STA	$06		; 
A0:D2D4  BD FE 13	LDA	$13FE,X		; 
A0:D2D7  85 07		STA	$07		; 
A0:D2D9  22 70 A1 80	JSL	$80:A170	; 
A0:D2DD  BD FF 13	LDA	$13FF,X		; 
A0:D2E0  85 06		STA	$06		; 
A0:D2E2  BD 00 14	LDA	$1400,X		; 
A0:D2E5  85 07		STA	$07		; 
A0:D2E7  22 70 A1 80	JSL	$80:A170	; 
A0:D2EB  E6 D9		INC	$D9		; 
A0:D2ED  8A		TXA			; 
A0:D2EE  18		CLC			; 
A0:D2EF  69 08		ADC	#$08		; 
A0:D2F1  AA		TAX			; 
A0:D2F2  E0 88		CPX	#$88		; 
A0:D2F4  B0 0F		BCS	$D305		; 
A0:D2F6  A5 D9		LDA	$D9		; 
A0:D2F8  89 0F		BIT	#$0F		; 
A0:D2FA  D0 07		BNE	$D303		; 
A0:D2FC  22 85 A1 80	JSL	$80:A185	; 
A0:D300  20 47 D4	JSR	$D447		; 
A0:D303  80 CA		BRA	$D2CF		; 
A0:D305  22 85 A1 80	JSL	$80:A185	; 
A0:D309  60		RTS			; 
A0:D30A  AD 11 03	LDA	$0311		; 
A0:D30D  85 D9		STA	$D9		; 
A0:D30F  AD 12 03	LDA	$0312		; 
A0:D312  85 DB		STA	$DB		; 
A0:D314  20 47 D4	JSR	$D447		; 
A0:D317  C2 30		REP	#$30		; AXY:16
A0:D319  8A		TXA			; 
A0:D31A  29 FF 00	AND	#$00FF		; 
A0:D31D  A8		TAY			; 
A0:D31E  AE B5 03	LDX	$03B5		; 
A0:D321  B9 FD 13	LDA	$13FD,Y		; 
A0:D324  9F 00 80 7E	STA	$7E:8000,X	; 
A0:D328  E8		INX			; 
A0:D329  E8		INX			; 
A0:D32A  E6 D9		INC	$D9		; 
A0:D32C  C8		INY			; 
A0:D32D  C8		INY			; 
A0:D32E  C8		INY			; 
A0:D32F  C8		INY			; 
A0:D330  C0 00 01	CPY	#$0100		; 
A0:D333  B0 1A		BCS	$D34F		; 
A0:D335  A5 D9		LDA	$D9		; 
A0:D337  89 3F 00	BIT	#$003F		; 
A0:D33A  D0 E5		BNE	$D321		; 
A0:D33C  8E B5 03	STX	$03B5		; 
A0:D33F  E2 30		SEP	#$30		; AXY:8
A0:D341  22 85 A1 80	JSL	$80:A185	; 
A0:D345  20 47 D4	JSR	$D447		; 
A0:D348  C2 30		REP	#$30		; AXY:16
A0:D34A  AE B5 03	LDX	$03B5		; 
A0:D34D  80 D2		BRA	$D321		; 
A0:D34F  8E B5 03	STX	$03B5		; 
A0:D352  5A		PHY			; 
A0:D353  FA		PLX			; 
A0:D354  E2 30		SEP	#$30		; AXY:8
A0:D356  22 85 A1 80	JSL	$80:A185	; 
A0:D35A  60		RTS			; 
A0:D35B  5A		PHY			; 
A0:D35C  DA		PHX			; 
A0:D35D  AD 3C 11	LDA	$113C		; 
A0:D360  D0 1F		BNE	$D381		; 
A0:D362  A9 85		LDA	#$85		; 
A0:D364  8D AA 03	STA	$03AA		; 
A0:D367  A2 00		LDX	#$00		; 
A0:D369  9C FD 14	STZ	$14FD		; 
A0:D36C  9C FE 14	STZ	$14FE		; 
A0:D36F  20 A6 D3	JSR	$D3A6		; 
A0:D372  A2 02		LDX	#$02		; 
A0:D374  A9 01		LDA	#$01		; 
A0:D376  8D FD 14	STA	$14FD		; 
A0:D379  9C FE 14	STZ	$14FE		; 
A0:D37C  20 A6 D3	JSR	$D3A6		; 
A0:D37F  80 1D		BRA	$D39E		; 
A0:D381  A9 03		LDA	#$03		; 
A0:D383  8D AA 03	STA	$03AA		; 
A0:D386  A2 00		LDX	#$00		; 
A0:D388  9C FD 14	STZ	$14FD		; 
A0:D38B  9C FE 14	STZ	$14FE		; 
A0:D38E  20 EE D3	JSR	$D3EE		; 
A0:D391  A2 01		LDX	#$01		; 
A0:D393  A9 01		LDA	#$01		; 
A0:D395  8D FD 14	STA	$14FD		; 
A0:D398  9C FE 14	STZ	$14FE		; 
A0:D39B  20 EE D3	JSR	$D3EE		; 
A0:D39E  A9 84		LDA	#$84		; 
A0:D3A0  8D AA 03	STA	$03AA		; 
A0:D3A3  FA		PLX			; 
A0:D3A4  7A		PLY			; 
A0:D3A5  60		RTS			; 
A0:D3A6  AD 11 03	LDA	$0311		; 
A0:D3A9  85 D9		STA	$D9		; 
A0:D3AB  AD 12 03	LDA	$0312		; 
A0:D3AE  85 DB		STA	$DB		; 
A0:D3B0  20 47 D4	JSR	$D447		; 
A0:D3B3  BD FD 13	LDA	$13FD,X		; 
A0:D3B6  85 06		STA	$06		; 
A0:D3B8  BD FE 13	LDA	$13FE,X		; 
A0:D3BB  85 07		STA	$07		; 
A0:D3BD  22 70 A1 80	JSL	$80:A170	; 
A0:D3C1  BD 01 14	LDA	$1401,X		; 
A0:D3C4  85 06		STA	$06		; 
A0:D3C6  BD 02 14	LDA	$1402,X		; 
A0:D3C9  85 07		STA	$07		; 
A0:D3CB  22 70 A1 80	JSL	$80:A170	; 
A0:D3CF  E6 DB		INC	$DB		; 
A0:D3D1  8A		TXA			; 
A0:D3D2  18		CLC			; 
A0:D3D3  69 08		ADC	#$08		; 
A0:D3D5  AA		TAX			; 
A0:D3D6  E0 80		CPX	#$80		; 
A0:D3D8  B0 0F		BCS	$D3E9		; 
A0:D3DA  A5 DB		LDA	$DB		; 
A0:D3DC  89 0F		BIT	#$0F		; 
A0:D3DE  D0 07		BNE	$D3E7		; 
A0:D3E0  22 85 A1 80	JSL	$80:A185	; 
A0:D3E4  20 47 D4	JSR	$D447		; 
A0:D3E7  80 CA		BRA	$D3B3		; 
A0:D3E9  22 85 A1 80	JSL	$80:A185	; 
A0:D3ED  60		RTS			; 
A0:D3EE  AD 11 03	LDA	$0311		; 
A0:D3F1  85 D9		STA	$D9		; 
A0:D3F3  AD 12 03	LDA	$0312		; 
A0:D3F6  85 DB		STA	$DB		; 
A0:D3F8  20 47 D4	JSR	$D447		; 
A0:D3FB  C2 30		REP	#$30		; AXY:16
A0:D3FD  8A		TXA			; 
A0:D3FE  29 FF 00	AND	#$00FF		; 
A0:D401  A8		TAY			; 
A0:D402  AE B5 03	LDX	$03B5		; 
A0:D405  E2 20		SEP	#$20		; A:8
A0:D407  B9 FD 13	LDA	$13FD,Y		; 
A0:D40A  9F 00 80 7E	STA	$7E:8000,X	; 
A0:D40E  E8		INX			; 
A0:D40F  B9 FF 13	LDA	$13FF,Y		; 
A0:D412  9F 00 80 7E	STA	$7E:8000,X	; 
A0:D416  E8		INX			; 
A0:D417  E6 DB		INC	$DB		; 
A0:D419  C8		INY			; 
A0:D41A  C8		INY			; 
A0:D41B  C8		INY			; 
A0:D41C  C8		INY			; 
A0:D41D  C0 00 01	CPY	#$0100		; 
A0:D420  B0 19		BCS	$D43B		; 
A0:D422  A5 DB		LDA	$DB		; 
A0:D424  89 3F		BIT	#$3F		; 
A0:D426  D0 DF		BNE	$D407		; 
A0:D428  8E B5 03	STX	$03B5		; 
A0:D42B  E2 10		SEP	#$10		; XY:8
A0:D42D  22 85 A1 80	JSL	$80:A185	; 
A0:D431  20 47 D4	JSR	$D447		; 
A0:D434  C2 10		REP	#$10		; XY:16
A0:D436  AE B5 03	LDX	$03B5		; 
A0:D439  80 CC		BRA	$D407		; 
A0:D43B  8E B5 03	STX	$03B5		; 
A0:D43E  5A		PHY			; 
A0:D43F  FA		PLX			; 
A0:D440  E2 10		SEP	#$10		; XY:8
A0:D442  22 85 A1 80	JSL	$80:A185	; 
A0:D446  60		RTS			; 
A0:D447  20 2D D2	JSR	$D22D		; 
A0:D44A  C2 20		REP	#$20		; A:16
A0:D44C  A5 90		LDA	$90		; 
A0:D44E  85 0F		STA	$0F		; 
A0:D450  E2 20		SEP	#$20		; A:8
A0:D452  22 51 A1 80	JSL	$80:A151	; 
A0:D456  60		RTS			; 
A0:D457  5A		PHY			; 
A0:D458  DA		PHX			; 
A0:D459  A9 CF		LDA	#$CF		; 
A0:D45B  85 D8		STA	$D8		; 
A0:D45D  C2 30		REP	#$30		; AXY:16
A0:D45F  AD 9C 13	LDA	$139C		; 
A0:D462  20 EC D4	JSR	$D4EC		; 
A0:D465  85 D2		STA	$D2		; 
A0:D467  AD 9D 13	LDA	$139D		; 
A0:D46A  F0 05		BEQ	$D471		; 
A0:D46C  20 EC D4	JSR	$D4EC		; 
A0:D46F  85 D4		STA	$D4		; 
A0:D471  AD 9C 13	LDA	$139C		; 
A0:D474  29 FF 00	AND	#$00FF		; 
A0:D477  3A		DEC	A		; 
A0:D478  0A		ASL	A		; 
A0:D479  AA		TAX			; 
A0:D47A  BF 00 00 CF	LDA	$CF:0000,X	; 
A0:D47E  85 D6		STA	$D6		; 
A0:D480  AD 9E 13	LDA	$139E		; 
A0:D483  20 F7 D4	JSR	$D4F7		; 
A0:D486  84 CD		STY	$CD		; 
A0:D488  85 CC		STA	$CC		; 
A0:D48A  AD 9F 13	LDA	$139F		; 
A0:D48D  F0 07		BEQ	$D496		; 
A0:D48F  20 F7 D4	JSR	$D4F7		; 
A0:D492  84 D0		STY	$D0		; 
A0:D494  85 CF		STA	$CF		; 
A0:D496  E2 30		SEP	#$30		; AXY:8
A0:D498  A7 CC		LDA	[$CC]		; 
A0:D49A  29 0F		AND	#$0F		; 
A0:D49C  8D 3C 11	STA	$113C		; 
A0:D49F  A7 CC		LDA	[$CC]		; 
A0:D4A1  29 F0		AND	#$F0		; 
A0:D4A3  8D AA 13	STA	$13AA		; 
A0:D4A6  A7 CF		LDA	[$CF]		; 
A0:D4A8  29 F0		AND	#$F0		; 
A0:D4AA  8D AB 13	STA	$13AB		; 
A0:D4AD  A0 01		LDY	#$01		; 
A0:D4AF  B7 CC		LDA	[$CC],Y		; 
A0:D4B1  8D B2 13	STA	$13B2		; 
A0:D4B4  9C B0 13	STZ	$13B0		; 
A0:D4B7  B7 CF		LDA	[$CF],Y		; 
A0:D4B9  8D B6 13	STA	$13B6		; 
A0:D4BC  9C B4 13	STZ	$13B4		; 
A0:D4BF  A0 02		LDY	#$02		; 
A0:D4C1  B7 CC		LDA	[$CC],Y		; 
A0:D4C3  8D B3 13	STA	$13B3		; 
A0:D4C6  9C B1 13	STZ	$13B1		; 
A0:D4C9  B7 CF		LDA	[$CF],Y		; 
A0:D4CB  8D B7 13	STA	$13B7		; 
A0:D4CE  9C B5 13	STZ	$13B5		; 
A0:D4D1  A0 03		LDY	#$03		; 
A0:D4D3  C2 20		REP	#$20		; A:16
A0:D4D5  B7 CC		LDA	[$CC],Y		; 
A0:D4D7  8D A5 13	STA	$13A5		; 
A0:D4DA  AD 9F 13	LDA	$139F		; 
A0:D4DD  29 FF 00	AND	#$00FF		; 
A0:D4E0  F0 05		BEQ	$D4E7		; 
A0:D4E2  B7 CF		LDA	[$CF],Y		; 
A0:D4E4  8D A7 13	STA	$13A7		; 
A0:D4E7  E2 20		SEP	#$20		; A:8
A0:D4E9  FA		PLX			; 
A0:D4EA  7A		PLY			; 
A0:D4EB  60		RTS			; 
A0:D4EC  3A		DEC	A		; 
A0:D4ED  29 FF		AND	#$FF		; 
A0:D4EF  00 0A		BRK	#$0A		; 
A0:D4F1  AA		TAX			; 
A0:D4F2  BF 00 20 CE	LDA	$CE:2000,X	; 
A0:D4F6  60		RTS			; 
A0:D4F7  3A		DEC	A		; 
A0:D4F8  29 FF		AND	#$FF		; 
A0:D4FA  00 85		BRK	#$85		; 
A0:D4FC  1E 0A 65	ASL	$650A,X		; 
A0:D4FF  1E AA BF	ASL	$BFAA,X		; 
A0:D502  01 20		ORA	($20,X)		; 
A0:D504  CF A8 BF 00	CMP	$00:BFA8	; 
A0:D508  20 CF 60	JSR	$60CF		; 
A0:D50B  AD 73 15	LDA	$1573		; 
A0:D50E  8D 0B 03	STA	$030B		; 
A0:D511  AD 7D 15	LDA	$157D		; 
A0:D514  8D 0D 03	STA	$030D		; 
A0:D517  60		RTS			; 
A0:D518  AD C3 15	LDA	$15C3		; 
A0:D51B  8D 0B 03	STA	$030B		; 
A0:D51E  AD C4 15	LDA	$15C4		; 
A0:D521  8D 0D 03	STA	$030D		; 
A0:D524  60		RTS			; 
A0:D525  20 18 D5	JSR	$D518		; 
A0:D528  AD C7 15	LDA	$15C7		; 
A0:D52B  89 01		BIT	#$01		; 
A0:D52D  F0 14		BEQ	$D543		; 
A0:D52F  AD 16 15	LDA	$1516		; 
A0:D532  29 0F		AND	#$0F		; 
A0:D534  69 08		ADC	#$08		; 
A0:D536  4A		LSR	A		; 
A0:D537  4A		LSR	A		; 
A0:D538  4A		LSR	A		; 
A0:D539  4A		LSR	A		; 
A0:D53A  18		CLC			; 
A0:D53B  6D C3 15	ADC	$15C3		; 
A0:D53E  8D 0B 03	STA	$030B		; 
A0:D541  80 12		BRA	$D555		; 
A0:D543  AD 18 15	LDA	$1518		; 
A0:D546  29 0F		AND	#$0F		; 
A0:D548  69 08		ADC	#$08		; 
A0:D54A  4A		LSR	A		; 
A0:D54B  4A		LSR	A		; 
A0:D54C  4A		LSR	A		; 
A0:D54D  4A		LSR	A		; 
A0:D54E  18		CLC			; 
A0:D54F  6D C4 15	ADC	$15C4		; 
A0:D552  8D 0D 03	STA	$030D		; 
A0:D555  60		RTS			; 
A0:D556  AD 3C 11	LDA	$113C		; 
A0:D559  D0 14		BNE	$D56F		; 
A0:D55B  AD 0B 03	LDA	$030B		; 
A0:D55E  38		SEC			; 
A0:D55F  E9 07		SBC	#$07		; 
A0:D561  8D 11 03	STA	$0311		; 
A0:D564  AD 0D 03	LDA	$030D		; 
A0:D567  38		SEC			; 
A0:D568  E9 07		SBC	#$07		; 
A0:D56A  8D 12 03	STA	$0312		; 
A0:D56D  80 12		BRA	$D581		; 
A0:D56F  AD 0B 03	LDA	$030B		; 
A0:D572  38		SEC			; 
A0:D573  E9 1F		SBC	#$1F		; 
A0:D575  8D 11 03	STA	$0311		; 
A0:D578  AD 0D 03	LDA	$030D		; 
A0:D57B  38		SEC			; 
A0:D57C  E9 1F		SBC	#$1F		; 
A0:D57E  8D 12 03	STA	$0312		; 
A0:D581  60		RTS			; 
A0:D582  AD 3C 11	LDA	$113C		; 
A0:D585  D0 14		BNE	$D59B		; 
A0:D587  AD 0B 03	LDA	$030B		; 
A0:D58A  38		SEC			; 
A0:D58B  E9 07		SBC	#$07		; 
A0:D58D  8D 11 03	STA	$0311		; 
A0:D590  AD 0D 03	LDA	$030D		; 
A0:D593  18		CLC			; 
A0:D594  69 08		ADC	#$08		; 
A0:D596  8D 12 03	STA	$0312		; 
A0:D599  80 14		BRA	$D5AF		; 
A0:D59B  AD 0B 03	LDA	$030B		; 
A0:D59E  38		SEC			; 
A0:D59F  E9 1F		SBC	#$1F		; 
A0:D5A1  8D 11 03	STA	$0311		; 
A0:D5A4  AD 0D 03	LDA	$030D		; 
A0:D5A7  18		CLC			; 
A0:D5A8  69 20		ADC	#$20		; 
A0:D5AA  8D 12 03	STA	$0312		; 
A0:D5AD  80 00		BRA	$D5AF		; 
A0:D5AF  60		RTS			; 
A0:D5B0  5A		PHY			; 
A0:D5B1  DA		PHX			; 
A0:D5B2  AD 0B 03	LDA	$030B		; 
A0:D5B5  85 D9		STA	$D9		; 
A0:D5B7  AD 0D 03	LDA	$030D		; 
A0:D5BA  85 DB		STA	$DB		; 
A0:D5BC  20 1A D0	JSR	$D01A		; 
A0:D5BF  AD A4 13	LDA	$13A4		; 
A0:D5C2  F0 02		BEQ	$D5C6		; 
A0:D5C4  80 62		BRA	$D628		; 
A0:D5C6  20 8F D1	JSR	$D18F		; 
A0:D5C9  A8		TAY			; 
A0:D5CA  AD BB 13	LDA	$13BB		; 
A0:D5CD  97 C9		STA	[$C9],Y		; 
A0:D5CF  AD A9 13	LDA	$13A9		; 
A0:D5D2  F0 07		BEQ	$D5DB		; 
A0:D5D4  E6 CA		INC	$CA		; 
A0:D5D6  AD BC 13	LDA	$13BC		; 
A0:D5D9  97 C9		STA	[$C9],Y		; 
A0:D5DB  20 6C D6	JSR	$D66C		; 
A0:D5DE  B0 48		BCS	$D628		; 
A0:D5E0  AC 3C 11	LDY	$113C		; 
A0:D5E3  F0 03		BEQ	$D5E8		; 
A0:D5E5  9C AA 03	STZ	$03AA		; 
A0:D5E8  C2 30		REP	#$30		; AXY:16
A0:D5EA  AD BB 13	LDA	$13BB		; 
A0:D5ED  0A		ASL	A		; 
A0:D5EE  0A		ASL	A		; 
A0:D5EF  AC 3C 11	LDY	$113C		; 
A0:D5F2  D0 01		BNE	$D5F5		; 
A0:D5F4  0A		ASL	A		; 
A0:D5F5  85 09		STA	$09		; 
A0:D5F7  E2 30		SEP	#$30		; AXY:8
A0:D5F9  9C FD 14	STZ	$14FD		; 
A0:D5FC  9C FE 14	STZ	$14FE		; 
A0:D5FF  20 47 D4	JSR	$D447		; 
A0:D602  20 30 D6	JSR	$D630		; 
A0:D605  22 85 A1 80	JSL	$80:A185	; 
A0:D609  A9 20		LDA	#$20		; 
A0:D60B  8D FD 14	STA	$14FD		; 
A0:D60E  9C FE 14	STZ	$14FE		; 
A0:D611  AC 3C 11	LDY	$113C		; 
A0:D614  F0 08		BEQ	$D61E		; 
A0:D616  A9 80		LDA	#$80		; 
A0:D618  8D FD 14	STA	$14FD		; 
A0:D61B  9C FE 14	STZ	$14FE		; 
A0:D61E  20 47 D4	JSR	$D447		; 
A0:D621  20 30 D6	JSR	$D630		; 
A0:D624  22 85 A1 80	JSL	$80:A185	; 
A0:D628  A9 84		LDA	#$84		; 
A0:D62A  8D AA 03	STA	$03AA		; 
A0:D62D  FA		PLX			; 
A0:D62E  7A		PLY			; 
A0:D62F  6B		RTL			; 
A0:D630  AC 3C 11	LDY	$113C		; 
A0:D633  D0 08		BNE	$D63D		; 
A0:D635  20 46 D6	JSR	$D646		; 
A0:D638  20 46 D6	JSR	$D646		; 
A0:D63B  80 03		BRA	$D640		; 
A0:D63D  20 59 D6	JSR	$D659		; 
A0:D640  A9 01		LDA	#$01		; 
A0:D642  8D 47 15	STA	$1547		; 
A0:D645  60		RTS			; 
A0:D646  C2 30		REP	#$30		; AXY:16
A0:D648  A4 09		LDY	$09		; 
A0:D64A  B7 C6		LDA	[$C6],Y		; 
A0:D64C  85 06		STA	$06		; 
A0:D64E  C8		INY			; 
A0:D64F  C8		INY			; 
A0:D650  84 09		STY	$09		; 
A0:D652  E2 30		SEP	#$30		; AXY:8
A0:D654  22 70 A1 80	JSL	$80:A170	; 
A0:D658  60		RTS			; 
A0:D659  C2 30		REP	#$30		; AXY:16
A0:D65B  A4 09		LDY	$09		; 
A0:D65D  B7 C6		LDA	[$C6],Y		; 
A0:D65F  85 06		STA	$06		; 
A0:D661  C8		INY			; 
A0:D662  C8		INY			; 
A0:D663  84 09		STY	$09		; 
A0:D665  E2 30		SEP	#$30		; AXY:8
A0:D667  22 70 A1 80	JSL	$80:A170	; 
A0:D66B  60		RTS			; 
A0:D66C  AD 3C 11	LDA	$113C		; 
A0:D66F  D0 36		BNE	$D6A7		; 
A0:D671  AD 73 15	LDA	$1573		; 
A0:D674  38		SEC			; 
A0:D675  E9 08		SBC	#$08		; 
A0:D677  90 05		BCC	$D67E		; 
A0:D679  CD 0B 03	CMP	$030B		; 
A0:D67C  B0 5F		BCS	$D6DD		; 
A0:D67E  AD 73 15	LDA	$1573		; 
A0:D681  18		CLC			; 
A0:D682  69 09		ADC	#$09		; 
A0:D684  B0 05		BCS	$D68B		; 
A0:D686  CD 0B 03	CMP	$030B		; 
A0:D689  90 52		BCC	$D6DD		; 
A0:D68B  AD 7D 15	LDA	$157D		; 
A0:D68E  38		SEC			; 
A0:D68F  E9 08		SBC	#$08		; 
A0:D691  90 05		BCC	$D698		; 
A0:D693  CD 0D 03	CMP	$030D		; 
A0:D696  B0 45		BCS	$D6DD		; 
A0:D698  AD 7D 15	LDA	$157D		; 
A0:D69B  18		CLC			; 
A0:D69C  69 08		ADC	#$08		; 
A0:D69E  B0 05		BCS	$D6A5		; 
A0:D6A0  CD 0D 03	CMP	$030D		; 
A0:D6A3  90 38		BCC	$D6DD		; 
A0:D6A5  80 39		BRA	$D6E0		; 
A0:D6A7  AD 73 15	LDA	$1573		; 
A0:D6AA  38		SEC			; 
A0:D6AB  E9 20		SBC	#$20		; 
A0:D6AD  90 05		BCC	$D6B4		; 
A0:D6AF  CD 0B 03	CMP	$030B		; 
A0:D6B2  B0 29		BCS	$D6DD		; 
A0:D6B4  AD 73 15	LDA	$1573		; 
A0:D6B7  18		CLC			; 
A0:D6B8  69 20		ADC	#$20		; 
A0:D6BA  B0 05		BCS	$D6C1		; 
A0:D6BC  CD 0B 03	CMP	$030B		; 
A0:D6BF  90 1C		BCC	$D6DD		; 
A0:D6C1  AD 7D 15	LDA	$157D		; 
A0:D6C4  38		SEC			; 
A0:D6C5  E9 20		SBC	#$20		; 
A0:D6C7  90 05		BCC	$D6CE		; 
A0:D6C9  CD 0D 03	CMP	$030D		; 
A0:D6CC  B0 0F		BCS	$D6DD		; 
A0:D6CE  AD 7D 15	LDA	$157D		; 
A0:D6D1  18		CLC			; 
A0:D6D2  69 20		ADC	#$20		; 
A0:D6D4  B0 05		BCS	$D6DB		; 
A0:D6D6  CD 0D 03	CMP	$030D		; 
A0:D6D9  90 02		BCC	$D6DD		; 
A0:D6DB  80 03		BRA	$D6E0		; 
A0:D6DD  38		SEC			; 
A0:D6DE  80 01		BRA	$D6E1		; 
A0:D6E0  18		CLC			; 
A0:D6E1  60		RTS			; 
A0:D6E2  8B		PHB			; 
A0:D6E3  5A		PHY			; 
A0:D6E4  22 85 CD 80	JSL	$80:CD85	; 
A0:D6E8  AD 0B 03	LDA	$030B		; 
A0:D6EB  85 D9		STA	$D9		; 
A0:D6ED  AD 0D 03	LDA	$030D		; 
A0:D6F0  85 DB		STA	$DB		; 
A0:D6F2  20 1A D0	JSR	$D01A		; 
A0:D6F5  AD 0B 03	LDA	$030B		; 
A0:D6F8  29 0F		AND	#$0F		; 
A0:D6FA  85 00		STA	$00		; 
A0:D6FC  AD 0D 03	LDA	$030D		; 
A0:D6FF  0A		ASL	A		; 
A0:D700  0A		ASL	A		; 
A0:D701  0A		ASL	A		; 
A0:D702  0A		ASL	A		; 
A0:D703  05 00		ORA	$00		; 
A0:D705  A8		TAY			; 
A0:D706  AD A9 13	LDA	$13A9		; 
A0:D709  F0 06		BEQ	$D711		; 
A0:D70B  E6 CA		INC	$CA		; 
A0:D70D  B7 C9		LDA	[$C9],Y		; 
A0:D70F  C6 CA		DEC	$CA		; 
A0:D711  8D BC 13	STA	$13BC		; 
A0:D714  EB		XBA			; 
A0:D715  B7 C9		LDA	[$C9],Y		; 
A0:D717  8D BB 13	STA	$13BB		; 
A0:D71A  C2 30		REP	#$30		; AXY:16
A0:D71C  A8		TAY			; 
A0:D71D  E2 20		SEP	#$20		; A:8
A0:D71F  B7 D6		LDA	[$D6],Y		; 
A0:D721  8D BA 13	STA	$13BA		; 
A0:D724  E2 10		SEP	#$10		; XY:8
A0:D726  7A		PLY			; 
A0:D727  AB		PLB			; 
A0:D728  6B		RTL			; 
A0:D729  85 00		STA	$00		; 
A0:D72B  A9 02		LDA	#$02		; 
A0:D72D  8D 07 15	STA	$1507		; 
A0:D730  80 07		BRA	$D739		; 
A0:D732  85 00		STA	$00		; 
A0:D734  A9 01		LDA	#$01		; 
A0:D736  8D 07 15	STA	$1507		; 
A0:D739  9C 06 15	STZ	$1506		; 
A0:D73C  80 11		BRA	$D74F		; 
A0:D73E  85 00		STA	$00		; 
A0:D740  A9 01		LDA	#$01		; 
A0:D742  8D 06 15	STA	$1506		; 
A0:D745  80 05		BRA	$D74C		; 
A0:D747  85 00		STA	$00		; 
A0:D749  9C 06 15	STZ	$1506		; 
A0:D74C  9C 07 15	STZ	$1507		; 
A0:D74F  5A		PHY			; 
A0:D750  DA		PHX			; 
A0:D751  A5 00		LDA	$00		; 
A0:D753  3A		DEC	A		; 
A0:D754  10 05		BPL	$D75B		; 
A0:D756  00 EA		BRK	#$EA		; 
A0:D758  4C 52 D8	JMP	$D852		; 
A0:D75B  48		PHA			; 
A0:D75C  AD 05 15	LDA	$1505		; 
A0:D75F  0A		ASL	A		; 
A0:D760  6D 05 15	ADC	$1505		; 
A0:D763  AA		TAX			; 
A0:D764  C2 20		REP	#$20		; A:16
A0:D766  BF 96 D8 80	LDA	$80:D896,X	; 
A0:D76A  85 06		STA	$06		; 
A0:D76C  E2 20		SEP	#$20		; A:8
A0:D76E  BF 98 D8 80	LDA	$80:D898,X	; 
A0:D772  85 08		STA	$08		; 
A0:D774  68		PLA			; 
A0:D775  0A		ASL	A		; 
A0:D776  A8		TAY			; 
A0:D777  C2 20		REP	#$20		; A:16
A0:D779  B7 06		LDA	[$06],Y		; 
A0:D77B  85 06		STA	$06		; 
A0:D77D  E2 20		SEP	#$20		; A:8
A0:D77F  9C 09 15	STZ	$1509		; 
A0:D782  AD 0B 03	LDA	$030B		; 
A0:D785  8D 0A 15	STA	$150A		; 
A0:D788  AD 0D 03	LDA	$030D		; 
A0:D78B  8D 0B 15	STA	$150B		; 
A0:D78E  A0 00		LDY	#$00		; 
A0:D790  B7 06		LDA	[$06],Y		; 
A0:D792  8D 0F 03	STA	$030F		; 
A0:D795  D0 03		BNE	$D79A		; 
A0:D797  4C 52 D8	JMP	$D852		; 
A0:D79A  C8		INY			; 
A0:D79B  B7 06		LDA	[$06],Y		; 
A0:D79D  8D 10 03	STA	$0310		; 
A0:D7A0  C8		INY			; 
A0:D7A1  AD 07 15	LDA	$1507		; 
A0:D7A4  F0 42		BEQ	$D7E8		; 
A0:D7A6  C9 01		CMP	#$01		; 
A0:D7A8  F0 20		BEQ	$D7CA		; 
A0:D7AA  AD 0F 03	LDA	$030F		; 
A0:D7AD  4A		LSR	A		; 
A0:D7AE  85 00		STA	$00		; 
A0:D7B0  AD 0B 03	LDA	$030B		; 
A0:D7B3  38		SEC			; 
A0:D7B4  E5 00		SBC	$00		; 
A0:D7B6  8D 0B 03	STA	$030B		; 
A0:D7B9  AD 10 03	LDA	$0310		; 
A0:D7BC  4A		LSR	A		; 
A0:D7BD  85 00		STA	$00		; 
A0:D7BF  AD 0D 03	LDA	$030D		; 
A0:D7C2  38		SEC			; 
A0:D7C3  E5 00		SBC	$00		; 
A0:D7C5  8D 0D 03	STA	$030D		; 
A0:D7C8  80 2A		BRA	$D7F4		; 
A0:D7CA  C8		INY			; 
A0:D7CB  C8		INY			; 
A0:D7CC  AD 0A 15	LDA	$150A		; 
A0:D7CF  8D 0B 03	STA	$030B		; 
A0:D7D2  AD 0B 15	LDA	$150B		; 
A0:D7D5  8D 0D 03	STA	$030D		; 
A0:D7D8  AD 09 15	LDA	$1509		; 
A0:D7DB  F0 17		BEQ	$D7F4		; 
A0:D7DD  AD 0B 03	LDA	$030B		; 
A0:D7E0  18		CLC			; 
A0:D7E1  69 20		ADC	#$20		; 
A0:D7E3  8D 0B 03	STA	$030B		; 
A0:D7E6  80 0C		BRA	$D7F4		; 
A0:D7E8  B7 06		LDA	[$06],Y		; 
A0:D7EA  8D 0B 03	STA	$030B		; 
A0:D7ED  C8		INY			; 
A0:D7EE  B7 06		LDA	[$06],Y		; 
A0:D7F0  8D 0D 03	STA	$030D		; 
A0:D7F3  C8		INY			; 
A0:D7F4  B7 06		LDA	[$06],Y		; 
A0:D7F6  8D 08 15	STA	$1508		; 
A0:D7F9  C8		INY			; 
A0:D7FA  AD 06 15	LDA	$1506		; 
A0:D7FD  F0 09		BEQ	$D808		; 
A0:D7FF  AD 0B 03	LDA	$030B		; 
A0:D802  18		CLC			; 
A0:D803  69 20		ADC	#$20		; 
A0:D805  8D 0B 03	STA	$030B		; 
A0:D808  18		CLC			; 
A0:D809  98		TYA			; 
A0:D80A  65 06		ADC	$06		; 
A0:D80C  85 06		STA	$06		; 
A0:D80E  A9 00		LDA	#$00		; 
A0:D810  65 07		ADC	$07		; 
A0:D812  85 07		STA	$07		; 
A0:D814  22 EE BC 80	JSL	$80:BCEE	; 
A0:D818  9C AA 03	STZ	$03AA		; 
A0:D81B  20 55 D8	JSR	$D855		; 
A0:D81E  AD 08 15	LDA	$1508		; 
A0:D821  D0 08		BNE	$D82B		; 
A0:D823  A9 80		LDA	#$80		; 
A0:D825  8D AA 03	STA	$03AA		; 
A0:D828  20 55 D8	JSR	$D855		; 
A0:D82B  A9 84		LDA	#$84		; 
A0:D82D  8D AA 03	STA	$03AA		; 
A0:D830  AD 06 15	LDA	$1506		; 
A0:D833  F0 13		BEQ	$D848		; 
A0:D835  AD 0B 03	LDA	$030B		; 
A0:D838  38		SEC			; 
A0:D839  E9 20		SBC	#$20		; 
A0:D83B  8D 11 03	STA	$0311		; 
A0:D83E  AD 0D 03	LDA	$030D		; 
A0:D841  8D 12 03	STA	$0312		; 
A0:D844  22 33 C7 80	JSL	$80:C733	; 
A0:D848  EE 09 15	INC	$1509		; 
A0:D84B  22 17 BD 80	JSL	$80:BD17	; 
A0:D84F  4C 8E D7	JMP	$D78E		; 
A0:D852  FA		PLX			; 
A0:D853  7A		PLY			; 
A0:D854  6B		RTL			; 
A0:D855  AD 0D 03	LDA	$030D		; 
A0:D858  48		PHA			; 
A0:D859  22 FA BC 80	JSL	$80:BCFA	; 
A0:D85D  AC 10 03	LDY	$0310		; 
A0:D860  22 1D C8 80	JSL	$80:C81D	; 
A0:D864  C2 20		REP	#$20		; A:16
A0:D866  A5 90		LDA	$90		; 
A0:D868  85 0F		STA	$0F		; 
A0:D86A  E2 20		SEP	#$20		; A:8
A0:D86C  22 51 A1 80	JSL	$80:A151	; 
A0:D870  AE 0F 03	LDX	$030F		; 
A0:D873  22 28 BD 80	JSL	$80:BD28	; 
A0:D877  85 06		STA	$06		; 
A0:D879  22 28 BD 80	JSL	$80:BD28	; 
A0:D87D  85 07		STA	$07		; 
A0:D87F  22 70 A1 80	JSL	$80:A170	; 
A0:D883  CA		DEX			; 
A0:D884  CA		DEX			; 
A0:D885  D0 EC		BNE	$D873		; 
A0:D887  22 85 A1 80	JSL	$80:A185	; 
A0:D88B  EE 0D 03	INC	$030D		; 
A0:D88E  88		DEY			; 
A0:D88F  D0 CF		BNE	$D860		; 
A0:D891  68		PLA			; 
A0:D892  8D 0D 03	STA	$030D		; 
A0:D895  60		RTS			; 
A0:D896  00 98		BRK	#$98		; 
A0:D898  DF 00 00 C6	CMP	$C6:0000,X	; 
A0:D89C  9C 0C 15	STZ	$150C		; 
A0:D89F  9C 0D 15	STZ	$150D		; 
A0:D8A2  6B		RTL			; 
A0:D8A3  DA		PHX			; 
A0:D8A4  AD 0D 15	LDA	$150D		; 
A0:D8A7  0D 0C 15	ORA	$150C		; 
A0:D8AA  F0 4E		BEQ	$D8FA		; 
A0:D8AC  64 1F		STZ	$1F		; 
A0:D8AE  AD 0C 15	LDA	$150C		; 
A0:D8B1  49 FF		EOR	#$FF		; 
A0:D8B3  1A		INC	A		; 
A0:D8B4  85 1E		STA	$1E		; 
A0:D8B6  10 02		BPL	$D8BA		; 
A0:D8B8  C6 1F		DEC	$1F		; 
A0:D8BA  64 21		STZ	$21		; 
A0:D8BC  AD 0D 15	LDA	$150D		; 
A0:D8BF  49 FF		EOR	#$FF		; 
A0:D8C1  1A		INC	A		; 
A0:D8C2  85 20		STA	$20		; 
A0:D8C4  10 02		BPL	$D8C8		; 
A0:D8C6  C6 21		DEC	$21		; 
A0:D8C8  A2 3F		LDX	#$3F		; 
A0:D8CA  BD A5 0A	LDA	$0AA5,X		; 
A0:D8CD  C9 11		CMP	#$11		; 
A0:D8CF  90 22		BCC	$D8F3		; 
A0:D8D1  18		CLC			; 
A0:D8D2  BD A7 0B	LDA	$0BA7,X		; 
A0:D8D5  65 1E		ADC	$1E		; 
A0:D8D7  9D A7 0B	STA	$0BA7,X		; 
A0:D8DA  BD E7 0B	LDA	$0BE7,X		; 
A0:D8DD  65 1F		ADC	$1F		; 
A0:D8DF  9D E7 0B	STA	$0BE7,X		; 
A0:D8E2  18		CLC			; 
A0:D8E3  BD 67 0C	LDA	$0C67,X		; 
A0:D8E6  65 20		ADC	$20		; 
A0:D8E8  9D 67 0C	STA	$0C67,X		; 
A0:D8EB  BD A7 0C	LDA	$0CA7,X		; 
A0:D8EE  65 21		ADC	$21		; 
A0:D8F0  9D A7 0C	STA	$0CA7,X		; 
A0:D8F3  CA		DEX			; 
A0:D8F4  10 D4		BPL	$D8CA		; 
A0:D8F6  22 9C D8 80	JSL	$80:D89C	; 
A0:D8FA  FA		PLX			; 
A0:D8FB  6B		RTL			; 
A0:D8FC  C2 20		REP	#$20		; A:16
A0:D8FE  9C 99 03	STZ	$0399		; 
A0:D901  9C 9B 03	STZ	$039B		; 
A0:D904  9C 9D 03	STZ	$039D		; 
A0:D907  9C 9F 03	STZ	$039F		; 
A0:D90A  9C A1 03	STZ	$03A1		; 
A0:D90D  9C A3 03	STZ	$03A3		; 
A0:D910  E2 20		SEP	#$20		; A:8
A0:D912  AD 98 13	LDA	$1398		; 
A0:D915  C9 01		CMP	#$01		; 
A0:D917  F0 05		BEQ	$D91E		; 
A0:D919  A9 FF		LDA	#$FF		; 
A0:D91B  8D A3 03	STA	$03A3		; 
A0:D91E  9C 0B 03	STZ	$030B		; 
A0:D921  9C 0D 03	STZ	$030D		; 
A0:D924  6B		RTL			; 
A0:D925  5A		PHY			; 
A0:D926  DA		PHX			; 
A0:D927  48		PHA			; 
A0:D928  20 91 D9	JSR	$D991		; 
A0:D92B  64 00		STZ	$00		; 
A0:D92D  68		PLA			; 
A0:D92E  10 02		BPL	$D932		; 
A0:D930  C6 00		DEC	$00		; 
A0:D932  48		PHA			; 
A0:D933  18		CLC			; 
A0:D934  7D 99 03	ADC	$0399,X		; 
A0:D937  9D 99 03	STA	$0399,X		; 
A0:D93A  A5 00		LDA	$00		; 
A0:D93C  7D 9A 03	ADC	$039A,X		; 
A0:D93F  29 03		AND	#$03		; 
A0:D941  AC 3C 11	LDY	$113C		; 
A0:D944  D0 02		BNE	$D948		; 
A0:D946  29 01		AND	#$01		; 
A0:D948  9D 9A 03	STA	$039A,X		; 
A0:D94B  68		PLA			; 
A0:D94C  AE 14 15	LDX	$1514		; 
A0:D94F  F0 07		BEQ	$D958		; 
A0:D951  18		CLC			; 
A0:D952  6D 0C 15	ADC	$150C		; 
A0:D955  8D 0C 15	STA	$150C		; 
A0:D958  FA		PLX			; 
A0:D959  7A		PLY			; 
A0:D95A  6B		RTL			; 
A0:D95B  5A		PHY			; 
A0:D95C  DA		PHX			; 
A0:D95D  48		PHA			; 
A0:D95E  20 91 D9	JSR	$D991		; 
A0:D961  64 00		STZ	$00		; 
A0:D963  68		PLA			; 
A0:D964  48		PHA			; 
A0:D965  10 02		BPL	$D969		; 
A0:D967  C6 00		DEC	$00		; 
A0:D969  18		CLC			; 
A0:D96A  7D 9F 03	ADC	$039F,X		; 
A0:D96D  9D 9F 03	STA	$039F,X		; 
A0:D970  BD A0 03	LDA	$03A0,X		; 
A0:D973  65 00		ADC	$00		; 
A0:D975  29 03		AND	#$03		; 
A0:D977  AC 3C 11	LDY	$113C		; 
A0:D97A  D0 02		BNE	$D97E		; 
A0:D97C  29 00		AND	#$00		; 
A0:D97E  9D A0 03	STA	$03A0,X		; 
A0:D981  68		PLA			; 
A0:D982  AE 14 15	LDX	$1514		; 
A0:D985  F0 07		BEQ	$D98E		; 
A0:D987  18		CLC			; 
A0:D988  6D 0D 15	ADC	$150D		; 
A0:D98B  8D 0D 15	STA	$150D		; 
A0:D98E  FA		PLX			; 
A0:D98F  7A		PLY			; 
A0:D990  6B		RTL			; 
A0:D991  AD 02 03	LDA	$0302		; 
A0:D994  3A		DEC	A		; 
A0:D995  0A		ASL	A		; 
A0:D996  AA		TAX			; 
A0:D997  60		RTS			; 
A0:D998  DA		PHX			; 
A0:D999  C2 10		REP	#$10		; XY:16
A0:D99B  A2 00 00	LDX	#$0000		; 
A0:D99E  A9 00		LDA	#$00		; 
A0:D9A0  9F 6D 40 7E	STA	$7E:406D,X	; 
A0:D9A4  E8		INX			; 
A0:D9A5  E0 F0 03	CPX	#$03F0		; 
A0:D9A8  90 F6		BCC	$D9A0		; 
A0:D9AA  E2 10		SEP	#$10		; XY:8
A0:D9AC  9C 2F 19	STZ	$192F		; 
A0:D9AF  9C 30 19	STZ	$1930		; 
A0:D9B2  A9 79		LDA	#$79		; 
A0:D9B4  8F 8D 41 7E	STA	$7E:418D	; 
A0:D9B8  FA		PLX			; 
A0:D9B9  6B		RTL			; 
A0:D9BA  5A		PHY			; 
A0:D9BB  22 D1 D5 81	JSL	$81:D5D1	; 
A0:D9BF  90 18		BCC	$D9D9		; 
A0:D9C1  AD 2A 19	LDA	$192A		; 
A0:D9C4  22 DC D9 80	JSL	$80:D9DC	; 
A0:D9C8  B0 10		BCS	$D9DA		; 
A0:D9CA  A8		TAY			; 
A0:D9CB  AD 23 19	LDA	$1923		; 
A0:D9CE  97 2A		STA	[$2A],Y		; 
A0:D9D0  AD 24 19	LDA	$1924		; 
A0:D9D3  97 2D		STA	[$2D],Y		; 
A0:D9D5  A9 00		LDA	#$00		; 
A0:D9D7  97 30		STA	[$30],Y		; 
A0:D9D9  18		CLC			; 
A0:D9DA  7A		PLY			; 
A0:D9DB  6B		RTL			; 
A0:D9DC  5A		PHY			; 
A0:D9DD  48		PHA			; 
A0:D9DE  22 20 DB 80	JSL	$80:DB20	; 
A0:D9E2  68		PLA			; 
A0:D9E3  22 2A DB 80	JSL	$80:DB2A	; 
A0:D9E7  A0 00		LDY	#$00		; 
A0:D9E9  B7 2A		LDA	[$2A],Y		; 
A0:D9EB  F0 09		BEQ	$D9F6		; 
A0:D9ED  C8		INY			; 
A0:D9EE  CC 27 19	CPY	$1927		; 
A0:D9F1  90 F6		BCC	$D9E9		; 
A0:D9F3  38		SEC			; 
A0:D9F4  80 02		BRA	$D9F8		; 
A0:D9F6  98		TYA			; 
A0:D9F7  18		CLC			; 
A0:D9F8  7A		PLY			; 
A0:D9F9  6B		RTL			; 
A0:D9FA  5A		PHY			; 
A0:D9FB  AD 29 19	LDA	$1929		; 
A0:D9FE  22 2A DB 80	JSL	$80:DB2A	; 
A0:DA02  AD 29 19	LDA	$1929		; 
A0:DA05  22 20 DB 80	JSL	$80:DB20	; 
A0:DA09  AC 2B 19	LDY	$192B		; 
A0:DA0C  CC 27 19	CPY	$1927		; 
A0:DA0F  B0 21		BCS	$DA32		; 
A0:DA11  B7 2A		LDA	[$2A],Y		; 
A0:DA13  CD 23 19	CMP	$1923		; 
A0:DA16  D0 1A		BNE	$DA32		; 
A0:DA18  B7 2D		LDA	[$2D],Y		; 
A0:DA1A  CD 24 19	CMP	$1924		; 
A0:DA1D  D0 13		BNE	$DA32		; 
A0:DA1F  AD 2D 19	LDA	$192D		; 
A0:DA22  D0 05		BNE	$DA29		; 
A0:DA24  20 35 DA	JSR	$DA35		; 
A0:DA27  90 09		BCC	$DA32		; 
A0:DA29  A9 00		LDA	#$00		; 
A0:DA2B  97 2A		STA	[$2A],Y		; 
A0:DA2D  97 2D		STA	[$2D],Y		; 
A0:DA2F  18		CLC			; 
A0:DA30  80 01		BRA	$DA33		; 
A0:DA32  38		SEC			; 
A0:DA33  7A		PLY			; 
A0:DA34  6B		RTL			; 
A0:DA35  AD 24 19	LDA	$1924		; 
A0:DA38  D0 09		BNE	$DA43		; 
A0:DA3A  AD 23 19	LDA	$1923		; 
A0:DA3D  22 EF DE 80	JSL	$80:DEEF	; 
A0:DA41  80 07		BRA	$DA4A		; 
A0:DA43  AD 23 19	LDA	$1923		; 
A0:DA46  22 82 CD 81	JSL	$81:CD82	; 
A0:DA4A  AD C8 1F	LDA	$1FC8		; 
A0:DA4D  0D C9 1F	ORA	$1FC9		; 
A0:DA50  F0 03		BEQ	$DA55		; 
A0:DA52  38		SEC			; 
A0:DA53  80 01		BRA	$DA56		; 
A0:DA55  18		CLC			; 
A0:DA56  60		RTS			; 
A0:DA57  DA		PHX			; 
A0:DA58  AD 20 16	LDA	$1620		; 
A0:DA5B  48		PHA			; 
A0:DA5C  AD 23 19	LDA	$1923		; 
A0:DA5F  F0 74		BEQ	$DAD5		; 
A0:DA61  22 E4 D5 81	JSL	$81:D5E4	; 
A0:DA65  90 08		BCC	$DA6F		; 
A0:DA67  A9 01		LDA	#$01		; 
A0:DA69  8D 2A 19	STA	$192A		; 
A0:DA6C  38		SEC			; 
A0:DA6D  80 6A		BRA	$DAD9		; 
A0:DA6F  A2 00		LDX	#$00		; 
A0:DA71  BD 69 15	LDA	$1569,X		; 
A0:DA74  F0 0D		BEQ	$DA83		; 
A0:DA76  C9 17		CMP	#$17		; 
A0:DA78  B0 09		BCS	$DA83		; 
A0:DA7A  8D 2A 19	STA	$192A		; 
A0:DA7D  22 DF DA 80	JSL	$80:DADF	; 
A0:DA81  B0 56		BCS	$DAD9		; 
A0:DA83  E8		INX			; 
A0:DA84  E0 04		CPX	#$04		; 
A0:DA86  90 E9		BCC	$DA71		; 
A0:DA88  A2 01		LDX	#$01		; 
A0:DA8A  8E 2A 19	STX	$192A		; 
A0:DA8D  22 DF DA 80	JSL	$80:DADF	; 
A0:DA91  8D 2B 19	STA	$192B		; 
A0:DA94  B0 43		BCS	$DAD9		; 
A0:DA96  E8		INX			; 
A0:DA97  E0 16		CPX	#$16		; 
A0:DA99  90 EF		BCC	$DA8A		; 
A0:DA9B  A2 01		LDX	#$01		; 
A0:DA9D  8A		TXA			; 
A0:DA9E  09 80		ORA	#$80		; 
A0:DAA0  8D 2A 19	STA	$192A		; 
A0:DAA3  8E 20 16	STX	$1620		; 
A0:DAA6  22 52 CD 81	JSL	$81:CD52	; 
A0:DAAA  B0 2D		BCS	$DAD9		; 
A0:DAAC  E8		INX			; 
A0:DAAD  E0 16		CPX	#$16		; 
A0:DAAF  90 EC		BCC	$DA9D		; 
A0:DAB1  A9 FF		LDA	#$FF		; 
A0:DAB3  8D 2A 19	STA	$192A		; 
A0:DAB6  A2 00		LDX	#$00		; 
A0:DAB8  BF 72 44 7E	LDA	$7E:4472,X	; 
A0:DABC  CD 23 19	CMP	$1923		; 
A0:DABF  D0 0F		BNE	$DAD0		; 
A0:DAC1  BF 92 44 7E	LDA	$7E:4492,X	; 
A0:DAC5  CD 24 19	CMP	$1924		; 
A0:DAC8  D0 06		BNE	$DAD0		; 
A0:DACA  8E 2B 19	STX	$192B		; 
A0:DACD  38		SEC			; 
A0:DACE  80 09		BRA	$DAD9		; 
A0:DAD0  E8		INX			; 
A0:DAD1  E0 20		CPX	#$20		; 
A0:DAD3  90 E3		BCC	$DAB8		; 
A0:DAD5  9C 2A 19	STZ	$192A		; 
A0:DAD8  18		CLC			; 
A0:DAD9  68		PLA			; 
A0:DADA  8D 20 16	STA	$1620		; 
A0:DADD  FA		PLX			; 
A0:DADE  6B		RTL			; 
A0:DADF  5A		PHY			; 
A0:DAE0  AD 2A 19	LDA	$192A		; 
A0:DAE3  22 20 DB 80	JSL	$80:DB20	; 
A0:DAE7  AD 2A 19	LDA	$192A		; 
A0:DAEA  22 2A DB 80	JSL	$80:DB2A	; 
A0:DAEE  A0 00		LDY	#$00		; 
A0:DAF0  AD 23 19	LDA	$1923		; 
A0:DAF3  D7 2A		CMP	[$2A],Y		; 
A0:DAF5  D0 0B		BNE	$DB02		; 
A0:DAF7  AD 24 19	LDA	$1924		; 
A0:DAFA  D7 2D		CMP	[$2D],Y		; 
A0:DAFC  D0 04		BNE	$DB02		; 
A0:DAFE  98		TYA			; 
A0:DAFF  38		SEC			; 
A0:DB00  80 07		BRA	$DB09		; 
A0:DB02  C8		INY			; 
A0:DB03  CC 27 19	CPY	$1927		; 
A0:DB06  90 E8		BCC	$DAF0		; 
A0:DB08  18		CLC			; 
A0:DB09  7A		PLY			; 
A0:DB0A  6B		RTL			; 
A0:DB0B  22 DF DA 80	JSL	$80:DADF	; 
A0:DB0F  90 0E		BCC	$DB1F		; 
A0:DB11  8D 2B 19	STA	$192B		; 
A0:DB14  AD 2A 19	LDA	$192A		; 
A0:DB17  8D 29 19	STA	$1929		; 
A0:DB1A  22 FA D9 80	JSL	$80:D9FA	; 
A0:DB1E  38		SEC			; 
A0:DB1F  6B		RTL			; 
A0:DB20  22 10 A9 81	JSL	$81:A910	; 
A0:DB24  A9 08		LDA	#$08		; 
A0:DB26  8D 27 19	STA	$1927		; 
A0:DB29  6B		RTL			; 
A0:DB2A  C9 15		CMP	#$15		; 
A0:DB2C  D0 02		BNE	$DB30		; 
A0:DB2E  A9 05		LDA	#$05		; 
A0:DB30  22 10 A9 81	JSL	$81:A910	; 
A0:DB34  C2 20		REP	#$20		; A:16
A0:DB36  29 FF 00	AND	#$00FF		; 
A0:DB39  3A		DEC	A		; 
A0:DB3A  0A		ASL	A		; 
A0:DB3B  0A		ASL	A		; 
A0:DB3C  0A		ASL	A		; 
A0:DB3D  0A		ASL	A		; 
A0:DB3E  69 6D 40	ADC	#$406D		; 
A0:DB41  85 2A		STA	$2A		; 
A0:DB43  69 50 01	ADC	#$0150		; 
A0:DB46  85 2D		STA	$2D		; 
A0:DB48  69 50 01	ADC	#$0150		; 
A0:DB4B  85 30		STA	$30		; 
A0:DB4D  E2 20		SEP	#$20		; A:8
A0:DB4F  A9 7E		LDA	#$7E		; 
A0:DB51  85 2C		STA	$2C		; 
A0:DB53  85 2F		STA	$2F		; 
A0:DB55  85 32		STA	$32		; 
A0:DB57  6B		RTL			; 
A0:DB58  22 FA D5 81	JSL	$81:D5FA	; 
A0:DB5C  90 07		BCC	$DB65		; 
A0:DB5E  AD 69 15	LDA	$1569		; 
A0:DB61  8D 58 19	STA	$1958		; 
A0:DB64  6B		RTL			; 
A0:DB65  DA		PHX			; 
A0:DB66  AD 20 16	LDA	$1620		; 
A0:DB69  48		PHA			; 
A0:DB6A  AD 69 15	LDA	$1569		; 
A0:DB6D  8D 58 19	STA	$1958		; 
A0:DB70  64 0B		STZ	$0B		; 
A0:DB72  64 0A		STZ	$0A		; 
A0:DB74  64 09		STZ	$09		; 
A0:DB76  A2 00		LDX	#$00		; 
A0:DB78  BD 69 15	LDA	$1569,X		; 
A0:DB7B  F0 4C		BEQ	$DBC9		; 
A0:DB7D  C9 17		CMP	#$17		; 
A0:DB7F  B0 48		BCS	$DBC9		; 
A0:DB81  8D 20 16	STA	$1620		; 
A0:DB84  A5 0A		LDA	$0A		; 
A0:DB86  C9 02		CMP	#$02		; 
A0:DB88  B0 0A		BCS	$DB94		; 
A0:DB8A  A9 34		LDA	#$34		; 
A0:DB8C  22 AC 86 85	JSL	$85:86AC	; 
A0:DB90  C9 03		CMP	#$03		; 
A0:DB92  F0 35		BEQ	$DBC9		; 
A0:DB94  A5 0A		LDA	$0A		; 
A0:DB96  C9 01		CMP	#$01		; 
A0:DB98  B0 0C		BCS	$DBA6		; 
A0:DB9A  A9 80		LDA	#$80		; 
A0:DB9C  85 1E		STA	$1E		; 
A0:DB9E  A9 3A		LDA	#$3A		; 
A0:DBA0  22 AC 86 85	JSL	$85:86AC	; 
A0:DBA4  90 23		BCC	$DBC9		; 
A0:DBA6  AD 20 16	LDA	$1620		; 
A0:DBA9  22 E8 DB 80	JSL	$80:DBE8	; 
A0:DBAD  C9 04		CMP	#$04		; 
A0:DBAF  90 2B		BCC	$DBDC		; 
A0:DBB1  85 00		STA	$00		; 
A0:DBB3  AD 27 19	LDA	$1927		; 
A0:DBB6  38		SEC			; 
A0:DBB7  E5 00		SBC	$00		; 
A0:DBB9  C5 09		CMP	$09		; 
A0:DBBB  90 0C		BCC	$DBC9		; 
A0:DBBD  F0 0A		BEQ	$DBC9		; 
A0:DBBF  85 09		STA	$09		; 
A0:DBC1  BD 69 15	LDA	$1569,X		; 
A0:DBC4  8D 58 19	STA	$1958		; 
A0:DBC7  E6 0B		INC	$0B		; 
A0:DBC9  E8		INX			; 
A0:DBCA  E0 04		CPX	#$04		; 
A0:DBCC  90 AA		BCC	$DB78		; 
A0:DBCE  A5 0B		LDA	$0B		; 
A0:DBD0  D0 10		BNE	$DBE2		; 
A0:DBD2  E6 0A		INC	$0A		; 
A0:DBD4  A5 0A		LDA	$0A		; 
A0:DBD6  C9 03		CMP	#$03		; 
A0:DBD8  90 9A		BCC	$DB74		; 
A0:DBDA  80 06		BRA	$DBE2		; 
A0:DBDC  BD 69 15	LDA	$1569,X		; 
A0:DBDF  8D 58 19	STA	$1958		; 
A0:DBE2  68		PLA			; 
A0:DBE3  8D 20 16	STA	$1620		; 
A0:DBE6  FA		PLX			; 
A0:DBE7  6B		RTL			; 
A0:DBE8  5A		PHY			; 
A0:DBE9  DA		PHX			; 
A0:DBEA  48		PHA			; 
A0:DBEB  22 2A DB 80	JSL	$80:DB2A	; 
A0:DBEF  68		PLA			; 
A0:DBF0  22 20 DB 80	JSL	$80:DB20	; 
A0:DBF4  A2 00		LDX	#$00		; 
A0:DBF6  A0 00		LDY	#$00		; 
A0:DBF8  B7 2A		LDA	[$2A],Y		; 
A0:DBFA  F0 01		BEQ	$DBFD		; 
A0:DBFC  E8		INX			; 
A0:DBFD  C8		INY			; 
A0:DBFE  CC 27 19	CPY	$1927		; 
A0:DC01  90 F5		BCC	$DBF8		; 
A0:DC03  8A		TXA			; 
A0:DC04  FA		PLX			; 
A0:DC05  7A		PLY			; 
A0:DC06  6B		RTL			; 
A0:DC07  5A		PHY			; 
A0:DC08  AD 2A 19	LDA	$192A		; 
A0:DC0B  48		PHA			; 
A0:DC0C  AD 20 16	LDA	$1620		; 
A0:DC0F  48		PHA			; 
A0:DC10  AC 2B 19	LDY	$192B		; 
A0:DC13  AD 29 19	LDA	$1929		; 
A0:DC16  22 2A DB 80	JSL	$80:DB2A	; 
A0:DC1A  AD 29 19	LDA	$1929		; 
A0:DC1D  22 20 DB 80	JSL	$80:DB20	; 
A0:DC21  CC 27 19	CPY	$1927		; 
A0:DC24  B0 0E		BCS	$DC34		; 
A0:DC26  B7 2A		LDA	[$2A],Y		; 
A0:DC28  CD 23 19	CMP	$1923		; 
A0:DC2B  D0 07		BNE	$DC34		; 
A0:DC2D  B7 2D		LDA	[$2D],Y		; 
A0:DC2F  CD 24 19	CMP	$1924		; 
A0:DC32  F0 0F		BEQ	$DC43		; 
A0:DC34  AD 29 19	LDA	$1929		; 
A0:DC37  8D 2A 19	STA	$192A		; 
A0:DC3A  22 DF DA 80	JSL	$80:DADF	; 
A0:DC3E  90 06		BCC	$DC46		; 
A0:DC40  8D 2B 19	STA	$192B		; 
A0:DC43  18		CLC			; 
A0:DC44  80 23		BRA	$DC69		; 
A0:DC46  AD 24 19	LDA	$1924		; 
A0:DC49  F0 1D		BEQ	$DC68		; 
A0:DC4B  AD 2A 19	LDA	$192A		; 
A0:DC4E  8D 20 16	STA	$1620		; 
A0:DC51  A0 00		LDY	#$00		; 
A0:DC53  A9 29		LDA	#$29		; 
A0:DC55  18		CLC			; 
A0:DC56  84 04		STY	$04		; 
A0:DC58  65 04		ADC	$04		; 
A0:DC5A  22 AC 86 85	JSL	$85:86AC	; 
A0:DC5E  CD 23 19	CMP	$1923		; 
A0:DC61  F0 E0		BEQ	$DC43		; 
A0:DC63  C8		INY			; 
A0:DC64  C0 04		CPY	#$04		; 
A0:DC66  90 EB		BCC	$DC53		; 
A0:DC68  38		SEC			; 
A0:DC69  68		PLA			; 
A0:DC6A  8D 20 16	STA	$1620		; 
A0:DC6D  68		PLA			; 
A0:DC6E  8D 2A 19	STA	$192A		; 
A0:DC71  7A		PLY			; 
A0:DC72  6B		RTL			; 
A0:DC73  5A		PHY			; 
A0:DC74  AD 29 19	LDA	$1929		; 
A0:DC77  22 20 DB 80	JSL	$80:DB20	; 
A0:DC7B  AD 29 19	LDA	$1929		; 
A0:DC7E  22 2A DB 80	JSL	$80:DB2A	; 
A0:DC82  A0 00		LDY	#$00		; 
A0:DC84  B7 2A		LDA	[$2A],Y		; 
A0:DC86  8D 23 19	STA	$1923		; 
A0:DC89  F0 1C		BEQ	$DCA7		; 
A0:DC8B  B7 2D		LDA	[$2D],Y		; 
A0:DC8D  8D 24 19	STA	$1924		; 
A0:DC90  C9 00		CMP	#$00		; 
A0:DC92  D0 13		BNE	$DCA7		; 
A0:DC94  8C 2B 19	STY	$192B		; 
A0:DC97  AD 23 19	LDA	$1923		; 
A0:DC9A  8D C6 1F	STA	$1FC6		; 
A0:DC9D  A9 06		LDA	#$06		; 
A0:DC9F  22 FB DE 80	JSL	$80:DEFB	; 
A0:DCA3  C9 01		CMP	#$01		; 
A0:DCA5  F0 0F		BEQ	$DCB6		; 
A0:DCA7  C8		INY			; 
A0:DCA8  CC 27 19	CPY	$1927		; 
A0:DCAB  90 D7		BCC	$DC84		; 
A0:DCAD  9C 23 19	STZ	$1923		; 
A0:DCB0  9C 24 19	STZ	$1924		; 
A0:DCB3  38		SEC			; 
A0:DCB4  80 01		BRA	$DCB7		; 
A0:DCB6  18		CLC			; 
A0:DCB7  7A		PLY			; 
A0:DCB8  6B		RTL			; 
A0:DCB9  5A		PHY			; 
A0:DCBA  AD 2A 19	LDA	$192A		; 
A0:DCBD  22 20 DB 80	JSL	$80:DB20	; 
A0:DCC1  AD 2A 19	LDA	$192A		; 
A0:DCC4  22 2A DB 80	JSL	$80:DB2A	; 
A0:DCC8  A0 00		LDY	#$00		; 
A0:DCCA  B7 2A		LDA	[$2A],Y		; 
A0:DCCC  8D 23 19	STA	$1923		; 
A0:DCCF  B7 2D		LDA	[$2D],Y		; 
A0:DCD1  8D 24 19	STA	$1924		; 
A0:DCD4  20 35 DA	JSR	$DA35		; 
A0:DCD7  B0 0F		BCS	$DCE8		; 
A0:DCD9  C8		INY			; 
A0:DCDA  CC 27 19	CPY	$1927		; 
A0:DCDD  90 EB		BCC	$DCCA		; 
A0:DCDF  9C 23 19	STZ	$1923		; 
A0:DCE2  9C 24 19	STZ	$1924		; 
A0:DCE5  18		CLC			; 
A0:DCE6  80 01		BRA	$DCE9		; 
A0:DCE8  38		SEC			; 
A0:DCE9  7A		PLY			; 
A0:DCEA  6B		RTL			; 
A0:DCEB  5A		PHY			; 
A0:DCEC  DA		PHX			; 
A0:DCED  A2 00		LDX	#$00		; 
A0:DCEF  BD 69 15	LDA	$1569,X		; 
A0:DCF2  F0 2E		BEQ	$DD22		; 
A0:DCF4  C9 17		CMP	#$17		; 
A0:DCF6  B0 2A		BCS	$DD22		; 
A0:DCF8  22 2A DB 80	JSL	$80:DB2A	; 
A0:DCFC  BD 69 15	LDA	$1569,X		; 
A0:DCFF  22 20 DB 80	JSL	$80:DB20	; 
A0:DD03  A0 00		LDY	#$00		; 
A0:DD05  B7 2D		LDA	[$2D],Y		; 
A0:DD07  D0 19		BNE	$DD22		; 
A0:DD09  B7 2A		LDA	[$2A],Y		; 
A0:DD0B  C9 1C		CMP	#$1C		; 
A0:DD0D  90 13		BCC	$DD22		; 
A0:DD0F  C9 21		CMP	#$21		; 
A0:DD11  B0 0F		BCS	$DD22		; 
A0:DD13  22 68 BB 80	JSL	$80:BB68	; 
A0:DD17  29 3F		AND	#$3F		; 
A0:DD19  D0 07		BNE	$DD22		; 
A0:DD1B  B7 2A		LDA	[$2A],Y		; 
A0:DD1D  18		CLC			; 
A0:DD1E  69 05		ADC	#$05		; 
A0:DD20  97 2A		STA	[$2A],Y		; 
A0:DD22  C8		INY			; 
A0:DD23  CC 27 19	CPY	$1927		; 
A0:DD26  90 DD		BCC	$DD05		; 
A0:DD28  E8		INX			; 
A0:DD29  E0 04		CPX	#$04		; 
A0:DD2B  90 C2		BCC	$DCEF		; 
A0:DD2D  FA		PLX			; 
A0:DD2E  7A		PLY			; 
A0:DD2F  6B		RTL			; 
A0:DD30  5A		PHY			; 
A0:DD31  DA		PHX			; 
A0:DD32  AA		TAX			; 
A0:DD33  C2 20		REP	#$20		; A:16
A0:DD35  AD 23 19	LDA	$1923		; 
A0:DD38  48		PHA			; 
A0:DD39  E2 20		SEP	#$20		; A:8
A0:DD3B  8A		TXA			; 
A0:DD3C  22 20 DB 80	JSL	$80:DB20	; 
A0:DD40  A0 00		LDY	#$00		; 
A0:DD42  8A		TXA			; 
A0:DD43  22 2A DB 80	JSL	$80:DB2A	; 
A0:DD47  B7 2A		LDA	[$2A],Y		; 
A0:DD49  F0 1A		BEQ	$DD65		; 
A0:DD4B  8D 23 19	STA	$1923		; 
A0:DD4E  B7 2D		LDA	[$2D],Y		; 
A0:DD50  8D 24 19	STA	$1924		; 
A0:DD53  20 35 DA	JSR	$DA35		; 
A0:DD56  B0 0D		BCS	$DD65		; 
A0:DD58  A9 00		LDA	#$00		; 
A0:DD5A  97 2A		STA	[$2A],Y		; 
A0:DD5C  97 2D		STA	[$2D],Y		; 
A0:DD5E  20 76 DD	JSR	$DD76		; 
A0:DD61  22 2B D5 81	JSL	$81:D52B	; 
A0:DD65  C8		INY			; 
A0:DD66  CC 27 19	CPY	$1927		; 
A0:DD69  90 D7		BCC	$DD42		; 
A0:DD6B  C2 20		REP	#$20		; A:16
A0:DD6D  68		PLA			; 
A0:DD6E  8D 23 19	STA	$1923		; 
A0:DD71  E2 20		SEP	#$20		; A:8
A0:DD73  FA		PLX			; 
A0:DD74  7A		PLY			; 
A0:DD75  6B		RTL			; 
A0:DD76  DA		PHX			; 
A0:DD77  C2 20		REP	#$20		; A:16
A0:DD79  AD 23 19	LDA	$1923		; 
A0:DD7C  48		PHA			; 
A0:DD7D  E2 20		SEP	#$20		; A:8
A0:DD7F  A2 00		LDX	#$00		; 
A0:DD81  BF 72 44 7E	LDA	$7E:4472,X	; 
A0:DD85  F0 40		BEQ	$DDC7		; 
A0:DD87  E8		INX			; 
A0:DD88  E0 20		CPX	#$20		; 
A0:DD8A  90 F5		BCC	$DD81		; 
A0:DD8C  CA		DEX			; 
A0:DD8D  C2 20		REP	#$20		; A:16
A0:DD8F  A9 E8 FD	LDA	#$FDE8		; 
A0:DD92  85 09		STA	$09		; 
A0:DD94  E2 20		SEP	#$20		; A:8
A0:DD96  BF 72 44 7E	LDA	$7E:4472,X	; 
A0:DD9A  8D 23 19	STA	$1923		; 
A0:DD9D  BF 92 44 7E	LDA	$7E:4492,X	; 
A0:DDA1  8D 24 19	STA	$1924		; 
A0:DDA4  20 35 DA	JSR	$DA35		; 
A0:DDA7  90 17		BCC	$DDC0		; 
A0:DDA9  C2 20		REP	#$20		; A:16
A0:DDAB  AD C8 1F	LDA	$1FC8		; 
A0:DDAE  C5 09		CMP	$09		; 
A0:DDB0  E2 20		SEP	#$20		; A:8
A0:DDB2  B0 0C		BCS	$DDC0		; 
A0:DDB4  8E 2B 19	STX	$192B		; 
A0:DDB7  C2 20		REP	#$20		; A:16
A0:DDB9  AD C8 1F	LDA	$1FC8		; 
A0:DDBC  85 09		STA	$09		; 
A0:DDBE  E2 20		SEP	#$20		; A:8
A0:DDC0  CA		DEX			; 
A0:DDC1  10 D3		BPL	$DD96		; 
A0:DDC3  22 4C D5 81	JSL	$81:D54C	; 
A0:DDC7  C2 20		REP	#$20		; A:16
A0:DDC9  68		PLA			; 
A0:DDCA  8D 23 19	STA	$1923		; 
A0:DDCD  E2 20		SEP	#$20		; A:8
A0:DDCF  FA		PLX			; 
A0:DDD0  60		RTS			; 
A0:DDD1  DA		PHX			; 
A0:DDD2  C2 10		REP	#$10		; XY:16
A0:DDD4  A2 00 00	LDX	#$0000		; 
A0:DDD7  A9 00		LDA	#$00		; 
A0:DDD9  9F DA 44 7E	STA	$7E:44DA,X	; 
A0:DDDD  E8		INX			; 
A0:DDDE  E0 FC 00	CPX	#$00FC		; 
A0:DDE1  90 F6		BCC	$DDD9		; 
A0:DDE3  E2 10		SEP	#$10		; XY:8
A0:DDE5  A9 01		LDA	#$01		; 
A0:DDE7  8F F2 44 7E	STA	$7E:44F2	; 
A0:DDEB  A9 11		LDA	#$11		; 
A0:DDED  8F 3A 45 7E	STA	$7E:453A	; 
A0:DDF1  A9 15		LDA	#$15		; 
A0:DDF3  8F 22 45 7E	STA	$7E:4522	; 
A0:DDF7  A9 01		LDA	#$01		; 
A0:DDF9  8F 16 45 7E	STA	$7E:4516	; 
A0:DDFD  A9 12		LDA	#$12		; 
A0:DDFF  8F 17 45 7E	STA	$7E:4517	; 
A0:DE03  FA		PLX			; 
A0:DE04  6B		RTL			; 
A0:DE05  5A		PHY			; 
A0:DE06  AD 2A 19	LDA	$192A		; 
A0:DE09  22 78 DE 80	JSL	$80:DE78	; 
A0:DE0D  AD 2A 19	LDA	$192A		; 
A0:DE10  22 82 DE 80	JSL	$80:DE82	; 
A0:DE14  A0 00		LDY	#$00		; 
A0:DE16  B7 2A		LDA	[$2A],Y		; 
A0:DE18  F0 0A		BEQ	$DE24		; 
A0:DE1A  C8		INY			; 
A0:DE1B  CC 3A 19	CPY	$193A		; 
A0:DE1E  90 F6		BCC	$DE16		; 
A0:DE20  00 EA		BRK	#$EA		; 
A0:DE22  80 05		BRA	$DE29		; 
A0:DE24  AD 3B 19	LDA	$193B		; 
A0:DE27  97 2A		STA	[$2A],Y		; 
A0:DE29  7A		PLY			; 
A0:DE2A  6B		RTL			; 
A0:DE2B  5A		PHY			; 
A0:DE2C  AD 2A 19	LDA	$192A		; 
A0:DE2F  22 82 DE 80	JSL	$80:DE82	; 
A0:DE33  AD 2A 19	LDA	$192A		; 
A0:DE36  22 78 DE 80	JSL	$80:DE78	; 
A0:DE3A  A0 00		LDY	#$00		; 
A0:DE3C  AD 3B 19	LDA	$193B		; 
A0:DE3F  D7 2A		CMP	[$2A],Y		; 
A0:DE41  F0 09		BEQ	$DE4C		; 
A0:DE43  C8		INY			; 
A0:DE44  CC 3A 19	CPY	$193A		; 
A0:DE47  90 F6		BCC	$DE3F		; 
A0:DE49  18		CLC			; 
A0:DE4A  80 01		BRA	$DE4D		; 
A0:DE4C  38		SEC			; 
A0:DE4D  7A		PLY			; 
A0:DE4E  6B		RTL			; 
A0:DE4F  5A		PHY			; 
A0:DE50  8D 3B 19	STA	$193B		; 
A0:DE53  AD 2A 19	LDA	$192A		; 
A0:DE56  22 82 DE 80	JSL	$80:DE82	; 
A0:DE5A  AD 2A 19	LDA	$192A		; 
A0:DE5D  22 78 DE 80	JSL	$80:DE78	; 
A0:DE61  A0 00		LDY	#$00		; 
A0:DE63  B7 2A		LDA	[$2A],Y		; 
A0:DE65  CD 3B 19	CMP	$193B		; 
A0:DE68  F0 08		BEQ	$DE72		; 
A0:DE6A  C8		INY			; 
A0:DE6B  CC 3A 19	CPY	$193A		; 
A0:DE6E  90 F3		BCC	$DE63		; 
A0:DE70  80 04		BRA	$DE76		; 
A0:DE72  A9 00		LDA	#$00		; 
A0:DE74  97 2A		STA	[$2A],Y		; 
A0:DE76  7A		PLY			; 
A0:DE77  6B		RTL			; 
A0:DE78  22 10 A9 81	JSL	$81:A910	; 
A0:DE7C  A9 0C		LDA	#$0C		; 
A0:DE7E  8D 3A 19	STA	$193A		; 
A0:DE81  6B		RTL			; 
A0:DE82  C9 15		CMP	#$15		; 
A0:DE84  D0 02		BNE	$DE88		; 
A0:DE86  A9 05		LDA	#$05		; 
A0:DE88  22 10 A9 81	JSL	$81:A910	; 
A0:DE8C  C2 20		REP	#$20		; A:16
A0:DE8E  29 FF 00	AND	#$00FF		; 
A0:DE91  3A		DEC	A		; 
A0:DE92  0A		ASL	A		; 
A0:DE93  0A		ASL	A		; 
A0:DE94  85 00		STA	$00		; 
A0:DE96  0A		ASL	A		; 
A0:DE97  65 00		ADC	$00		; 
A0:DE99  69 DA 44	ADC	#$44DA		; 
A0:DE9C  85 2A		STA	$2A		; 
A0:DE9E  E2 20		SEP	#$20		; A:8
A0:DEA0  A9 7E		LDA	#$7E		; 
A0:DEA2  85 2C		STA	$2C		; 
A0:DEA4  6B		RTL			; 
A0:DEA5  5A		PHY			; 
A0:DEA6  DA		PHX			; 
A0:DEA7  AD 2A 19	LDA	$192A		; 
A0:DEAA  22 78 DE 80	JSL	$80:DE78	; 
A0:DEAE  AD 2A 19	LDA	$192A		; 
A0:DEB1  22 82 DE 80	JSL	$80:DE82	; 
A0:DEB5  A0 00		LDY	#$00		; 
A0:DEB7  A2 00		LDX	#$00		; 
A0:DEB9  B7 2A		LDA	[$2A],Y		; 
A0:DEBB  F0 01		BEQ	$DEBE		; 
A0:DEBD  E8		INX			; 
A0:DEBE  C8		INY			; 
A0:DEBF  CC 3A 19	CPY	$193A		; 
A0:DEC2  90 F5		BCC	$DEB9		; 
A0:DEC4  8A		TXA			; 
A0:DEC5  FA		PLX			; 
A0:DEC6  7A		PLY			; 
A0:DEC7  6B		RTL			; 
A0:DEC8  5A		PHY			; 
A0:DEC9  22 A5 DE 80	JSL	$80:DEA5	; 
A0:DECD  C9 00		CMP	#$00		; 
A0:DECF  F0 10		BEQ	$DEE1		; 
A0:DED1  AD 3A 19	LDA	$193A		; 
A0:DED4  3A		DEC	A		; 
A0:DED5  22 A4 BB 80	JSL	$80:BBA4	; 
A0:DED9  A8		TAY			; 
A0:DEDA  B7 2A		LDA	[$2A],Y		; 
A0:DEDC  F0 F3		BEQ	$DED1		; 
A0:DEDE  8D 3B 19	STA	$193B		; 
A0:DEE1  7A		PLY			; 
A0:DEE2  6B		RTL			; 
A0:DEE3  20 19 DF	JSR	$DF19		; 
A0:DEE6  F0 06		BEQ	$DEEE		; 
A0:DEE8  A9 00		LDA	#$00		; 
A0:DEEA  22 FB DE 80	JSL	$80:DEFB	; 
A0:DEEE  6B		RTL			; 
A0:DEEF  20 19 DF	JSR	$DF19		; 
A0:DEF2  F0 06		BEQ	$DEFA		; 
A0:DEF4  A9 01		LDA	#$01		; 
A0:DEF6  22 FB DE 80	JSL	$80:DEFB	; 
A0:DEFA  6B		RTL			; 
A0:DEFB  8D C7 1F	STA	$1FC7		; 
A0:DEFE  C2 20		REP	#$20		; A:16
A0:DF00  A9 BE 06	LDA	#$06BE		; 
A0:DF03  85 F3		STA	$F3		; 
A0:DF05  E2 20		SEP	#$20		; A:8
A0:DF07  A9 C4		LDA	#$C4		; 
A0:DF09  85 F5		STA	$F5		; 
A0:DF0B  22 67 FD 82	JSL	$82:FD67	; 
A0:DF0F  85 1E		STA	$1E		; 
A0:DF11  48		PHA			; 
A0:DF12  AD C9 1F	LDA	$1FC9		; 
A0:DF15  85 1F		STA	$1F		; 
A0:DF17  68		PLA			; 
A0:DF18  6B		RTL			; 
A0:DF19  8D C6 1F	STA	$1FC6		; 
A0:DF1C  9C C8 1F	STZ	$1FC8		; 
A0:DF1F  9C C9 1F	STZ	$1FC9		; 
A0:DF22  9C CA 1F	STZ	$1FCA		; 
A0:DF25  64 1E		STZ	$1E		; 
A0:DF27  64 1F		STZ	$1F		; 
A0:DF29  C9 00		CMP	#$00		; 
A0:DF2B  60		RTS			; 
A0:DF2C  8D C7 1F	STA	$1FC7		; 
A0:DF2F  C2 20		REP	#$20		; A:16
A0:DF31  A9 F9 7B	LDA	#$7BF9		; 
A0:DF34  85 F3		STA	$F3		; 
A0:DF36  E2 20		SEP	#$20		; A:8
A0:DF38  A9 C4		LDA	#$C4		; 
A0:DF3A  85 F5		STA	$F5		; 
A0:DF3C  22 67 FD 82	JSL	$82:FD67	; 
A0:DF40  85 1E		STA	$1E		; 
A0:DF42  48		PHA			; 
A0:DF43  AD C9 1F	LDA	$1FC9		; 
A0:DF46  85 1F		STA	$1F		; 
A0:DF48  68		PLA			; 
A0:DF49  6B		RTL			; 
A0:DF4A  FF FF FF FF	SBC	$FF:FFFF,X	; 
A0:DF4E  FF FF FF FF	SBC	$FF:FFFF,X	; 
A0:DF52  FF FF FF FF	SBC	$FF:FFFF,X	; 
A0:DF56  FF FF FF FF	SBC	$FF:FFFF,X	; 
A0:DF5A  FF FF FF FF	SBC	$FF:FFFF,X	; 
A0:DF5E  FF FF FF FF	SBC	$FF:FFFF,X	; 
A0:DF62  FF FF FF FF	SBC	$FF:FFFF,X	; 
A0:DF66  FF FF FF FF	SBC	$FF:FFFF,X	; 
A0:DF6A  FF FF FF FF	SBC	$FF:FFFF,X	; 
A0:DF6E  FF FF FF FF	SBC	$FF:FFFF,X	; 
A0:DF72  FF FF FF FF	SBC	$FF:FFFF,X	; 
A0:DF76  FF FF FF FF	SBC	$FF:FFFF,X	; 
A0:DF7A  FF FF FF FF	SBC	$FF:FFFF,X	; 
A0:DF7E  FF FF FF FF	SBC	$FF:FFFF,X	; 
A0:DF82  FF FF FF FF	SBC	$FF:FFFF,X	; 
A0:DF86  FF FF FF FF	SBC	$FF:FFFF,X	; 
A0:DF8A  FF FF FF FF	SBC	$FF:FFFF,X	; 
A0:DF8E  FF FF FF FF	SBC	$FF:FFFF,X	; 
A0:DF92  FF FF FF FF	SBC	$FF:FFFF,X	; 
A0:DF96  FF FF FF FF	SBC	$FF:FFFF,X	; 
A0:DF9A  FF FF FF FF	SBC	$FF:FFFF,X	; 
A0:DF9E  FF FF FF FF	SBC	$FF:FFFF,X	; 
A0:DFA2  FF FF FF FF	SBC	$FF:FFFF,X	; 
A0:DFA6  FF FF FF FF	SBC	$FF:FFFF,X	; 
A0:DFAA  FF FF FF FF	SBC	$FF:FFFF,X	; 
A0:DFAE  FF FF FF FF	SBC	$FF:FFFF,X	; 
A0:DFB2  FF FF FF FF	SBC	$FF:FFFF,X	; 
A0:DFB6  FF FF FF FF	SBC	$FF:FFFF,X	; 
A0:DFBA  FF FF FF FF	SBC	$FF:FFFF,X	; 
A0:DFBE  FF FF FF FF	SBC	$FF:FFFF,X	; 
A0:DFC2  FF FF FF FF	SBC	$FF:FFFF,X	; 
A0:DFC6  FF FF FF FF	SBC	$FF:FFFF,X	; 
A0:DFCA  FF FF FF FF	SBC	$FF:FFFF,X	; 
A0:DFCE  FF FF FF FF	SBC	$FF:FFFF,X	; 
A0:DFD2  FF FF FF FF	SBC	$FF:FFFF,X	; 
A0:DFD6  FF FF FF FF	SBC	$FF:FFFF,X	; 
A0:DFDA  FF FF FF FF	SBC	$FF:FFFF,X	; 
A0:DFDE  FF FF FF FF	SBC	$FF:FFFF,X	; 
A0:DFE2  FF FF FF FF	SBC	$FF:FFFF,X	; 
A0:DFE6  FF FF FF FF	SBC	$FF:FFFF,X	; 
A0:DFEA  FF FF FF FF	SBC	$FF:FFFF,X	; 
A0:DFEE  FF FF FF FF	SBC	$FF:FFFF,X	; 
A0:DFF2  FF FF FF FF	SBC	$FF:FFFF,X	; 
A0:DFF6  FF FF FF FF	SBC	$FF:FFFF,X	; 
A0:DFFA  FF FF FF FF	SBC	$FF:FFFF,X	; 
A0:DFFE  FF FF FF FF	SBC	$FF:FFFF,X	; 
A0:E002  FF FF FF FF	SBC	$FF:FFFF,X	; 
A0:E006  FF FF FF FF	SBC	$FF:FFFF,X	; 
A0:E00A  FF FF FF FF	SBC	$FF:FFFF,X	; 
A0:E00E  FF FF FF FF	SBC	$FF:FFFF,X	; 
A0:E012  FF FF FF FF	SBC	$FF:FFFF,X	; 
A0:E016  FF FF FF FF	SBC	$FF:FFFF,X	; 
A0:E01A  FF FF FF FF	SBC	$FF:FFFF,X	; 
A0:E01E  FF FF FF FF	SBC	$FF:FFFF,X	; 
A0:E022  FF FF FF FF	SBC	$FF:FFFF,X	; 
A0:E026  FF FF FF FF	SBC	$FF:FFFF,X	; 
A0:E02A  FF FF FF FF	SBC	$FF:FFFF,X	; 
A0:E02E  FF FF FF FF	SBC	$FF:FFFF,X	; 
A0:E032  FF FF FF FF	SBC	$FF:FFFF,X	; 
A0:E036  FF FF FF FF	SBC	$FF:FFFF,X	; 
A0:E03A  FF FF FF FF	SBC	$FF:FFFF,X	; 
A0:E03E  FF FF FF FF	SBC	$FF:FFFF,X	; 
A0:E042  FF FF FF FF	SBC	$FF:FFFF,X	; 
A0:E046  FF FF FF FF	SBC	$FF:FFFF,X	; 
A0:E04A  FF FF FF FF	SBC	$FF:FFFF,X	; 
A0:E04E  FF FF FF FF	SBC	$FF:FFFF,X	; 
A0:E052  FF FF FF FF	SBC	$FF:FFFF,X	; 
A0:E056  FF FF FF FF	SBC	$FF:FFFF,X	; 
A0:E05A  FF FF FF FF	SBC	$FF:FFFF,X	; 
A0:E05E  FF FF FF FF	SBC	$FF:FFFF,X	; 
A0:E062  FF FF FF FF	SBC	$FF:FFFF,X	; 
A0:E066  FF FF FF FF	SBC	$FF:FFFF,X	; 
A0:E06A  FF FF FF FF	SBC	$FF:FFFF,X	; 
A0:E06E  FF FF FF FF	SBC	$FF:FFFF,X	; 
A0:E072  FF FF FF FF	SBC	$FF:FFFF,X	; 
A0:E076  FF FF FF FF	SBC	$FF:FFFF,X	; 
A0:E07A  FF FF FF FF	SBC	$FF:FFFF,X	; 
A0:E07E  FF FF FF FF	SBC	$FF:FFFF,X	; 
A0:E082  FF FF FF FF	SBC	$FF:FFFF,X	; 
A0:E086  FF FF FF FF	SBC	$FF:FFFF,X	; 
A0:E08A  FF FF FF FF	SBC	$FF:FFFF,X	; 
A0:E08E  FF FF FF FF	SBC	$FF:FFFF,X	; 
A0:E092  FF FF FF FF	SBC	$FF:FFFF,X	; 
A0:E096  FF FF FF FF	SBC	$FF:FFFF,X	; 
A0:E09A  FF FF FF FF	SBC	$FF:FFFF,X	; 
A0:E09E  FF FF FF FF	SBC	$FF:FFFF,X	; 
A0:E0A2  FF FF FF FF	SBC	$FF:FFFF,X	; 
A0:E0A6  FF FF FF FF	SBC	$FF:FFFF,X	; 
A0:E0AA  FF FF FF FF	SBC	$FF:FFFF,X	; 
A0:E0AE  FF FF FF FF	SBC	$FF:FFFF,X	; 
A0:E0B2  FF FF FF FF	SBC	$FF:FFFF,X	; 
A0:E0B6  FF FF FF FF	SBC	$FF:FFFF,X	; 
A0:E0BA  FF FF FF FF	SBC	$FF:FFFF,X	; 
A0:E0BE  FF FF FF FF	SBC	$FF:FFFF,X	; 
A0:E0C2  FF FF FF FF	SBC	$FF:FFFF,X	; 
A0:E0C6  FF FF FF FF	SBC	$FF:FFFF,X	; 
A0:E0CA  FF FF FF FF	SBC	$FF:FFFF,X	; 
A0:E0CE  FF FF FF FF	SBC	$FF:FFFF,X	; 
A0:E0D2  FF FF FF FF	SBC	$FF:FFFF,X	; 
A0:E0D6  FF FF FF FF	SBC	$FF:FFFF,X	; 
A0:E0DA  FF FF FF FF	SBC	$FF:FFFF,X	; 
A0:E0DE  FF FF FF FF	SBC	$FF:FFFF,X	; 
A0:E0E2  FF FF FF FF	SBC	$FF:FFFF,X	; 
A0:E0E6  FF FF FF FF	SBC	$FF:FFFF,X	; 
A0:E0EA  FF FF FF FF	SBC	$FF:FFFF,X	; 
A0:E0EE  FF FF FF FF	SBC	$FF:FFFF,X	; 
A0:E0F2  FF FF FF FF	SBC	$FF:FFFF,X	; 
A0:E0F6  FF FF FF FF	SBC	$FF:FFFF,X	; 
A0:E0FA  FF FF FF FF	SBC	$FF:FFFF,X	; 
A0:E0FE  FF FF FF FF	SBC	$FF:FFFF,X	; 
A0:E102  FF FF FF FF	SBC	$FF:FFFF,X	; 
A0:E106  FF FF FF FF	SBC	$FF:FFFF,X	; 
A0:E10A  FF FF FF FF	SBC	$FF:FFFF,X	; 
A0:E10E  FF FF FF FF	SBC	$FF:FFFF,X	; 
A0:E112  FF FF FF FF	SBC	$FF:FFFF,X	; 
A0:E116  FF FF FF FF	SBC	$FF:FFFF,X	; 
A0:E11A  FF FF FF FF	SBC	$FF:FFFF,X	; 
A0:E11E  FF FF FF FF	SBC	$FF:FFFF,X	; 
A0:E122  FF FF FF FF	SBC	$FF:FFFF,X	; 
A0:E126  FF FF FF FF	SBC	$FF:FFFF,X	; 
A0:E12A  FF FF FF FF	SBC	$FF:FFFF,X	; 
A0:E12E  FF FF FF FF	SBC	$FF:FFFF,X	; 
A0:E132  FF FF FF FF	SBC	$FF:FFFF,X	; 
A0:E136  FF FF FF FF	SBC	$FF:FFFF,X	; 
A0:E13A  FF FF FF FF	SBC	$FF:FFFF,X	; 
A0:E13E  FF FF FF FF	SBC	$FF:FFFF,X	; 
A0:E142  FF FF FF FF	SBC	$FF:FFFF,X	; 
A0:E146  FF FF FF FF	SBC	$FF:FFFF,X	; 
A0:E14A  FF FF FF FF	SBC	$FF:FFFF,X	; 
A0:E14E  FF FF FF FF	SBC	$FF:FFFF,X	; 
A0:E152  FF FF FF FF	SBC	$FF:FFFF,X	; 
A0:E156  FF FF FF FF	SBC	$FF:FFFF,X	; 
A0:E15A  FF FF FF FF	SBC	$FF:FFFF,X	; 
A0:E15E  FF FF FF FF	SBC	$FF:FFFF,X	; 
A0:E162  FF FF FF FF	SBC	$FF:FFFF,X	; 
A0:E166  FF FF FF FF	SBC	$FF:FFFF,X	; 
A0:E16A  FF FF FF FF	SBC	$FF:FFFF,X	; 
A0:E16E  FF FF FF FF	SBC	$FF:FFFF,X	; 
A0:E172  FF FF FF FF	SBC	$FF:FFFF,X	; 
A0:E176  FF FF FF FF	SBC	$FF:FFFF,X	; 
A0:E17A  FF FF FF FF	SBC	$FF:FFFF,X	; 
A0:E17E  FF FF FF FF	SBC	$FF:FFFF,X	; 
A0:E182  FF FF FF FF	SBC	$FF:FFFF,X	; 
A0:E186  FF FF FF FF	SBC	$FF:FFFF,X	; 
A0:E18A  FF FF FF FF	SBC	$FF:FFFF,X	; 
A0:E18E  FF FF FF FF	SBC	$FF:FFFF,X	; 
A0:E192  FF FF FF FF	SBC	$FF:FFFF,X	; 
A0:E196  FF FF FF FF	SBC	$FF:FFFF,X	; 
A0:E19A  FF FF FF FF	SBC	$FF:FFFF,X	; 
A0:E19E  FF FF FF FF	SBC	$FF:FFFF,X	; 
A0:E1A2  FF FF FF FF	SBC	$FF:FFFF,X	; 
A0:E1A6  FF FF FF FF	SBC	$FF:FFFF,X	; 
A0:E1AA  FF FF FF FF	SBC	$FF:FFFF,X	; 
A0:E1AE  FF FF FF FF	SBC	$FF:FFFF,X	; 
A0:E1B2  FF FF FF FF	SBC	$FF:FFFF,X	; 
A0:E1B6  FF FF FF FF	SBC	$FF:FFFF,X	; 
A0:E1BA  FF FF FF FF	SBC	$FF:FFFF,X	; 
A0:E1BE  FF FF FF FF	SBC	$FF:FFFF,X	; 
A0:E1C2  FF FF FF FF	SBC	$FF:FFFF,X	; 
A0:E1C6  FF FF FF FF	SBC	$FF:FFFF,X	; 
A0:E1CA  FF FF FF FF	SBC	$FF:FFFF,X	; 
A0:E1CE  FF FF FF FF	SBC	$FF:FFFF,X	; 
A0:E1D2  FF FF FF FF	SBC	$FF:FFFF,X	; 
A0:E1D6  FF FF FF FF	SBC	$FF:FFFF,X	; 
A0:E1DA  FF FF FF FF	SBC	$FF:FFFF,X	; 
A0:E1DE  FF FF FF FF	SBC	$FF:FFFF,X	; 
A0:E1E2  FF FF FF FF	SBC	$FF:FFFF,X	; 
A0:E1E6  FF FF FF FF	SBC	$FF:FFFF,X	; 
A0:E1EA  FF FF FF FF	SBC	$FF:FFFF,X	; 
A0:E1EE  FF FF FF FF	SBC	$FF:FFFF,X	; 
A0:E1F2  FF FF FF FF	SBC	$FF:FFFF,X	; 
A0:E1F6  FF FF FF FF	SBC	$FF:FFFF,X	; 
A0:E1FA  FF FF FF FF	SBC	$FF:FFFF,X	; 
A0:E1FE  FF FF FF FF	SBC	$FF:FFFF,X	; 
A0:E202  FF FF FF FF	SBC	$FF:FFFF,X	; 
A0:E206  FF FF FF FF	SBC	$FF:FFFF,X	; 
A0:E20A  FF FF FF FF	SBC	$FF:FFFF,X	; 
A0:E20E  FF FF FF FF	SBC	$FF:FFFF,X	; 
A0:E212  FF FF FF FF	SBC	$FF:FFFF,X	; 
A0:E216  FF FF FF FF	SBC	$FF:FFFF,X	; 
A0:E21A  FF FF FF FF	SBC	$FF:FFFF,X	; 
A0:E21E  FF FF FF FF	SBC	$FF:FFFF,X	; 
A0:E222  FF FF FF FF	SBC	$FF:FFFF,X	; 
A0:E226  FF FF FF FF	SBC	$FF:FFFF,X	; 
A0:E22A  FF FF FF FF	SBC	$FF:FFFF,X	; 
A0:E22E  FF FF FF FF	SBC	$FF:FFFF,X	; 
A0:E232  FF FF FF FF	SBC	$FF:FFFF,X	; 
A0:E236  FF FF FF FF	SBC	$FF:FFFF,X	; 
A0:E23A  FF FF FF FF	SBC	$FF:FFFF,X	; 
A0:E23E  FF FF FF FF	SBC	$FF:FFFF,X	; 
A0:E242  FF FF FF FF	SBC	$FF:FFFF,X	; 
A0:E246  FF FF FF FF	SBC	$FF:FFFF,X	; 
A0:E24A  FF FF FF FF	SBC	$FF:FFFF,X	; 
A0:E24E  FF FF FF FF	SBC	$FF:FFFF,X	; 
A0:E252  FF FF FF FF	SBC	$FF:FFFF,X	; 
A0:E256  FF FF FF FF	SBC	$FF:FFFF,X	; 
A0:E25A  FF FF FF FF	SBC	$FF:FFFF,X	; 
A0:E25E  FF FF FF FF	SBC	$FF:FFFF,X	; 
A0:E262  FF FF FF FF	SBC	$FF:FFFF,X	; 
A0:E266  FF FF FF FF	SBC	$FF:FFFF,X	; 
A0:E26A  FF FF FF FF	SBC	$FF:FFFF,X	; 
A0:E26E  FF FF FF FF	SBC	$FF:FFFF,X	; 
A0:E272  FF FF FF FF	SBC	$FF:FFFF,X	; 
A0:E276  FF FF FF FF	SBC	$FF:FFFF,X	; 
A0:E27A  FF FF FF FF	SBC	$FF:FFFF,X	; 
A0:E27E  FF FF FF FF	SBC	$FF:FFFF,X	; 
A0:E282  FF FF FF FF	SBC	$FF:FFFF,X	; 
A0:E286  FF FF FF FF	SBC	$FF:FFFF,X	; 
A0:E28A  FF FF FF FF	SBC	$FF:FFFF,X	; 
A0:E28E  FF FF FF FF	SBC	$FF:FFFF,X	; 
A0:E292  FF FF FF FF	SBC	$FF:FFFF,X	; 
A0:E296  FF FF FF FF	SBC	$FF:FFFF,X	; 
A0:E29A  FF FF FF FF	SBC	$FF:FFFF,X	; 
A0:E29E  FF FF FF FF	SBC	$FF:FFFF,X	; 
A0:E2A2  FF FF FF FF	SBC	$FF:FFFF,X	; 
A0:E2A6  FF FF FF FF	SBC	$FF:FFFF,X	; 
A0:E2AA  FF FF FF FF	SBC	$FF:FFFF,X	; 
A0:E2AE  FF FF FF FF	SBC	$FF:FFFF,X	; 
A0:E2B2  FF FF FF FF	SBC	$FF:FFFF,X	; 
A0:E2B6  FF FF FF FF	SBC	$FF:FFFF,X	; 
A0:E2BA  FF FF FF FF	SBC	$FF:FFFF,X	; 
A0:E2BE  FF FF FF FF	SBC	$FF:FFFF,X	; 
A0:E2C2  FF FF FF FF	SBC	$FF:FFFF,X	; 
A0:E2C6  FF FF FF FF	SBC	$FF:FFFF,X	; 
A0:E2CA  FF FF FF FF	SBC	$FF:FFFF,X	; 
A0:E2CE  FF FF FF FF	SBC	$FF:FFFF,X	; 
A0:E2D2  FF FF FF FF	SBC	$FF:FFFF,X	; 
A0:E2D6  FF FF FF FF	SBC	$FF:FFFF,X	; 
A0:E2DA  FF FF FF FF	SBC	$FF:FFFF,X	; 
A0:E2DE  FF FF FF FF	SBC	$FF:FFFF,X	; 
A0:E2E2  FF FF FF FF	SBC	$FF:FFFF,X	; 
A0:E2E6  FF FF FF FF	SBC	$FF:FFFF,X	; 
A0:E2EA  FF FF FF FF	SBC	$FF:FFFF,X	; 
A0:E2EE  FF FF FF FF	SBC	$FF:FFFF,X	; 
A0:E2F2  FF FF FF FF	SBC	$FF:FFFF,X	; 
A0:E2F6  FF FF FF FF	SBC	$FF:FFFF,X	; 
A0:E2FA  FF FF FF FF	SBC	$FF:FFFF,X	; 
A0:E2FE  FF FF FF FF	SBC	$FF:FFFF,X	; 
A0:E302  FF FF FF FF	SBC	$FF:FFFF,X	; 
A0:E306  FF FF FF FF	SBC	$FF:FFFF,X	; 
A0:E30A  FF FF FF FF	SBC	$FF:FFFF,X	; 
A0:E30E  FF FF FF FF	SBC	$FF:FFFF,X	; 
A0:E312  FF FF FF FF	SBC	$FF:FFFF,X	; 
A0:E316  FF FF FF FF	SBC	$FF:FFFF,X	; 
A0:E31A  FF FF FF FF	SBC	$FF:FFFF,X	; 
A0:E31E  FF FF FF FF	SBC	$FF:FFFF,X	; 
A0:E322  FF FF FF FF	SBC	$FF:FFFF,X	; 
A0:E326  FF FF FF FF	SBC	$FF:FFFF,X	; 
A0:E32A  FF FF FF FF	SBC	$FF:FFFF,X	; 
A0:E32E  FF FF FF FF	SBC	$FF:FFFF,X	; 
A0:E332  FF FF FF FF	SBC	$FF:FFFF,X	; 
A0:E336  FF FF FF FF	SBC	$FF:FFFF,X	; 
A0:E33A  FF FF FF FF	SBC	$FF:FFFF,X	; 
A0:E33E  FF FF FF FF	SBC	$FF:FFFF,X	; 
A0:E342  FF FF FF FF	SBC	$FF:FFFF,X	; 
A0:E346  FF FF FF FF	SBC	$FF:FFFF,X	; 
A0:E34A  FF FF FF FF	SBC	$FF:FFFF,X	; 
A0:E34E  FF FF FF FF	SBC	$FF:FFFF,X	; 
A0:E352  FF FF FF FF	SBC	$FF:FFFF,X	; 
A0:E356  FF FF FF FF	SBC	$FF:FFFF,X	; 
A0:E35A  FF FF FF FF	SBC	$FF:FFFF,X	; 
A0:E35E  FF FF FF FF	SBC	$FF:FFFF,X	; 
A0:E362  FF FF FF FF	SBC	$FF:FFFF,X	; 
A0:E366  FF FF FF FF	SBC	$FF:FFFF,X	; 
A0:E36A  FF FF FF FF	SBC	$FF:FFFF,X	; 
A0:E36E  FF FF FF FF	SBC	$FF:FFFF,X	; 
A0:E372  FF FF FF FF	SBC	$FF:FFFF,X	; 
A0:E376  FF FF FF FF	SBC	$FF:FFFF,X	; 
A0:E37A  FF FF FF FF	SBC	$FF:FFFF,X	; 
A0:E37E  FF FF FF FF	SBC	$FF:FFFF,X	; 
A0:E382  FF FF FF FF	SBC	$FF:FFFF,X	; 
A0:E386  FF FF FF FF	SBC	$FF:FFFF,X	; 
A0:E38A  FF FF FF FF	SBC	$FF:FFFF,X	; 
A0:E38E  FF FF FF FF	SBC	$FF:FFFF,X	; 
A0:E392  FF FF FF FF	SBC	$FF:FFFF,X	; 
A0:E396  FF FF FF FF	SBC	$FF:FFFF,X	; 
A0:E39A  FF FF FF FF	SBC	$FF:FFFF,X	; 
A0:E39E  FF FF FF FF	SBC	$FF:FFFF,X	; 
A0:E3A2  FF FF FF FF	SBC	$FF:FFFF,X	; 
A0:E3A6  FF FF FF FF	SBC	$FF:FFFF,X	; 
A0:E3AA  FF FF FF FF	SBC	$FF:FFFF,X	; 
A0:E3AE  FF FF FF FF	SBC	$FF:FFFF,X	; 
A0:E3B2  FF FF FF FF	SBC	$FF:FFFF,X	; 
A0:E3B6  FF FF FF FF	SBC	$FF:FFFF,X	; 
A0:E3BA  FF FF FF FF	SBC	$FF:FFFF,X	; 
A0:E3BE  FF FF FF FF	SBC	$FF:FFFF,X	; 
A0:E3C2  FF FF FF FF	SBC	$FF:FFFF,X	; 
A0:E3C6  FF FF FF FF	SBC	$FF:FFFF,X	; 
A0:E3CA  FF FF FF FF	SBC	$FF:FFFF,X	; 
A0:E3CE  FF FF FF FF	SBC	$FF:FFFF,X	; 
A0:E3D2  FF FF FF FF	SBC	$FF:FFFF,X	; 
A0:E3D6  FF FF FF FF	SBC	$FF:FFFF,X	; 
A0:E3DA  FF FF FF FF	SBC	$FF:FFFF,X	; 
A0:E3DE  FF FF FF FF	SBC	$FF:FFFF,X	; 
A0:E3E2  FF FF FF FF	SBC	$FF:FFFF,X	; 
A0:E3E6  FF FF FF FF	SBC	$FF:FFFF,X	; 
A0:E3EA  FF FF FF FF	SBC	$FF:FFFF,X	; 
A0:E3EE  FF FF FF FF	SBC	$FF:FFFF,X	; 
A0:E3F2  FF FF FF FF	SBC	$FF:FFFF,X	; 
A0:E3F6  FF FF FF FF	SBC	$FF:FFFF,X	; 
A0:E3FA  FF FF FF FF	SBC	$FF:FFFF,X	; 
A0:E3FE  FF FF FF FF	SBC	$FF:FFFF,X	; 
A0:E402  FF FF FF FF	SBC	$FF:FFFF,X	; 
A0:E406  FF FF FF FF	SBC	$FF:FFFF,X	; 
A0:E40A  FF FF FF FF	SBC	$FF:FFFF,X	; 
A0:E40E  FF FF FF FF	SBC	$FF:FFFF,X	; 
A0:E412  FF FF FF FF	SBC	$FF:FFFF,X	; 
A0:E416  FF FF FF FF	SBC	$FF:FFFF,X	; 
A0:E41A  FF FF FF FF	SBC	$FF:FFFF,X	; 
A0:E41E  FF FF FF FF	SBC	$FF:FFFF,X	; 
A0:E422  FF FF FF FF	SBC	$FF:FFFF,X	; 
A0:E426  FF FF FF FF	SBC	$FF:FFFF,X	; 
A0:E42A  FF FF FF FF	SBC	$FF:FFFF,X	; 
A0:E42E  FF FF FF FF	SBC	$FF:FFFF,X	; 
A0:E432  FF FF FF FF	SBC	$FF:FFFF,X	; 
A0:E436  FF FF FF FF	SBC	$FF:FFFF,X	; 
A0:E43A  FF FF FF FF	SBC	$FF:FFFF,X	; 
A0:E43E  FF FF FF FF	SBC	$FF:FFFF,X	; 
A0:E442  FF FF FF FF	SBC	$FF:FFFF,X	; 
A0:E446  FF FF FF FF	SBC	$FF:FFFF,X	; 
A0:E44A  FF FF FF FF	SBC	$FF:FFFF,X	; 
A0:E44E  FF FF FF FF	SBC	$FF:FFFF,X	; 
A0:E452  FF FF FF FF	SBC	$FF:FFFF,X	; 
A0:E456  FF FF FF FF	SBC	$FF:FFFF,X	; 
A0:E45A  FF FF FF FF	SBC	$FF:FFFF,X	; 
A0:E45E  FF FF FF FF	SBC	$FF:FFFF,X	; 
A0:E462  FF FF FF FF	SBC	$FF:FFFF,X	; 
A0:E466  FF FF FF FF	SBC	$FF:FFFF,X	; 
A0:E46A  FF FF FF FF	SBC	$FF:FFFF,X	; 
A0:E46E  FF FF FF FF	SBC	$FF:FFFF,X	; 
A0:E472  FF FF FF FF	SBC	$FF:FFFF,X	; 
A0:E476  FF FF FF FF	SBC	$FF:FFFF,X	; 
A0:E47A  FF FF FF FF	SBC	$FF:FFFF,X	; 
A0:E47E  FF FF FF FF	SBC	$FF:FFFF,X	; 
A0:E482  FF FF FF FF	SBC	$FF:FFFF,X	; 
A0:E486  FF FF FF FF	SBC	$FF:FFFF,X	; 
A0:E48A  FF FF FF FF	SBC	$FF:FFFF,X	; 
A0:E48E  FF FF FF FF	SBC	$FF:FFFF,X	; 
A0:E492  FF FF FF FF	SBC	$FF:FFFF,X	; 
A0:E496  FF FF FF FF	SBC	$FF:FFFF,X	; 
A0:E49A  FF FF FF FF	SBC	$FF:FFFF,X	; 
A0:E49E  FF FF FF FF	SBC	$FF:FFFF,X	; 
A0:E4A2  FF FF FF FF	SBC	$FF:FFFF,X	; 
A0:E4A6  FF FF FF FF	SBC	$FF:FFFF,X	; 
A0:E4AA  FF FF FF FF	SBC	$FF:FFFF,X	; 
A0:E4AE  FF FF FF FF	SBC	$FF:FFFF,X	; 
A0:E4B2  FF FF FF FF	SBC	$FF:FFFF,X	; 
A0:E4B6  FF FF FF FF	SBC	$FF:FFFF,X	; 
A0:E4BA  FF FF FF FF	SBC	$FF:FFFF,X	; 
A0:E4BE  FF FF FF FF	SBC	$FF:FFFF,X	; 
A0:E4C2  FF FF FF FF	SBC	$FF:FFFF,X	; 
A0:E4C6  FF FF FF FF	SBC	$FF:FFFF,X	; 
A0:E4CA  FF FF FF FF	SBC	$FF:FFFF,X	; 
A0:E4CE  FF FF FF FF	SBC	$FF:FFFF,X	; 
A0:E4D2  FF FF FF FF	SBC	$FF:FFFF,X	; 
A0:E4D6  FF FF FF FF	SBC	$FF:FFFF,X	; 
A0:E4DA  FF FF FF FF	SBC	$FF:FFFF,X	; 
A0:E4DE  FF FF FF FF	SBC	$FF:FFFF,X	; 
A0:E4E2  FF FF FF FF	SBC	$FF:FFFF,X	; 
A0:E4E6  FF FF FF FF	SBC	$FF:FFFF,X	; 
A0:E4EA  FF FF FF FF	SBC	$FF:FFFF,X	; 
A0:E4EE  FF FF FF FF	SBC	$FF:FFFF,X	; 
A0:E4F2  FF FF FF FF	SBC	$FF:FFFF,X	; 
A0:E4F6  FF FF FF FF	SBC	$FF:FFFF,X	; 
A0:E4FA  FF FF FF FF	SBC	$FF:FFFF,X	; 
A0:E4FE  FF FF FF FF	SBC	$FF:FFFF,X	; 
A0:E502  FF FF FF FF	SBC	$FF:FFFF,X	; 
A0:E506  FF FF FF FF	SBC	$FF:FFFF,X	; 
A0:E50A  FF FF FF FF	SBC	$FF:FFFF,X	; 
A0:E50E  FF FF FF FF	SBC	$FF:FFFF,X	; 
A0:E512  FF FF FF FF	SBC	$FF:FFFF,X	; 
A0:E516  FF FF FF FF	SBC	$FF:FFFF,X	; 
A0:E51A  FF FF FF FF	SBC	$FF:FFFF,X	; 
A0:E51E  FF FF FF FF	SBC	$FF:FFFF,X	; 
A0:E522  FF FF FF FF	SBC	$FF:FFFF,X	; 
A0:E526  FF FF FF FF	SBC	$FF:FFFF,X	; 
A0:E52A  FF FF FF FF	SBC	$FF:FFFF,X	; 
A0:E52E  FF FF FF FF	SBC	$FF:FFFF,X	; 
A0:E532  FF FF FF FF	SBC	$FF:FFFF,X	; 
A0:E536  FF FF FF FF	SBC	$FF:FFFF,X	; 
A0:E53A  FF FF FF FF	SBC	$FF:FFFF,X	; 
A0:E53E  FF FF FF FF	SBC	$FF:FFFF,X	; 
A0:E542  FF FF FF FF	SBC	$FF:FFFF,X	; 
A0:E546  FF FF FF FF	SBC	$FF:FFFF,X	; 
A0:E54A  FF FF FF FF	SBC	$FF:FFFF,X	; 
A0:E54E  FF FF FF FF	SBC	$FF:FFFF,X	; 
A0:E552  FF FF FF FF	SBC	$FF:FFFF,X	; 
A0:E556  FF FF FF FF	SBC	$FF:FFFF,X	; 
A0:E55A  FF FF FF FF	SBC	$FF:FFFF,X	; 
A0:E55E  FF FF FF FF	SBC	$FF:FFFF,X	; 
A0:E562  FF FF FF FF	SBC	$FF:FFFF,X	; 
A0:E566  FF FF FF FF	SBC	$FF:FFFF,X	; 
A0:E56A  FF FF FF FF	SBC	$FF:FFFF,X	; 
A0:E56E  FF FF FF FF	SBC	$FF:FFFF,X	; 
A0:E572  FF FF FF FF	SBC	$FF:FFFF,X	; 
A0:E576  FF FF FF FF	SBC	$FF:FFFF,X	; 
A0:E57A  FF FF FF FF	SBC	$FF:FFFF,X	; 
A0:E57E  FF FF FF FF	SBC	$FF:FFFF,X	; 
A0:E582  FF FF FF FF	SBC	$FF:FFFF,X	; 
A0:E586  FF FF FF FF	SBC	$FF:FFFF,X	; 
A0:E58A  FF FF FF FF	SBC	$FF:FFFF,X	; 
A0:E58E  FF FF FF FF	SBC	$FF:FFFF,X	; 
A0:E592  FF FF FF FF	SBC	$FF:FFFF,X	; 
A0:E596  FF FF FF FF	SBC	$FF:FFFF,X	; 
A0:E59A  FF FF FF FF	SBC	$FF:FFFF,X	; 
A0:E59E  FF FF FF FF	SBC	$FF:FFFF,X	; 
A0:E5A2  FF FF FF FF	SBC	$FF:FFFF,X	; 
A0:E5A6  FF FF FF FF	SBC	$FF:FFFF,X	; 
A0:E5AA  FF FF FF FF	SBC	$FF:FFFF,X	; 
A0:E5AE  FF FF FF FF	SBC	$FF:FFFF,X	; 
A0:E5B2  FF FF FF FF	SBC	$FF:FFFF,X	; 
A0:E5B6  FF FF FF FF	SBC	$FF:FFFF,X	; 
A0:E5BA  FF FF FF FF	SBC	$FF:FFFF,X	; 
A0:E5BE  FF FF FF FF	SBC	$FF:FFFF,X	; 
A0:E5C2  FF FF FF FF	SBC	$FF:FFFF,X	; 
A0:E5C6  FF FF FF FF	SBC	$FF:FFFF,X	; 
A0:E5CA  FF FF FF FF	SBC	$FF:FFFF,X	; 
A0:E5CE  FF FF FF FF	SBC	$FF:FFFF,X	; 
A0:E5D2  FF FF FF FF	SBC	$FF:FFFF,X	; 
A0:E5D6  FF FF FF FF	SBC	$FF:FFFF,X	; 
A0:E5DA  FF FF FF FF	SBC	$FF:FFFF,X	; 
A0:E5DE  FF FF FF FF	SBC	$FF:FFFF,X	; 
A0:E5E2  FF FF FF FF	SBC	$FF:FFFF,X	; 
A0:E5E6  FF FF FF FF	SBC	$FF:FFFF,X	; 
A0:E5EA  FF FF FF FF	SBC	$FF:FFFF,X	; 
A0:E5EE  FF FF FF FF	SBC	$FF:FFFF,X	; 
A0:E5F2  FF FF FF FF	SBC	$FF:FFFF,X	; 
A0:E5F6  FF FF FF FF	SBC	$FF:FFFF,X	; 
A0:E5FA  FF FF FF FF	SBC	$FF:FFFF,X	; 
A0:E5FE  FF FF FF FF	SBC	$FF:FFFF,X	; 
A0:E602  FF FF FF FF	SBC	$FF:FFFF,X	; 
A0:E606  FF FF FF FF	SBC	$FF:FFFF,X	; 
A0:E60A  FF FF FF FF	SBC	$FF:FFFF,X	; 
A0:E60E  FF FF FF FF	SBC	$FF:FFFF,X	; 
A0:E612  FF FF FF FF	SBC	$FF:FFFF,X	; 
A0:E616  FF FF FF FF	SBC	$FF:FFFF,X	; 
A0:E61A  FF FF FF FF	SBC	$FF:FFFF,X	; 
A0:E61E  FF FF FF FF	SBC	$FF:FFFF,X	; 
A0:E622  FF FF FF FF	SBC	$FF:FFFF,X	; 
A0:E626  FF FF FF FF	SBC	$FF:FFFF,X	; 
A0:E62A  FF FF FF FF	SBC	$FF:FFFF,X	; 
A0:E62E  FF FF FF FF	SBC	$FF:FFFF,X	; 
A0:E632  FF FF FF FF	SBC	$FF:FFFF,X	; 
A0:E636  FF FF FF FF	SBC	$FF:FFFF,X	; 
A0:E63A  FF FF FF FF	SBC	$FF:FFFF,X	; 
A0:E63E  FF FF FF FF	SBC	$FF:FFFF,X	; 
A0:E642  FF FF FF FF	SBC	$FF:FFFF,X	; 
A0:E646  FF FF FF FF	SBC	$FF:FFFF,X	; 
A0:E64A  FF FF FF FF	SBC	$FF:FFFF,X	; 
A0:E64E  FF FF FF FF	SBC	$FF:FFFF,X	; 
A0:E652  FF FF FF FF	SBC	$FF:FFFF,X	; 
A0:E656  FF FF FF FF	SBC	$FF:FFFF,X	; 
A0:E65A  FF FF FF FF	SBC	$FF:FFFF,X	; 
A0:E65E  FF FF FF FF	SBC	$FF:FFFF,X	; 
A0:E662  FF FF FF FF	SBC	$FF:FFFF,X	; 
A0:E666  FF FF FF FF	SBC	$FF:FFFF,X	; 
A0:E66A  FF FF FF FF	SBC	$FF:FFFF,X	; 
A0:E66E  FF FF FF FF	SBC	$FF:FFFF,X	; 
A0:E672  FF FF FF FF	SBC	$FF:FFFF,X	; 
A0:E676  FF FF FF FF	SBC	$FF:FFFF,X	; 
A0:E67A  FF FF FF FF	SBC	$FF:FFFF,X	; 
A0:E67E  FF FF FF FF	SBC	$FF:FFFF,X	; 
A0:E682  FF FF FF FF	SBC	$FF:FFFF,X	; 
A0:E686  FF FF FF FF	SBC	$FF:FFFF,X	; 
A0:E68A  FF FF FF FF	SBC	$FF:FFFF,X	; 
A0:E68E  FF FF FF FF	SBC	$FF:FFFF,X	; 
A0:E692  FF FF FF FF	SBC	$FF:FFFF,X	; 
A0:E696  FF FF FF FF	SBC	$FF:FFFF,X	; 
A0:E69A  FF FF FF FF	SBC	$FF:FFFF,X	; 
A0:E69E  FF FF FF FF	SBC	$FF:FFFF,X	; 
A0:E6A2  FF FF FF FF	SBC	$FF:FFFF,X	; 
A0:E6A6  FF FF FF FF	SBC	$FF:FFFF,X	; 
A0:E6AA  FF FF FF FF	SBC	$FF:FFFF,X	; 
A0:E6AE  FF FF FF FF	SBC	$FF:FFFF,X	; 
A0:E6B2  FF FF FF FF	SBC	$FF:FFFF,X	; 
A0:E6B6  FF FF FF FF	SBC	$FF:FFFF,X	; 
A0:E6BA  FF FF FF FF	SBC	$FF:FFFF,X	; 
A0:E6BE  FF FF FF FF	SBC	$FF:FFFF,X	; 
A0:E6C2  FF FF FF FF	SBC	$FF:FFFF,X	; 
A0:E6C6  FF FF FF FF	SBC	$FF:FFFF,X	; 
A0:E6CA  FF FF FF FF	SBC	$FF:FFFF,X	; 
A0:E6CE  FF FF FF FF	SBC	$FF:FFFF,X	; 
A0:E6D2  FF FF FF FF	SBC	$FF:FFFF,X	; 
A0:E6D6  FF FF FF FF	SBC	$FF:FFFF,X	; 
A0:E6DA  FF FF FF FF	SBC	$FF:FFFF,X	; 
A0:E6DE  FF FF FF FF	SBC	$FF:FFFF,X	; 
A0:E6E2  FF FF FF FF	SBC	$FF:FFFF,X	; 
A0:E6E6  FF FF FF FF	SBC	$FF:FFFF,X	; 
A0:E6EA  FF FF FF FF	SBC	$FF:FFFF,X	; 
A0:E6EE  FF FF FF FF	SBC	$FF:FFFF,X	; 
A0:E6F2  FF FF FF FF	SBC	$FF:FFFF,X	; 
A0:E6F6  FF FF FF FF	SBC	$FF:FFFF,X	; 
A0:E6FA  FF FF FF FF	SBC	$FF:FFFF,X	; 
A0:E6FE  FF FF FF FF	SBC	$FF:FFFF,X	; 
A0:E702  FF FF FF FF	SBC	$FF:FFFF,X	; 
A0:E706  FF FF FF FF	SBC	$FF:FFFF,X	; 
A0:E70A  FF FF FF FF	SBC	$FF:FFFF,X	; 
A0:E70E  FF FF FF FF	SBC	$FF:FFFF,X	; 
A0:E712  FF FF FF FF	SBC	$FF:FFFF,X	; 
A0:E716  FF FF FF FF	SBC	$FF:FFFF,X	; 
A0:E71A  FF FF FF FF	SBC	$FF:FFFF,X	; 
A0:E71E  FF FF FF FF	SBC	$FF:FFFF,X	; 
A0:E722  FF FF FF FF	SBC	$FF:FFFF,X	; 
A0:E726  FF FF FF FF	SBC	$FF:FFFF,X	; 
A0:E72A  FF FF FF FF	SBC	$FF:FFFF,X	; 
A0:E72E  FF FF FF FF	SBC	$FF:FFFF,X	; 
A0:E732  FF FF FF FF	SBC	$FF:FFFF,X	; 
A0:E736  FF FF FF FF	SBC	$FF:FFFF,X	; 
A0:E73A  FF FF FF FF	SBC	$FF:FFFF,X	; 
A0:E73E  FF FF FF FF	SBC	$FF:FFFF,X	; 
A0:E742  FF FF FF FF	SBC	$FF:FFFF,X	; 
A0:E746  FF FF FF FF	SBC	$FF:FFFF,X	; 
A0:E74A  FF FF FF FF	SBC	$FF:FFFF,X	; 
A0:E74E  FF FF FF FF	SBC	$FF:FFFF,X	; 
A0:E752  FF FF FF FF	SBC	$FF:FFFF,X	; 
A0:E756  FF FF FF FF	SBC	$FF:FFFF,X	; 
A0:E75A  FF FF FF FF	SBC	$FF:FFFF,X	; 
A0:E75E  FF FF FF FF	SBC	$FF:FFFF,X	; 
A0:E762  FF FF FF FF	SBC	$FF:FFFF,X	; 
A0:E766  FF FF FF FF	SBC	$FF:FFFF,X	; 
A0:E76A  FF FF FF FF	SBC	$FF:FFFF,X	; 
A0:E76E  FF FF FF FF	SBC	$FF:FFFF,X	; 
A0:E772  FF FF FF FF	SBC	$FF:FFFF,X	; 
A0:E776  FF FF FF FF	SBC	$FF:FFFF,X	; 
A0:E77A  FF FF FF FF	SBC	$FF:FFFF,X	; 
A0:E77E  FF FF FF FF	SBC	$FF:FFFF,X	; 
A0:E782  FF FF FF FF	SBC	$FF:FFFF,X	; 
A0:E786  FF FF FF FF	SBC	$FF:FFFF,X	; 
A0:E78A  FF FF FF FF	SBC	$FF:FFFF,X	; 
A0:E78E  FF FF FF FF	SBC	$FF:FFFF,X	; 
A0:E792  FF FF FF FF	SBC	$FF:FFFF,X	; 
A0:E796  FF FF FF FF	SBC	$FF:FFFF,X	; 
A0:E79A  FF FF FF FF	SBC	$FF:FFFF,X	; 
A0:E79E  FF FF FF FF	SBC	$FF:FFFF,X	; 
A0:E7A2  FF FF FF FF	SBC	$FF:FFFF,X	; 
A0:E7A6  FF FF FF FF	SBC	$FF:FFFF,X	; 
A0:E7AA  FF FF FF FF	SBC	$FF:FFFF,X	; 
A0:E7AE  FF FF FF FF	SBC	$FF:FFFF,X	; 
A0:E7B2  FF FF FF FF	SBC	$FF:FFFF,X	; 
A0:E7B6  FF FF FF FF	SBC	$FF:FFFF,X	; 
A0:E7BA  FF FF FF FF	SBC	$FF:FFFF,X	; 
A0:E7BE  FF FF FF FF	SBC	$FF:FFFF,X	; 
A0:E7C2  FF FF FF FF	SBC	$FF:FFFF,X	; 
A0:E7C6  FF FF FF FF	SBC	$FF:FFFF,X	; 
A0:E7CA  FF FF FF FF	SBC	$FF:FFFF,X	; 
A0:E7CE  FF FF FF FF	SBC	$FF:FFFF,X	; 
A0:E7D2  FF FF FF FF	SBC	$FF:FFFF,X	; 
A0:E7D6  FF FF FF FF	SBC	$FF:FFFF,X	; 
A0:E7DA  FF FF FF FF	SBC	$FF:FFFF,X	; 
A0:E7DE  FF FF FF FF	SBC	$FF:FFFF,X	; 
A0:E7E2  FF FF FF FF	SBC	$FF:FFFF,X	; 
A0:E7E6  FF FF FF FF	SBC	$FF:FFFF,X	; 
A0:E7EA  FF FF FF FF	SBC	$FF:FFFF,X	; 
A0:E7EE  FF FF FF FF	SBC	$FF:FFFF,X	; 
A0:E7F2  FF FF FF FF	SBC	$FF:FFFF,X	; 
A0:E7F6  FF FF FF FF	SBC	$FF:FFFF,X	; 
A0:E7FA  FF FF FF FF	SBC	$FF:FFFF,X	; 
A0:E7FE  FF FF FF FF	SBC	$FF:FFFF,X	; 
A0:E802  FF FF FF FF	SBC	$FF:FFFF,X	; 
A0:E806  FF FF FF FF	SBC	$FF:FFFF,X	; 
A0:E80A  FF FF FF FF	SBC	$FF:FFFF,X	; 
A0:E80E  FF FF FF FF	SBC	$FF:FFFF,X	; 
A0:E812  FF FF FF FF	SBC	$FF:FFFF,X	; 
A0:E816  FF FF FF FF	SBC	$FF:FFFF,X	; 
A0:E81A  FF FF FF FF	SBC	$FF:FFFF,X	; 
A0:E81E  FF FF FF FF	SBC	$FF:FFFF,X	; 
A0:E822  FF FF FF FF	SBC	$FF:FFFF,X	; 
A0:E826  FF FF FF FF	SBC	$FF:FFFF,X	; 
A0:E82A  FF FF FF FF	SBC	$FF:FFFF,X	; 
A0:E82E  FF FF FF FF	SBC	$FF:FFFF,X	; 
A0:E832  FF FF FF FF	SBC	$FF:FFFF,X	; 
A0:E836  FF FF FF FF	SBC	$FF:FFFF,X	; 
A0:E83A  FF FF FF FF	SBC	$FF:FFFF,X	; 
A0:E83E  FF FF FF FF	SBC	$FF:FFFF,X	; 
A0:E842  FF FF FF FF	SBC	$FF:FFFF,X	; 
A0:E846  FF FF FF FF	SBC	$FF:FFFF,X	; 
A0:E84A  FF FF FF FF	SBC	$FF:FFFF,X	; 
A0:E84E  FF FF FF FF	SBC	$FF:FFFF,X	; 
A0:E852  FF FF FF FF	SBC	$FF:FFFF,X	; 
A0:E856  FF FF FF FF	SBC	$FF:FFFF,X	; 
A0:E85A  FF FF FF FF	SBC	$FF:FFFF,X	; 
A0:E85E  FF FF FF FF	SBC	$FF:FFFF,X	; 
A0:E862  FF FF FF FF	SBC	$FF:FFFF,X	; 
A0:E866  FF FF FF FF	SBC	$FF:FFFF,X	; 
A0:E86A  FF FF FF FF	SBC	$FF:FFFF,X	; 
A0:E86E  FF FF FF FF	SBC	$FF:FFFF,X	; 
A0:E872  FF FF FF FF	SBC	$FF:FFFF,X	; 
A0:E876  FF FF FF FF	SBC	$FF:FFFF,X	; 
A0:E87A  FF FF FF FF	SBC	$FF:FFFF,X	; 
A0:E87E  FF FF FF FF	SBC	$FF:FFFF,X	; 
A0:E882  FF FF FF FF	SBC	$FF:FFFF,X	; 
A0:E886  FF FF FF FF	SBC	$FF:FFFF,X	; 
A0:E88A  FF FF FF FF	SBC	$FF:FFFF,X	; 
A0:E88E  FF FF FF FF	SBC	$FF:FFFF,X	; 
A0:E892  FF FF FF FF	SBC	$FF:FFFF,X	; 
A0:E896  FF FF FF FF	SBC	$FF:FFFF,X	; 
A0:E89A  FF FF FF FF	SBC	$FF:FFFF,X	; 
A0:E89E  FF FF FF FF	SBC	$FF:FFFF,X	; 
A0:E8A2  FF FF FF FF	SBC	$FF:FFFF,X	; 
A0:E8A6  FF FF FF FF	SBC	$FF:FFFF,X	; 
A0:E8AA  FF FF FF FF	SBC	$FF:FFFF,X	; 
A0:E8AE  FF FF FF FF	SBC	$FF:FFFF,X	; 
A0:E8B2  FF FF FF FF	SBC	$FF:FFFF,X	; 
A0:E8B6  FF FF FF FF	SBC	$FF:FFFF,X	; 
A0:E8BA  FF FF FF FF	SBC	$FF:FFFF,X	; 
A0:E8BE  FF FF FF FF	SBC	$FF:FFFF,X	; 
A0:E8C2  FF FF FF FF	SBC	$FF:FFFF,X	; 
A0:E8C6  FF FF FF FF	SBC	$FF:FFFF,X	; 
A0:E8CA  FF FF FF FF	SBC	$FF:FFFF,X	; 
A0:E8CE  FF FF FF FF	SBC	$FF:FFFF,X	; 
A0:E8D2  FF FF FF FF	SBC	$FF:FFFF,X	; 
A0:E8D6  FF FF FF FF	SBC	$FF:FFFF,X	; 
A0:E8DA  FF FF FF FF	SBC	$FF:FFFF,X	; 
A0:E8DE  FF FF FF FF	SBC	$FF:FFFF,X	; 
A0:E8E2  FF FF FF FF	SBC	$FF:FFFF,X	; 
A0:E8E6  FF FF FF FF	SBC	$FF:FFFF,X	; 
A0:E8EA  FF FF FF FF	SBC	$FF:FFFF,X	; 
A0:E8EE  FF FF FF FF	SBC	$FF:FFFF,X	; 
A0:E8F2  FF FF FF FF	SBC	$FF:FFFF,X	; 
A0:E8F6  FF FF FF FF	SBC	$FF:FFFF,X	; 
A0:E8FA  FF FF FF FF	SBC	$FF:FFFF,X	; 
A0:E8FE  FF FF FF FF	SBC	$FF:FFFF,X	; 
A0:E902  FF FF FF FF	SBC	$FF:FFFF,X	; 
A0:E906  FF FF FF FF	SBC	$FF:FFFF,X	; 
A0:E90A  FF FF FF FF	SBC	$FF:FFFF,X	; 
A0:E90E  FF FF FF FF	SBC	$FF:FFFF,X	; 
A0:E912  FF FF FF FF	SBC	$FF:FFFF,X	; 
A0:E916  FF FF FF FF	SBC	$FF:FFFF,X	; 
A0:E91A  FF FF FF FF	SBC	$FF:FFFF,X	; 
A0:E91E  FF FF FF FF	SBC	$FF:FFFF,X	; 
A0:E922  FF FF FF FF	SBC	$FF:FFFF,X	; 
A0:E926  FF FF FF FF	SBC	$FF:FFFF,X	; 
A0:E92A  FF FF FF FF	SBC	$FF:FFFF,X	; 
A0:E92E  FF FF FF FF	SBC	$FF:FFFF,X	; 
A0:E932  FF FF FF FF	SBC	$FF:FFFF,X	; 
A0:E936  FF FF FF FF	SBC	$FF:FFFF,X	; 
A0:E93A  FF FF FF FF	SBC	$FF:FFFF,X	; 
A0:E93E  FF FF FF FF	SBC	$FF:FFFF,X	; 
A0:E942  FF FF FF FF	SBC	$FF:FFFF,X	; 
A0:E946  FF FF FF FF	SBC	$FF:FFFF,X	; 
A0:E94A  FF FF FF FF	SBC	$FF:FFFF,X	; 
A0:E94E  FF FF FF FF	SBC	$FF:FFFF,X	; 
A0:E952  FF FF FF FF	SBC	$FF:FFFF,X	; 
A0:E956  FF FF FF FF	SBC	$FF:FFFF,X	; 
A0:E95A  FF FF FF FF	SBC	$FF:FFFF,X	; 
A0:E95E  FF FF FF FF	SBC	$FF:FFFF,X	; 
A0:E962  FF FF FF FF	SBC	$FF:FFFF,X	; 
A0:E966  FF FF FF FF	SBC	$FF:FFFF,X	; 
A0:E96A  FF FF FF FF	SBC	$FF:FFFF,X	; 
A0:E96E  FF FF FF FF	SBC	$FF:FFFF,X	; 
A0:E972  FF FF FF FF	SBC	$FF:FFFF,X	; 
A0:E976  FF FF FF FF	SBC	$FF:FFFF,X	; 
A0:E97A  FF FF FF FF	SBC	$FF:FFFF,X	; 
A0:E97E  FF FF FF FF	SBC	$FF:FFFF,X	; 
A0:E982  FF FF FF FF	SBC	$FF:FFFF,X	; 
A0:E986  FF FF FF FF	SBC	$FF:FFFF,X	; 
A0:E98A  FF FF FF FF	SBC	$FF:FFFF,X	; 
A0:E98E  FF FF FF FF	SBC	$FF:FFFF,X	; 
A0:E992  FF FF FF FF	SBC	$FF:FFFF,X	; 
A0:E996  FF FF FF FF	SBC	$FF:FFFF,X	; 
A0:E99A  FF FF FF FF	SBC	$FF:FFFF,X	; 
A0:E99E  FF FF FF FF	SBC	$FF:FFFF,X	; 
A0:E9A2  FF FF FF FF	SBC	$FF:FFFF,X	; 
A0:E9A6  FF FF FF FF	SBC	$FF:FFFF,X	; 
A0:E9AA  FF FF FF FF	SBC	$FF:FFFF,X	; 
A0:E9AE  FF FF FF FF	SBC	$FF:FFFF,X	; 
A0:E9B2  FF FF FF FF	SBC	$FF:FFFF,X	; 
A0:E9B6  FF FF FF FF	SBC	$FF:FFFF,X	; 
A0:E9BA  FF FF FF FF	SBC	$FF:FFFF,X	; 
A0:E9BE  FF FF FF FF	SBC	$FF:FFFF,X	; 
A0:E9C2  FF FF FF FF	SBC	$FF:FFFF,X	; 
A0:E9C6  FF FF FF FF	SBC	$FF:FFFF,X	; 
A0:E9CA  FF FF FF FF	SBC	$FF:FFFF,X	; 
A0:E9CE  FF FF FF FF	SBC	$FF:FFFF,X	; 
A0:E9D2  FF FF FF FF	SBC	$FF:FFFF,X	; 
A0:E9D6  FF FF FF FF	SBC	$FF:FFFF,X	; 
A0:E9DA  FF FF FF FF	SBC	$FF:FFFF,X	; 
A0:E9DE  FF FF FF FF	SBC	$FF:FFFF,X	; 
A0:E9E2  FF FF FF FF	SBC	$FF:FFFF,X	; 
A0:E9E6  FF FF FF FF	SBC	$FF:FFFF,X	; 
A0:E9EA  FF FF FF FF	SBC	$FF:FFFF,X	; 
A0:E9EE  FF FF FF FF	SBC	$FF:FFFF,X	; 
A0:E9F2  FF FF FF FF	SBC	$FF:FFFF,X	; 
A0:E9F6  FF FF FF FF	SBC	$FF:FFFF,X	; 
A0:E9FA  FF FF FF FF	SBC	$FF:FFFF,X	; 
A0:E9FE  FF FF FF FF	SBC	$FF:FFFF,X	; 
A0:EA02  FF FF FF FF	SBC	$FF:FFFF,X	; 
A0:EA06  FF FF FF FF	SBC	$FF:FFFF,X	; 
A0:EA0A  FF FF FF FF	SBC	$FF:FFFF,X	; 
A0:EA0E  FF FF FF FF	SBC	$FF:FFFF,X	; 
A0:EA12  FF FF FF FF	SBC	$FF:FFFF,X	; 
A0:EA16  FF FF FF FF	SBC	$FF:FFFF,X	; 
A0:EA1A  FF FF FF FF	SBC	$FF:FFFF,X	; 
A0:EA1E  FF FF FF FF	SBC	$FF:FFFF,X	; 
A0:EA22  FF FF FF FF	SBC	$FF:FFFF,X	; 
A0:EA26  FF FF FF FF	SBC	$FF:FFFF,X	; 
A0:EA2A  FF FF FF FF	SBC	$FF:FFFF,X	; 
A0:EA2E  FF FF FF FF	SBC	$FF:FFFF,X	; 
A0:EA32  FF FF FF FF	SBC	$FF:FFFF,X	; 
A0:EA36  FF FF FF FF	SBC	$FF:FFFF,X	; 
A0:EA3A  FF FF FF FF	SBC	$FF:FFFF,X	; 
A0:EA3E  FF FF FF FF	SBC	$FF:FFFF,X	; 
A0:EA42  FF FF FF FF	SBC	$FF:FFFF,X	; 
A0:EA46  FF FF FF FF	SBC	$FF:FFFF,X	; 
A0:EA4A  FF FF FF FF	SBC	$FF:FFFF,X	; 
A0:EA4E  FF FF FF FF	SBC	$FF:FFFF,X	; 
A0:EA52  FF FF FF FF	SBC	$FF:FFFF,X	; 
A0:EA56  FF FF FF FF	SBC	$FF:FFFF,X	; 
A0:EA5A  FF FF FF FF	SBC	$FF:FFFF,X	; 
A0:EA5E  FF FF FF FF	SBC	$FF:FFFF,X	; 
A0:EA62  FF FF FF FF	SBC	$FF:FFFF,X	; 
A0:EA66  FF FF FF FF	SBC	$FF:FFFF,X	; 
A0:EA6A  FF FF FF FF	SBC	$FF:FFFF,X	; 
A0:EA6E  FF FF FF FF	SBC	$FF:FFFF,X	; 
A0:EA72  FF FF FF FF	SBC	$FF:FFFF,X	; 
A0:EA76  FF FF FF FF	SBC	$FF:FFFF,X	; 
A0:EA7A  FF FF FF FF	SBC	$FF:FFFF,X	; 
A0:EA7E  FF FF FF FF	SBC	$FF:FFFF,X	; 
A0:EA82  FF FF FF FF	SBC	$FF:FFFF,X	; 
A0:EA86  FF FF FF FF	SBC	$FF:FFFF,X	; 
A0:EA8A  FF FF FF FF	SBC	$FF:FFFF,X	; 
A0:EA8E  FF FF FF FF	SBC	$FF:FFFF,X	; 
A0:EA92  FF FF FF FF	SBC	$FF:FFFF,X	; 
A0:EA96  FF FF FF FF	SBC	$FF:FFFF,X	; 
A0:EA9A  FF FF FF FF	SBC	$FF:FFFF,X	; 
A0:EA9E  FF FF FF FF	SBC	$FF:FFFF,X	; 
A0:EAA2  FF FF FF FF	SBC	$FF:FFFF,X	; 
A0:EAA6  FF FF FF FF	SBC	$FF:FFFF,X	; 
A0:EAAA  FF FF FF FF	SBC	$FF:FFFF,X	; 
A0:EAAE  FF FF FF FF	SBC	$FF:FFFF,X	; 
A0:EAB2  FF FF FF FF	SBC	$FF:FFFF,X	; 
A0:EAB6  FF FF FF FF	SBC	$FF:FFFF,X	; 
A0:EABA  FF FF FF FF	SBC	$FF:FFFF,X	; 
A0:EABE  FF FF FF FF	SBC	$FF:FFFF,X	; 
A0:EAC2  FF FF FF FF	SBC	$FF:FFFF,X	; 
A0:EAC6  FF FF FF FF	SBC	$FF:FFFF,X	; 
A0:EACA  FF FF FF FF	SBC	$FF:FFFF,X	; 
A0:EACE  FF FF FF FF	SBC	$FF:FFFF,X	; 
A0:EAD2  FF FF FF FF	SBC	$FF:FFFF,X	; 
A0:EAD6  FF FF FF FF	SBC	$FF:FFFF,X	; 
A0:EADA  FF FF FF FF	SBC	$FF:FFFF,X	; 
A0:EADE  FF FF FF FF	SBC	$FF:FFFF,X	; 
A0:EAE2  FF FF FF FF	SBC	$FF:FFFF,X	; 
A0:EAE6  FF FF FF FF	SBC	$FF:FFFF,X	; 
A0:EAEA  FF FF FF FF	SBC	$FF:FFFF,X	; 
A0:EAEE  FF FF FF FF	SBC	$FF:FFFF,X	; 
A0:EAF2  FF FF FF FF	SBC	$FF:FFFF,X	; 
A0:EAF6  FF FF FF FF	SBC	$FF:FFFF,X	; 
A0:EAFA  FF FF FF FF	SBC	$FF:FFFF,X	; 
A0:EAFE  FF FF FF FF	SBC	$FF:FFFF,X	; 
A0:EB02  FF FF FF FF	SBC	$FF:FFFF,X	; 
A0:EB06  FF FF FF FF	SBC	$FF:FFFF,X	; 
A0:EB0A  FF FF FF FF	SBC	$FF:FFFF,X	; 
A0:EB0E  FF FF FF FF	SBC	$FF:FFFF,X	; 
A0:EB12  FF FF FF FF	SBC	$FF:FFFF,X	; 
A0:EB16  FF FF FF FF	SBC	$FF:FFFF,X	; 
A0:EB1A  FF FF FF FF	SBC	$FF:FFFF,X	; 
A0:EB1E  FF FF FF FF	SBC	$FF:FFFF,X	; 
A0:EB22  FF FF FF FF	SBC	$FF:FFFF,X	; 
A0:EB26  FF FF FF FF	SBC	$FF:FFFF,X	; 
A0:EB2A  FF FF FF FF	SBC	$FF:FFFF,X	; 
A0:EB2E  FF FF FF FF	SBC	$FF:FFFF,X	; 
A0:EB32  FF FF FF FF	SBC	$FF:FFFF,X	; 
A0:EB36  FF FF FF FF	SBC	$FF:FFFF,X	; 
A0:EB3A  FF FF FF FF	SBC	$FF:FFFF,X	; 
A0:EB3E  FF FF FF FF	SBC	$FF:FFFF,X	; 
A0:EB42  FF FF FF FF	SBC	$FF:FFFF,X	; 
A0:EB46  FF FF FF FF	SBC	$FF:FFFF,X	; 
A0:EB4A  FF FF FF FF	SBC	$FF:FFFF,X	; 
A0:EB4E  FF FF FF FF	SBC	$FF:FFFF,X	; 
A0:EB52  FF FF FF FF	SBC	$FF:FFFF,X	; 
A0:EB56  FF FF FF FF	SBC	$FF:FFFF,X	; 
A0:EB5A  FF FF FF FF	SBC	$FF:FFFF,X	; 
A0:EB5E  FF FF FF FF	SBC	$FF:FFFF,X	; 
A0:EB62  FF FF FF FF	SBC	$FF:FFFF,X	; 
A0:EB66  FF FF FF FF	SBC	$FF:FFFF,X	; 
A0:EB6A  FF FF FF FF	SBC	$FF:FFFF,X	; 
A0:EB6E  FF FF FF FF	SBC	$FF:FFFF,X	; 
A0:EB72  FF FF FF FF	SBC	$FF:FFFF,X	; 
A0:EB76  FF FF FF FF	SBC	$FF:FFFF,X	; 
A0:EB7A  FF FF FF FF	SBC	$FF:FFFF,X	; 
A0:EB7E  FF FF FF FF	SBC	$FF:FFFF,X	; 
A0:EB82  FF FF FF FF	SBC	$FF:FFFF,X	; 
A0:EB86  FF FF FF FF	SBC	$FF:FFFF,X	; 
A0:EB8A  FF FF FF FF	SBC	$FF:FFFF,X	; 
A0:EB8E  FF FF FF FF	SBC	$FF:FFFF,X	; 
A0:EB92  FF FF FF FF	SBC	$FF:FFFF,X	; 
A0:EB96  FF FF FF FF	SBC	$FF:FFFF,X	; 
A0:EB9A  FF FF FF FF	SBC	$FF:FFFF,X	; 
A0:EB9E  FF FF FF FF	SBC	$FF:FFFF,X	; 
A0:EBA2  FF FF FF FF	SBC	$FF:FFFF,X	; 
A0:EBA6  FF FF FF FF	SBC	$FF:FFFF,X	; 
A0:EBAA  FF FF FF FF	SBC	$FF:FFFF,X	; 
A0:EBAE  FF FF FF FF	SBC	$FF:FFFF,X	; 
A0:EBB2  FF FF FF FF	SBC	$FF:FFFF,X	; 
A0:EBB6  FF FF FF FF	SBC	$FF:FFFF,X	; 
A0:EBBA  FF FF FF FF	SBC	$FF:FFFF,X	; 
A0:EBBE  FF FF FF FF	SBC	$FF:FFFF,X	; 
A0:EBC2  FF FF FF FF	SBC	$FF:FFFF,X	; 
A0:EBC6  FF FF FF FF	SBC	$FF:FFFF,X	; 
A0:EBCA  FF FF FF FF	SBC	$FF:FFFF,X	; 
A0:EBCE  FF FF FF FF	SBC	$FF:FFFF,X	; 
A0:EBD2  FF FF FF FF	SBC	$FF:FFFF,X	; 
A0:EBD6  FF FF FF FF	SBC	$FF:FFFF,X	; 
A0:EBDA  FF FF FF FF	SBC	$FF:FFFF,X	; 
A0:EBDE  FF FF FF FF	SBC	$FF:FFFF,X	; 
A0:EBE2  FF FF FF FF	SBC	$FF:FFFF,X	; 
A0:EBE6  FF FF FF FF	SBC	$FF:FFFF,X	; 
A0:EBEA  FF FF FF FF	SBC	$FF:FFFF,X	; 
A0:EBEE  FF FF FF FF	SBC	$FF:FFFF,X	; 
A0:EBF2  FF FF FF FF	SBC	$FF:FFFF,X	; 
A0:EBF6  FF FF FF FF	SBC	$FF:FFFF,X	; 
A0:EBFA  FF FF FF FF	SBC	$FF:FFFF,X	; 
A0:EBFE  FF FF FF FF	SBC	$FF:FFFF,X	; 
A0:EC02  FF FF FF FF	SBC	$FF:FFFF,X	; 
A0:EC06  FF FF FF FF	SBC	$FF:FFFF,X	; 
A0:EC0A  FF FF FF FF	SBC	$FF:FFFF,X	; 
A0:EC0E  FF FF FF FF	SBC	$FF:FFFF,X	; 
A0:EC12  FF FF FF FF	SBC	$FF:FFFF,X	; 
A0:EC16  FF FF FF FF	SBC	$FF:FFFF,X	; 
A0:EC1A  FF FF FF FF	SBC	$FF:FFFF,X	; 
A0:EC1E  FF FF FF FF	SBC	$FF:FFFF,X	; 
A0:EC22  FF FF FF FF	SBC	$FF:FFFF,X	; 
A0:EC26  FF FF FF FF	SBC	$FF:FFFF,X	; 
A0:EC2A  FF FF FF FF	SBC	$FF:FFFF,X	; 
A0:EC2E  FF FF FF FF	SBC	$FF:FFFF,X	; 
A0:EC32  FF FF FF FF	SBC	$FF:FFFF,X	; 
A0:EC36  FF FF FF FF	SBC	$FF:FFFF,X	; 
A0:EC3A  FF FF FF FF	SBC	$FF:FFFF,X	; 
A0:EC3E  FF FF FF FF	SBC	$FF:FFFF,X	; 
A0:EC42  FF FF FF FF	SBC	$FF:FFFF,X	; 
A0:EC46  FF FF FF FF	SBC	$FF:FFFF,X	; 
A0:EC4A  FF FF FF FF	SBC	$FF:FFFF,X	; 
A0:EC4E  FF FF FF FF	SBC	$FF:FFFF,X	; 
A0:EC52  FF FF FF FF	SBC	$FF:FFFF,X	; 
A0:EC56  FF FF FF FF	SBC	$FF:FFFF,X	; 
A0:EC5A  FF FF FF FF	SBC	$FF:FFFF,X	; 
A0:EC5E  FF FF FF FF	SBC	$FF:FFFF,X	; 
A0:EC62  FF FF FF FF	SBC	$FF:FFFF,X	; 
A0:EC66  FF FF FF FF	SBC	$FF:FFFF,X	; 
A0:EC6A  FF FF FF FF	SBC	$FF:FFFF,X	; 
A0:EC6E  FF FF FF FF	SBC	$FF:FFFF,X	; 
A0:EC72  FF FF FF FF	SBC	$FF:FFFF,X	; 
A0:EC76  FF FF FF FF	SBC	$FF:FFFF,X	; 
A0:EC7A  FF FF FF FF	SBC	$FF:FFFF,X	; 
A0:EC7E  FF FF FF FF	SBC	$FF:FFFF,X	; 
A0:EC82  FF FF FF FF	SBC	$FF:FFFF,X	; 
A0:EC86  FF FF FF FF	SBC	$FF:FFFF,X	; 
A0:EC8A  FF FF FF FF	SBC	$FF:FFFF,X	; 
A0:EC8E  FF FF FF FF	SBC	$FF:FFFF,X	; 
A0:EC92  FF FF FF FF	SBC	$FF:FFFF,X	; 
A0:EC96  FF FF FF FF	SBC	$FF:FFFF,X	; 
A0:EC9A  FF FF FF FF	SBC	$FF:FFFF,X	; 
A0:EC9E  FF FF FF FF	SBC	$FF:FFFF,X	; 
A0:ECA2  FF FF FF FF	SBC	$FF:FFFF,X	; 
A0:ECA6  FF FF FF FF	SBC	$FF:FFFF,X	; 
A0:ECAA  FF FF FF FF	SBC	$FF:FFFF,X	; 
A0:ECAE  FF FF FF FF	SBC	$FF:FFFF,X	; 
A0:ECB2  FF FF FF FF	SBC	$FF:FFFF,X	; 
A0:ECB6  FF FF FF FF	SBC	$FF:FFFF,X	; 
A0:ECBA  FF FF FF FF	SBC	$FF:FFFF,X	; 
A0:ECBE  FF FF FF FF	SBC	$FF:FFFF,X	; 
A0:ECC2  FF FF FF FF	SBC	$FF:FFFF,X	; 
A0:ECC6  FF FF FF FF	SBC	$FF:FFFF,X	; 
A0:ECCA  FF FF FF FF	SBC	$FF:FFFF,X	; 
A0:ECCE  FF FF FF FF	SBC	$FF:FFFF,X	; 
A0:ECD2  FF FF FF FF	SBC	$FF:FFFF,X	; 
A0:ECD6  FF FF FF FF	SBC	$FF:FFFF,X	; 
A0:ECDA  FF FF FF FF	SBC	$FF:FFFF,X	; 
A0:ECDE  FF FF FF FF	SBC	$FF:FFFF,X	; 
A0:ECE2  FF FF FF FF	SBC	$FF:FFFF,X	; 
A0:ECE6  FF FF FF FF	SBC	$FF:FFFF,X	; 
A0:ECEA  FF FF FF FF	SBC	$FF:FFFF,X	; 
A0:ECEE  FF FF FF FF	SBC	$FF:FFFF,X	; 
A0:ECF2  FF FF FF FF	SBC	$FF:FFFF,X	; 
A0:ECF6  FF FF FF FF	SBC	$FF:FFFF,X	; 
A0:ECFA  FF FF FF FF	SBC	$FF:FFFF,X	; 
A0:ECFE  FF FF FF FF	SBC	$FF:FFFF,X	; 
A0:ED02  FF FF FF FF	SBC	$FF:FFFF,X	; 
A0:ED06  FF FF FF FF	SBC	$FF:FFFF,X	; 
A0:ED0A  FF FF FF FF	SBC	$FF:FFFF,X	; 
A0:ED0E  FF FF FF FF	SBC	$FF:FFFF,X	; 
A0:ED12  FF FF FF FF	SBC	$FF:FFFF,X	; 
A0:ED16  FF FF FF FF	SBC	$FF:FFFF,X	; 
A0:ED1A  FF FF FF FF	SBC	$FF:FFFF,X	; 
A0:ED1E  FF FF FF FF	SBC	$FF:FFFF,X	; 
A0:ED22  FF FF FF FF	SBC	$FF:FFFF,X	; 
A0:ED26  FF FF FF FF	SBC	$FF:FFFF,X	; 
A0:ED2A  FF FF FF FF	SBC	$FF:FFFF,X	; 
A0:ED2E  FF FF FF FF	SBC	$FF:FFFF,X	; 
A0:ED32  FF FF FF FF	SBC	$FF:FFFF,X	; 
A0:ED36  FF FF FF FF	SBC	$FF:FFFF,X	; 
A0:ED3A  FF FF FF FF	SBC	$FF:FFFF,X	; 
A0:ED3E  FF FF FF FF	SBC	$FF:FFFF,X	; 
A0:ED42  FF FF FF FF	SBC	$FF:FFFF,X	; 
A0:ED46  FF FF FF FF	SBC	$FF:FFFF,X	; 
A0:ED4A  FF FF FF FF	SBC	$FF:FFFF,X	; 
A0:ED4E  FF FF FF FF	SBC	$FF:FFFF,X	; 
A0:ED52  FF FF FF FF	SBC	$FF:FFFF,X	; 
A0:ED56  FF FF FF FF	SBC	$FF:FFFF,X	; 
A0:ED5A  FF FF FF FF	SBC	$FF:FFFF,X	; 
A0:ED5E  FF FF FF FF	SBC	$FF:FFFF,X	; 
A0:ED62  FF FF FF FF	SBC	$FF:FFFF,X	; 
A0:ED66  FF FF FF FF	SBC	$FF:FFFF,X	; 
A0:ED6A  FF FF FF FF	SBC	$FF:FFFF,X	; 
A0:ED6E  FF FF FF FF	SBC	$FF:FFFF,X	; 
A0:ED72  FF FF FF FF	SBC	$FF:FFFF,X	; 
A0:ED76  FF FF FF FF	SBC	$FF:FFFF,X	; 
A0:ED7A  FF FF FF FF	SBC	$FF:FFFF,X	; 
A0:ED7E  FF FF FF FF	SBC	$FF:FFFF,X	; 
A0:ED82  FF FF FF FF	SBC	$FF:FFFF,X	; 
A0:ED86  FF FF FF FF	SBC	$FF:FFFF,X	; 
A0:ED8A  FF FF FF FF	SBC	$FF:FFFF,X	; 
A0:ED8E  FF FF FF FF	SBC	$FF:FFFF,X	; 
A0:ED92  FF FF FF FF	SBC	$FF:FFFF,X	; 
A0:ED96  FF FF FF FF	SBC	$FF:FFFF,X	; 
A0:ED9A  FF FF FF FF	SBC	$FF:FFFF,X	; 
A0:ED9E  FF FF FF FF	SBC	$FF:FFFF,X	; 
A0:EDA2  FF FF FF FF	SBC	$FF:FFFF,X	; 
A0:EDA6  FF FF FF FF	SBC	$FF:FFFF,X	; 
A0:EDAA  FF FF FF FF	SBC	$FF:FFFF,X	; 
A0:EDAE  FF FF FF FF	SBC	$FF:FFFF,X	; 
A0:EDB2  FF FF FF FF	SBC	$FF:FFFF,X	; 
A0:EDB6  FF FF FF FF	SBC	$FF:FFFF,X	; 
A0:EDBA  FF FF FF FF	SBC	$FF:FFFF,X	; 
A0:EDBE  FF FF FF FF	SBC	$FF:FFFF,X	; 
A0:EDC2  FF FF FF FF	SBC	$FF:FFFF,X	; 
A0:EDC6  FF FF FF FF	SBC	$FF:FFFF,X	; 
A0:EDCA  FF FF FF FF	SBC	$FF:FFFF,X	; 
A0:EDCE  FF FF FF FF	SBC	$FF:FFFF,X	; 
A0:EDD2  FF FF FF FF	SBC	$FF:FFFF,X	; 
A0:EDD6  FF FF FF FF	SBC	$FF:FFFF,X	; 
A0:EDDA  FF FF FF FF	SBC	$FF:FFFF,X	; 
A0:EDDE  FF FF FF FF	SBC	$FF:FFFF,X	; 
A0:EDE2  FF FF FF FF	SBC	$FF:FFFF,X	; 
A0:EDE6  FF FF FF FF	SBC	$FF:FFFF,X	; 
A0:EDEA  FF FF FF FF	SBC	$FF:FFFF,X	; 
A0:EDEE  FF FF FF FF	SBC	$FF:FFFF,X	; 
A0:EDF2  FF FF FF FF	SBC	$FF:FFFF,X	; 
A0:EDF6  FF FF FF FF	SBC	$FF:FFFF,X	; 
A0:EDFA  FF FF FF FF	SBC	$FF:FFFF,X	; 
A0:EDFE  FF FF FF FF	SBC	$FF:FFFF,X	; 
A0:EE02  FF FF FF FF	SBC	$FF:FFFF,X	; 
A0:EE06  FF FF FF FF	SBC	$FF:FFFF,X	; 
A0:EE0A  FF FF FF FF	SBC	$FF:FFFF,X	; 
A0:EE0E  FF FF FF FF	SBC	$FF:FFFF,X	; 
A0:EE12  FF FF FF FF	SBC	$FF:FFFF,X	; 
A0:EE16  FF FF FF FF	SBC	$FF:FFFF,X	; 
A0:EE1A  FF FF FF FF	SBC	$FF:FFFF,X	; 
A0:EE1E  FF FF FF FF	SBC	$FF:FFFF,X	; 
A0:EE22  FF FF FF FF	SBC	$FF:FFFF,X	; 
A0:EE26  FF FF FF FF	SBC	$FF:FFFF,X	; 
A0:EE2A  FF FF FF FF	SBC	$FF:FFFF,X	; 
A0:EE2E  FF FF FF FF	SBC	$FF:FFFF,X	; 
A0:EE32  FF FF FF FF	SBC	$FF:FFFF,X	; 
A0:EE36  FF FF FF FF	SBC	$FF:FFFF,X	; 
A0:EE3A  FF FF FF FF	SBC	$FF:FFFF,X	; 
A0:EE3E  FF FF FF FF	SBC	$FF:FFFF,X	; 
A0:EE42  FF FF FF FF	SBC	$FF:FFFF,X	; 
A0:EE46  FF FF FF FF	SBC	$FF:FFFF,X	; 
A0:EE4A  FF FF FF FF	SBC	$FF:FFFF,X	; 
A0:EE4E  FF FF FF FF	SBC	$FF:FFFF,X	; 
A0:EE52  FF FF FF FF	SBC	$FF:FFFF,X	; 
A0:EE56  FF FF FF FF	SBC	$FF:FFFF,X	; 
A0:EE5A  FF FF FF FF	SBC	$FF:FFFF,X	; 
A0:EE5E  FF FF FF FF	SBC	$FF:FFFF,X	; 
A0:EE62  FF FF FF FF	SBC	$FF:FFFF,X	; 
A0:EE66  FF FF FF FF	SBC	$FF:FFFF,X	; 
A0:EE6A  FF FF FF FF	SBC	$FF:FFFF,X	; 
A0:EE6E  FF FF FF FF	SBC	$FF:FFFF,X	; 
A0:EE72  FF FF FF FF	SBC	$FF:FFFF,X	; 
A0:EE76  FF FF FF FF	SBC	$FF:FFFF,X	; 
A0:EE7A  FF FF FF FF	SBC	$FF:FFFF,X	; 
A0:EE7E  FF FF FF FF	SBC	$FF:FFFF,X	; 
A0:EE82  FF FF FF FF	SBC	$FF:FFFF,X	; 
A0:EE86  FF FF FF FF	SBC	$FF:FFFF,X	; 
A0:EE8A  FF FF FF FF	SBC	$FF:FFFF,X	; 
A0:EE8E  FF FF FF FF	SBC	$FF:FFFF,X	; 
A0:EE92  FF FF FF FF	SBC	$FF:FFFF,X	; 
A0:EE96  FF FF FF FF	SBC	$FF:FFFF,X	; 
A0:EE9A  FF FF FF FF	SBC	$FF:FFFF,X	; 
A0:EE9E  FF FF FF FF	SBC	$FF:FFFF,X	; 
A0:EEA2  FF FF FF FF	SBC	$FF:FFFF,X	; 
A0:EEA6  FF FF FF FF	SBC	$FF:FFFF,X	; 
A0:EEAA  FF FF FF FF	SBC	$FF:FFFF,X	; 
A0:EEAE  FF FF FF FF	SBC	$FF:FFFF,X	; 
A0:EEB2  FF FF FF FF	SBC	$FF:FFFF,X	; 
A0:EEB6  FF FF FF FF	SBC	$FF:FFFF,X	; 
A0:EEBA  FF FF FF FF	SBC	$FF:FFFF,X	; 
A0:EEBE  FF FF FF FF	SBC	$FF:FFFF,X	; 
A0:EEC2  FF FF FF FF	SBC	$FF:FFFF,X	; 
A0:EEC6  FF FF FF FF	SBC	$FF:FFFF,X	; 
A0:EECA  FF FF FF FF	SBC	$FF:FFFF,X	; 
A0:EECE  FF FF FF FF	SBC	$FF:FFFF,X	; 
A0:EED2  FF FF FF FF	SBC	$FF:FFFF,X	; 
A0:EED6  FF FF FF FF	SBC	$FF:FFFF,X	; 
A0:EEDA  FF FF FF FF	SBC	$FF:FFFF,X	; 
A0:EEDE  FF FF FF FF	SBC	$FF:FFFF,X	; 
A0:EEE2  FF FF FF FF	SBC	$FF:FFFF,X	; 
A0:EEE6  FF FF FF FF	SBC	$FF:FFFF,X	; 
A0:EEEA  FF FF FF FF	SBC	$FF:FFFF,X	; 
A0:EEEE  FF FF FF FF	SBC	$FF:FFFF,X	; 
A0:EEF2  FF FF FF FF	SBC	$FF:FFFF,X	; 
A0:EEF6  FF FF FF FF	SBC	$FF:FFFF,X	; 
A0:EEFA  FF FF FF FF	SBC	$FF:FFFF,X	; 
A0:EEFE  FF FF FF FF	SBC	$FF:FFFF,X	; 
A0:EF02  FF FF FF FF	SBC	$FF:FFFF,X	; 
A0:EF06  FF FF FF FF	SBC	$FF:FFFF,X	; 
A0:EF0A  FF FF FF FF	SBC	$FF:FFFF,X	; 
A0:EF0E  FF FF FF FF	SBC	$FF:FFFF,X	; 
A0:EF12  FF FF FF FF	SBC	$FF:FFFF,X	; 
A0:EF16  FF FF FF FF	SBC	$FF:FFFF,X	; 
A0:EF1A  FF FF FF FF	SBC	$FF:FFFF,X	; 
A0:EF1E  FF FF FF FF	SBC	$FF:FFFF,X	; 
A0:EF22  FF FF FF FF	SBC	$FF:FFFF,X	; 
A0:EF26  FF FF FF FF	SBC	$FF:FFFF,X	; 
A0:EF2A  FF FF FF FF	SBC	$FF:FFFF,X	; 
A0:EF2E  FF FF FF FF	SBC	$FF:FFFF,X	; 
A0:EF32  FF FF FF FF	SBC	$FF:FFFF,X	; 
A0:EF36  FF FF FF FF	SBC	$FF:FFFF,X	; 
A0:EF3A  FF FF FF FF	SBC	$FF:FFFF,X	; 
A0:EF3E  FF FF FF FF	SBC	$FF:FFFF,X	; 
A0:EF42  FF FF FF FF	SBC	$FF:FFFF,X	; 
A0:EF46  FF FF FF FF	SBC	$FF:FFFF,X	; 
A0:EF4A  FF FF FF FF	SBC	$FF:FFFF,X	; 
A0:EF4E  FF FF FF FF	SBC	$FF:FFFF,X	; 
A0:EF52  FF FF FF FF	SBC	$FF:FFFF,X	; 
A0:EF56  FF FF FF FF	SBC	$FF:FFFF,X	; 
A0:EF5A  FF FF FF FF	SBC	$FF:FFFF,X	; 
A0:EF5E  FF FF FF FF	SBC	$FF:FFFF,X	; 
A0:EF62  FF FF FF FF	SBC	$FF:FFFF,X	; 
A0:EF66  FF FF FF FF	SBC	$FF:FFFF,X	; 
A0:EF6A  FF FF FF FF	SBC	$FF:FFFF,X	; 
A0:EF6E  FF FF FF FF	SBC	$FF:FFFF,X	; 
A0:EF72  FF FF FF FF	SBC	$FF:FFFF,X	; 
A0:EF76  FF FF FF FF	SBC	$FF:FFFF,X	; 
A0:EF7A  FF FF FF FF	SBC	$FF:FFFF,X	; 
A0:EF7E  FF FF FF FF	SBC	$FF:FFFF,X	; 
A0:EF82  FF FF FF FF	SBC	$FF:FFFF,X	; 
A0:EF86  FF FF FF FF	SBC	$FF:FFFF,X	; 
A0:EF8A  FF FF FF FF	SBC	$FF:FFFF,X	; 
A0:EF8E  FF FF FF FF	SBC	$FF:FFFF,X	; 
A0:EF92  FF FF FF FF	SBC	$FF:FFFF,X	; 
A0:EF96  FF FF FF FF	SBC	$FF:FFFF,X	; 
A0:EF9A  FF FF FF FF	SBC	$FF:FFFF,X	; 
A0:EF9E  FF FF FF FF	SBC	$FF:FFFF,X	; 
A0:EFA2  FF FF FF FF	SBC	$FF:FFFF,X	; 
A0:EFA6  FF FF FF FF	SBC	$FF:FFFF,X	; 
A0:EFAA  FF FF FF FF	SBC	$FF:FFFF,X	; 
A0:EFAE  FF FF FF FF	SBC	$FF:FFFF,X	; 
A0:EFB2  FF FF FF FF	SBC	$FF:FFFF,X	; 
A0:EFB6  FF FF FF FF	SBC	$FF:FFFF,X	; 
A0:EFBA  FF FF FF FF	SBC	$FF:FFFF,X	; 
A0:EFBE  FF FF FF FF	SBC	$FF:FFFF,X	; 
A0:EFC2  FF FF FF FF	SBC	$FF:FFFF,X	; 
A0:EFC6  FF FF FF FF	SBC	$FF:FFFF,X	; 
A0:EFCA  FF FF FF FF	SBC	$FF:FFFF,X	; 
A0:EFCE  FF FF FF FF	SBC	$FF:FFFF,X	; 
A0:EFD2  FF FF FF FF	SBC	$FF:FFFF,X	; 
A0:EFD6  FF FF FF FF	SBC	$FF:FFFF,X	; 
A0:EFDA  FF FF FF FF	SBC	$FF:FFFF,X	; 
A0:EFDE  FF FF FF FF	SBC	$FF:FFFF,X	; 
A0:EFE2  FF FF FF FF	SBC	$FF:FFFF,X	; 
A0:EFE6  FF FF FF FF	SBC	$FF:FFFF,X	; 
A0:EFEA  FF FF FF FF	SBC	$FF:FFFF,X	; 
A0:EFEE  FF FF FF FF	SBC	$FF:FFFF,X	; 
A0:EFF2  FF FF FF FF	SBC	$FF:FFFF,X	; 
A0:EFF6  FF FF FF FF	SBC	$FF:FFFF,X	; 
A0:EFFA  FF FF FF FF	SBC	$FF:FFFF,X	; 
A0:EFFE  FF FF 38 FB	SBC	$FB:38FF,X	; 
A0:F002  78		SEI			; 
A0:F003  A9 00		LDA	#$00		; 
A0:F005  48		PHA			; 
A0:F006  AB		PLB			; 
A0:F007  8D 00 42	STA	$4200		; CPU NMITIMEN
A0:F00A  8D 0C 42	STA	$420C		; CPU HDMAEN
A0:F00D  8D 0B 42	STA	$420B		; CPU MDMAEN
A0:F010  A9 80		LDA	#$80		; 
A0:F012  8D 00 21	STA	$2100		; PPU INIDISP
A0:F015  18		CLC			; 
A0:F016  FB		XCE			; 
A0:F017  E2 30		SEP	#$30		; AXY:8
A0:F019  D8		CLD			; 
A0:F01A  A9 00		LDA	#$00		; 
A0:F01C  48		PHA			; 
A0:F01D  AB		PLB			; 
A0:F01E  C2 20		REP	#$20		; A:16
A0:F020  A9 00 00	LDA	#$0000		; 
A0:F023  5B		TCD			; 
A0:F024  A9 FF 01	LDA	#$01FF		; 
A0:F027  1B		TCS			; 
A0:F028  E2 20		SEP	#$20		; A:8
A0:F02A  A9 01		LDA	#$01		; 
A0:F02C  8D 0D 42	STA	$420D		; CPU MEMSEL
A0:F02F  C2 30		REP	#$30		; AXY:16
A0:F031  A9 00 00	LDA	#$0000		; 
A0:F034  8D 00 00	STA	$0000		; 
A0:F037  A2 00 00	LDX	#$0000		; 
A0:F03A  A0 02 00	LDY	#$0002		; 
A0:F03D  A9 FF FF	LDA	#$FFFF		; 
A0:F040  54 7E 7E	MVN	$7E,$7E		; 
A0:F043  A2 00 00	LDX	#$0000		; 
A0:F046  A0 00 00	LDY	#$0000		; 
A0:F049  A9 FF FF	LDA	#$FFFF		; 
A0:F04C  54 7F 7E	MVN	$7F,$7E		; 
A0:F04F  E2 30		SEP	#$30		; AXY:8
A0:F051  A9 00		LDA	#$00		; 
A0:F053  48		PHA			; 
A0:F054  AB		PLB			; 
A0:F055  22 72 C6 80	JSL	$80:C672	; 
A0:F059  58		CLI			; 
A0:F05A  4B		PHK			; 
A0:F05B  AB		PLB			; 
A0:F05C  C2 20		REP	#$20		; A:16
A0:F05E  A9 0A F1	LDA	#$F10A		; 
A0:F061  85 39		STA	$39		; 
A0:F063  E2 20		SEP	#$20		; A:8
A0:F065  C2 20		REP	#$20		; A:16
A0:F067  A9 0A F1	LDA	#$F10A		; 
A0:F06A  85 3B		STA	$3B		; 
A0:F06C  E2 20		SEP	#$20		; A:8
A0:F06E  20 82 F1	JSR	$F182		; 
A0:F071  20 5E F1	JSR	$F15E		; 
A0:F074  5C 02 A0 80	JML	$80:A002	; 
A0:F078  A9 80		LDA	#$80		; 
A0:F07A  8D 73 03	STA	$0373		; 
A0:F07D  80 59		BRA	$F0D8		; 
A0:F07F  58		CLI			; 
A0:F080  D8		CLD			; 
A0:F081  C2 30		REP	#$30		; AXY:16
A0:F083  8B		PHB			; 
A0:F084  48		PHA			; 
A0:F085  DA		PHX			; 
A0:F086  5A		PHY			; 
A0:F087  E2 30		SEP	#$30		; AXY:8
A0:F089  A9 00		LDA	#$00		; 
A0:F08B  48		PHA			; 
A0:F08C  AB		PLB			; 
A0:F08D  AD 10 42	LDA	$4210		; CPU RDNMI
A0:F090  A5 36		LDA	$36		; 
A0:F092  D0 6C		BNE	$F100		; 
A0:F094  E6 36		INC	$36		; 
A0:F096  A9 80		LDA	#$80		; 
A0:F098  8D 00 21	STA	$2100		; PPU INIDISP
A0:F09B  9C 0C 42	STZ	$420C		; CPU HDMAEN
A0:F09E  AD 6D 03	LDA	$036D		; 
A0:F0A1  F0 D5		BEQ	$F078		; 
A0:F0A3  AD 6F 03	LDA	$036F		; 
A0:F0A6  F0 09		BEQ	$F0B1		; 
A0:F0A8  AD 77 03	LDA	$0377		; 
A0:F0AB  8D 70 03	STA	$0370		; 
A0:F0AE  9C 6F 03	STZ	$036F		; 
A0:F0B1  AD 78 03	LDA	$0378		; 
A0:F0B4  8D 0B 42	STA	$420B		; CPU MDMAEN
A0:F0B7  9C 78 03	STZ	$0378		; 
A0:F0BA  9C BF 03	STZ	$03BF		; 
A0:F0BD  9C C0 03	STZ	$03C0		; 
A0:F0C0  20 DC B3	JSR	$B3DC		; 
A0:F0C3  20 C7 B0	JSR	$B0C7		; 
A0:F0C6  20 07 F1	JSR	$F107		; 
A0:F0C9  20 E6 F2	JSR	$F2E6		; 
A0:F0CC  22 45 C9 80	JSL	$80:C945	; 
A0:F0D0  22 BA A0 80	JSL	$80:A0BA	; 
A0:F0D4  22 B9 A1 80	JSL	$80:A1B9	; 
A0:F0D8  AD 6E 03	LDA	$036E		; 
A0:F0DB  0D A5 03	ORA	$03A5		; 
A0:F0DE  8D 00 42	STA	$4200		; CPU NMITIMEN
A0:F0E1  AD 73 03	LDA	$0373		; 
A0:F0E4  8D 00 21	STA	$2100		; PPU INIDISP
A0:F0E7  E6 37		INC	$37		; 
A0:F0E9  EE 36 11	INC	$1136		; 
A0:F0EC  64 36		STZ	$36		; 
A0:F0EE  AD 70 03	LDA	$0370		; 
A0:F0F1  8D 0C 42	STA	$420C		; CPU HDMAEN
A0:F0F4  22 BE AA 80	JSL	$80:AABE	; 
A0:F0F8  22 EB A4 80	JSL	$80:A4EB	; 
A0:F0FC  22 96 E2 81	JSL	$81:E296	; 
A0:F100  C2 30		REP	#$30		; AXY:16
A0:F102  7A		PLY			; 
A0:F103  FA		PLX			; 
A0:F104  68		PLA			; 
A0:F105  AB		PLB			; 
A0:F106  40		RTI			; 
A0:F107  6C 3B 00	JMP	($003B)		; 
A0:F10A  60		RTS			; 
A0:F10B  C2 30		REP	#$30		; AXY:16
A0:F10D  8B		PHB			; 
A0:F10E  48		PHA			; 
A0:F10F  DA		PHX			; 
A0:F110  5A		PHY			; 
A0:F111  E2 30		SEP	#$30		; AXY:8
A0:F113  4B		PHK			; 
A0:F114  AB		PLB			; 
A0:F115  AD 11 42	LDA	$4211		; CPU TIMEUP
A0:F118  10 09		BPL	$F123		; 
A0:F11A  AD A5 03	LDA	$03A5		; 
A0:F11D  8D 00 42	STA	$4200		; CPU NMITIMEN
A0:F120  20 2A F1	JSR	$F12A		; 
A0:F123  C2 30		REP	#$30		; AXY:16
A0:F125  7A		PLY			; 
A0:F126  FA		PLX			; 
A0:F127  68		PLA			; 
A0:F128  AB		PLB			; 
A0:F129  40		RTI			; 
A0:F12A  6C 39 00	JMP	($0039)		; 
A0:F12D  A9 01 8D	LDA	#$8D01		; 
A0:F130  6D 03 6B	ADC	$6B03		; 
A0:F133  A9 01 8D	LDA	#$8D01		; 
A0:F136  6D 03 22	ADC	$2203		; 
A0:F139  44 A3 80	MVP	$A3,$80		; 
A0:F13C  22 0F A3 80	JSL	$80:A30F	; 
A0:F140  6B		RTL			; 
A0:F141  9C 6D 03	STZ	$036D		; 
A0:F144  9C AB 03	STZ	$03AB		; 
A0:F147  A5 37		LDA	$37		; 
A0:F149  C5 37		CMP	$37		; 
A0:F14B  F0 FC		BEQ	$F149		; 
A0:F14D  6B		RTL			; 
A0:F14E  AD AB 03	LDA	$03AB		; 
A0:F151  F0 0A		BEQ	$F15D		; 
A0:F153  AD 12 42	LDA	$4212		; CPU HVBJOY
A0:F156  89 80 F0	BIT	#$F080		; 
A0:F159  F9 AD 12	SBC	$12AD,Y		; 
A0:F15C  42		WDM	(Undef)		; 
A0:F15D  6B		RTL			; 
A0:F15E  64 37		STZ	$37		; 
A0:F160  64 36		STZ	$36		; 
A0:F162  9C 6E 03	STZ	$036E		; 
A0:F165  22 A6 A1 80	JSL	$80:A1A6	; 
A0:F169  A9 80 8D	LDA	#$8D80		; 
A0:F16C  A5 03		LDA	$03		; 
A0:F16E  8D 00 42	STA	$4200		; CPU NMITIMEN
A0:F171  60		RTS			; 
A0:F172  8D 09 42	STA	$4209		; CPU VTIMEL
A0:F175  9C 0A 42	STZ	$420A		; CPU VTIMEH
A0:F178  A9 20 8D	LDA	#$8D20		; 
A0:F17B  6E 03 6B	ROR	$6B03		; 
A0:F17E  9C 6E 03	STZ	$036E		; 
A0:F181  6B		RTL			; 
A0:F182  20 F4 F1	JSR	$F1F4		; 
A0:F185  C2 20		REP	#$20		; A:16
A0:F187  A9 00 00	LDA	#$0000		; 
A0:F18A  85 09		STA	$09		; 
A0:F18C  85 06		STA	$06		; 
A0:F18E  A9 00 80	LDA	#$8000		; 
A0:F191  85 0C		STA	$0C		; 
A0:F193  E2 20		SEP	#$20		; A:8
A0:F195  22 06 F4 00	JSL	$00:F406	; 
A0:F199  22 0C B3 80	JSL	$80:B30C	; 
A0:F19D  60		RTS			; 
A0:F19E  00 21		BRK	#$21		; 
A0:F1A0  04 80		TSB	$80		; 
A0:F1A2  00 00		BRK	#$00		; 
A0:F1A4  00 05		BRK	#$05		; 
A0:F1A6  21 08		AND	($08,X)		; 
A0:F1A8  00 00		BRK	#$00		; 
A0:F1AA  00 00		BRK	#$00		; 
A0:F1AC  00 00		BRK	#$00		; 
A0:F1AE  00 00		BRK	#$00		; 
A0:F1B0  0D 21 08	ORA	$0821		; 
A0:F1B3  00 00		BRK	#$00		; 
A0:F1B5  00 00		BRK	#$00		; 
A0:F1B7  00 00		BRK	#$00		; 
A0:F1B9  00 00		BRK	#$00		; 
A0:F1BB  00 00		BRK	#$00		; 
A0:F1BD  00 00		BRK	#$00		; 
A0:F1BF  00 00		BRK	#$00		; 
A0:F1C1  00 00		BRK	#$00		; 
A0:F1C3  15 21		ORA	$21,X		; 
A0:F1C5  03 80		ORA	$80,S		; 
A0:F1C7  00 00		BRK	#$00		; 
A0:F1C9  1A		INC	A		; 
A0:F1CA  21 01		AND	($01,X)		; 
A0:F1CC  00 1B		BRK	#$1B		; 
A0:F1CE  21 08		AND	($08,X)		; 
A0:F1D0  00 01		BRK	#$01		; 
A0:F1D2  00 00		BRK	#$00		; 
A0:F1D4  00 00		BRK	#$00		; 
A0:F1D6  00 01		BRK	#$01		; 
A0:F1D8  00 00		BRK	#$00		; 
A0:F1DA  00 00		BRK	#$00		; 
A0:F1DC  21 21		AND	($21,X)		; 
A0:F1DE  01 00		ORA	($00,X)		; 
A0:F1E0  23 21		AND	$21,S		; 
A0:F1E2  11 00		ORA	($00),Y		; 
A0:F1E4  00 00		BRK	#$00		; 
A0:F1E6  00 00		BRK	#$00		; 
A0:F1E8  00 00		BRK	#$00		; 
A0:F1EA  00 00		BRK	#$00		; 
A0:F1EC  17 00		ORA	[$00],Y		; 
A0:F1EE  00 00		BRK	#$00		; 
A0:F1F0  02 00		COP	#$00		; 
A0:F1F2  00 00		BRK	#$00		; 
A0:F1F4  AD 10 42	LDA	$4210		; CPU RDNMI
A0:F1F7  A9 00		LDA	#$00		; 
A0:F1F9  8D 6D 03	STA	$036D		; 
A0:F1FC  C2 10		REP	#$10		; XY:16
A0:F1FE  A2 9E F1	LDX	#$F19E		; 
A0:F201  20 BC F2	JSR	$F2BC		; 
A0:F204  A9 80		LDA	#$80		; 
A0:F206  8D 73 03	STA	$0373		; 
A0:F209  A2 A5 F1	LDX	#$F1A5		; 
A0:F20C  20 BC F2	JSR	$F2BC		; 
A0:F20F  A9 00		LDA	#$00		; 
A0:F211  8D 75 03	STA	$0375		; 
A0:F214  A2 B0 F1	LDX	#$F1B0		; 
A0:F217  20 CE F2	JSR	$F2CE		; 
A0:F21A  C2 20		REP	#$20		; A:16
A0:F21C  A9 00 00	LDA	#$0000		; 
A0:F21F  8D 99 03	STA	$0399		; 
A0:F222  8D 9B 03	STA	$039B		; 
A0:F225  8D 9D 03	STA	$039D		; 
A0:F228  A9 00 00	LDA	#$0000		; 
A0:F22B  8D 9F 03	STA	$039F		; 
A0:F22E  8D A1 03	STA	$03A1		; 
A0:F231  8D A3 03	STA	$03A3		; 
A0:F234  E2 20		SEP	#$20		; A:8
A0:F236  A2 C3 F1	LDX	#$F1C3		; 
A0:F239  20 BC F2	JSR	$F2BC		; 
A0:F23C  A9 80		LDA	#$80		; 
A0:F23E  8D 74 03	STA	$0374		; 
A0:F241  A2 C9 F1	LDX	#$F1C9		; 
A0:F244  20 BC F2	JSR	$F2BC		; 
A0:F247  A2 CD F1	LDX	#$F1CD		; 
A0:F24A  20 CE F2	JSR	$F2CE		; 
A0:F24D  C2 20		REP	#$20		; A:16
A0:F24F  A9 00 01	LDA	#$0100		; 
A0:F252  8D 8D 03	STA	$038D		; 
A0:F255  8D 93 03	STA	$0393		; 
A0:F258  A9 00 00	LDA	#$0000		; 
A0:F25B  8D 8F 03	STA	$038F		; 
A0:F25E  8D 91 03	STA	$0391		; 
A0:F261  8D 95 03	STA	$0395		; 
A0:F264  8D 97 03	STA	$0397		; 
A0:F267  E2 20		SEP	#$20		; A:8
A0:F269  A2 DC F1	LDX	#$F1DC		; 
A0:F26C  20 BC F2	JSR	$F2BC		; 
A0:F26F  A9 00		LDA	#$00		; 
A0:F271  8D 83 03	STA	$0383		; 
A0:F274  8D 84 03	STA	$0384		; 
A0:F277  8D 85 03	STA	$0385		; 
A0:F27A  8D 86 03	STA	$0386		; 
A0:F27D  8D 89 03	STA	$0389		; 
A0:F280  8D 8A 03	STA	$038A		; 
A0:F283  8D 8B 03	STA	$038B		; 
A0:F286  8D 8C 03	STA	$038C		; 
A0:F289  8D 87 03	STA	$0387		; 
A0:F28C  8D 88 03	STA	$0388		; 
A0:F28F  A9 17		LDA	#$17		; 
A0:F291  8D 79 03	STA	$0379		; 
A0:F294  A9 00		LDA	#$00		; 
A0:F296  8D 7A 03	STA	$037A		; 
A0:F299  A9 00		LDA	#$00		; 
A0:F29B  8D 7B 03	STA	$037B		; 
A0:F29E  A9 00		LDA	#$00		; 
A0:F2A0  8D 7C 03	STA	$037C		; 
A0:F2A3  A9 00		LDA	#$00		; 
A0:F2A5  8D 7E 03	STA	$037E		; 
A0:F2A8  A9 00		LDA	#$00		; 
A0:F2AA  8D 7F 03	STA	$037F		; 
A0:F2AD  8D 80 03	STA	$0380		; 
A0:F2B0  8D 81 03	STA	$0381		; 
A0:F2B3  A2 E0 F1	LDX	#$F1E0		; 
A0:F2B6  20 BC F2	JSR	$F2BC		; 
A0:F2B9  E2 10		SEP	#$10		; XY:8
A0:F2BB  60		RTS			; 
A0:F2BC  B4 00		LDY	$00,X		; 
A0:F2BE  B5 02		LDA	$02,X		; 
A0:F2C0  85 00		STA	$00		; 
A0:F2C2  B5 03		LDA	$03,X		; 
A0:F2C4  99 00 00	STA	$0000,Y		; 
A0:F2C7  E8		INX			; 
A0:F2C8  C8		INY			; 
A0:F2C9  C6 00		DEC	$00		; 
A0:F2CB  D0 F5		BNE	$F2C2		; 
A0:F2CD  60		RTS			; 
A0:F2CE  B4 00		LDY	$00,X		; 
A0:F2D0  B5 02		LDA	$02,X		; 
A0:F2D2  85 00		STA	$00		; 
A0:F2D4  B5 03		LDA	$03,X		; 
A0:F2D6  99 00 00	STA	$0000,Y		; 
A0:F2D9  B5 04		LDA	$04,X		; 
A0:F2DB  99 00 00	STA	$0000,Y		; 
A0:F2DE  C8		INY			; 
A0:F2DF  E8		INX			; 
A0:F2E0  E8		INX			; 
A0:F2E1  C6 00		DEC	$00		; 
A0:F2E3  D0 EF		BNE	$F2D4		; 
A0:F2E5  60		RTS			; 
A0:F2E6  AD E6 0A	LDA	$0AE6		; 
A0:F2E9  F0 60		BEQ	$F34B		; 
A0:F2EB  AD 99 03	LDA	$0399		; 
A0:F2EE  AC 9A 03	LDY	$039A		; 
A0:F2F1  8D 0D 21	STA	$210D		; PPU BG1HOFS
A0:F2F4  8C 0D 21	STY	$210D		; PPU BG1HOFS
A0:F2F7  AD 9F 03	LDA	$039F		; 
A0:F2FA  AC A0 03	LDY	$03A0		; 
A0:F2FD  8D 0E 21	STA	$210E		; PPU BG1VOF
A0:F300  8C 0E 21	STY	$210E		; PPU BG1VOF
A0:F303  AD 9B 03	LDA	$039B		; 
A0:F306  AC 9C 03	LDY	$039C		; 
A0:F309  8D 0F 21	STA	$210F		; PPU BG2HOFS
A0:F30C  8C 0F 21	STY	$210F		; PPU BG2HOFS
A0:F30F  AD A1 03	LDA	$03A1		; 
A0:F312  AC A2 03	LDY	$03A2		; 
A0:F315  8D 10 21	STA	$2110		; PPU BG2VOFS
A0:F318  8C 10 21	STY	$2110		; PPU BG2VOFS
A0:F31B  AD 9D 03	LDA	$039D		; 
A0:F31E  AC 9E 03	LDY	$039E		; 
A0:F321  8D 11 21	STA	$2111		; PPU BG3HOFS
A0:F324  8C 11 21	STY	$2111		; PPU BG3HOFS
A0:F327  AD A3 03	LDA	$03A3		; 
A0:F32A  AC A4 03	LDY	$03A4		; 
A0:F32D  8D 12 21	STA	$2112		; PPU BG3VOFS
A0:F330  8C 12 21	STY	$2112		; PPU BG3VOFS
A0:F333  AD 95 03	LDA	$0395		; 
A0:F336  AC 96 03	LDY	$0396		; 
A0:F339  8D 1F 21	STA	$211F		; PPU M7X
A0:F33C  8C 1F 21	STY	$211F		; PPU M7X
A0:F33F  AD 97 03	LDA	$0397		; 
A0:F342  AC 98 03	LDY	$0398		; 
A0:F345  8D 20 21	STA	$2120		; PPU M7Y
A0:F348  8C 20 21	STY	$2120		; PPU M7Y
A0:F34B  AD 76 03	LDA	$0376		; 
A0:F34E  8D 05 21	STA	$2105		; PPU BGMODE
A0:F351  AD 75 03	LDA	$0375		; 
A0:F354  8D 06 21	STA	$2106		; PPU MOSAIC
A0:F357  AD 8D 03	LDA	$038D		; 
A0:F35A  8D 1B 21	STA	$211B		; PPU M7A
A0:F35D  AD 8E 03	LDA	$038E		; 
A0:F360  8D 1B 21	STA	$211B		; PPU M7A
A0:F363  AD 8F 03	LDA	$038F		; 
A0:F366  8D 1C 21	STA	$211C		; PPU M7B
A0:F369  AD 90 03	LDA	$0390		; 
A0:F36C  8D 1C 21	STA	$211C		; PPU M7B
A0:F36F  AD 91 03	LDA	$0391		; 
A0:F372  8D 1D 21	STA	$211D		; PPU M7C
A0:F375  AD 92 03	LDA	$0392		; 
A0:F378  8D 1D 21	STA	$211D		; PPU M7C
A0:F37B  AD 93 03	LDA	$0393		; 
A0:F37E  8D 1E 21	STA	$211E		; PPU M7D
A0:F381  AD 94 03	LDA	$0394		; 
A0:F384  8D 1E 21	STA	$211E		; PPU M7D
A0:F387  AD 79 03	LDA	$0379		; 
A0:F38A  8D 2C 21	STA	$212C		; PPU TM
A0:F38D  AD 7A 03	LDA	$037A		; 
A0:F390  8D 2D 21	STA	$212D		; PPU TS
A0:F393  AD 83 03	LDA	$0383		; 
A0:F396  8D 1A 21	STA	$211A		; PPU M7SEL
A0:F399  AD 84 03	LDA	$0384		; 
A0:F39C  8D 23 21	STA	$2123		; PPU W12SEL
A0:F39F  AD 85 03	LDA	$0385		; 
A0:F3A2  8D 24 21	STA	$2124		; PPU W34SEL
A0:F3A5  AD 86 03	LDA	$0386		; 
A0:F3A8  8D 25 21	STA	$2125		; PPU WOBJSEL
A0:F3AB  AD 89 03	LDA	$0389		; 
A0:F3AE  8D 26 21	STA	$2126		; PPU WH0
A0:F3B1  AD 8A 03	LDA	$038A		; 
A0:F3B4  8D 27 21	STA	$2127		; PPU WH1
A0:F3B7  AD 8B 03	LDA	$038B		; 
A0:F3BA  8D 28 21	STA	$2128		; PPU WH2
A0:F3BD  AD 8C 03	LDA	$038C		; 
A0:F3C0  8D 29 21	STA	$2129		; PPU WH3
A0:F3C3  AD 87 03	LDA	$0387		; 
A0:F3C6  8D 2A 21	STA	$212A		; PPU WBGLOG
A0:F3C9  AD 88 03	LDA	$0388		; 
A0:F3CC  8D 2B 21	STA	$212B		; PPU WOBJLOG
A0:F3CF  AD 7B 03	LDA	$037B		; 
A0:F3D2  8D 2E 21	STA	$212E		; PPU TMW
A0:F3D5  AD 7C 03	LDA	$037C		; 
A0:F3D8  8D 2F 21	STA	$212F		; PPU TSW
A0:F3DB  AD 7D 03	LDA	$037D		; 
A0:F3DE  8D 30 21	STA	$2130		; PPU CGWSEL
A0:F3E1  AD 7E 03	LDA	$037E		; 
A0:F3E4  8D 31 21	STA	$2131		; PPU CGADSUB
A0:F3E7  AD 7F 03	LDA	$037F		; 
A0:F3EA  09 20		ORA	#$20		; 
A0:F3EC  8D 32 21	STA	$2132		; PPU COLDATA
A0:F3EF  AD 80 03	LDA	$0380		; 
A0:F3F2  09 40		ORA	#$40		; 
A0:F3F4  8D 32 21	STA	$2132		; PPU COLDATA
A0:F3F7  AD 81 03	LDA	$0381		; 
A0:F3FA  09 80		ORA	#$80		; 
A0:F3FC  8D 32 21	STA	$2132		; PPU COLDATA
A0:F3FF  AD 82 03	LDA	$0382		; 
A0:F402  8D 33 21	STA	$2133		; PPU SETINI
A0:F405  60		RTS			; 
A0:F406  A9 80		LDA	#$80		; 
A0:F408  8D 15 21	STA	$2115		; PPU VMAIN
A0:F40B  C2 10		REP	#$10		; XY:16
A0:F40D  A5 09		LDA	$09		; 
A0:F40F  8D 16 21	STA	$2116		; PPU VMADDL
A0:F412  A5 0A		LDA	$0A		; 
A0:F414  8D 17 21	STA	$2117		; PPU VMADDH
A0:F417  A4 0C		LDY	$0C		; 
A0:F419  A5 06		LDA	$06		; 
A0:F41B  8D 18 21	STA	$2118		; PPU VMDATAL
A0:F41E  A5 07		LDA	$07		; 
A0:F420  8D 19 21	STA	$2119		; PPU VMDATAH
A0:F423  88		DEY			; 
A0:F424  D0 F3		BNE	$F419		; 
A0:F426  E2 10		SEP	#$10		; XY:8
A0:F428  6B		RTL			; 
A0:F429  AD 57 03	LDA	$0357		; 
A0:F42C  D0 2E		BNE	$F45C		; 
A0:F42E  AD 37 00	LDA	$0037		; 
A0:F431  89 0F		BIT	#$0F		; 
A0:F433  D0 10		BNE	$F445		; 
A0:F435  C2 20		REP	#$20		; A:16
A0:F437  AF E9 55 7E	LDA	$7E:55E9	; 
A0:F43B  3A		DEC	A		; 
A0:F43C  29 FF 01	AND	#$01FF		; 
A0:F43F  8F E9 55 7E	STA	$7E:55E9	; 
A0:F443  E2 20		SEP	#$20		; A:8
A0:F445  AD 37 00	LDA	$0037		; 
A0:F448  89 03		BIT	#$03		; 
A0:F44A  D0 10		BNE	$F45C		; 
A0:F44C  C2 20		REP	#$20		; A:16
A0:F44E  AF EC 55 7E	LDA	$7E:55EC	; 
A0:F452  3A		DEC	A		; 
A0:F453  29 FF 01	AND	#$01FF		; 
A0:F456  8F EC 55 7E	STA	$7E:55EC	; 
A0:F45A  E2 20		SEP	#$20		; A:8
A0:F45C  60		RTS			; 
A0:F45D  9C 64 03	STZ	$0364		; 
A0:F460  C2 20		REP	#$20		; A:16
A0:F462  A9 6E F4	LDA	#$F46E		; 
A0:F465  85 0F		STA	$0F		; 
A0:F467  E2 20		SEP	#$20		; A:8
A0:F469  22 14 AC 80	JSL	$80:AC14	; 
A0:F46D  6B		RTL			; 
A0:F46E  9E 19 06	STZ	$0619,X		; 
A0:F471  22 E8 AC 80	JSL	$80:ACE8	; 
A0:F475  A5 5D		LDA	$5D		; 
A0:F477  F0 24		BEQ	$F49D		; 
A0:F479  BC 19 06	LDY	$0619,X		; 
A0:F47C  D9 9E F4	CMP	$F49E,Y		; 
A0:F47F  D0 ED		BNE	$F46E		; 
A0:F481  FE 19 06	INC	$0619,X		; 
A0:F484  BD 19 06	LDA	$0619,X		; 
A0:F487  C9 07		CMP	#$07		; 
A0:F489  D0 12		BNE	$F49D		; 
A0:F48B  A9 01		LDA	#$01		; 
A0:F48D  8D 64 03	STA	$0364		; 
A0:F490  A9 0E		LDA	#$0E		; 
A0:F492  8D D1 15	STA	$15D1		; 
A0:F495  8D D2 15	STA	$15D2		; 
A0:F498  22 35 AD 80	JSL	$80:AD35	; 
A0:F49C  6B		RTL			; 
A0:F49D  6B		RTL			; 
A0:F49E  01 02		ORA	($02,X)		; 
A0:F4A0  02 08		COP	#$08		; 
A0:F4A2  01 04		ORA	($04,X)		; 
A0:F4A4  01 FF		ORA	($FF,X)		; 
A0:F4A6  FF FF FF FF	SBC	$FF:FFFF,X	; 
A0:F4AA  FF FF FF FF	SBC	$FF:FFFF,X	; 
A0:F4AE  FF FF FF FF	SBC	$FF:FFFF,X	; 
A0:F4B2  FF FF FF FF	SBC	$FF:FFFF,X	; 
A0:F4B6  FF FF FF FF	SBC	$FF:FFFF,X	; 
A0:F4BA  FF FF FF FF	SBC	$FF:FFFF,X	; 
A0:F4BE  FF FF FF FF	SBC	$FF:FFFF,X	; 
A0:F4C2  FF FF FF FF	SBC	$FF:FFFF,X	; 
A0:F4C6  FF FF FF FF	SBC	$FF:FFFF,X	; 
A0:F4CA  FF FF FF FF	SBC	$FF:FFFF,X	; 
A0:F4CE  FF FF FF FF	SBC	$FF:FFFF,X	; 
A0:F4D2  FF FF FF FF	SBC	$FF:FFFF,X	; 
A0:F4D6  FF FF FF FF	SBC	$FF:FFFF,X	; 
A0:F4DA  FF FF FF FF	SBC	$FF:FFFF,X	; 
A0:F4DE  FF FF FF FF	SBC	$FF:FFFF,X	; 
A0:F4E2  FF FF FF FF	SBC	$FF:FFFF,X	; 
A0:F4E6  FF FF FF FF	SBC	$FF:FFFF,X	; 
A0:F4EA  FF FF FF FF	SBC	$FF:FFFF,X	; 
A0:F4EE  FF FF FF FF	SBC	$FF:FFFF,X	; 
A0:F4F2  FF FF FF FF	SBC	$FF:FFFF,X	; 
A0:F4F6  FF FF FF FF	SBC	$FF:FFFF,X	; 
A0:F4FA  FF FF FF FF	SBC	$FF:FFFF,X	; 
A0:F4FE  FF FF FF FF	SBC	$FF:FFFF,X	; 
A0:F502  FF FF FF FF	SBC	$FF:FFFF,X	; 
A0:F506  FF FF FF FF	SBC	$FF:FFFF,X	; 
A0:F50A  FF FF FF FF	SBC	$FF:FFFF,X	; 
A0:F50E  FF FF FF FF	SBC	$FF:FFFF,X	; 
A0:F512  FF FF FF FF	SBC	$FF:FFFF,X	; 
A0:F516  FF FF FF FF	SBC	$FF:FFFF,X	; 
A0:F51A  FF FF FF FF	SBC	$FF:FFFF,X	; 
A0:F51E  FF FF FF FF	SBC	$FF:FFFF,X	; 
A0:F522  FF FF FF FF	SBC	$FF:FFFF,X	; 
A0:F526  FF FF FF FF	SBC	$FF:FFFF,X	; 
A0:F52A  FF FF FF FF	SBC	$FF:FFFF,X	; 
A0:F52E  FF FF FF FF	SBC	$FF:FFFF,X	; 
A0:F532  FF FF FF FF	SBC	$FF:FFFF,X	; 
A0:F536  FF FF FF FF	SBC	$FF:FFFF,X	; 
A0:F53A  FF FF FF FF	SBC	$FF:FFFF,X	; 
A0:F53E  FF FF FF FF	SBC	$FF:FFFF,X	; 
A0:F542  FF FF FF FF	SBC	$FF:FFFF,X	; 
A0:F546  FF FF FF FF	SBC	$FF:FFFF,X	; 
A0:F54A  FF FF FF FF	SBC	$FF:FFFF,X	; 
A0:F54E  FF FF FF FF	SBC	$FF:FFFF,X	; 
A0:F552  FF FF FF FF	SBC	$FF:FFFF,X	; 
A0:F556  FF FF FF FF	SBC	$FF:FFFF,X	; 
A0:F55A  FF FF FF FF	SBC	$FF:FFFF,X	; 
A0:F55E  FF FF FF FF	SBC	$FF:FFFF,X	; 
A0:F562  FF FF FF FF	SBC	$FF:FFFF,X	; 
A0:F566  FF FF FF FF	SBC	$FF:FFFF,X	; 
A0:F56A  FF FF FF FF	SBC	$FF:FFFF,X	; 
A0:F56E  FF FF FF FF	SBC	$FF:FFFF,X	; 
A0:F572  FF FF FF FF	SBC	$FF:FFFF,X	; 
A0:F576  FF FF FF FF	SBC	$FF:FFFF,X	; 
A0:F57A  FF FF FF FF	SBC	$FF:FFFF,X	; 
A0:F57E  FF FF FF FF	SBC	$FF:FFFF,X	; 
A0:F582  FF FF FF FF	SBC	$FF:FFFF,X	; 
A0:F586  FF FF FF FF	SBC	$FF:FFFF,X	; 
A0:F58A  FF FF FF FF	SBC	$FF:FFFF,X	; 
A0:F58E  FF FF FF FF	SBC	$FF:FFFF,X	; 
A0:F592  FF FF FF FF	SBC	$FF:FFFF,X	; 
A0:F596  FF FF FF FF	SBC	$FF:FFFF,X	; 
A0:F59A  FF FF FF FF	SBC	$FF:FFFF,X	; 
A0:F59E  FF FF FF FF	SBC	$FF:FFFF,X	; 
A0:F5A2  FF FF FF FF	SBC	$FF:FFFF,X	; 
A0:F5A6  FF FF FF FF	SBC	$FF:FFFF,X	; 
A0:F5AA  FF FF FF FF	SBC	$FF:FFFF,X	; 
A0:F5AE  FF FF FF FF	SBC	$FF:FFFF,X	; 
A0:F5B2  FF FF FF FF	SBC	$FF:FFFF,X	; 
A0:F5B6  FF FF FF FF	SBC	$FF:FFFF,X	; 
A0:F5BA  FF FF FF FF	SBC	$FF:FFFF,X	; 
A0:F5BE  FF FF FF FF	SBC	$FF:FFFF,X	; 
A0:F5C2  FF FF FF FF	SBC	$FF:FFFF,X	; 
A0:F5C6  FF FF FF FF	SBC	$FF:FFFF,X	; 
A0:F5CA  FF FF FF FF	SBC	$FF:FFFF,X	; 
A0:F5CE  FF FF FF FF	SBC	$FF:FFFF,X	; 
A0:F5D2  FF FF FF FF	SBC	$FF:FFFF,X	; 
A0:F5D6  FF FF FF FF	SBC	$FF:FFFF,X	; 
A0:F5DA  FF FF FF FF	SBC	$FF:FFFF,X	; 
A0:F5DE  FF FF FF FF	SBC	$FF:FFFF,X	; 
A0:F5E2  FF FF FF FF	SBC	$FF:FFFF,X	; 
A0:F5E6  FF FF FF FF	SBC	$FF:FFFF,X	; 
A0:F5EA  FF FF FF FF	SBC	$FF:FFFF,X	; 
A0:F5EE  FF FF FF FF	SBC	$FF:FFFF,X	; 
A0:F5F2  FF FF FF FF	SBC	$FF:FFFF,X	; 
A0:F5F6  FF FF FF FF	SBC	$FF:FFFF,X	; 
A0:F5FA  FF FF FF FF	SBC	$FF:FFFF,X	; 
A0:F5FE  FF FF FF FF	SBC	$FF:FFFF,X	; 
A0:F602  FF FF FF FF	SBC	$FF:FFFF,X	; 
A0:F606  FF FF FF FF	SBC	$FF:FFFF,X	; 
A0:F60A  FF FF FF FF	SBC	$FF:FFFF,X	; 
A0:F60E  FF FF FF FF	SBC	$FF:FFFF,X	; 
A0:F612  FF FF FF FF	SBC	$FF:FFFF,X	; 
A0:F616  FF FF FF FF	SBC	$FF:FFFF,X	; 
A0:F61A  FF FF FF FF	SBC	$FF:FFFF,X	; 
A0:F61E  FF FF FF FF	SBC	$FF:FFFF,X	; 
A0:F622  FF FF FF FF	SBC	$FF:FFFF,X	; 
A0:F626  FF FF FF FF	SBC	$FF:FFFF,X	; 
A0:F62A  FF FF FF FF	SBC	$FF:FFFF,X	; 
A0:F62E  FF FF FF FF	SBC	$FF:FFFF,X	; 
A0:F632  FF FF FF FF	SBC	$FF:FFFF,X	; 
A0:F636  FF FF FF FF	SBC	$FF:FFFF,X	; 
A0:F63A  FF FF FF FF	SBC	$FF:FFFF,X	; 
A0:F63E  FF FF FF FF	SBC	$FF:FFFF,X	; 
A0:F642  FF FF FF FF	SBC	$FF:FFFF,X	; 
A0:F646  FF FF FF FF	SBC	$FF:FFFF,X	; 
A0:F64A  FF FF FF FF	SBC	$FF:FFFF,X	; 
A0:F64E  FF FF FF FF	SBC	$FF:FFFF,X	; 
A0:F652  FF FF FF FF	SBC	$FF:FFFF,X	; 
A0:F656  FF FF FF FF	SBC	$FF:FFFF,X	; 
A0:F65A  FF FF FF FF	SBC	$FF:FFFF,X	; 
A0:F65E  FF FF FF FF	SBC	$FF:FFFF,X	; 
A0:F662  FF FF FF FF	SBC	$FF:FFFF,X	; 
A0:F666  FF FF FF FF	SBC	$FF:FFFF,X	; 
A0:F66A  FF FF FF FF	SBC	$FF:FFFF,X	; 
A0:F66E  FF FF FF FF	SBC	$FF:FFFF,X	; 
A0:F672  FF FF FF FF	SBC	$FF:FFFF,X	; 
A0:F676  FF FF FF FF	SBC	$FF:FFFF,X	; 
A0:F67A  FF FF FF FF	SBC	$FF:FFFF,X	; 
A0:F67E  FF FF FF FF	SBC	$FF:FFFF,X	; 
A0:F682  FF FF FF FF	SBC	$FF:FFFF,X	; 
A0:F686  FF FF FF FF	SBC	$FF:FFFF,X	; 
A0:F68A  FF FF FF FF	SBC	$FF:FFFF,X	; 
A0:F68E  FF FF FF FF	SBC	$FF:FFFF,X	; 
A0:F692  FF FF FF FF	SBC	$FF:FFFF,X	; 
A0:F696  FF FF FF FF	SBC	$FF:FFFF,X	; 
A0:F69A  FF FF FF FF	SBC	$FF:FFFF,X	; 
A0:F69E  FF FF FF FF	SBC	$FF:FFFF,X	; 
A0:F6A2  FF FF FF FF	SBC	$FF:FFFF,X	; 
A0:F6A6  FF FF FF FF	SBC	$FF:FFFF,X	; 
A0:F6AA  FF FF FF FF	SBC	$FF:FFFF,X	; 
A0:F6AE  FF FF FF FF	SBC	$FF:FFFF,X	; 
A0:F6B2  FF FF FF FF	SBC	$FF:FFFF,X	; 
A0:F6B6  FF FF FF FF	SBC	$FF:FFFF,X	; 
A0:F6BA  FF FF FF FF	SBC	$FF:FFFF,X	; 
A0:F6BE  FF FF FF FF	SBC	$FF:FFFF,X	; 
A0:F6C2  FF FF FF FF	SBC	$FF:FFFF,X	; 
A0:F6C6  FF FF FF FF	SBC	$FF:FFFF,X	; 
A0:F6CA  FF FF FF FF	SBC	$FF:FFFF,X	; 
A0:F6CE  FF FF FF FF	SBC	$FF:FFFF,X	; 
A0:F6D2  FF FF FF FF	SBC	$FF:FFFF,X	; 
A0:F6D6  FF FF FF FF	SBC	$FF:FFFF,X	; 
A0:F6DA  FF FF FF FF	SBC	$FF:FFFF,X	; 
A0:F6DE  FF FF FF FF	SBC	$FF:FFFF,X	; 
A0:F6E2  FF FF FF FF	SBC	$FF:FFFF,X	; 
A0:F6E6  FF FF FF FF	SBC	$FF:FFFF,X	; 
A0:F6EA  FF FF FF FF	SBC	$FF:FFFF,X	; 
A0:F6EE  FF FF FF FF	SBC	$FF:FFFF,X	; 
A0:F6F2  FF FF FF FF	SBC	$FF:FFFF,X	; 
A0:F6F6  FF FF FF FF	SBC	$FF:FFFF,X	; 
A0:F6FA  FF FF FF FF	SBC	$FF:FFFF,X	; 
A0:F6FE  FF FF FF FF	SBC	$FF:FFFF,X	; 
A0:F702  FF FF FF FF	SBC	$FF:FFFF,X	; 
A0:F706  FF FF FF FF	SBC	$FF:FFFF,X	; 
A0:F70A  FF FF FF FF	SBC	$FF:FFFF,X	; 
A0:F70E  FF FF FF FF	SBC	$FF:FFFF,X	; 
A0:F712  FF FF FF FF	SBC	$FF:FFFF,X	; 
A0:F716  FF FF FF FF	SBC	$FF:FFFF,X	; 
A0:F71A  FF FF FF FF	SBC	$FF:FFFF,X	; 
A0:F71E  FF FF FF FF	SBC	$FF:FFFF,X	; 
A0:F722  FF FF FF FF	SBC	$FF:FFFF,X	; 
A0:F726  FF FF FF FF	SBC	$FF:FFFF,X	; 
A0:F72A  FF FF FF FF	SBC	$FF:FFFF,X	; 
A0:F72E  FF FF FF FF	SBC	$FF:FFFF,X	; 
A0:F732  FF FF FF FF	SBC	$FF:FFFF,X	; 
A0:F736  FF FF FF FF	SBC	$FF:FFFF,X	; 
A0:F73A  FF FF FF FF	SBC	$FF:FFFF,X	; 
A0:F73E  FF FF FF FF	SBC	$FF:FFFF,X	; 
A0:F742  FF FF FF FF	SBC	$FF:FFFF,X	; 
A0:F746  FF FF FF FF	SBC	$FF:FFFF,X	; 
A0:F74A  FF FF FF FF	SBC	$FF:FFFF,X	; 
A0:F74E  FF FF FF FF	SBC	$FF:FFFF,X	; 
A0:F752  FF FF FF FF	SBC	$FF:FFFF,X	; 
A0:F756  FF FF FF FF	SBC	$FF:FFFF,X	; 
A0:F75A  FF FF FF FF	SBC	$FF:FFFF,X	; 
A0:F75E  FF FF FF FF	SBC	$FF:FFFF,X	; 
A0:F762  FF FF FF FF	SBC	$FF:FFFF,X	; 
A0:F766  FF FF FF FF	SBC	$FF:FFFF,X	; 
A0:F76A  FF FF FF FF	SBC	$FF:FFFF,X	; 
A0:F76E  FF FF FF FF	SBC	$FF:FFFF,X	; 
A0:F772  FF FF FF FF	SBC	$FF:FFFF,X	; 
A0:F776  FF FF FF FF	SBC	$FF:FFFF,X	; 
A0:F77A  FF FF FF FF	SBC	$FF:FFFF,X	; 
A0:F77E  FF FF FF FF	SBC	$FF:FFFF,X	; 
A0:F782  FF FF FF FF	SBC	$FF:FFFF,X	; 
A0:F786  FF FF FF FF	SBC	$FF:FFFF,X	; 
A0:F78A  FF FF FF FF	SBC	$FF:FFFF,X	; 
A0:F78E  FF FF FF FF	SBC	$FF:FFFF,X	; 
A0:F792  FF FF FF FF	SBC	$FF:FFFF,X	; 
A0:F796  FF FF FF FF	SBC	$FF:FFFF,X	; 
A0:F79A  FF FF FF FF	SBC	$FF:FFFF,X	; 
A0:F79E  FF FF FF FF	SBC	$FF:FFFF,X	; 
A0:F7A2  FF FF FF FF	SBC	$FF:FFFF,X	; 
A0:F7A6  FF FF FF FF	SBC	$FF:FFFF,X	; 
A0:F7AA  FF FF FF FF	SBC	$FF:FFFF,X	; 
A0:F7AE  FF FF FF FF	SBC	$FF:FFFF,X	; 
A0:F7B2  FF FF FF FF	SBC	$FF:FFFF,X	; 
A0:F7B6  FF FF FF FF	SBC	$FF:FFFF,X	; 
A0:F7BA  FF FF FF FF	SBC	$FF:FFFF,X	; 
A0:F7BE  FF FF FF FF	SBC	$FF:FFFF,X	; 
A0:F7C2  FF FF FF FF	SBC	$FF:FFFF,X	; 
A0:F7C6  FF FF FF FF	SBC	$FF:FFFF,X	; 
A0:F7CA  FF FF FF FF	SBC	$FF:FFFF,X	; 
A0:F7CE  FF FF FF FF	SBC	$FF:FFFF,X	; 
A0:F7D2  FF FF FF FF	SBC	$FF:FFFF,X	; 
A0:F7D6  FF FF FF FF	SBC	$FF:FFFF,X	; 
A0:F7DA  FF FF FF FF	SBC	$FF:FFFF,X	; 
A0:F7DE  FF FF FF FF	SBC	$FF:FFFF,X	; 
A0:F7E2  FF FF FF FF	SBC	$FF:FFFF,X	; 
A0:F7E6  FF FF FF FF	SBC	$FF:FFFF,X	; 
A0:F7EA  FF FF FF FF	SBC	$FF:FFFF,X	; 
A0:F7EE  FF FF FF FF	SBC	$FF:FFFF,X	; 
A0:F7F2  FF FF FF FF	SBC	$FF:FFFF,X	; 
A0:F7F6  FF FF FF FF	SBC	$FF:FFFF,X	; 
A0:F7FA  FF FF FF FF	SBC	$FF:FFFF,X	; 
A0:F7FE  FF FF FF FF	SBC	$FF:FFFF,X	; 
A0:F802  FF FF FF FF	SBC	$FF:FFFF,X	; 
A0:F806  FF FF FF FF	SBC	$FF:FFFF,X	; 
A0:F80A  FF FF FF FF	SBC	$FF:FFFF,X	; 
A0:F80E  FF FF FF FF	SBC	$FF:FFFF,X	; 
A0:F812  FF FF FF FF	SBC	$FF:FFFF,X	; 
A0:F816  FF FF FF FF	SBC	$FF:FFFF,X	; 
A0:F81A  FF FF FF FF	SBC	$FF:FFFF,X	; 
A0:F81E  FF FF FF FF	SBC	$FF:FFFF,X	; 
A0:F822  FF FF FF FF	SBC	$FF:FFFF,X	; 
A0:F826  FF FF FF FF	SBC	$FF:FFFF,X	; 
A0:F82A  FF FF FF FF	SBC	$FF:FFFF,X	; 
A0:F82E  FF FF FF FF	SBC	$FF:FFFF,X	; 
A0:F832  FF FF FF FF	SBC	$FF:FFFF,X	; 
A0:F836  FF FF FF FF	SBC	$FF:FFFF,X	; 
A0:F83A  FF FF FF FF	SBC	$FF:FFFF,X	; 
A0:F83E  FF FF FF FF	SBC	$FF:FFFF,X	; 
A0:F842  FF FF FF FF	SBC	$FF:FFFF,X	; 
A0:F846  FF FF FF FF	SBC	$FF:FFFF,X	; 
A0:F84A  FF FF FF FF	SBC	$FF:FFFF,X	; 
A0:F84E  FF FF FF FF	SBC	$FF:FFFF,X	; 
A0:F852  FF FF FF FF	SBC	$FF:FFFF,X	; 
A0:F856  FF FF FF FF	SBC	$FF:FFFF,X	; 
A0:F85A  FF FF FF FF	SBC	$FF:FFFF,X	; 
A0:F85E  FF FF FF FF	SBC	$FF:FFFF,X	; 
A0:F862  FF FF FF FF	SBC	$FF:FFFF,X	; 
A0:F866  FF FF FF FF	SBC	$FF:FFFF,X	; 
A0:F86A  FF FF FF FF	SBC	$FF:FFFF,X	; 
A0:F86E  FF FF FF FF	SBC	$FF:FFFF,X	; 
A0:F872  FF FF FF FF	SBC	$FF:FFFF,X	; 
A0:F876  FF FF FF FF	SBC	$FF:FFFF,X	; 
A0:F87A  FF FF FF FF	SBC	$FF:FFFF,X	; 
A0:F87E  FF FF FF FF	SBC	$FF:FFFF,X	; 
A0:F882  FF FF FF FF	SBC	$FF:FFFF,X	; 
A0:F886  FF FF FF FF	SBC	$FF:FFFF,X	; 
A0:F88A  FF FF FF FF	SBC	$FF:FFFF,X	; 
A0:F88E  FF FF FF FF	SBC	$FF:FFFF,X	; 
A0:F892  FF FF FF FF	SBC	$FF:FFFF,X	; 
A0:F896  FF FF FF FF	SBC	$FF:FFFF,X	; 
A0:F89A  FF FF FF FF	SBC	$FF:FFFF,X	; 
A0:F89E  FF FF FF FF	SBC	$FF:FFFF,X	; 
A0:F8A2  FF FF FF FF	SBC	$FF:FFFF,X	; 
A0:F8A6  FF FF FF FF	SBC	$FF:FFFF,X	; 
A0:F8AA  FF FF FF FF	SBC	$FF:FFFF,X	; 
A0:F8AE  FF FF FF FF	SBC	$FF:FFFF,X	; 
A0:F8B2  FF FF FF FF	SBC	$FF:FFFF,X	; 
A0:F8B6  FF FF FF FF	SBC	$FF:FFFF,X	; 
A0:F8BA  FF FF FF FF	SBC	$FF:FFFF,X	; 
A0:F8BE  FF FF FF FF	SBC	$FF:FFFF,X	; 
A0:F8C2  FF FF FF FF	SBC	$FF:FFFF,X	; 
A0:F8C6  FF FF FF FF	SBC	$FF:FFFF,X	; 
A0:F8CA  FF FF FF FF	SBC	$FF:FFFF,X	; 
A0:F8CE  FF FF FF FF	SBC	$FF:FFFF,X	; 
A0:F8D2  FF FF FF FF	SBC	$FF:FFFF,X	; 
A0:F8D6  FF FF FF FF	SBC	$FF:FFFF,X	; 
A0:F8DA  FF FF FF FF	SBC	$FF:FFFF,X	; 
A0:F8DE  FF FF FF FF	SBC	$FF:FFFF,X	; 
A0:F8E2  FF FF FF FF	SBC	$FF:FFFF,X	; 
A0:F8E6  FF FF FF FF	SBC	$FF:FFFF,X	; 
A0:F8EA  FF FF FF FF	SBC	$FF:FFFF,X	; 
A0:F8EE  FF FF FF FF	SBC	$FF:FFFF,X	; 
A0:F8F2  FF FF FF FF	SBC	$FF:FFFF,X	; 
A0:F8F6  FF FF FF FF	SBC	$FF:FFFF,X	; 
A0:F8FA  FF FF FF FF	SBC	$FF:FFFF,X	; 
A0:F8FE  FF FF FF FF	SBC	$FF:FFFF,X	; 
A0:F902  FF FF FF FF	SBC	$FF:FFFF,X	; 
A0:F906  FF FF FF FF	SBC	$FF:FFFF,X	; 
A0:F90A  FF FF FF FF	SBC	$FF:FFFF,X	; 
A0:F90E  FF FF FF FF	SBC	$FF:FFFF,X	; 
A0:F912  FF FF FF FF	SBC	$FF:FFFF,X	; 
A0:F916  FF FF FF FF	SBC	$FF:FFFF,X	; 
A0:F91A  FF FF FF FF	SBC	$FF:FFFF,X	; 
A0:F91E  FF FF FF FF	SBC	$FF:FFFF,X	; 
A0:F922  FF FF FF FF	SBC	$FF:FFFF,X	; 
A0:F926  FF FF FF FF	SBC	$FF:FFFF,X	; 
A0:F92A  FF FF FF FF	SBC	$FF:FFFF,X	; 
A0:F92E  FF FF FF FF	SBC	$FF:FFFF,X	; 
A0:F932  FF FF FF FF	SBC	$FF:FFFF,X	; 
A0:F936  FF FF FF FF	SBC	$FF:FFFF,X	; 
A0:F93A  FF FF FF FF	SBC	$FF:FFFF,X	; 
A0:F93E  FF FF FF FF	SBC	$FF:FFFF,X	; 
A0:F942  FF FF FF FF	SBC	$FF:FFFF,X	; 
A0:F946  FF FF FF FF	SBC	$FF:FFFF,X	; 
A0:F94A  FF FF FF FF	SBC	$FF:FFFF,X	; 
A0:F94E  FF FF FF FF	SBC	$FF:FFFF,X	; 
A0:F952  FF FF FF FF	SBC	$FF:FFFF,X	; 
A0:F956  FF FF FF FF	SBC	$FF:FFFF,X	; 
A0:F95A  FF FF FF FF	SBC	$FF:FFFF,X	; 
A0:F95E  FF FF FF FF	SBC	$FF:FFFF,X	; 
A0:F962  FF FF FF FF	SBC	$FF:FFFF,X	; 
A0:F966  FF FF FF FF	SBC	$FF:FFFF,X	; 
A0:F96A  FF FF FF FF	SBC	$FF:FFFF,X	; 
A0:F96E  FF FF FF FF	SBC	$FF:FFFF,X	; 
A0:F972  FF FF FF FF	SBC	$FF:FFFF,X	; 
A0:F976  FF FF FF FF	SBC	$FF:FFFF,X	; 
A0:F97A  FF FF FF FF	SBC	$FF:FFFF,X	; 
A0:F97E  FF FF FF FF	SBC	$FF:FFFF,X	; 
A0:F982  FF FF FF FF	SBC	$FF:FFFF,X	; 
A0:F986  FF FF FF FF	SBC	$FF:FFFF,X	; 
A0:F98A  FF FF FF FF	SBC	$FF:FFFF,X	; 
A0:F98E  FF FF FF FF	SBC	$FF:FFFF,X	; 
A0:F992  FF FF FF FF	SBC	$FF:FFFF,X	; 
A0:F996  FF FF FF FF	SBC	$FF:FFFF,X	; 
A0:F99A  FF FF FF FF	SBC	$FF:FFFF,X	; 
A0:F99E  FF FF FF FF	SBC	$FF:FFFF,X	; 
A0:F9A2  FF FF FF FF	SBC	$FF:FFFF,X	; 
A0:F9A6  FF FF FF FF	SBC	$FF:FFFF,X	; 
A0:F9AA  FF FF FF FF	SBC	$FF:FFFF,X	; 
A0:F9AE  FF FF FF FF	SBC	$FF:FFFF,X	; 
A0:F9B2  FF FF FF FF	SBC	$FF:FFFF,X	; 
A0:F9B6  FF FF FF FF	SBC	$FF:FFFF,X	; 
A0:F9BA  FF FF FF FF	SBC	$FF:FFFF,X	; 
A0:F9BE  FF FF FF FF	SBC	$FF:FFFF,X	; 
A0:F9C2  FF FF FF FF	SBC	$FF:FFFF,X	; 
A0:F9C6  FF FF FF FF	SBC	$FF:FFFF,X	; 
A0:F9CA  FF FF FF FF	SBC	$FF:FFFF,X	; 
A0:F9CE  FF FF FF FF	SBC	$FF:FFFF,X	; 
A0:F9D2  FF FF FF FF	SBC	$FF:FFFF,X	; 
A0:F9D6  FF FF FF FF	SBC	$FF:FFFF,X	; 
A0:F9DA  FF FF FF FF	SBC	$FF:FFFF,X	; 
A0:F9DE  FF FF FF FF	SBC	$FF:FFFF,X	; 
A0:F9E2  FF FF FF FF	SBC	$FF:FFFF,X	; 
A0:F9E6  FF FF FF FF	SBC	$FF:FFFF,X	; 
A0:F9EA  FF FF FF FF	SBC	$FF:FFFF,X	; 
A0:F9EE  FF FF FF FF	SBC	$FF:FFFF,X	; 
A0:F9F2  FF FF FF FF	SBC	$FF:FFFF,X	; 
A0:F9F6  FF FF FF FF	SBC	$FF:FFFF,X	; 
A0:F9FA  FF FF FF FF	SBC	$FF:FFFF,X	; 
A0:F9FE  FF FF FF FF	SBC	$FF:FFFF,X	; 
A0:FA02  FF FF FF FF	SBC	$FF:FFFF,X	; 
A0:FA06  FF FF FF FF	SBC	$FF:FFFF,X	; 
A0:FA0A  FF FF FF FF	SBC	$FF:FFFF,X	; 
A0:FA0E  FF FF FF FF	SBC	$FF:FFFF,X	; 
A0:FA12  FF FF FF FF	SBC	$FF:FFFF,X	; 
A0:FA16  FF FF FF FF	SBC	$FF:FFFF,X	; 
A0:FA1A  FF FF FF FF	SBC	$FF:FFFF,X	; 
A0:FA1E  FF FF FF FF	SBC	$FF:FFFF,X	; 
A0:FA22  FF FF FF FF	SBC	$FF:FFFF,X	; 
A0:FA26  FF FF FF FF	SBC	$FF:FFFF,X	; 
A0:FA2A  FF FF FF FF	SBC	$FF:FFFF,X	; 
A0:FA2E  FF FF FF FF	SBC	$FF:FFFF,X	; 
A0:FA32  FF FF FF FF	SBC	$FF:FFFF,X	; 
A0:FA36  FF FF FF FF	SBC	$FF:FFFF,X	; 
A0:FA3A  FF FF FF FF	SBC	$FF:FFFF,X	; 
A0:FA3E  FF FF FF FF	SBC	$FF:FFFF,X	; 
A0:FA42  FF FF FF FF	SBC	$FF:FFFF,X	; 
A0:FA46  FF FF FF FF	SBC	$FF:FFFF,X	; 
A0:FA4A  FF FF FF FF	SBC	$FF:FFFF,X	; 
A0:FA4E  FF FF FF FF	SBC	$FF:FFFF,X	; 
A0:FA52  FF FF FF FF	SBC	$FF:FFFF,X	; 
A0:FA56  FF FF FF FF	SBC	$FF:FFFF,X	; 
A0:FA5A  FF FF FF FF	SBC	$FF:FFFF,X	; 
A0:FA5E  FF FF FF FF	SBC	$FF:FFFF,X	; 
A0:FA62  FF FF FF FF	SBC	$FF:FFFF,X	; 
A0:FA66  FF FF FF FF	SBC	$FF:FFFF,X	; 
A0:FA6A  FF FF FF FF	SBC	$FF:FFFF,X	; 
A0:FA6E  FF FF FF FF	SBC	$FF:FFFF,X	; 
A0:FA72  FF FF FF FF	SBC	$FF:FFFF,X	; 
A0:FA76  FF FF FF FF	SBC	$FF:FFFF,X	; 
A0:FA7A  FF FF FF FF	SBC	$FF:FFFF,X	; 
A0:FA7E  FF FF FF FF	SBC	$FF:FFFF,X	; 
A0:FA82  FF FF FF FF	SBC	$FF:FFFF,X	; 
A0:FA86  FF FF FF FF	SBC	$FF:FFFF,X	; 
A0:FA8A  FF FF FF FF	SBC	$FF:FFFF,X	; 
A0:FA8E  FF FF FF FF	SBC	$FF:FFFF,X	; 
A0:FA92  FF FF FF FF	SBC	$FF:FFFF,X	; 
A0:FA96  FF FF FF FF	SBC	$FF:FFFF,X	; 
A0:FA9A  FF FF FF FF	SBC	$FF:FFFF,X	; 
A0:FA9E  FF FF FF FF	SBC	$FF:FFFF,X	; 
A0:FAA2  FF FF FF FF	SBC	$FF:FFFF,X	; 
A0:FAA6  FF FF FF FF	SBC	$FF:FFFF,X	; 
A0:FAAA  FF FF FF FF	SBC	$FF:FFFF,X	; 
A0:FAAE  FF FF FF FF	SBC	$FF:FFFF,X	; 
A0:FAB2  FF FF FF FF	SBC	$FF:FFFF,X	; 
A0:FAB6  FF FF FF FF	SBC	$FF:FFFF,X	; 
A0:FABA  FF FF FF FF	SBC	$FF:FFFF,X	; 
A0:FABE  FF FF FF FF	SBC	$FF:FFFF,X	; 
A0:FAC2  FF FF FF FF	SBC	$FF:FFFF,X	; 
A0:FAC6  FF FF FF FF	SBC	$FF:FFFF,X	; 
A0:FACA  FF FF FF FF	SBC	$FF:FFFF,X	; 
A0:FACE  FF FF FF FF	SBC	$FF:FFFF,X	; 
A0:FAD2  FF FF FF FF	SBC	$FF:FFFF,X	; 
A0:FAD6  FF FF FF FF	SBC	$FF:FFFF,X	; 
A0:FADA  FF FF FF FF	SBC	$FF:FFFF,X	; 
A0:FADE  FF FF FF FF	SBC	$FF:FFFF,X	; 
A0:FAE2  FF FF FF FF	SBC	$FF:FFFF,X	; 
A0:FAE6  FF FF FF FF	SBC	$FF:FFFF,X	; 
A0:FAEA  FF FF FF FF	SBC	$FF:FFFF,X	; 
A0:FAEE  FF FF FF FF	SBC	$FF:FFFF,X	; 
A0:FAF2  FF FF FF FF	SBC	$FF:FFFF,X	; 
A0:FAF6  FF FF FF FF	SBC	$FF:FFFF,X	; 
A0:FAFA  FF FF FF FF	SBC	$FF:FFFF,X	; 
A0:FAFE  FF FF FF FF	SBC	$FF:FFFF,X	; 
A0:FB02  FF FF FF FF	SBC	$FF:FFFF,X	; 
A0:FB06  FF FF FF FF	SBC	$FF:FFFF,X	; 
A0:FB0A  FF FF FF FF	SBC	$FF:FFFF,X	; 
A0:FB0E  FF FF FF FF	SBC	$FF:FFFF,X	; 
A0:FB12  FF FF FF FF	SBC	$FF:FFFF,X	; 
A0:FB16  FF FF FF FF	SBC	$FF:FFFF,X	; 
A0:FB1A  FF FF FF FF	SBC	$FF:FFFF,X	; 
A0:FB1E  FF FF FF FF	SBC	$FF:FFFF,X	; 
A0:FB22  FF FF FF FF	SBC	$FF:FFFF,X	; 
A0:FB26  FF FF FF FF	SBC	$FF:FFFF,X	; 
A0:FB2A  FF FF FF FF	SBC	$FF:FFFF,X	; 
A0:FB2E  FF FF FF FF	SBC	$FF:FFFF,X	; 
A0:FB32  FF FF FF FF	SBC	$FF:FFFF,X	; 
A0:FB36  FF FF FF FF	SBC	$FF:FFFF,X	; 
A0:FB3A  FF FF FF FF	SBC	$FF:FFFF,X	; 
A0:FB3E  FF FF FF FF	SBC	$FF:FFFF,X	; 
A0:FB42  FF FF FF FF	SBC	$FF:FFFF,X	; 
A0:FB46  FF FF FF FF	SBC	$FF:FFFF,X	; 
A0:FB4A  FF FF FF FF	SBC	$FF:FFFF,X	; 
A0:FB4E  FF FF FF FF	SBC	$FF:FFFF,X	; 
A0:FB52  FF FF FF FF	SBC	$FF:FFFF,X	; 
A0:FB56  FF FF FF FF	SBC	$FF:FFFF,X	; 
A0:FB5A  FF FF FF FF	SBC	$FF:FFFF,X	; 
A0:FB5E  FF FF FF FF	SBC	$FF:FFFF,X	; 
A0:FB62  FF FF FF FF	SBC	$FF:FFFF,X	; 
A0:FB66  FF FF FF FF	SBC	$FF:FFFF,X	; 
A0:FB6A  FF FF FF FF	SBC	$FF:FFFF,X	; 
A0:FB6E  FF FF FF FF	SBC	$FF:FFFF,X	; 
A0:FB72  FF FF FF FF	SBC	$FF:FFFF,X	; 
A0:FB76  FF FF FF FF	SBC	$FF:FFFF,X	; 
A0:FB7A  FF FF FF FF	SBC	$FF:FFFF,X	; 
A0:FB7E  FF FF FF FF	SBC	$FF:FFFF,X	; 
A0:FB82  FF FF FF FF	SBC	$FF:FFFF,X	; 
A0:FB86  FF FF FF FF	SBC	$FF:FFFF,X	; 
A0:FB8A  FF FF FF FF	SBC	$FF:FFFF,X	; 
A0:FB8E  FF FF FF FF	SBC	$FF:FFFF,X	; 
A0:FB92  FF FF FF FF	SBC	$FF:FFFF,X	; 
A0:FB96  FF FF FF FF	SBC	$FF:FFFF,X	; 
A0:FB9A  FF FF FF FF	SBC	$FF:FFFF,X	; 
A0:FB9E  FF FF FF FF	SBC	$FF:FFFF,X	; 
A0:FBA2  FF FF FF FF	SBC	$FF:FFFF,X	; 
A0:FBA6  FF FF FF FF	SBC	$FF:FFFF,X	; 
A0:FBAA  FF FF FF FF	SBC	$FF:FFFF,X	; 
A0:FBAE  FF FF FF FF	SBC	$FF:FFFF,X	; 
A0:FBB2  FF FF FF FF	SBC	$FF:FFFF,X	; 
A0:FBB6  FF FF FF FF	SBC	$FF:FFFF,X	; 
A0:FBBA  FF FF FF FF	SBC	$FF:FFFF,X	; 
A0:FBBE  FF FF FF FF	SBC	$FF:FFFF,X	; 
A0:FBC2  FF FF FF FF	SBC	$FF:FFFF,X	; 
A0:FBC6  FF FF FF FF	SBC	$FF:FFFF,X	; 
A0:FBCA  FF FF FF FF	SBC	$FF:FFFF,X	; 
A0:FBCE  FF FF FF FF	SBC	$FF:FFFF,X	; 
A0:FBD2  FF FF FF FF	SBC	$FF:FFFF,X	; 
A0:FBD6  FF FF FF FF	SBC	$FF:FFFF,X	; 
A0:FBDA  FF FF FF FF	SBC	$FF:FFFF,X	; 
A0:FBDE  FF FF FF FF	SBC	$FF:FFFF,X	; 
A0:FBE2  FF FF FF FF	SBC	$FF:FFFF,X	; 
A0:FBE6  FF FF FF FF	SBC	$FF:FFFF,X	; 
A0:FBEA  FF FF FF FF	SBC	$FF:FFFF,X	; 
A0:FBEE  FF FF FF FF	SBC	$FF:FFFF,X	; 
A0:FBF2  FF FF FF FF	SBC	$FF:FFFF,X	; 
A0:FBF6  FF FF FF FF	SBC	$FF:FFFF,X	; 
A0:FBFA  FF FF FF FF	SBC	$FF:FFFF,X	; 
A0:FBFE  FF FF FF FF	SBC	$FF:FFFF,X	; 
A0:FC02  FF FF FF FF	SBC	$FF:FFFF,X	; 
A0:FC06  FF FF FF FF	SBC	$FF:FFFF,X	; 
A0:FC0A  FF FF FF FF	SBC	$FF:FFFF,X	; 
A0:FC0E  FF FF FF FF	SBC	$FF:FFFF,X	; 
A0:FC12  FF FF FF FF	SBC	$FF:FFFF,X	; 
A0:FC16  FF FF FF FF	SBC	$FF:FFFF,X	; 
A0:FC1A  FF FF FF FF	SBC	$FF:FFFF,X	; 
A0:FC1E  FF FF FF FF	SBC	$FF:FFFF,X	; 
A0:FC22  FF FF FF FF	SBC	$FF:FFFF,X	; 
A0:FC26  FF FF FF FF	SBC	$FF:FFFF,X	; 
A0:FC2A  FF FF FF FF	SBC	$FF:FFFF,X	; 
A0:FC2E  FF FF FF FF	SBC	$FF:FFFF,X	; 
A0:FC32  FF FF FF FF	SBC	$FF:FFFF,X	; 
A0:FC36  FF FF FF FF	SBC	$FF:FFFF,X	; 
A0:FC3A  FF FF FF FF	SBC	$FF:FFFF,X	; 
A0:FC3E  FF FF FF FF	SBC	$FF:FFFF,X	; 
A0:FC42  FF FF FF FF	SBC	$FF:FFFF,X	; 
A0:FC46  FF FF FF FF	SBC	$FF:FFFF,X	; 
A0:FC4A  FF FF FF FF	SBC	$FF:FFFF,X	; 
A0:FC4E  FF FF FF FF	SBC	$FF:FFFF,X	; 
A0:FC52  FF FF FF FF	SBC	$FF:FFFF,X	; 
A0:FC56  FF FF FF FF	SBC	$FF:FFFF,X	; 
A0:FC5A  FF FF FF FF	SBC	$FF:FFFF,X	; 
A0:FC5E  FF FF FF FF	SBC	$FF:FFFF,X	; 
A0:FC62  FF FF FF FF	SBC	$FF:FFFF,X	; 
A0:FC66  FF FF FF FF	SBC	$FF:FFFF,X	; 
A0:FC6A  FF FF FF FF	SBC	$FF:FFFF,X	; 
A0:FC6E  FF FF FF FF	SBC	$FF:FFFF,X	; 
A0:FC72  FF FF FF FF	SBC	$FF:FFFF,X	; 
A0:FC76  FF FF FF FF	SBC	$FF:FFFF,X	; 
A0:FC7A  FF FF FF FF	SBC	$FF:FFFF,X	; 
A0:FC7E  FF FF FF FF	SBC	$FF:FFFF,X	; 
A0:FC82  FF FF FF FF	SBC	$FF:FFFF,X	; 
A0:FC86  FF FF FF FF	SBC	$FF:FFFF,X	; 
A0:FC8A  FF FF FF FF	SBC	$FF:FFFF,X	; 
A0:FC8E  FF FF FF FF	SBC	$FF:FFFF,X	; 
A0:FC92  FF FF FF FF	SBC	$FF:FFFF,X	; 
A0:FC96  FF FF FF FF	SBC	$FF:FFFF,X	; 
A0:FC9A  FF FF FF FF	SBC	$FF:FFFF,X	; 
A0:FC9E  FF FF FF FF	SBC	$FF:FFFF,X	; 
A0:FCA2  FF FF FF FF	SBC	$FF:FFFF,X	; 
A0:FCA6  FF FF FF FF	SBC	$FF:FFFF,X	; 
A0:FCAA  FF FF FF FF	SBC	$FF:FFFF,X	; 
A0:FCAE  FF FF FF FF	SBC	$FF:FFFF,X	; 
A0:FCB2  FF FF FF FF	SBC	$FF:FFFF,X	; 
A0:FCB6  FF FF FF FF	SBC	$FF:FFFF,X	; 
A0:FCBA  FF FF FF FF	SBC	$FF:FFFF,X	; 
A0:FCBE  FF FF FF FF	SBC	$FF:FFFF,X	; 
A0:FCC2  FF FF FF FF	SBC	$FF:FFFF,X	; 
A0:FCC6  FF FF FF FF	SBC	$FF:FFFF,X	; 
A0:FCCA  FF FF FF FF	SBC	$FF:FFFF,X	; 
A0:FCCE  FF FF FF FF	SBC	$FF:FFFF,X	; 
A0:FCD2  FF FF FF FF	SBC	$FF:FFFF,X	; 
A0:FCD6  FF FF FF FF	SBC	$FF:FFFF,X	; 
A0:FCDA  FF FF FF FF	SBC	$FF:FFFF,X	; 
A0:FCDE  FF FF FF FF	SBC	$FF:FFFF,X	; 
A0:FCE2  FF FF FF FF	SBC	$FF:FFFF,X	; 
A0:FCE6  FF FF FF FF	SBC	$FF:FFFF,X	; 
A0:FCEA  FF FF FF FF	SBC	$FF:FFFF,X	; 
A0:FCEE  FF FF FF FF	SBC	$FF:FFFF,X	; 
A0:FCF2  FF FF FF FF	SBC	$FF:FFFF,X	; 
A0:FCF6  FF FF FF FF	SBC	$FF:FFFF,X	; 
A0:FCFA  FF FF FF FF	SBC	$FF:FFFF,X	; 
A0:FCFE  FF FF FF FF	SBC	$FF:FFFF,X	; 
A0:FD02  FF FF FF FF	SBC	$FF:FFFF,X	; 
A0:FD06  FF FF FF FF	SBC	$FF:FFFF,X	; 
A0:FD0A  FF FF FF FF	SBC	$FF:FFFF,X	; 
A0:FD0E  FF FF FF FF	SBC	$FF:FFFF,X	; 
A0:FD12  FF FF FF FF	SBC	$FF:FFFF,X	; 
A0:FD16  FF FF FF FF	SBC	$FF:FFFF,X	; 
A0:FD1A  FF FF FF FF	SBC	$FF:FFFF,X	; 
A0:FD1E  FF FF FF FF	SBC	$FF:FFFF,X	; 
A0:FD22  FF FF FF FF	SBC	$FF:FFFF,X	; 
A0:FD26  FF FF FF FF	SBC	$FF:FFFF,X	; 
A0:FD2A  FF FF FF FF	SBC	$FF:FFFF,X	; 
A0:FD2E  FF FF FF FF	SBC	$FF:FFFF,X	; 
A0:FD32  FF FF FF FF	SBC	$FF:FFFF,X	; 
A0:FD36  FF FF FF FF	SBC	$FF:FFFF,X	; 
A0:FD3A  FF FF FF FF	SBC	$FF:FFFF,X	; 
A0:FD3E  FF FF FF FF	SBC	$FF:FFFF,X	; 
A0:FD42  FF FF FF FF	SBC	$FF:FFFF,X	; 
A0:FD46  FF FF FF FF	SBC	$FF:FFFF,X	; 
A0:FD4A  FF FF FF FF	SBC	$FF:FFFF,X	; 
A0:FD4E  FF FF FF FF	SBC	$FF:FFFF,X	; 
A0:FD52  FF FF FF FF	SBC	$FF:FFFF,X	; 
A0:FD56  FF FF FF FF	SBC	$FF:FFFF,X	; 
A0:FD5A  FF FF FF FF	SBC	$FF:FFFF,X	; 
A0:FD5E  FF FF FF FF	SBC	$FF:FFFF,X	; 
A0:FD62  FF FF FF FF	SBC	$FF:FFFF,X	; 
A0:FD66  FF FF FF FF	SBC	$FF:FFFF,X	; 
A0:FD6A  FF FF FF FF	SBC	$FF:FFFF,X	; 
A0:FD6E  FF FF FF FF	SBC	$FF:FFFF,X	; 
A0:FD72  FF FF FF FF	SBC	$FF:FFFF,X	; 
A0:FD76  FF FF FF FF	SBC	$FF:FFFF,X	; 
A0:FD7A  FF FF FF FF	SBC	$FF:FFFF,X	; 
A0:FD7E  FF FF FF FF	SBC	$FF:FFFF,X	; 
A0:FD82  FF FF FF FF	SBC	$FF:FFFF,X	; 
A0:FD86  FF FF FF FF	SBC	$FF:FFFF,X	; 
A0:FD8A  FF FF FF FF	SBC	$FF:FFFF,X	; 
A0:FD8E  FF FF FF FF	SBC	$FF:FFFF,X	; 
A0:FD92  FF FF FF FF	SBC	$FF:FFFF,X	; 
A0:FD96  FF FF FF FF	SBC	$FF:FFFF,X	; 
A0:FD9A  FF FF FF FF	SBC	$FF:FFFF,X	; 
A0:FD9E  FF FF FF FF	SBC	$FF:FFFF,X	; 
A0:FDA2  FF FF FF FF	SBC	$FF:FFFF,X	; 
A0:FDA6  FF FF FF FF	SBC	$FF:FFFF,X	; 
A0:FDAA  FF FF FF FF	SBC	$FF:FFFF,X	; 
A0:FDAE  FF FF FF FF	SBC	$FF:FFFF,X	; 
A0:FDB2  FF FF FF FF	SBC	$FF:FFFF,X	; 
A0:FDB6  FF FF FF FF	SBC	$FF:FFFF,X	; 
A0:FDBA  FF FF FF FF	SBC	$FF:FFFF,X	; 
A0:FDBE  FF FF FF FF	SBC	$FF:FFFF,X	; 
A0:FDC2  FF FF FF FF	SBC	$FF:FFFF,X	; 
A0:FDC6  FF FF FF FF	SBC	$FF:FFFF,X	; 
A0:FDCA  FF FF FF FF	SBC	$FF:FFFF,X	; 
A0:FDCE  FF FF FF FF	SBC	$FF:FFFF,X	; 
A0:FDD2  FF FF FF FF	SBC	$FF:FFFF,X	; 
A0:FDD6  FF FF FF FF	SBC	$FF:FFFF,X	; 
A0:FDDA  FF FF FF FF	SBC	$FF:FFFF,X	; 
A0:FDDE  FF FF FF FF	SBC	$FF:FFFF,X	; 
A0:FDE2  FF FF FF FF	SBC	$FF:FFFF,X	; 
A0:FDE6  FF FF FF FF	SBC	$FF:FFFF,X	; 
A0:FDEA  FF FF FF FF	SBC	$FF:FFFF,X	; 
A0:FDEE  FF FF FF FF	SBC	$FF:FFFF,X	; 
A0:FDF2  FF FF FF FF	SBC	$FF:FFFF,X	; 
A0:FDF6  FF FF FF FF	SBC	$FF:FFFF,X	; 
A0:FDFA  FF FF FF FF	SBC	$FF:FFFF,X	; 
A0:FDFE  FF FF FF FF	SBC	$FF:FFFF,X	; 
A0:FE02  FF FF FF FF	SBC	$FF:FFFF,X	; 
A0:FE06  FF FF FF FF	SBC	$FF:FFFF,X	; 
A0:FE0A  FF FF FF FF	SBC	$FF:FFFF,X	; 
A0:FE0E  FF FF FF FF	SBC	$FF:FFFF,X	; 
A0:FE12  FF FF FF FF	SBC	$FF:FFFF,X	; 
A0:FE16  FF FF FF FF	SBC	$FF:FFFF,X	; 
A0:FE1A  FF FF FF FF	SBC	$FF:FFFF,X	; 
A0:FE1E  FF FF FF FF	SBC	$FF:FFFF,X	; 
A0:FE22  FF FF FF FF	SBC	$FF:FFFF,X	; 
A0:FE26  FF FF FF FF	SBC	$FF:FFFF,X	; 
A0:FE2A  FF FF FF FF	SBC	$FF:FFFF,X	; 
A0:FE2E  FF FF FF FF	SBC	$FF:FFFF,X	; 
A0:FE32  FF FF FF FF	SBC	$FF:FFFF,X	; 
A0:FE36  FF FF FF FF	SBC	$FF:FFFF,X	; 
A0:FE3A  FF FF FF FF	SBC	$FF:FFFF,X	; 
A0:FE3E  FF FF FF FF	SBC	$FF:FFFF,X	; 
A0:FE42  FF FF FF FF	SBC	$FF:FFFF,X	; 
A0:FE46  FF FF FF FF	SBC	$FF:FFFF,X	; 
A0:FE4A  FF FF FF FF	SBC	$FF:FFFF,X	; 
A0:FE4E  FF FF FF FF	SBC	$FF:FFFF,X	; 
A0:FE52  FF FF FF FF	SBC	$FF:FFFF,X	; 
A0:FE56  FF FF FF FF	SBC	$FF:FFFF,X	; 
A0:FE5A  FF FF FF FF	SBC	$FF:FFFF,X	; 
A0:FE5E  FF FF FF FF	SBC	$FF:FFFF,X	; 
A0:FE62  FF FF FF FF	SBC	$FF:FFFF,X	; 
A0:FE66  FF FF FF FF	SBC	$FF:FFFF,X	; 
A0:FE6A  FF FF FF FF	SBC	$FF:FFFF,X	; 
A0:FE6E  FF FF FF FF	SBC	$FF:FFFF,X	; 
A0:FE72  FF FF FF FF	SBC	$FF:FFFF,X	; 
A0:FE76  FF FF FF FF	SBC	$FF:FFFF,X	; 
A0:FE7A  FF FF FF FF	SBC	$FF:FFFF,X	; 
A0:FE7E  FF FF FF FF	SBC	$FF:FFFF,X	; 
A0:FE82  FF FF FF FF	SBC	$FF:FFFF,X	; 
A0:FE86  FF FF FF FF	SBC	$FF:FFFF,X	; 
A0:FE8A  FF FF FF FF	SBC	$FF:FFFF,X	; 
A0:FE8E  FF FF FF FF	SBC	$FF:FFFF,X	; 
A0:FE92  FF FF FF FF	SBC	$FF:FFFF,X	; 
A0:FE96  FF FF FF FF	SBC	$FF:FFFF,X	; 
A0:FE9A  FF FF FF FF	SBC	$FF:FFFF,X	; 
A0:FE9E  FF FF FF FF	SBC	$FF:FFFF,X	; 
A0:FEA2  FF FF FF FF	SBC	$FF:FFFF,X	; 
A0:FEA6  FF FF FF FF	SBC	$FF:FFFF,X	; 
A0:FEAA  FF FF FF FF	SBC	$FF:FFFF,X	; 
A0:FEAE  FF FF FF FF	SBC	$FF:FFFF,X	; 
A0:FEB2  FF FF FF FF	SBC	$FF:FFFF,X	; 
A0:FEB6  FF FF FF FF	SBC	$FF:FFFF,X	; 
A0:FEBA  FF FF FF FF	SBC	$FF:FFFF,X	; 
A0:FEBE  FF FF FF FF	SBC	$FF:FFFF,X	; 
A0:FEC2  FF FF FF FF	SBC	$FF:FFFF,X	; 
A0:FEC6  FF FF FF FF	SBC	$FF:FFFF,X	; 
A0:FECA  FF FF FF FF	SBC	$FF:FFFF,X	; 
A0:FECE  FF FF FF FF	SBC	$FF:FFFF,X	; 
A0:FED2  FF FF FF FF	SBC	$FF:FFFF,X	; 
A0:FED6  FF FF FF FF	SBC	$FF:FFFF,X	; 
A0:FEDA  FF FF FF FF	SBC	$FF:FFFF,X	; 
A0:FEDE  FF FF FF FF	SBC	$FF:FFFF,X	; 
A0:FEE2  FF FF FF FF	SBC	$FF:FFFF,X	; 
A0:FEE6  FF FF FF FF	SBC	$FF:FFFF,X	; 
A0:FEEA  FF FF FF FF	SBC	$FF:FFFF,X	; 
A0:FEEE  FF FF FF FF	SBC	$FF:FFFF,X	; 
A0:FEF2  FF FF FF FF	SBC	$FF:FFFF,X	; 
A0:FEF6  FF FF FF FF	SBC	$FF:FFFF,X	; 
A0:FEFA  FF FF FF FF	SBC	$FF:FFFF,X	; 
A0:FEFE  FF FF FF FF	SBC	$FF:FFFF,X	; 
A0:FF02  FF FF FF FF	SBC	$FF:FFFF,X	; 
A0:FF06  FF FF FF FF	SBC	$FF:FFFF,X	; 
A0:FF0A  FF FF FF FF	SBC	$FF:FFFF,X	; 
A0:FF0E  FF FF FF FF	SBC	$FF:FFFF,X	; 
A0:FF12  FF FF FF FF	SBC	$FF:FFFF,X	; 
A0:FF16  FF FF FF FF	SBC	$FF:FFFF,X	; 
A0:FF1A  FF FF FF FF	SBC	$FF:FFFF,X	; 
A0:FF1E  FF FF FF FF	SBC	$FF:FFFF,X	; 
A0:FF22  FF FF FF FF	SBC	$FF:FFFF,X	; 
A0:FF26  FF FF FF FF	SBC	$FF:FFFF,X	; 
A0:FF2A  FF FF FF FF	SBC	$FF:FFFF,X	; 
A0:FF2E  FF FF FF FF	SBC	$FF:FFFF,X	; 
A0:FF32  FF FF FF FF	SBC	$FF:FFFF,X	; 
A0:FF36  FF FF FF FF	SBC	$FF:FFFF,X	; 
A0:FF3A  FF FF FF FF	SBC	$FF:FFFF,X	; 
A0:FF3E  FF FF FF FF	SBC	$FF:FFFF,X	; 
A0:FF42  FF FF FF FF	SBC	$FF:FFFF,X	; 
A0:FF46  FF FF FF FF	SBC	$FF:FFFF,X	; 
A0:FF4A  FF FF FF FF	SBC	$FF:FFFF,X	; 
A0:FF4E  FF FF FF FF	SBC	$FF:FFFF,X	; 
A0:FF52  FF FF FF FF	SBC	$FF:FFFF,X	; 
A0:FF56  FF FF FF FF	SBC	$FF:FFFF,X	; 
A0:FF5A  FF FF FF FF	SBC	$FF:FFFF,X	; 
A0:FF5E  FF FF FF FF	SBC	$FF:FFFF,X	; 
A0:FF62  FF FF FF FF	SBC	$FF:FFFF,X	; 
A0:FF66  FF FF FF FF	SBC	$FF:FFFF,X	; 
A0:FF6A  FF FF FF FF	SBC	$FF:FFFF,X	; 
A0:FF6E  FF FF FF FF	SBC	$FF:FFFF,X	; 
A0:FF72  FF FF FF FF	SBC	$FF:FFFF,X	; 
A0:FF76  FF FF FF FF	SBC	$FF:FFFF,X	; 
A0:FF7A  FF FF FF FF	SBC	$FF:FFFF,X	; 
A0:FF7E  FF FF FF FF	SBC	$FF:FFFF,X	; 
A0:FF82  FF FF FF FF	SBC	$FF:FFFF,X	; 
A0:FF86  FF FF FF FF	SBC	$FF:FFFF,X	; 
A0:FF8A  FF FF FF FF	SBC	$FF:FFFF,X	; 
A0:FF8E  FF FF FF FF	SBC	$FF:FFFF,X	; 
A0:FF92  FF FF FF FF	SBC	$FF:FFFF,X	; 
A0:FF96  FF FF FF FF	SBC	$FF:FFFF,X	; 
A0:FF9A  FF FF FF FF	SBC	$FF:FFFF,X	; 
A0:FF9E  FF FF FF FF	SBC	$FF:FFFF,X	; 
A0:FFA2  FF FF FF FF	SBC	$FF:FFFF,X	; 
A0:FFA6  FF FF FF FF	SBC	$FF:FFFF,X	; 
A0:FFAA  FF FF FF FF	SBC	$FF:FFFF,X	; 
A0:FFAE  FF FF FF FF	SBC	$FF:FFFF,X	; 
A0:FFB2  FF FF FF FF	SBC	$FF:FFFF,X	; 
A0:FFB6  FF FF FF FF	SBC	$FF:FFFF,X	; 
A0:FFBA  FF FF FF FF	SBC	$FF:FFFF,X	; 
A0:FFBE  FF FF 4E 45	SBC	$45:4EFF,X	; 
A0:FFC2  57 20		EOR	[$20],Y		; 
A0:FFC4  4D 4F 4D	EOR	$4D4F		; 
A0:FFC7  4F 54 41 52	EOR	$52:4154	; 
A0:FFCB  4F 20 44 45	EOR	$45:4420	; 
A0:FFCF  4E 53 45	LSR	$4553		; 
A0:FFD2  54 53 55	MVN	$53,$55		; 
A0:FFD5  31 02		AND	($02),Y		; 
A0:FFD7  0B		PHD			; 
A0:FFD8  03 00		ORA	$00,S		; 
A0:FFDA  18		CLC			; 
A0:FFDB  00 28		BRK	#$28		; 
A0:FFDD  70 D7		BVS	$FFB6		; 
A0:FFDF  8F FF FF FF	STA	$FF:FFFF	; 
A0:FFE3  FF 06 F1 06	SBC	$06:F106,X	; 
A0:FFE7  F1 06		SBC	($06),Y		; 
A0:FFE9  F1 7F		SBC	($7F),Y		; 
A0:FFEB  F0 00		BEQ	$FFED		; 
A0:FFED  F0 0B		BEQ	$FFFA		; 
A0:FFEF  F1 FF		SBC	($FF),Y		; 
A0:FFF1  FF FF FF 06	SBC	$06:FFFF,X	; 
A0:FFF5  F1 FF		SBC	($FF),Y		; 
A0:FFF7  FF 06 F1 06	SBC	$06:F106,X	; 
A0:FFFB  F1 02		SBC	($02),Y		; 
A0:FFFD  F0 0B		BEQ	$000A		; 
A0:FFFF  F1		DATA			; 
